  340.071  1.817620e+14  5.013299e+13   1.382213904e+13 
  340.184  1.839421e+14  5.078359e+13   1.399048687e+13 
  340.297  1.563330e+14  4.370193e+13   1.201218467e+13 
  340.410  1.574732e+14  4.409694e+13   1.210998745e+13 
  340.523  1.471969e+14  4.151106e+13   1.138169165e+13 
  340.636  1.494348e+14  4.220140e+13   1.155993384e+13 
  340.749  1.446304e+14  4.104251e+13   1.122688723e+13 
  340.862  1.303329e+14  3.736340e+13   1.019938236e+13 
  340.975  1.403214e+14  4.007088e+13   1.093553619e+13 
  341.088  1.374717e+14  3.934610e+13   1.072926032e+13 
  341.201  1.592594e+14  4.512117e+13   1.231488444e+13 
  341.314  1.523649e+14  4.334297e+13   1.181800202e+13 
  341.427  1.161131e+14  3.379196e+13   9.182497473e+12 
  341.540  9.950574e+13  2.940064e+13   7.970592129e+12 
  341.652  1.265675e+14  3.653728e+13   9.932066783e+12 
  341.765  1.456523e+14  4.153969e+13   1.130662619e+13 
  341.878  1.408043e+14  4.020893e+13   1.093951029e+13 
  341.991  1.627568e+14  4.598330e+13   1.252441719e+13 
  342.104  1.735815e+14  4.882880e+13   1.330346092e+13 
  342.217  1.595757e+14  4.513216e+13   1.228417689e+13 
  342.330  1.397853e+14  3.992072e+13   1.084889550e+13 
  342.443  1.224270e+14  3.534327e+13   9.588814381e+12 
  342.555  1.414398e+14  4.032139e+13   1.095575798e+13 
  342.668  1.591344e+14  4.490213e+13   1.221637806e+13 
  342.781  1.308102e+14  3.733896e+13   1.014267537e+13 
  342.894  1.426577e+14  4.033302e+13   1.096944189e+13 
  343.007  1.699164e+14  4.735276e+13   1.290297410e+13 
  343.119  1.826030e+14  5.055688e+13   1.378707151e+13 
  343.232  1.591571e+14  4.431373e+13   1.207459381e+13 
  343.345  1.371431e+14  3.846625e+13   1.047043506e+13 
  343.458  1.195177e+14  3.378405e+13   9.186071020e+12 
  343.570  1.700102e+14  4.670274e+13   1.275341151e+13 
  343.683  1.619651e+14  4.433698e+13   1.212258189e+13 
  343.796  1.379642e+14  3.792060e+13   1.037064313e+13 
  343.908  1.356468e+14  3.715199e+13   1.017290057e+13 
  344.021  1.325585e+14  3.627296e+13   9.937940906e+12 
  344.134  7.795389e+13  2.251989e+13   6.121773335e+12 
  344.246  7.581111e+13  2.207020e+13   5.988674437e+12 
  344.359  9.615984e+13  2.733636e+13   7.434166862e+12 
  344.472  9.209645e+13  2.634483e+13   7.152948740e+12 
  344.584  1.220671e+14  3.406411e+13   9.273144771e+12 
  344.697  1.142379e+14  3.205869e+13   8.715798839e+12 
  344.810  1.269823e+14  3.534383e+13   9.613986497e+12 
  344.922  1.461116e+14  4.030914e+13   1.097148662e+13 
  345.035  1.469109e+14  4.052722e+13   1.102560572e+13 
  345.147  1.730360e+14  4.728645e+13   1.287729971e+13 
  345.260  1.551795e+14  4.268763e+13   1.161100997e+13 
  345.372  1.228105e+14  3.434293e+13   9.317651579e+12 
  345.485  1.518336e+14  4.188784e+13   1.138224110e+13 
  345.598  1.734120e+14  4.748136e+13   1.291216906e+13 
  345.710  1.528744e+14  4.220984e+13   1.146263437e+13 
  345.823  1.475407e+14  4.086976e+13   1.109114487e+13 
  345.935  1.228257e+14  3.453708e+13   9.351322403e+12 
  346.048  1.243059e+14  3.494438e+13   9.460027228e+12 
  346.160  1.142502e+14  3.232644e+13   8.742255460e+12 
  346.273  1.130835e+14  3.197858e+13   8.647409664e+12 
  346.385  1.473503e+14  4.073925e+13   1.104840072e+13 
  346.497  1.663650e+14  4.557084e+13   1.237251313e+13 
  346.610  1.500731e+14  4.128310e+13   1.120131665e+13 
  346.722  1.223171e+14  3.407664e+13   9.229508280e+12 
  346.835  1.580727e+14  4.316849e+13   1.172339006e+13 
  346.947  1.651310e+14  4.490199e+13   1.220066096e+13 
  347.060  1.601430e+14  4.358018e+13   1.183859501e+13 
  347.172  1.792107e+14  4.844412e+13   1.316961753e+13 
  347.284  1.457905e+14  3.991888e+13   1.083061672e+13 
  347.397  1.386167e+14  3.811141e+13   1.033237011e+13 
  347.509  1.302751e+14  3.600447e+13   9.752261165e+12 
  347.621  1.076058e+14  3.023453e+13   8.168583201e+12 
  347.734  1.014396e+14  2.864800e+13   7.732472578e+12 
  347.846  1.290781e+14  3.565142e+13   9.649664295e+12 
  347.958  1.569476e+14  4.268864e+13   1.157642689e+13 
  348.071  1.583114e+14  4.296229e+13   1.165202607e+13 
  348.183  1.539455e+14  4.180773e+13   1.133553648e+13 
  348.296  1.529502e+14  4.153089e+13   1.125822392e+13 
  348.408  1.319059e+14  3.617534e+13   9.790305599e+12 
  348.520  1.331797e+14  3.648299e+13   9.872495084e+12 
  348.632  1.363324e+14  3.725697e+13   1.008325571e+13 
  348.745  1.655582e+14  4.466200e+13   1.210679978e+13 
  348.857  1.787353e+14  4.801661e+13   1.302105214e+13 
  348.969  1.395003e+14  3.809227e+13   1.030380375e+13 
  349.081  1.152844e+14  3.198896e+13   8.631690461e+12 
  349.194  1.127444e+14  3.138802e+13   8.463748432e+12 
  349.306  1.388781e+14  3.801734e+13   1.027324405e+13 
  349.418  1.170506e+14  3.249123e+13   8.761262998e+12 
  349.530  1.576276e+14  4.276080e+13   1.156536127e+13 
  349.642  1.392862e+14  3.813176e+13   1.029786462e+13 
  349.754  1.162456e+14  3.228489e+13   8.699546436e+12 
  349.866  1.139453e+14  3.167905e+13   8.533352907e+12 
  349.979  1.647285e+14  4.444779e+13   1.202115838e+13 
  350.091  1.862292e+14  4.981386e+13   1.348665239e+13 
  350.203  1.733968e+14  4.651319e+13   1.258550303e+13 
  350.315  1.743543e+14  4.671634e+13   1.264022821e+13 
  350.427  1.952299e+14  5.196119e+13   1.407043030e+13 
  350.539  1.861165e+14  4.964518e+13   1.343657974e+13 
  350.651  1.586599e+14  4.272917e+13   1.154664209e+13 
  350.763  1.579392e+14  4.254241e+13   1.149374772e+13 
  350.875  1.773905e+14  4.743314e+13   1.282620680e+13 
  350.987  1.777475e+14  4.751050e+13   1.284540622e+13 
  351.100  1.422960e+14  3.858479e+13   1.040901158e+13 
  351.212  1.508439e+14  4.070249e+13   1.098623589e+13 
  351.324  1.526604e+14  4.112797e+13   1.110164216e+13 
  351.436  1.311398e+14  3.568171e+13   9.616145514e+12 
  351.548  1.203634e+14  3.291684e+13   8.862948131e+12 
  351.660  1.439713e+14  3.872586e+13   1.044987878e+13 
  351.772  1.779691e+14  4.713913e+13   1.274636612e+13 
  351.884  1.950443e+14  5.132489e+13   1.388936430e+13 
  351.996  1.801057e+14  4.754874e+13   1.285958297e+13 
  352.108  1.602083e+14  4.258381e+13   1.150391157e+13 
  352.220  1.393686e+14  3.740076e+13   1.008828993e+13 
  352.332  1.466694e+14  3.925062e+13   1.058970953e+13 
  352.444  1.310403e+14  3.538484e+13   9.532616999e+12 
  352.555  1.023847e+14  2.827924e+13   7.592413233e+12 
  352.667  1.129575e+14  3.091917e+13   8.310107931e+12 
  352.779  1.058083e+14  2.911002e+13   7.816654356e+12 
  352.891  1.565877e+14  4.166657e+13   1.123997031e+13 
  353.003  1.752464e+14  4.624771e+13   1.248870164e+13 
  353.115  1.633847e+14  4.327242e+13   1.167723174e+13 
  353.227  1.684684e+14  4.452437e+13   1.201693681e+13 
  353.339  1.413546e+14  3.778078e+13   1.017865411e+13 
  353.451  1.557335e+14  4.132679e+13   1.114415038e+13 
  353.562  1.869613e+14  4.902077e+13   1.324065332e+13 
  353.674  1.710330e+14  4.506798e+13   1.216259555e+13 
  353.786  1.641310e+14  4.334312e+13   1.169206909e+13 
  353.898  1.615465e+14  4.268052e+13   1.151127047e+13 
  354.010  1.944600e+14  5.075405e+13   1.371201339e+13 
  354.121  1.854451e+14  4.849824e+13   1.309730144e+13 
  354.233  1.527693e+14  4.043782e+13   1.089984161e+13 
  354.345  1.614035e+14  4.252170e+13   1.146813730e+13 
  354.457  1.825765e+14  4.766638e+13   1.287106907e+13 
  354.569  1.869196e+14  4.867341e+13   1.314600465e+13 
  354.680  1.752151e+14  4.575762e+13   1.235101942e+13 
  354.792  1.855843e+14  4.825501e+13   1.303127681e+13 
  354.904  1.604489e+14  4.207701e+13   1.134631479e+13 
  355.015  1.848702e+14  4.799319e+13   1.295867970e+13 
  355.127  1.868372e+14  4.844195e+13   1.307973675e+13 
  355.239  1.759017e+14  4.572712e+13   1.233937288e+13 
  355.351  1.670923e+14  4.355963e+13   1.174719588e+13 
  355.462  1.480047e+14  3.885098e+13   1.046460288e+13 
  355.574  1.374461e+14  3.623158e+13   9.751158063e+12 
  355.686  1.728324e+14  4.476514e+13   1.207748788e+13 
  355.797  1.648015e+14  4.271781e+13   1.152184956e+13 
  355.909  1.593692e+14  4.130577e+13   1.113947478e+13 
  356.021  1.478759e+14  3.843013e+13   1.035833600e+13 
  356.132  1.651348e+14  4.252190e+13   1.147571116e+13 
  356.244  1.675545e+14  4.301265e+13   1.161208686e+13 
  356.355  1.876640e+14  4.780818e+13   1.292008790e+13 
  356.467  1.882038e+14  4.790706e+13   1.294669133e+13 
  356.579  1.260655e+14  3.284734e+13   8.844456493e+12 
  356.690  8.946358e+13  2.398599e+13   6.430369251e+12 
  356.802  1.274908e+14  3.311502e+13   8.918613885e+12 
  356.913  1.499982e+14  3.848083e+13   1.038202018e+13 
  357.025  1.085339e+14  2.842095e+13   7.643286471e+12 
  357.137  8.543609e+13  2.278843e+13   6.111019663e+12 
  357.248  1.245967e+14  3.210601e+13   8.652954534e+12 
  357.360  1.378183e+14  3.516486e+13   9.490087805e+12 
  357.471  1.468077e+14  3.721211e+13   1.005112420e+13 
  357.583  1.449846e+14  3.670824e+13   9.915081949e+12 
  357.694  1.545289e+14  3.894426e+13   1.052464644e+13 
  357.806  1.630295e+14  4.095054e+13   1.107052357e+13 
  357.917  1.376195e+14  3.487068e+13   9.412674585e+12 
  358.029  1.213502e+14  3.103372e+13   8.363673387e+12 
  358.140  1.006062e+14  2.613239e+13   7.024929145e+12 
  358.252  6.829463e+13  1.846406e+13   4.933397512e+12 
  358.363  1.032778e+14  2.683575e+13   7.211058201e+12 
  358.475  1.218020e+14  3.127936e+13   8.418500280e+12 
  358.586  9.391108e+13  2.466312e+13   6.614251733e+12 
  358.698  8.108605e+13  2.162618e+13   5.785418465e+12 
  358.809  9.534064e+13  2.501586e+13   6.707176538e+12 
  358.920  1.166008e+14  3.004479e+13   8.076015436e+12 
  359.032  1.254784e+14  3.211024e+13   8.638701765e+12 
  359.143  1.500532e+14  3.788485e+13   1.021175136e+13 
  359.254  1.844706e+14  4.599095e+13   1.241917266e+13 
  359.366  1.703473e+14  4.261179e+13   1.149880291e+13 
  359.477  1.512957e+14  3.807901e+13   1.026408474e+13 
  359.589  1.738741e+14  4.336939e+13   1.170479042e+13 
  359.700  1.907021e+14  4.729624e+13   1.277416178e+13 
  359.811  1.962309e+14  4.855256e+13   1.311640440e+13 
  359.923  1.849791e+14  4.587161e+13   1.238589820e+13 
  360.034  1.892200e+14  4.684826e+13   1.265110719e+13 
  360.145  2.082461e+14  5.128890e+13   1.386014782e+13 
  360.257  1.909095e+14  4.718843e+13   1.274332525e+13 
  360.368  1.488248e+14  3.732140e+13   1.005468516e+13 
  360.479  1.484110e+14  3.723233e+13   1.002896674e+13 
  360.591  1.436483e+14  3.609675e+13   9.719581245e+12 
  360.702  1.414654e+14  3.554033e+13   9.569104298e+12 
  360.813  1.595293e+14  3.973989e+13   1.071280816e+13 
  360.924  1.295753e+14  3.271947e+13   8.800513819e+12 
  361.036  1.019860e+14  2.623742e+13   7.035904066e+12 
  361.147  1.286320e+14  3.239667e+13   8.714927473e+12 
  361.258  1.637853e+14  4.053692e+13   1.093295669e+13 
  361.370  1.602575e+14  3.968872e+13   1.070145628e+13 
  361.481  1.433917e+14  3.573978e+13   9.625419121e+12 
  361.592  1.699382e+14  4.193062e+13   1.130882820e+13 
  361.703  1.821873e+14  4.478189e+13   1.208316382e+13 
  361.814  1.578473e+14  3.915283e+13   1.054737433e+13 
  361.926  1.045241e+14  2.679440e+13   7.179895570e+12 
  362.037  8.647575e+13  2.261403e+13   6.040295309e+12 
  362.148  1.354858e+14  3.396130e+13   9.129670214e+12 
  362.259  1.520154e+14  3.774497e+13   1.016081678e+13 
  362.370  1.812705e+14  4.448136e+13   1.199530888e+13 
  362.482  1.651519e+14  4.068581e+13   1.096348074e+13 
  362.593  1.708701e+14  4.196324e+13   1.131191940e+13 
  362.704  2.101875e+14  5.105358e+13   1.378493242e+13 
  362.815  2.167676e+14  5.255911e+13   1.419359499e+13 
  362.926  2.046094e+14  4.977086e+13   1.343179194e+13 
  363.037  1.986222e+14  4.843403e+13   1.306384243e+13 
  363.148  1.447242e+14  3.602670e+13   9.683619283e+12 
  363.259  9.470243e+13  2.449346e+13   6.543208088e+12 
  363.371  1.344317e+14  3.369426e+13   9.044106412e+12 
  363.482  1.551170e+14  3.844575e+13   1.033642600e+13 
  363.593  1.417277e+14  3.530998e+13   9.484087853e+12 
  363.704  1.675081e+14  4.121576e+13   1.109085756e+13 
  363.815  1.675630e+14  4.116904e+13   1.107942074e+13 
  363.926  1.796416e+14  4.389155e+13   1.182136271e+13 
  364.037  1.998572e+14  4.851001e+13   1.307785979e+13 
  364.148  2.003269e+14  4.858980e+13   1.309955483e+13 
  364.259  1.907514e+14  4.638093e+13   1.249774141e+13 
  364.370  1.778271e+14  4.343307e+13   1.169357590e+13 
  364.481  1.654672e+14  4.062327e+13   1.092671557e+13 
  364.592  1.495617e+14  3.700327e+13   9.939568296e+12 
  364.703  1.577801e+14  3.892005e+13   1.045827787e+13 
  364.814  1.483362e+14  3.677692e+13   9.873166172e+12 
  364.925  1.229053e+14  3.094465e+13   8.286103405e+12 
  365.036  1.521357e+14  3.763093e+13   1.010398082e+13 
  365.147  1.616346e+14  3.976026e+13   1.068414009e+13 
  365.258  1.747946e+14  4.272557e+13   1.149148175e+13 
  365.369  2.043907e+14  4.943839e+13   1.331795434e+13 
  365.480  2.027135e+14  4.902539e+13   1.320502585e+13 
  365.591  1.977775e+14  4.786164e+13   1.288821958e+13 
  365.702  1.962603e+14  4.750144e+13   1.278878417e+13 
  365.813  2.125115e+14  5.118581e+13   1.378934483e+13 
  365.924  2.086353e+14  5.029489e+13   1.354502871e+13 
  366.035  2.244073e+14  5.387625e+13   1.451672312e+13 
  366.146  2.089980e+14  5.037325e+13   1.356156476e+13 
  366.256  2.161444e+14  5.199997e+13   1.400123058e+13 
  366.367  2.010931e+14  4.857314e+13   1.306764771e+13 
  366.478  1.873136e+14  4.542222e+13   1.221018937e+13 
  366.589  1.923168e+14  4.655224e+13   1.251588702e+13 
  366.700  2.067507e+14  4.978443e+13   1.339479084e+13 
  366.811  1.889293e+14  4.569417e+13   1.228390951e+13 
  366.922  1.982358e+14  4.775195e+13   1.284433458e+13 
  367.033  1.712148e+14  4.157764e+13   1.116753887e+13 
  367.143  1.749926e+14  4.234775e+13   1.137983567e+13 
  367.254  2.090889e+14  4.999480e+13   1.346031950e+13 
  367.365  2.192157e+14  5.221000e+13   1.406449326e+13 
  367.476  1.987302e+14  4.752789e+13   1.279274779e+13 
  367.587  2.028792e+14  4.842805e+13   1.303735540e+13 
  367.698  2.108173e+14  5.019584e+13   1.351706529e+13 
  367.808  1.801312e+14  4.325409e+13   1.162971762e+13 
  367.919  1.639576e+14  3.960631e+13   1.063696466e+13 
  368.030  1.731534e+14  4.165894e+13   1.119417585e+13 
  368.141  1.518412e+14  3.684376e+13   9.884953215e+12 
  368.251  1.797590e+14  4.310068e+13   1.158483437e+13 
  368.362  1.836306e+14  4.395326e+13   1.181568991e+13 
  368.473  1.965681e+14  4.683007e+13   1.259712545e+13 
  368.584  1.851221e+14  4.425460e+13   1.189573611e+13 
  368.694  1.634159e+14  3.938068e+13   1.056979603e+13 
  368.805  1.541434e+14  3.727725e+13   9.997935182e+12 
  368.916  1.476600e+14  3.579757e+13   9.595905901e+12 
  369.027  1.768450e+14  4.228860e+13   1.136049783e+13 
  369.137  2.032362e+14  4.812901e+13   1.294918694e+13 
  369.248  2.281728e+14  5.364311e+13   1.444884041e+13 
  369.359  2.216013e+14  5.213375e+13   1.403879476e+13 
  369.470  1.855067e+14  4.404004e+13   1.183937620e+13 
  369.580  1.918263e+14  4.540867e+13   1.221159970e+13 
  369.691  2.002133e+14  4.724032e+13   1.270948666e+13 
  369.802  1.982008e+14  4.675098e+13   1.257689108e+13 
  369.912  2.094242e+14  4.920169e+13   1.324367951e+13 
  370.023  2.288622e+14  5.348512e+13   1.440810533e+13 
  370.134  2.351686e+14  5.486703e+13   1.478280453e+13 
  370.244  2.158603e+14  5.057762e+13   1.361526233e+13 
  370.355  2.112075e+14  4.955600e+13   1.333510275e+13 
  370.466  1.836741e+14  4.347030e+13   1.167840510e+13 
  370.576  1.529436e+14  3.667362e+13   9.829087183e+12 
  370.687  1.342972e+14  3.253439e+13   8.703295619e+12 
  370.797  1.573435e+14  3.761323e+13   1.008293590e+13 
  370.908  1.518573e+14  3.633898e+13   9.738436739e+12 
  371.019  1.528318e+14  3.646105e+13   9.775235465e+12 
  371.129  1.806834e+14  4.251202e+13   1.142342287e+13 
  371.240  2.102102e+14  4.892681e+13   1.317037041e+13 
  371.350  2.237189e+14  5.179942e+13   1.395494958e+13 
  371.461  2.456552e+14  5.654986e+13   1.524878751e+13 
  371.572  2.521519e+14  5.791634e+13   1.562206064e+13 
  371.682  2.244490e+14  5.178428e+13   1.395598557e+13 
  371.793  2.220899e+14  5.125771e+13   1.381189131e+13 
  371.903  2.082802e+14  4.822313e+13   1.298562915e+13 
  372.014  1.506631e+14  3.558657e+13   9.548734661e+12 
  372.124  1.013013e+14  2.475305e+13   6.603000513e+12 
  372.235  1.179607e+14  2.836281e+13   7.585434436e+12 
  372.345  1.293073e+14  3.077942e+13   8.244896465e+12 
  372.456  1.804542e+14  4.188546e+13   1.126732346e+13 
  372.566  2.064997e+14  4.747593e+13   1.279086769e+13 
  372.677  2.274123e+14  5.196302e+13   1.401290962e+13 
  372.787  1.947517e+14  4.475660e+13   1.205558523e+13 
  372.898  1.594526e+14  3.699695e+13   9.947337196e+12 
  373.008  2.148242e+14  4.906754e+13   1.322690439e+13 
  373.119  2.089639e+14  4.777038e+13   1.287336336e+13 
  373.229  1.823719e+14  4.197447e+13   1.129638684e+13 
  373.340  1.670422e+14  3.864792e+13   1.039006905e+13 
  373.450  1.206522e+14  2.854068e+13   7.642374210e+12 
  373.561  9.291792e+13  2.250042e+13   6.000277979e+12 
  373.671  9.562854e+13  2.306441e+13   6.154143924e+12 
  373.782  1.094809e+14  2.601159e+13   6.957666140e+12 
  373.892  1.326541e+14  3.098010e+13   8.310479651e+12 
  374.003  1.846211e+14  4.219960e+13   1.136144993e+13 
  374.113  2.073985e+14  4.707644e+13   1.268844908e+13 
  374.223  2.238098e+14  5.061814e+13   1.364985066e+13 
  374.334  1.977301e+14  4.497321e+13   1.211361867e+13 
  374.444  1.560072e+14  3.595700e+13   9.660951167e+12 
  374.555  1.513648e+14  3.499940e+13   9.396905050e+12 
  374.665  1.241563e+14  2.915149e+13   7.804885664e+12 
  374.775  1.305583e+14  3.056194e+13   8.185778799e+12 
  374.886  1.324306e+14  3.097338e+13   8.296317583e+12 
  374.996  9.165200e+13  2.214149e+13   5.897283174e+12 
  375.107  1.100245e+14  2.606939e+13   6.966046360e+12 
  375.217  1.733106e+14  3.964733e+13   1.065869849e+13 
  375.327  2.082660e+14  4.709935e+13   1.268703979e+13 
  375.438  2.129245e+14  4.804349e+13   1.294542884e+13 
  375.548  2.412912e+14  5.410391e+13   1.459330063e+13 
  375.658  2.563047e+14  5.731222e+13   1.546465470e+13 
  375.769  2.266594e+14  5.096277e+13   1.373619461e+13 
  375.879  1.494471e+14  3.441269e+13   9.235094045e+12 
  375.989  1.301293e+14  3.029780e+13   8.114347180e+12 
  376.100  1.797231e+14  4.094153e+13   1.100653527e+13 
  376.210  1.993211e+14  4.512732e+13   1.214433041e+13 
  376.320  1.949326e+14  4.419286e+13   1.188883543e+13 
  376.431  1.806133e+14  4.114867e+13   1.105873863e+13 
  376.541  1.732993e+14  3.959433e+13   1.063409261e+13 
  376.651  2.074600e+14  4.690369e+13   1.261886138e+13 
  376.761  1.765107e+14  4.030956e+13   1.082362377e+13 
  376.872  1.626072e+14  3.735234e+13   1.001743345e+13 
  376.982  2.021916e+14  4.579370e+13   1.231006099e+13 
  377.092  1.946721e+14  4.417706e+13   1.186936442e+13 
  377.202  1.817715e+14  4.141274e+13   1.111695871e+13 
  377.313  2.168973e+14  4.887136e+13   1.314309590e+13 
  377.423  2.368070e+14  5.306027e+13   1.428177814e+13 
  377.533  2.317034e+14  5.194327e+13   1.397785677e+13 
  377.643  2.268526e+14  5.086347e+13   1.368517929e+13 
  377.754  2.306199e+14  5.160632e+13   1.388836291e+13 
  377.864  2.363155e+14  5.274766e+13   1.420049567e+13 
  377.974  2.293594e+14  5.122099e+13   1.378665628e+13 
  378.084  2.503658e+14  5.559550e+13   1.497770335e+13 
  378.194  2.617701e+14  5.794836e+13   1.561843571e+13 
  378.305  2.498648e+14  5.536866e+13   1.491865174e+13 
  378.415  2.550319e+14  5.640435e+13   1.520154286e+13 
  378.525  2.663594e+14  5.873702e+13   1.583716028e+13 
  378.635  2.486782e+14  5.497475e+13   1.481438029e+13 
  378.746  1.873089e+14  4.200239e+13   1.128809470e+13 
  378.856  1.921236e+14  4.299176e+13   1.155728933e+13 
  378.966  1.871687e+14  4.190783e+13   1.126367651e+13 
  379.076  1.774085e+14  3.981610e+13   1.069601312e+13 
  379.186  1.930688e+14  4.306176e+13   1.158009691e+13 
  379.296  2.150184e+14  4.761535e+13   1.282046794e+13 
  379.406  1.913054e+14  4.259484e+13   1.145666168e+13 
  379.517  1.750769e+14  3.916434e+13   1.052436333e+13 
  379.627  1.639453e+14  3.679678e+13   9.881427902e+12 
  379.737  1.792003e+14  3.995273e+13   1.074088588e+13 
  379.847  1.536510e+14  3.458635e+13   9.280935690e+12 
  379.957  1.368154e+14  3.102291e+13   8.312609833e+12 
  380.067  1.599318e+14  3.579636e+13   9.612842500e+12 
  380.177  2.051900e+14  4.516208e+13   1.216362945e+13 
  380.288  2.074705e+14  4.555996e+13   1.227447022e+13 
  380.398  2.308908e+14  5.036777e+13   1.358489033e+13 
  380.508  2.423093e+14  5.267071e+13   1.421388808e+13 
  380.618  2.281889e+14  4.967334e+13   1.339988273e+13 
  380.728  2.108571e+14  4.602809e+13   1.240861455e+13 
  380.838  1.869083e+14  4.099203e+13   1.103988628e+13 
  380.948  2.172259e+14  4.725027e+13   1.274327387e+13 
  381.058  2.378165e+14  5.147966e+13   1.389489239e+13 
  381.168  2.449477e+14  5.290913e+13   1.428490604e+13 
  381.278  2.295413e+14  4.967748e+13   1.340601690e+13 
  381.388  1.979877e+14  4.310426e+13   1.161791065e+13 
  381.498  1.666955e+14  3.658427e+13   9.844790657e+12 
  381.608  1.547372e+14  3.406399e+13   9.160544485e+12 
  381.719  1.353039e+14  2.998755e+13   8.053526102e+12 
  381.828  1.834402e+14  3.990387e+13   1.075288683e+13 
  381.939  1.933614e+14  4.189739e+13   1.129726345e+13 
  382.049  1.532788e+14  3.354652e+13   9.027783229e+12 
  382.159  1.081409e+14  2.416230e+13   6.476980027e+12 
  382.269  1.465832e+14  3.206424e+13   8.627897238e+12 
  382.379  1.845899e+14  3.987714e+13   1.075380539e+13 
  382.489  1.559504e+14  3.392840e+13   9.136344400e+12 
  382.599  1.132085e+14  2.507046e+13   6.728140194e+12 
  382.709  1.027010e+14  2.287500e+13   6.131949240e+12 
  382.819  1.169275e+14  2.579019e+13   6.925297648e+12 
  382.929  1.170469e+14  2.580174e+13   6.928448094e+12 
  383.039  1.261991e+14  2.766317e+13   7.435355947e+12 
  383.149  1.405288e+14  3.061451e+13   8.237437944e+12 
  383.259  1.275107e+14  2.793529e+13   7.508018594e+12 
  383.368  9.673563e+13  2.160242e+13   5.784884216e+12 
  383.478  1.045383e+14  2.323609e+13   6.226975916e+12 
  383.589  1.132236e+14  2.502396e+13   6.712455070e+12 
  383.698  1.352528e+14  2.956582e+13   7.946365829e+12 
  383.808  1.313595e+14  2.877129e+13   7.729345200e+12 
  383.918  1.024728e+14  2.284166e+13   6.115777577e+12 
  384.028  1.031225e+14  2.298010e+13   6.152425308e+12 
  384.138  1.132075e+14  2.503791e+13   6.711895130e+12 
  384.248  1.344061e+14  2.934758e+13   7.885297287e+12 
  384.358  1.902419e+14  4.075526e+13   1.098926942e+13 
  384.468  1.907959e+14  4.082318e+13   1.100942829e+13 
  384.578  1.991374e+14  4.249747e+13   1.146572453e+13 
  384.688  1.919806e+14  4.101445e+13   1.106240550e+13 
  384.798  1.968219e+14  4.199091e+13   1.132777492e+13 
  384.908  2.124661e+14  4.518205e+13   1.219477845e+13 
  385.017  1.892484e+14  4.046207e+13   1.090801212e+13 
  385.127  1.579865e+14  3.409228e+13   9.173288878e+12 
  385.237  1.893649e+14  4.050671e+13   1.091632837e+13 
  385.347  2.108826e+14  4.488914e+13   1.210763444e+13 
  385.457  1.884074e+14  4.032341e+13   1.086374753e+13 
  385.567  1.739859e+14  3.738554e+13   1.006377632e+13 
  385.677  1.673954e+14  3.604581e+13   9.698539471e+12 
  385.787  1.583057e+14  3.420145e+13   9.195490378e+12 
  385.897  1.654341e+14  3.565220e+13   9.588787118e+12 
  386.006  1.212451e+14  2.665985e+13   7.141906711e+12 
  386.116  1.091750e+14  2.418908e+13   6.469913149e+12 
  386.226  1.477026e+14  3.196729e+13   8.587322589e+12 
  386.336  2.056607e+14  4.367419e+13   1.177369654e+13 
  386.446  2.214223e+14  4.682572e+13   1.263218668e+13 
  386.556  2.064505e+14  4.374396e+13   1.179530140e+13 
  386.666  1.880419e+14  3.998426e+13   1.077331100e+13 
  386.775  1.946958e+14  4.131210e+13   1.113485161e+13 
  386.885  1.888743e+14  4.011205e+13   1.080880215e+13 
  386.995  1.815196e+14  3.862360e+13   1.040304413e+13 
  387.105  1.587413e+14  3.400949e+13   9.147361788e+12 
  387.215  1.319656e+14  2.859402e+13   7.673478119e+12 
  387.324  1.322535e+14  2.862549e+13   7.682904818e+12 
  387.434  1.603191e+14  3.425932e+13   9.216904397e+12 
  387.544  2.079553e+14  4.381454e+13   1.181900970e+13 
  387.654  2.256186e+14  4.734360e+13   1.277997403e+13 
  387.764  2.039190e+14  4.295736e+13   1.158613565e+13 
  387.874  1.656358e+14  3.525521e+13   9.488806445e+12 
  387.983  1.427051e+14  3.065607e+13   8.235397939e+12 
  388.093  1.831599e+14  3.879028e+13   1.044811193e+13 
  388.203  1.757180e+14  3.730424e+13   1.004200159e+13 
  388.313  1.511281e+14  3.238312e+13   8.700613886e+12 
  388.422  1.607917e+14  3.433322e+13   9.229845922e+12 
  388.532  2.087205e+14  4.394043e+13   1.184404550e+13 
  388.642  1.776159e+14  3.771623e+13   1.014827477e+13 
  388.752  1.387720e+14  2.994442e+13   8.031450956e+12 
  388.861  1.577365e+14  3.372629e+13   9.061162549e+12 
  388.971  1.551947e+14  3.320322e+13   8.919027024e+12 
  389.081  1.655780e+14  3.525088e+13   9.477525864e+12 
  389.191  2.093721e+14  4.397089e+13   1.185262495e+13 
  389.300  2.296142e+14  4.797624e+13   1.294399334e+13 
  389.410  2.251877e+14  4.708576e+13   1.270052343e+13 
  389.520  2.196930e+14  4.597752e+13   1.239794634e+13 
  389.630  2.113694e+14  4.432410e+13   1.194591676e+13 
  389.739  2.231932e+14  4.668241e+13   1.258669212e+13 
  389.849  2.498667e+14  5.198287e+13   1.402952640e+13 
  389.959  2.245229e+14  4.694747e+13   1.265681983e+13 
  390.069  2.163594e+14  4.532995e+13   1.221483246e+13 
  390.178  2.297430e+14  4.799398e+13   1.293904616e+13 
  390.288  2.402106e+14  5.007830e+13   1.350532019e+13 
  390.398  2.014330e+14  4.238492e+13   1.140833911e+13 
  390.507  2.046378e+14  4.301913e+13   1.157981379e+13 
  390.617  1.909455e+14  4.028472e+13   1.083486136e+13 
  390.727  1.805555e+14  3.819452e+13   1.026617980e+13 
  390.836  2.310054e+14  4.813395e+13   1.297535625e+13 
  390.946  2.524720e+14  5.231568e+13   1.411711395e+13 
  391.056  2.527599e+14  5.229189e+13   1.411410349e+13 
  391.165  2.450983e+14  5.070063e+13   1.368382872e+13 
  391.275  2.659475e+14  5.474186e+13   1.478796771e+13 
  391.385  2.694922e+14  5.536760e+13   1.496139589e+13 
  391.494  2.514662e+14  5.171849e+13   1.397171631e+13 
  391.604  2.569667e+14  5.270674e+13   1.424616535e+13 
  391.714  2.471960e+14  5.069375e+13   1.370209596e+13 
  391.823  2.432772e+14  4.984195e+13   1.347351478e+13 
  391.933  2.397741e+14  4.909819e+13   1.327223223e+13 
  392.043  2.171170e+14  4.458590e+13   1.204379189e+13 
  392.152  1.921672e+14  3.962041e+13   1.069259162e+13 
  392.262  1.870645e+14  3.854664e+13   1.040311753e+13 
  392.372  2.033859e+14  4.168541e+13   1.126162340e+13 
  392.481  2.131006e+14  4.353316e+13   1.176776475e+13 
  392.591  2.148062e+14  4.381929e+13   1.184764946e+13 
  392.701  1.847878e+14  3.790390e+13   1.023608252e+13 
  392.810  1.659606e+14  3.420736e+13   9.227919688e+12 
  392.920  1.291652e+14  2.700870e+13   7.264198459e+12 
  393.029  1.108058e+14  2.344060e+13   6.289204183e+12 
  393.139  9.307797e+13  1.999130e+13   5.347153543e+12 
  393.249  7.691669e+13  1.685204e+13   4.489714598e+12 
  393.358  5.950787e+13  1.346125e+13   3.564416270e+12 
  393.468  4.684374e+13  1.098845e+13   2.890068656e+12 
  393.577  5.651437e+13  1.287787e+13   3.404808585e+12 
  393.687  7.830477e+13  1.712208e+13   4.561945231e+12 
  393.797  1.022834e+14  2.178091e+13   5.832546189e+12 
  393.906  1.263193e+14  2.645400e+13   7.106612691e+12 
  394.016  1.542249e+14  3.187497e+13   8.584663400e+12 
  394.125  1.758269e+14  3.607382e+13   9.728805569e+12 
  394.235  1.779275e+14  3.648177e+13   9.838914437e+12 
  394.345  1.804703e+14  3.697102e+13   9.971563495e+12 
  394.454  1.684192e+14  3.462257e+13   9.330573181e+12 
  394.564  1.700102e+14  3.492636e+13   9.412767908e+12 
  394.673  2.176502e+14  4.417202e+13   1.193329610e+13 
  394.783  2.391481e+14  4.832205e+13   1.306550967e+13 
  394.892  2.191352e+14  4.439380e+13   1.199623792e+13 
  395.002  2.274862e+14  4.597008e+13   1.242791359e+13 
  395.112  2.550622e+14  5.127714e+13   1.387684535e+13 
  395.221  2.594015e+14  5.205955e+13   1.409309947e+13 
  395.331  2.385647e+14  4.796383e+13   1.297903256e+13 
  395.440  2.283603e+14  4.593633e+13   1.242846200e+13 
  395.550  2.646188e+14  5.289703e+13   1.432937929e+13 
  395.659  2.482008e+14  4.967845e+13   1.345295116e+13 
  395.769  2.241024e+14  4.497974e+13   1.217288418e+13 
  395.878  2.411047e+14  4.822591e+13   1.305996375e+13 
  395.988  2.562299e+14  5.114274e+13   1.385456416e+13 
  396.097  2.423604e+14  4.847828e+13   1.312536134e+13 
  396.207  1.844791e+14  3.734066e+13   1.008400020e+13 
  396.316  1.442838e+14  2.963267e+13   7.977826779e+12 
  396.426  1.555223e+14  3.184084e+13   8.576854131e+12 
  396.535  1.491137e+14  3.065112e+13   8.248800838e+12 
  396.645  1.240843e+14  2.587874e+13   6.943375098e+12 
  396.754  8.931565e+13  1.922949e+13   5.126395265e+12 
  396.864  6.416392e+13  1.443246e+13   3.814892241e+12 
  396.974  5.334926e+13  1.237680e+13   3.252348256e+12 
  397.083  7.045436e+13  1.567085e+13   4.150328558e+12 
  397.193  1.010797e+14  2.155450e+13   5.755045937e+12 
  397.302  1.296132e+14  2.701796e+13   7.245949043e+12 
  397.411  1.527825e+14  3.144439e+13   8.454233653e+12 
  397.521  1.727131e+14  3.523607e+13   9.490223071e+12 
  397.630  2.016367e+14  4.074418e+13   1.099528720e+13 
  397.740  2.204374e+14  4.431985e+13   1.197237653e+13 
  397.849  2.351373e+14  4.710534e+13   1.273407576e+13 
  397.959  2.600862e+14  5.186753e+13   1.403417264e+13 
  398.069  2.792771e+14  5.553645e+13   1.503489897e+13 
  398.178  2.892002e+14  5.744775e+13   1.555494129e+13 
  398.287  2.745419e+14  5.467489e+13   1.479528573e+13 
  398.397  2.675470e+14  5.336611e+13   1.443547841e+13 
  398.506  2.655260e+14  5.302787e+13   1.433886471e+13 
  398.616  2.738827e+14  5.466103e+13   1.478060147e+13 
  398.725  2.764350e+14  5.519488e+13   1.492131512e+13 
  398.835  2.742795e+14  5.483285e+13   1.481721879e+13 
  398.944  3.092718e+14  6.152649e+13   1.664089797e+13 
  399.054  2.984367e+14  5.947645e+13   1.607871758e+13 
  399.163  2.929486e+14  5.843566e+13   1.579300159e+13 
  399.273  3.100645e+14  6.167889e+13   1.667816856e+13 
  399.382  3.139019e+14  6.238642e+13   1.687204082e+13 
  399.491  3.097558e+14  6.156079e+13   1.664838061e+13 
  399.601  2.962500e+14  5.896835e+13   1.594153448e+13 
  399.710  2.911037e+14  5.796184e+13   1.566793689e+13 
  399.820  2.792667e+14  5.566908e+13   1.504429212e+13 
  399.929  2.809988e+14  5.595257e+13   1.512417683e+13 
