  550.000    0.000000  1.231881e+02  1.253275e+00 
  550.000    0.100000  1.262314e+02  1.311721e+00 
  550.000    0.200000  1.293744e+02  1.375194e+00 
  550.000    0.300000  1.326238e+02  1.444508e+00 
  550.000    0.400000  1.359863e+02  1.520048e+00 
  550.000    0.500000  1.394693e+02  1.602254e+00 
  550.000    0.600000  1.430806e+02  1.691622e+00 
  550.000    0.700000  1.468287e+02  1.788705e+00 
  550.000    0.800000  1.507222e+02  1.894114e+00 
  550.000    0.900000  1.547710e+02  2.000338e+00 
  550.000    1.000000  1.589645e+02  2.052759e+00 
  550.000    1.100000  1.631000e+02  2.002345e+00 
  550.000    1.200000  1.669688e+02  1.892104e+00 
  550.000    1.300000  1.705469e+02  1.767148e+00 
  550.000    1.400000  1.738118e+02  1.627130e+00 
  550.000    1.500000  1.767403e+02  1.471923e+00 
  550.000    1.600000  1.793121e+02  1.303386e+00 
  550.000    1.700000  1.815107e+02  1.123683e+00 
  550.000    1.800000  1.833228e+02  9.338835e-01 
  550.000    1.900000  1.847370e+02  7.348069e-01 
  550.000    2.000000  1.857439e+02  6.818683e-01 
  550.000    2.100000  1.976354e+02  8.042375e-01 
  550.000    2.200000  2.096232e+02  8.704730e-01 
  550.000    2.300000  2.217437e+02  9.568604e-01 
  550.000    2.400000  2.340089e+02  1.045064e+00 
  550.000    2.500000  2.464307e+02  1.135675e+00 
  550.000    2.600000  2.590226e+02  1.229303e+00 
  550.000    2.700000  2.718016e+02  1.326607e+00 
  550.000    2.800000  2.847838e+02  1.428345e+00 
  550.000    2.900000  2.980089e+02  1.535639e+00 
  550.000    3.000000  3.115049e+02  1.657649e+00 
  550.000    3.100000  3.253447e+02  1.806524e+00 
  550.000    3.200000  3.396303e+02  1.984355e+00 
  550.000    3.300000  3.544260e+02  2.190483e+00 
  550.000    3.400000  3.700195e+02  2.438075e+00 
  550.000    3.500000  3.866566e+02  2.747540e+00 
  550.000    3.600000  4.047772e+02  3.154838e+00 
  550.000    3.700000  4.250675e+02  3.724291e+00 
  550.000    3.800000  4.483026e+02  4.568841e+00 
  550.000    3.900000  4.767196e+02  5.915452e+00 
  550.000    4.000000  5.138165e+02  5.002106e+00 
  550.000    4.100000  5.153792e+02  1.754976e+00 
  550.000    4.200000  5.169210e+02  1.728238e+00 
  550.000    4.300000  5.184259e+02  1.701335e+00 
  550.000    4.400000  5.199247e+02  1.674768e+00 
  550.000    4.500000  5.213976e+02  1.647634e+00 
  550.000    4.600000  5.228442e+02  1.619459e+00 
  550.000    4.700000  5.242603e+02  1.589637e+00 
  550.000    4.800000  5.256401e+02  1.557552e+00 
  550.000    4.900000  5.269926e+02  1.522951e+00 
  550.000    5.000000  5.283066e+02  1.493597e+00 
  550.000    5.100000  5.296025e+02  1.480349e+00 
  550.000    5.200000  5.308895e+02  1.475041e+00 
  550.000    5.300000  5.321599e+02  1.468463e+00 
  550.000    5.400000  5.334236e+02  1.460679e+00 
  550.000    5.500000  5.346755e+02  1.451264e+00 
  550.000    5.600000  5.359122e+02  1.439826e+00 
  550.000    5.700000  5.371333e+02  1.426019e+00 
  550.000    5.800000  5.383281e+02  1.409144e+00 
  550.000    5.900000  5.395084e+02  1.389156e+00 
  550.000    6.000000  5.406669e+02  1.372050e+00 
  550.000    7.000000  5.515594e+02  1.283324e+00 
  550.000    8.000000  5.608116e+02  1.148934e+00 
  550.000    9.000000  5.682817e+02  9.925831e-01 
  550.000   10.000000  5.739556e+02  7.461879e-01 
