   0.050000  6.712803e+05  8.859296e+00  6.522044e+05 
   0.150000  7.450395e+04  8.859296e+00  7.238676e+04 
   0.250000  2.679163e+04  8.859296e+00  2.603029e+04 
   0.350000  1.365402e+04  8.859296e+00  1.326601e+04 
   0.450000  8.250671e+03  8.859296e+00  8.016210e+03 
   0.550000  6.200659e+03  8.790689e+00  6.024454e+03 
   0.650000  4.434028e+03  8.790689e+00  4.308026e+03 
   0.750000  3.326324e+03  8.790689e+00  3.231799e+03 
   0.850000  2.586492e+03  8.790689e+00  2.512991e+03 
   0.950000  2.068063e+03  8.790689e+00  2.009294e+03 
   1.050000  1.690808e+03  8.790689e+00  1.642760e+03 
   1.150000  1.407794e+03  8.790689e+00  1.367789e+03 
   1.250000  1.190082e+03  8.790689e+00  1.156263e+03 
   1.350000  1.019040e+03  8.790689e+00  9.900818e+02 
   1.450000  8.822358e+02  8.790689e+00  8.571652e+02 
   1.550000  8.639835e+02  8.765521e+00  8.394316e+02 
   1.650000  7.613771e+02  8.765521e+00  7.397409e+02 
   1.750000  6.759125e+02  8.765521e+00  6.567050e+02 
   1.850000  6.039792e+02  8.765521e+00  5.868158e+02 
   1.950000  5.428691e+02  8.765521e+00  5.274423e+02 
   2.050000  4.905187e+02  8.765521e+00  4.765795e+02 
   2.150000  4.453333e+02  8.765521e+00  4.326782e+02 
   2.250000  4.060654e+02  8.765521e+00  3.945262e+02 
   2.350000  3.717270e+02  8.765521e+00  3.611636e+02 
   2.450000  3.415282e+02  8.765521e+00  3.318230e+02 
   2.550000  3.516895e+02  8.752980e+00  3.416955e+02 
   2.650000  3.251453e+02  8.752980e+00  3.159055e+02 
   2.750000  3.014625e+02  8.752980e+00  2.928958e+02 
   2.850000  2.802453e+02  8.752980e+00  2.722816e+02 
   2.950000  2.611642e+02  8.752980e+00  2.537426e+02 
   3.050000  2.439425e+02  8.752980e+00  2.370103e+02 
   3.150000  2.283470e+02  8.752980e+00  2.218581e+02 
   3.250000  2.141802e+02  8.752980e+00  2.080938e+02 
   3.350000  2.012731e+02  8.752980e+00  1.955535e+02 
   3.450000  1.894815e+02  8.752980e+00  1.840970e+02 
   3.550000  1.990506e+02  8.750958e+00  1.933942e+02 
   3.650000  1.879697e+02  8.750958e+00  1.826281e+02 
   3.750000  1.777723e+02  8.750958e+00  1.727205e+02 
   3.850000  1.683676e+02  8.750958e+00  1.635830e+02 
   3.950000  1.596757e+02  8.750958e+00  1.551382e+02 
   4.050000  1.516269e+02  8.750958e+00  1.473181e+02 
   4.150000  1.441595e+02  8.750958e+00  1.400629e+02 
   4.250000  1.372192e+02  8.750958e+00  1.333198e+02 
   4.350000  1.307577e+02  8.750958e+00  1.270419e+02 
   4.450000  1.247324e+02  8.750958e+00  1.211878e+02 
   4.550000  1.698225e+03  1.852815e+01  1.694420e+03 
   4.650000  1.543716e+03  1.852815e+01  1.540257e+03 
   4.750000  1.404562e+03  1.852815e+01  1.401416e+03 
   4.850000  1.279086e+03  1.852815e+01  1.276220e+03 
   4.950000  1.165811e+03  1.852815e+01  1.163199e+03 
   5.050000  1.063434e+03  1.852815e+01  1.061052e+03 
   5.150000  9.708104e+02  1.852815e+01  9.686353e+02 
   5.250000  8.869215e+02  1.852815e+01  8.849344e+02 
   5.350000  8.108700e+02  1.852815e+01  8.090533e+02 
   5.450000  7.418586e+02  1.852815e+01  7.401965e+02 
   5.550000  6.849102e+02  1.844729e+01  6.832256e+02 
   5.650000  6.273168e+02  1.844729e+01  6.257739e+02 
   5.750000  5.749261e+02  1.844729e+01  5.735121e+02 
   5.850000  5.272297e+02  1.844729e+01  5.259330e+02 
   5.950000  4.837734e+02  1.844729e+01  4.825835e+02 
   6.050000  4.441494e+02  1.844729e+01  4.430570e+02 
   6.150000  4.079940e+02  1.844729e+01  4.069906e+02 
   6.250000  3.749798e+02  1.844729e+01  3.740576e+02 
   6.350000  3.448136e+02  1.844729e+01  3.439655e+02 
   6.450000  3.172318e+02  1.844729e+01  3.164515e+02 
   6.550000  2.765119e+01  8.773726e+00  2.686542e+01 
   6.650001  2.676293e+01  8.773726e+00  2.600240e+01 
   6.750000  2.591492e+01  8.773726e+00  2.517850e+01 
   6.850000  2.510480e+01  8.773726e+00  2.439140e+01 
   6.950000  2.433038e+01  8.773726e+00  2.363898e+01 
   7.050000  2.358961e+01  8.773726e+00  2.291926e+01 
   7.150001  2.288060e+01  8.773726e+00  2.223039e+01 
   7.250000  2.220159e+01  8.773726e+00  2.157068e+01 
   7.350000  2.155092e+01  8.773726e+00  2.093850e+01 
   7.450000  2.092707e+01  8.773726e+00  2.033238e+01 
   7.550000  2.184862e+01  8.777146e+00  2.122774e+01 
   7.650001  2.122750e+01  8.777146e+00  2.062427e+01 
   7.750000  2.063109e+01  8.777146e+00  2.004481e+01 
   7.850000  2.005811e+01  8.777146e+00  1.948812e+01 
   7.950001  1.950738e+01  8.777146e+00  1.895304e+01 
   8.050000  8.475926e+03  8.777146e+00  1.845245e+01 
   8.150001  0.000000e+00  0.000000e+00  0.000000e+00 
   8.250000  0.000000e+00  0.000000e+00  0.000000e+00 
   8.350000  0.000000e+00  0.000000e+00  0.000000e+00 
   8.450001  0.000000e+00  0.000000e+00  0.000000e+00 
   8.550000  0.000000e+00  0.000000e+00  0.000000e+00 
   8.650001  0.000000e+00  0.000000e+00  0.000000e+00 
   8.750000  0.000000e+00  0.000000e+00  0.000000e+00 
   8.850000  0.000000e+00  0.000000e+00  0.000000e+00 
   8.950001  0.000000e+00  0.000000e+00  0.000000e+00 
   9.050000  0.000000e+00  0.000000e+00  0.000000e+00 
   9.150001  0.000000e+00  0.000000e+00  0.000000e+00 
   9.250000  0.000000e+00  0.000000e+00  0.000000e+00 
   9.350000  0.000000e+00  0.000000e+00  0.000000e+00 
   9.450001  0.000000e+00  0.000000e+00  0.000000e+00 
   9.550000  0.000000e+00  0.000000e+00  0.000000e+00 
   9.650001  0.000000e+00  0.000000e+00  0.000000e+00 
   9.750000  0.000000e+00  0.000000e+00  0.000000e+00 
   9.850000  0.000000e+00  0.000000e+00  0.000000e+00 
   9.950001  0.000000e+00  0.000000e+00  0.000000e+00 
