  400.000    0.000000  1.725134e+02  7.958975e-14  5.175403e+01  1.725134e+02   6.818540192e+01   1.647381973e+01 
  400.000    0.100000  1.766941e+02  9.496912e-14  5.428828e+01  1.766941e+02   6.949755096e+01   1.669764709e+01 
  400.000    0.200000  1.808083e+02  1.133202e-13  5.668498e+01  1.808083e+02   7.080979156e+01   1.695637703e+01 
  400.000    0.300000  1.849249e+02  1.352172e-13  5.902269e+01  1.849249e+02   7.212707520e+01   1.724389648e+01 
  400.000    0.400000  1.890683e+02  1.613455e-13  6.132926e+01  1.890683e+02   7.345113373e+01   1.755739975e+01 
  400.000    0.500000  1.932537e+02  1.925234e-13  6.362170e+01  1.932537e+02   7.478289795e+01   1.789501190e+01 
  400.000    0.600000  1.974916e+02  2.297250e-13  6.591137e+01  1.974916e+02   7.612265778e+01   1.825536537e+01 
  400.000    0.700000  2.017902e+02  2.741152e-13  6.820679e+01  2.017902e+02   7.747052765e+01   1.863744545e+01 
  400.000    0.800000  2.061564e+02  3.270830e-13  7.051472e+01  2.061564e+02   7.882630920e+01   1.904047203e+01 
  400.000    0.900000  2.105967e+02  3.902858e-13  7.284116e+01  2.105967e+02   8.018962860e+01   1.946385002e+01 
  400.000    1.000000  2.151179e+02  4.657014e-13  7.519210e+01  2.151179e+02   8.155989075e+01   1.990717697e+01 
  400.000    1.100000  2.177524e+02  5.041270e-13  7.663210e+01  2.177524e+02   8.235597229e+01   2.019252586e+01 
  400.000    1.200000  2.204136e+02  5.564909e-13  7.808055e+01  2.204136e+02   8.315406036e+01   2.048437119e+01 
  400.000    1.300000  2.231032e+02  6.142950e-13  7.953892e+01  2.231032e+02   8.395405579e+01   2.078266716e+01 
  400.000    1.400000  2.258225e+02  6.781035e-13  8.100843e+01  2.258225e+02   8.475578308e+01   2.108738136e+01 
  400.000    1.500000  2.285732e+02  7.485383e-13  8.249036e+01  2.285732e+02   8.555902100e+01   2.139850616e+01 
  400.000    1.600000  2.313569e+02  8.262909e-13  8.398624e+01  2.313569e+02   8.636358643e+01   2.171608543e+01 
  400.000    1.700000  2.341760e+02  9.121199e-13  8.549775e+01  2.341760e+02   8.716918182e+01   2.204017639e+01 
  400.000    1.800000  2.370328e+02  1.006864e-12  8.702705e+01  2.370328e+02   8.797548676e+01   2.237088585e+01 
  400.000    1.900000  2.399311e+02  1.111447e-12  8.857719e+01  2.399311e+02   8.878206635e+01   2.270840454e+01 
  400.000    2.000000  2.428792e+02  1.211450e-12  9.015542e+01  2.428792e+02   8.958825684e+01   2.305322266e+01 
  400.000    2.100000  2.559305e+02  6.420702e-12  1.030528e+02  2.559305e+02   9.345228577e+01   2.547189140e+01 
  400.000    2.200000  2.686040e+02  3.403004e-11  1.155597e+02  2.686040e+02   9.722617340e+01   2.821648979e+01 
  400.000    2.300000  2.811415e+02  1.803601e-10  1.279191e+02  2.811415e+02   1.009110260e+02   3.121825981e+01 
  400.000    2.400000  2.936224e+02  9.559173e-10  1.402103e+02  2.936224e+02   1.044879074e+02   3.442478943e+01 
  400.000    2.500000  3.060913e+02  5.066377e-09  1.524781e+02  3.060913e+02   1.079239731e+02   3.779348755e+01 
  400.000    2.600000  3.185804e+02  2.685193e-08  1.647547e+02  3.185804e+02   1.111714096e+02   4.129051590e+01 
  400.000    2.700000  3.311187e+02  1.423163e-07  1.770692e+02  3.311187e+02   1.141640701e+02   4.488994980e+01 
  400.000    2.800000  3.437379e+02  7.542800e-07  1.894530e+02  3.437379e+02   1.168128586e+02   4.857307053e+01 
  400.000    2.900000  3.564774e+02  3.997712e-06  2.019455e+02  3.564774e+02   1.189999771e+02   5.232782745e+01 
  400.000    3.000000  3.693931e+02  2.116101e-05  2.146023e+02  3.693931e+02   1.205719681e+02   5.614870453e+01 
  400.000    3.100000  3.823403e+02  1.115594e-04  2.274264e+02  3.823401e+02   1.213046341e+02   6.000783539e+01 
  400.000    3.200000  3.956186e+02  5.881366e-04  2.405759e+02  3.956180e+02   1.209978790e+02   6.394218826e+01 
  400.000    3.300000  4.093999e+02  3.100615e-03  2.542222e+02  4.093968e+02   1.193588715e+02   6.796946716e+01 
  400.000    3.400000  4.239539e+02  1.634632e-02  2.686346e+02  4.239376e+02   1.160391159e+02   7.212239838e+01 
  400.000    3.500000  4.397255e+02  8.617666e-02  2.842571e+02  4.396393e+02   1.106388168e+02   7.645719147e+01 
  400.000    3.600000  4.574723e+02  4.543175e-01  3.018467e+02  4.570180e+02   1.027206116e+02   8.106967163e+01 
  400.000    3.700000  4.784992e+02  2.395143e+00  3.227104e+02  4.761041e+02   9.183876038e+01   8.612376404e+01 
  400.000    3.800000  5.049152e+02  1.262703e+01  3.489749e+02  4.922882e+02   7.759927368e+01   9.189344788e+01 
  400.000    3.900000  5.389894e+02  6.656912e+01  3.830092e+02  4.724203e+02   5.981336594e+01   9.876891327e+01 
  400.000    4.000000  5.764419e+02  3.515399e+02  4.204487e+02  2.249020e+02   3.905178452e+01   1.068532791e+02 
  400.000    4.100000  5.772653e+02  3.547449e+02  4.211601e+02  2.225204e+02   3.858444977e+01   1.070667953e+02 
  400.000    4.200000  5.780909e+02  3.579792e+02  4.218737e+02  2.201117e+02   3.811477661e+01   1.072803345e+02 
  400.000    4.300000  5.789187e+02  3.612430e+02  4.225894e+02  2.176757e+02   3.764275742e+01   1.074939041e+02 
  400.000    4.400000  5.797485e+02  3.645365e+02  4.233070e+02  2.152120e+02   3.716837311e+01   1.077075272e+02 
  400.000    4.500000  5.805800e+02  3.678600e+02  4.240264e+02  2.127200e+02   3.669161606e+01   1.079211960e+02 
  400.000    4.600000  5.814133e+02  3.712138e+02  4.247474e+02  2.101995e+02   3.621246719e+01   1.081349182e+02 
  400.000    4.700000  5.822482e+02  3.745982e+02  4.254700e+02  2.076500e+02   3.573092651e+01   1.083486862e+02 
  400.000    4.800000  5.830847e+02  3.780135e+02  4.261940e+02  2.050711e+02   3.524697495e+01   1.085625153e+02 
  400.000    4.900000  5.839224e+02  3.814599e+02  4.269194e+02  2.024625e+02   3.476061249e+01   1.087763977e+02 
  400.000    5.000000  5.847573e+02  3.849336e+02  4.276461e+02  1.998237e+02   3.427182770e+01   1.089903412e+02 
  400.000    5.100000  5.854487e+02  3.877342e+02  4.282711e+02  1.977145e+02   3.386177063e+01   1.091728897e+02 
  400.000    5.200000  5.861409e+02  3.905551e+02  4.288969e+02  1.955858e+02   3.344999313e+01   1.093554688e+02 
  400.000    5.300000  5.868339e+02  3.933966e+02  4.295235e+02  1.934373e+02   3.303647995e+01   1.095380859e+02 
  400.000    5.400000  5.875276e+02  3.962588e+02  4.301509e+02  1.912689e+02   3.262123871e+01   1.097207489e+02 
  400.000    5.500000  5.882221e+02  3.991418e+02  4.307789e+02  1.890803e+02   3.220426559e+01   1.099034424e+02 
  400.000    5.600000  5.889171e+02  4.020457e+02  4.314075e+02  1.868715e+02   3.178555298e+01   1.100861664e+02 
  400.000    5.700000  5.896128e+02  4.049708e+02  4.320367e+02  1.846420e+02   3.136510086e+01   1.102689209e+02 
  400.000    5.800000  5.903090e+02  4.079171e+02  4.326665e+02  1.823919e+02   3.094290543e+01   1.104517059e+02 
  400.000    5.900000  5.910057e+02  4.108849e+02  4.332968e+02  1.801207e+02   3.051896667e+01   1.106345139e+02 
  400.000    6.000000  5.916982e+02  4.138698e+02  4.339275e+02  1.778285e+02   3.009328079e+01   1.108173447e+02 
  400.000    7.000000  5.978457e+02  4.409698e+02  4.395399e+02  1.568760e+02   2.625817871e+01   1.124388962e+02 
  400.000    8.000000  6.031050e+02  4.651541e+02  4.444512e+02  1.379509e+02   2.284062386e+01   1.138508682e+02 
  400.000    9.000000  6.075045e+02  4.859392e+02  4.486930e+02  1.215653e+02   1.985855484e+01   1.150645905e+02 
  400.000   10.000000  6.112569e+02  5.042103e+02  4.523788e+02  1.070466e+02   1.722414780e+01   1.161181030e+02 
