  300.000  1.150445e+00  3.084746e+00  8.470665e-01  1.174691e-01  4.158983e-01  1.348148e-01 
  301.000  2.180084e+00  5.865598e+00  1.609186e+00  2.225433e-01  7.932843e-01  2.561100e-01 
  302.000  2.597241e+00  6.983230e+00  1.916151e+00  2.650562e-01  9.465505e-01  3.049649e-01 
  303.000  6.300492e+00  1.698449e+01  4.657127e+00  6.428035e-01  2.308125e+00  7.412048e-01 
  304.000  7.255560e+00  1.947647e+01  5.346554e+00  7.400490e-01  2.651201e+00  8.509305e-01 
  305.000  1.121850e+01  3.017020e+01  8.277964e+00  1.143945e+00  4.116195e+00  1.317479e+00 
  306.000  1.143410e+01  3.058290e+01  8.403625e+00  1.165621e+00  4.178418e+00  1.337478e+00 
  307.000  1.649165e+01  4.404619e+01  1.210789e+01  1.680742e+00  6.028412e+00  1.927031e+00 
  308.000  2.089752e+01  5.559182e+01  1.529828e+01  2.129226e+00  7.619149e+00  2.434797e+00 
  309.000  2.111528e+01  5.582088e+01  1.538765e+01  2.150867e+00  7.659009e+00  2.449021e+00 
  310.000  2.250658e+01  5.930890e+01  1.636355e+01  2.291955e+00  8.150020e+00  2.604340e+00 
  311.000  3.895712e+01  1.016884e+02  2.812988e+01  3.966196e+00  1.398412e+01  4.477009e+00 
  312.000  3.668766e+01  9.522073e+01  2.638243e+01  3.734176e+00  1.310906e+01  4.198894e+00 
  313.000  4.335964e+01  1.117120e+02  3.101522e+01  4.412160e+00  1.539315e+01  4.936226e+00 
  314.000  4.921231e+01  1.255536e+02  3.495421e+01  5.006444e+00  1.731272e+01  5.563136e+00 
  315.000  5.262251e+01  1.333515e+02  3.719593e+01  5.351985e+00  1.840490e+01  5.919916e+00 
  316.000  4.354193e+01  1.091141e+02  3.053214e+01  4.427330e+00  1.506804e+01  4.859341e+00 
  317.000  6.763169e+01  1.679337e+02  4.711455e+01  6.875035e+00  2.320634e+01  7.498513e+00 
  318.000  5.943451e+01  1.461314e+02  4.111449e+01  6.040353e+00  2.020461e+01  6.543573e+00 
  319.000  7.050564e+01  1.723270e+02  4.856810e+01  7.163751e+00  2.384651e+01  7.729852e+00 
  320.000  7.852031e+01  1.881187e+02  5.332952e+01  7.976012e+00  2.603143e+01  8.487657e+00 
  321.000  7.856010e+01  1.880872e+02  5.333123e+01  7.978284e+00  2.605404e+01  8.487929e+00 
  322.000  8.236803e+01  1.934002e+02  5.515547e+01  8.362898e+00  2.678964e+01  8.778265e+00 
  323.000  7.311380e+01  1.701449e+02  4.865339e+01  7.421507e+00  2.358180e+01  7.743428e+00 
  324.000  9.262550e+01  2.141493e+02  6.135709e+01  9.399827e+00  2.970296e+01  9.765284e+00 
  325.000  9.487856e+01  2.149762e+02  6.197307e+01  9.626217e+00  2.981247e+01  9.863321e+00 
  326.000  1.271740e+02  2.861161e+02  8.266091e+01  1.289985e+01  3.970371e+01  1.315589e+01 
  327.000  1.290511e+02  2.871367e+02  8.324049e+01  1.308724e+01  3.986135e+01  1.324814e+01 
  328.000  1.222048e+02  2.669782e+02  7.783932e+01  1.239007e+01  3.705901e+01  1.238851e+01 
  329.000  1.380662e+02  2.996318e+02  8.754275e+01  1.399490e+01  4.162071e+01  1.393286e+01 
  330.000  1.558278e+02  3.340812e+02  9.798534e+01  1.579186e+01  4.641758e+01  1.559485e+01 
  331.000  1.350459e+02  2.843603e+02  8.388423e+01  1.368260e+01  3.950568e+01  1.335059e+01 
  332.000  1.424326e+02  2.975208e+02  8.799389e+01  1.442780e+01  4.135599e+01  1.400466e+01 
  333.000  1.422940e+02  2.935086e+02  8.716370e+01  1.441055e+01  4.080789e+01  1.387253e+01 
  334.000  1.394214e+02  2.833432e+02  8.455602e+01  1.411640e+01  3.939741e+01  1.345751e+01 
  335.000  1.498083e+02  3.015161e+02  9.026822e+01  1.516480e+01  4.194091e+01  1.436663e+01 
  336.000  1.267808e+02  2.521543e+02  7.578983e+01  1.283105e+01  3.508190e+01  1.206233e+01 
  337.000  1.254980e+02  2.459353e+02  7.428941e+01  1.269837e+01  3.421785e+01  1.182353e+01 
  338.000  1.450974e+02  2.810239e+02  8.522742e+01  1.467797e+01  3.910796e+01  1.356436e+01 
  339.000  1.571456e+02  3.008938e+02  9.161130e+01  1.589294e+01  4.188107e+01  1.458039e+01 
  340.000  1.767178e+02  3.336443e+02  1.020762e+02  1.786793e+01  4.644075e+01  1.624594e+01 
