  300.000  1.150039e+00  3.080711e+00  8.460961e-01  1.079151e-01  4.280186e-01  1.346604e-01 
  301.000  2.179327e+00  5.855913e+00  1.606929e+00  2.044994e-01  8.158957e-01  2.557507e-01 
  302.000  2.596354e+00  6.969845e+00  1.913084e+00  2.436315e-01  9.730799e-01  3.044768e-01 
  303.000  6.298387e+00  1.694822e+01  4.648892e+00  5.910157e-01  2.371759e+00  7.398941e-01 
  304.000  7.253178e+00  1.943047e+01  5.336209e+00  6.806095e-01  2.723284e+00  8.492841e-01 
  305.000  1.121491e+01  3.009381e+01  8.260843e+00  1.052363e+00  4.226541e+00  1.314754e+00 
  306.000  1.143052e+01  3.049989e+01  8.385126e+00  1.072594e+00  4.289152e+00  1.334534e+00 
  307.000  1.648664e+01  4.392045e+01  1.207993e+01  1.547041e+00  6.186351e+00  1.922580e+00 
  308.000  2.089132e+01  5.542535e+01  1.526136e+01  1.960359e+00  7.816781e+00  2.428920e+00 
  309.000  2.110916e+01  5.564662e+01  1.534910e+01  1.980800e+00  7.856020e+00  2.442886e+00 
  310.000  2.250027e+01  5.911627e+01  1.632099e+01  2.111336e+00  8.357518e+00  2.597565e+00 
  311.000  3.894640e+01  1.013456e+02  2.805440e+01  3.654575e+00  1.433771e+01  4.464997e+00 
  312.000  3.667787e+01  9.488998e+01  2.630968e+01  3.441706e+00  1.343798e+01  4.187315e+00 
  313.000  4.334836e+01  1.113129e+02  3.092759e+01  4.067638e+00  1.577683e+01  4.922279e+00 
  314.000  4.919978e+01  1.250917e+02  3.485305e+01  4.616712e+00  1.774171e+01  5.547035e+00 
  315.000  5.260952e+01  1.328501e+02  3.708621e+01  4.936668e+00  1.885818e+01  5.902453e+00 
  316.000  4.353138e+01  1.086932e+02  3.044030e+01  4.084812e+00  1.543738e+01  4.844723e+00 
  317.000  6.761571e+01  1.672724e+02  4.697047e+01  6.344790e+00  2.377239e+01  7.475581e+00 
  318.000  5.942073e+01  1.455440e+02  4.098678e+01  5.575806e+00  2.069544e+01  6.523250e+00 
  319.000  7.048985e+01  1.716249e+02  4.841541e+01  6.614488e+00  2.442298e+01  7.705552e+00 
  320.000  7.850262e+01  1.873276e+02  5.315854e+01  7.366374e+00  2.665933e+01  8.460443e+00 
  321.000  7.854324e+01  1.872942e+02  5.315941e+01  7.370186e+00  2.667954e+01  8.460582e+00 
  322.000  8.235022e+01  1.925609e+02  5.497463e+01  7.727418e+00  2.743168e+01  8.749485e+00 
  323.000  7.309841e+01  1.693982e+02  4.849261e+01  6.859265e+00  2.414532e+01  7.717839e+00 
  324.000  9.260667e+01  2.132010e+02  6.115285e+01  8.689842e+00  3.041023e+01  9.732780e+00 
  325.000  9.485898e+01  2.139985e+02  6.176366e+01  8.901190e+00  3.052200e+01  9.829994e+00 
  326.000  1.271486e+02  2.848061e+02  8.238032e+01  1.193112e+01  4.064618e+01  1.311124e+01 
  327.000  1.290257e+02  2.858048e+02  8.295567e+01  1.210726e+01  4.080574e+01  1.320281e+01 
  328.000  1.221806e+02  2.657126e+02  7.756979e+01  1.146494e+01  3.793681e+01  1.234562e+01 
  329.000  1.380398e+02  2.982058e+02  8.723892e+01  1.295311e+01  4.260438e+01  1.388451e+01 
  330.000  1.557983e+02  3.324701e+02  9.764273e+01  1.461949e+01  4.751344e+01  1.554033e+01 
  331.000  1.350200e+02  2.829608e+02  8.358766e+01  1.266974e+01  4.043841e+01  1.330339e+01 
  332.000  1.424061e+02  2.960493e+02  8.768211e+01  1.336282e+01  4.233108e+01  1.395504e+01 
  333.000  1.422677e+02  2.920390e+02  8.685287e+01  1.334984e+01  4.176945e+01  1.382306e+01 
  334.000  1.393957e+02  2.819041e+02  8.425227e+01  1.308034e+01  4.032577e+01  1.340917e+01 
  335.000  1.497812e+02  2.999738e+02  8.994296e+01  1.405488e+01  4.292845e+01  1.431487e+01 
  336.000  1.267580e+02  2.508512e+02  7.551539e+01  1.189447e+01  3.590777e+01  1.201865e+01 
  337.000  1.254755e+02  2.446469e+02  7.401859e+01  1.177412e+01  3.502372e+01  1.178042e+01 
  338.000  1.450716e+02  2.795437e+02  8.491658e+01  1.361295e+01  4.002997e+01  1.351489e+01 
  339.000  1.571180e+02  2.993027e+02  9.127744e+01  1.474333e+01  4.286990e+01  1.452725e+01 
  340.000  1.766868e+02  3.318662e+02  1.017036e+02  1.657959e+01  4.753930e+01  1.618664e+01 
