  300.000  2.369518e-08  2.213581e+00  5.112046e-01  3.749061e-01 
  301.000  4.494981e-08  4.271626e+00  9.864900e-01  7.234857e-01 
  302.000  5.362308e-08  5.144521e+00  1.188076e+00  8.713362e-01 
  303.000  1.298825e-07  1.262896e+01  2.916534e+00  2.139023e+00 
  304.000  1.503867e-07  1.467394e+01  3.388801e+00  2.485387e+00 
  305.000  2.323713e-07  2.291651e+01  5.292341e+00  3.881509e+00 
  306.000  2.372874e-07  2.342301e+01  5.409313e+00  3.967278e+00 
  307.000  3.413366e-07  3.386548e+01  7.820898e+00  5.735985e+00 
  308.000  4.334774e-07  4.308031e+01  9.948972e+00  7.296727e+00 
  309.000  4.382685e-07  4.348780e+01  1.004308e+01  7.365678e+00 
  310.000  4.675042e-07  4.649344e+01  1.073720e+01  7.874730e+00 
  311.000  8.091998e-07  8.000568e+01  1.847652e+01  1.355058e+01 
  312.000  7.601893e-07  7.503094e+01  1.732765e+01  1.270788e+01 
  313.000  9.008473e-07  8.857275e+01  2.045500e+01  1.500124e+01 
  314.000  1.021170e-06  9.976007e+01  2.303860e+01  1.689571e+01 
  315.000  1.093373e-06  1.064204e+02  2.457673e+01  1.802360e+01 
  316.000  9.021059e-07  8.703858e+01  2.010070e+01  1.474082e+01 
  317.000  1.405276e-06  1.347076e+02  3.110938e+01  2.281376e+01 
  318.000  1.234219e-06  1.173997e+02  2.711229e+01  1.988226e+01 
  319.000  1.464405e-06  1.386736e+02  3.202530e+01  2.348493e+01 
  320.000  1.629597e-06  1.517892e+02  3.505421e+01  2.570534e+01 
  321.000  1.631438e-06  1.519581e+02  3.509322e+01  2.573396e+01 
  322.000  1.712936e-06  1.570796e+02  3.627598e+01  2.660052e+01 
  323.000  1.520040e-06  1.383657e+02  3.195419e+01  2.343112e+01 
  324.000  1.925516e-06  1.743395e+02  4.026198e+01  2.952271e+01 
  325.000  1.972224e-06  1.757224e+02  4.058134e+01  2.975599e+01 
  326.000  2.643714e-06  2.341827e+02  5.408219e+01  3.965497e+01 
  327.000  2.683354e-06  2.355916e+02  5.440756e+01  3.989289e+01 
  328.000  2.543564e-06  2.201134e+02  5.083301e+01  3.727091e+01 
  329.000  2.871612e-06  2.470764e+02  5.705984e+01  4.183601e+01 
  330.000  3.240890e-06  2.761761e+02  6.378015e+01  4.676245e+01 
  331.000  2.807945e-06  2.359690e+02  5.449471e+01  3.995345e+01 
  332.000  2.962249e-06  2.472739e+02  5.710546e+01  4.186702e+01 
  333.000  2.959230e-06  2.445954e+02  5.648690e+01  4.141273e+01 
  334.000  2.899403e-06  2.368895e+02  5.470728e+01  4.010711e+01 
  335.000  3.115652e-06  2.525910e+02  5.833340e+01  4.276485e+01 
  336.000  2.636664e-06  2.117810e+02  4.890873e+01  3.585487e+01 
  337.000  2.610134e-06  2.072856e+02  4.787055e+01  3.509299e+01 
  338.000  3.017269e-06  2.374190e+02  5.482956e+01  4.019378e+01 
  339.000  3.267802e-06  2.548219e+02  5.884858e+01  4.313922e+01 
  340.000  3.674719e-06  2.834042e+02  6.544940e+01  4.797690e+01 
