  300.000  2.369518e-08  2.063604e+00  4.127208e-01 
  300.000  2.519598e-08  2.126559e+00  4.291763e-01 
  300.000  2.679185e-08  2.191375e+00  4.460069e-01 
  300.000  2.848879e-08  2.258108e+00  4.632270e-01 
  300.000  3.029322e-08  2.326818e+00  4.808521e-01 
  300.000  3.221194e-08  2.397563e+00  4.988972e-01 
  300.000  3.425219e-08  2.470405e+00  5.173781e-01 
  300.000  3.642165e-08  2.545407e+00  5.363107e-01 
  300.000  3.872855e-08  2.622637e+00  5.557120e-01 
  300.000  4.118155e-08  2.702158e+00  5.755982e-01 
  300.000  4.378992e-08  2.784042e+00  5.959871e-01 
  300.000  6.283699e-08  3.368634e+00  7.811744e-01 
  300.000  6.086178e-07  3.972398e+00  1.303405e+00 
  300.000  5.894867e-06  4.602218e+00  1.832137e+00 
  300.000  5.709573e-05  5.259545e+00  2.368515e+00 
  300.000  5.530103e-04  5.942891e+00  2.911312e+00 
  300.000  5.273738e-03  6.599472e+00  3.456210e+00 
  300.000  5.029260e-02  7.209293e+00  3.981970e+00 
  300.000  4.796115e-01  7.397166e+00  4.460084e+00 
  300.000  4.573779e+00  3.822213e+00  4.835660e+00 
  300.000  5.301233e+00  3.575132e+00  4.822427e+00 
  300.000  6.047986e+00  3.303215e+00  4.821267e+00 
  300.000  6.807308e+00  3.022170e+00  4.820137e+00 
  300.000  7.597301e+00  2.731951e+00  4.806295e+00 
  300.000  8.452690e+00  2.450140e+00  4.752854e+00 
  300.000  9.409388e+00  2.197192e+00  4.641060e+00 
  300.000  3.931704e+01  1.340703e+00  1.751583e+00 
  300.000  1.864546e+02  1.540481e+00  1.228692e+00 
  300.000  3.226690e+02  6.483678e-01  1.617242e+00 
  300.000  3.611214e+02 -5.292807e-14  2.040661e+00 
  301.000  4.494983e-08  3.984254e+00  7.968508e-01 
  301.000  4.776002e-08  4.102593e+00  8.288977e-01 
  301.000  5.074589e-08  4.224319e+00  8.616277e-01 
  301.000  5.391844e-08  4.349535e+00  8.950680e-01 
  301.000  5.728931e-08  4.478338e+00  9.292457e-01 
  301.000  6.087092e-08  4.610839e+00  9.641893e-01 
  301.000  6.467655e-08  4.747149e+00  9.999281e-01 
  301.000  6.871999e-08  4.887372e+00  1.036490e+00 
  301.000  7.301630e-08  5.031629e+00  1.073906e+00 
  301.000  7.758116e-08  5.180036e+00  1.112206e+00 
  301.000  8.243143e-08  5.332716e+00  1.151423e+00 
  301.000  1.175115e-07  6.405021e+00  1.507153e+00 
  301.000  1.136526e-06  7.535440e+00  2.496001e+00 
  301.000  1.099204e-05  8.710258e+00  3.495723e+00 
  301.000  1.063109e-04  9.931450e+00  4.507877e+00 
  301.000  1.028199e-03  1.119554e+01  5.529606e+00 
  301.000  9.792717e-03  1.240499e+01  6.552221e+00 
  301.000  9.326730e-02  1.352197e+01  7.536148e+00 
  301.000  8.882916e-01  1.385194e+01  8.428207e+00 
  301.000  8.460224e+00  7.218810e+00  9.126700e+00 
  301.000  9.759158e+00  6.737102e+00  9.129966e+00 
  301.000  1.108348e+01  6.212059e+00  9.149159e+00 
  301.000  1.241957e+01  5.672232e+00  9.165048e+00 
  301.000  1.379842e+01  5.117496e+00  9.155925e+00 
  301.000  1.527405e+01  4.577120e+00  9.077449e+00 
  301.000  1.689861e+01  4.086236e+00  8.898347e+00 
  301.000  6.082930e+01  2.098697e+00  3.663792e+00 
  301.000  2.354460e+02  1.943554e+00  2.067382e+00 
  301.000  3.784761e+02  7.505127e-01  2.379219e+00 
  301.000  4.172724e+02 -7.988673e-14  2.837316e+00 
  302.000  5.362307e-08  4.800291e+00  9.600582e-01 
  302.000  5.693977e-08  4.939967e+00  9.987799e-01 
  302.000  6.046162e-08  5.083546e+00  1.038289e+00 
  302.000  6.420133e-08  5.231141e+00  1.078617e+00 
  302.000  6.817232e-08  5.382866e+00  1.119795e+00 
  302.000  7.238894e-08  5.538841e+00  1.161856e+00 
  302.000  7.686636e-08  5.699190e+00  1.204832e+00 
  302.000  8.162073e-08  5.864037e+00  1.248758e+00 
  302.000  8.666917e-08  6.033513e+00  1.293668e+00 
  302.000  9.202990e-08  6.207750e+00  1.339598e+00 
  302.000  9.772221e-08  6.386885e+00  1.386582e+00 
  302.000  1.385857e-07  7.629589e+00  1.812312e+00 
  302.000  1.338834e-06  8.961248e+00  2.986625e+00 
  302.000  1.293407e-05  1.034151e+01  4.172615e+00 
  302.000  1.249522e-04  1.177207e+01  5.371616e+00 
  302.000  1.207126e-03  1.324826e+01  6.579782e+00 
  302.000  1.148545e-02  1.465641e+01  7.786334e+00 
  302.000  1.092807e-01  1.595136e+01  8.944837e+00 
  302.000  1.039774e+00  1.632050e+01  9.992754e+00 
  302.000  9.893146e+00  8.544945e+00  1.081111e+01 
  302.000  1.137064e+01  7.962207e+00  1.083728e+01 
  302.000  1.286941e+01  7.331637e+00  1.087687e+01 
  302.000  1.437276e+01  6.685963e+00  1.091002e+01 
  302.000  1.591508e+01  6.024829e+00  1.091303e+01 
  302.000  1.755155e+01  5.379561e+00  1.083877e+01 
  302.000  1.933213e+01  4.788778e+00  1.065395e+01 
  302.000  6.259045e+01  2.164912e+00  4.710293e+00 
  302.000  2.096579e+02  1.718168e+00  2.379995e+00 
  302.000  3.197660e+02  6.250872e-01  2.480435e+00 
  302.000  3.487621e+02 -1.357176e-14  2.831094e+00 
  303.000  1.298825e-07  1.178974e+01  2.357948e+00 
  303.000  1.378241e-07  1.212517e+01  2.453388e+00 
  303.000  1.462514e-07  1.246972e+01  2.550670e+00 
  303.000  1.551939e-07  1.282366e+01  2.649867e+00 
  303.000  1.646832e-07  1.318723e+01  2.751053e+00 
  303.000  1.747527e-07  1.356073e+01  2.854304e+00 
  303.000  1.854381e-07  1.394443e+01  2.959698e+00 
  303.000  1.967767e-07  1.433860e+01  3.067312e+00 
  303.000  2.088086e-07  1.474356e+01  3.177227e+00 
  303.000  2.215764e-07  1.515959e+01  3.289528e+00 
  303.000  2.351246e-07  1.558702e+01  3.404294e+00 
  303.000  3.315927e-07  1.851079e+01  4.443349e+00 
  303.000  3.199523e-06  2.170210e+01  7.283082e+00 
  303.000  3.087207e-05  2.500006e+01  1.014778e+01 
  303.000  2.978833e-04  2.840720e+01  1.303937e+01 
  303.000  2.874264e-03  3.191089e+01  1.594742e+01 
  303.000  2.731839e-02  3.524172e+01  1.884494e+01 
  303.000  2.596471e-01  3.829096e+01  2.162112e+01 
  303.000  2.467811e+00  3.913091e+01  2.412678e+01 
  303.000  2.345527e+01  2.065509e+01  2.607969e+01 
  303.000  2.685116e+01  1.922385e+01  2.620605e+01 
  303.000  3.027553e+01  1.768509e+01  2.635185e+01 
  303.000  3.368645e+01  1.611460e+01  2.647696e+01 
  303.000  3.716010e+01  1.451103e+01  2.652968e+01 
  303.000  4.080542e+01  1.294061e+01  2.641229e+01 
  303.000  4.471042e+01  1.148784e+01  2.605657e+01 
  303.000  1.271858e+02  4.401224e+00  1.278262e+01 
  303.000  3.583375e+02  2.888745e+00  6.034580e+00 
  303.000  5.144771e+02  9.851180e-01  5.615611e+00 
  303.000  5.545592e+02 -1.599416e-14  6.062066e+00 
  304.000  1.503867e-07  1.370370e+01  2.740740e+00 
  304.000  1.594945e-07  1.408693e+01  2.851525e+00 
  304.000  1.691540e-07  1.448037e+01  2.964372e+00 
  304.000  1.793985e-07  1.488431e+01  3.079365e+00 
  304.000  1.902633e-07  1.529904e+01  3.196584e+00 
  304.000  2.017863e-07  1.572486e+01  3.316117e+00 
  304.000  2.140070e-07  1.616207e+01  3.438046e+00 
  304.000  2.269680e-07  1.661100e+01  3.562464e+00 
  304.000  2.407139e-07  1.707196e+01  3.689457e+00 
  304.000  2.552922e-07  1.754529e+01  3.819117e+00 
  304.000  2.707536e-07  1.803132e+01  3.951538e+00 
  304.000  3.801568e-07  2.132377e+01  5.148848e+00 
  304.000  3.664676e-06  2.496953e+01  8.412230e+00 
  304.000  3.532716e-05  2.872965e+01  1.170173e+01 
  304.000  3.405508e-04  3.260579e+01  1.501850e+01 
  304.000  3.282881e-03  3.658236e+01  1.834962e+01 
  304.000  3.117673e-02  4.035449e+01  2.166303e+01 
  304.000  2.960781e-01  4.379585e+01  2.483256e+01 
  304.000  2.811784e+00  4.471097e+01  2.768779e+01 
  304.000  2.670285e+01  2.363213e+01  2.990760e+01 
  304.000  3.047907e+01  2.196804e+01  3.009240e+01 
  304.000  3.427213e+01  2.018942e+01  3.028958e+01 
  304.000  3.803373e+01  1.838069e+01  3.045866e+01 
  304.000  4.184795e+01  1.653934e+01  3.054418e+01 
  304.000  4.582603e+01  1.473479e+01  3.044443e+01 
  304.000  5.005135e+01  1.305829e+01  3.008856e+01 
  304.000  1.327370e+02  4.561728e+00  1.561360e+01 
  304.000  3.402450e+02  2.691423e+00  7.319997e+00 
  304.000  4.717310e+02  8.860185e-01  6.491702e+00 
  304.000  5.047180e+02  7.546172e-15  6.814775e+00 
  305.000  2.323713e-07  2.141424e+01  4.282849e+00 
  305.000  2.462955e-07  2.200106e+01  4.456160e+00 
  305.000  2.610541e-07  2.260315e+01  4.632555e+00 
  305.000  2.766973e-07  2.322092e+01  4.812160e+00 
  305.000  2.932776e-07  2.385479e+01  4.995091e+00 
  305.000  3.108516e-07  2.450521e+01  5.181483e+00 
  305.000  3.294785e-07  2.517262e+01  5.371457e+00 
  305.000  3.492218e-07  2.585749e+01  5.565149e+00 
  305.000  3.701480e-07  2.656028e+01  5.762691e+00 
  305.000  3.923286e-07  2.728149e+01  5.964222e+00 
  305.000  4.158379e-07  2.802160e+01  6.169877e+00 
  305.000  5.809724e-07  3.297244e+01  8.027707e+00 
  305.000  5.594514e-06  3.855088e+01  1.305939e+01 
  305.000  5.387278e-05  4.428982e+01  1.812645e+01 
  305.000  5.187719e-04  5.018963e+01  2.322883e+01 
  305.000  4.995553e-03  5.622449e+01  2.834499e+01 
  305.000  4.739685e-02  6.193276e+01  3.342420e+01 
  305.000  4.496923e-01  6.712038e+01  3.827428e+01 
  305.000  4.266594e+00  6.845752e+01  4.263569e+01 
  305.000  4.048064e+01  3.644475e+01  4.602163e+01 
  305.000  4.604514e+01  3.385502e+01  4.639711e+01 
  305.000  5.160538e+01  3.110138e+01  4.677465e+01 
  305.000  5.708576e+01  2.830846e+01  4.710296e+01 
  305.000  6.260715e+01  2.547133e+01  4.730475e+01 
  305.000  6.830979e+01  2.268316e+01  4.724716e+01 
  305.000  7.428201e+01  2.007179e+01  4.684023e+01 
  305.000  1.772231e+02  6.057961e+00  2.681693e+01 
  305.000  3.947873e+02  3.012345e+00  1.303773e+01 
  305.000  5.213087e+02  9.491743e-01  1.099554e+01 
  305.000  5.524869e+02  7.119206e-14  1.113150e+01 
  306.000  2.372874e-07  2.189719e+01  4.379437e+00 
  306.000  2.513797e-07  2.248810e+01  4.556001e+00 
  306.000  2.663087e-07  2.309411e+01  4.735615e+00 
  306.000  2.821246e-07  2.371563e+01  4.918403e+00 
  306.000  2.988796e-07  2.435307e+01  5.104485e+00 
  306.000  3.166298e-07  2.500687e+01  5.293986e+00 
  306.000  3.354341e-07  2.567745e+01  5.487033e+00 
  306.000  3.553552e-07  2.636526e+01  5.683753e+00 
  306.000  3.764593e-07  2.707076e+01  5.884280e+00 
  306.000  3.988170e-07  2.779442e+01  6.088748e+00 
  306.000  4.225021e-07  2.853672e+01  6.297287e+00 
  306.000  5.879346e-07  3.346018e+01  8.178795e+00 
  306.000  5.656811e-06  3.908246e+01  1.327456e+01 
  306.000  5.442701e-05  4.485709e+01  1.840286e+01 
  306.000  5.236695e-04  5.078294e+01  2.356230e+01 
  306.000  5.038488e-03  5.683255e+01  2.872992e+01 
  306.000  4.776958e-02  6.254440e+01  3.385310e+01 
  306.000  4.529003e-01  6.771989e+01  3.873858e+01 
  306.000  4.293919e+00  6.900924e+01  4.312476e+01 
  306.000  4.071037e+01  3.675563e+01  4.652257e+01 
  306.000  4.618526e+01  3.411405e+01  4.694974e+01 
  306.000  5.163668e+01  3.131873e+01  4.736826e+01 
  306.000  5.698862e+01  2.849212e+01  4.773285e+01 
  306.000  6.235988e+01  2.562770e+01  4.797005e+01 
  306.000  6.787715e+01  2.281133e+01  4.795868e+01 
  306.000  7.361108e+01  2.016512e+01  4.761763e+01 
  306.000  1.658505e+02  5.622078e+00  2.867448e+01 
  306.000  3.420764e+02  2.530119e+00  1.442107e+01 
  306.000  4.389673e+02  7.785779e-01  1.200564e+01 
  306.000  4.624241e+02  1.178120e-13  1.198420e+01 
  307.000  3.413365e-07  3.168463e+01  6.336926e+00 
  307.000  3.614184e-07  3.252543e+01  6.591749e+00 
  307.000  3.826818e-07  3.338730e+01  6.850832e+00 
  307.000  4.051964e-07  3.427081e+01  7.114343e+00 
  307.000  4.290353e-07  3.517649e+01  7.382446e+00 
  307.000  4.542770e-07  3.610498e+01  7.655324e+00 
  307.000  4.810036e-07  3.705683e+01  7.933143e+00 
  307.000  5.093028e-07  3.803268e+01  8.216089e+00 
  307.000  5.392667e-07  3.903314e+01  8.504339e+00 
  307.000  5.709938e-07  4.005887e+01  8.798084e+00 
  307.000  6.045870e-07  4.111051e+01  9.097505e+00 
  307.000  8.377975e-07  4.801764e+01  1.179599e+01 
  307.000  8.053709e-06  5.602352e+01  1.909258e+01 
  307.000  7.741994e-05  6.423120e+01  2.643054e+01 
  307.000  7.442344e-04  7.263683e+01  3.380592e+01 
  307.000  7.154292e-03  8.119930e+01  4.118420e+01 
  307.000  6.777696e-02  8.926717e+01  4.848864e+01 
  307.000  6.420922e-01  9.655579e+01  5.544506e+01 
  307.000  6.082930e+00  9.832186e+01  6.168214e+01 
  307.000  5.762730e+01  5.260006e+01  6.650820e+01 
  307.000  6.519305e+01  4.880454e+01  6.720641e+01 
  307.000  7.269523e+01  4.480461e+01  6.787699e+01 
  307.000  8.002502e+01  4.076895e+01  6.846630e+01 
  307.000  8.734480e+01  3.668621e+01  6.887766e+01 
  307.000  9.480748e+01  3.266454e+01  6.896262e+01 
  307.000  1.024783e+02  2.886503e+01  6.862630e+01 
  307.000  2.141329e+02  7.248492e+00  4.460378e+01 
  307.000  4.006077e+02  2.826228e+00  2.407465e+01 
  307.000  4.971453e+02  8.498828e-01  1.999039e+01 
  307.000  5.203020e+02  9.065609e-14  1.968879e+01 
  308.000  4.334772e-07  4.033740e+01  8.067479e+00 
  308.000  4.587640e-07  4.139222e+01  8.390683e+00 
  308.000  4.855257e-07  4.247304e+01  8.719141e+00 
  308.000  5.138487e-07  4.358052e+01  9.053061e+00 
  308.000  5.438239e-07  4.471537e+01  9.392648e+00 
  308.000  5.755479e-07  4.587828e+01  9.738118e+00 
  308.000  6.091219e-07  4.706997e+01  1.008968e+01 
  308.000  6.446549e-07  4.829121e+01  1.044756e+01 
  308.000  6.822604e-07  4.954273e+01  1.081198e+01 
  308.000  7.220598e-07  5.082535e+01  1.118317e+01 
  308.000  7.641812e-07  5.213984e+01  1.156135e+01 
  308.000  1.055016e-06  6.070114e+01  1.496596e+01 
  308.000  1.013388e-05  7.075663e+01  2.417254e+01 
  308.000  9.734020e-05  8.104986e+01  3.342581e+01 
  308.000  9.349938e-04  9.157359e+01  4.271870e+01 
  308.000  8.981013e-03  1.022740e+02  5.200582e+01 
  308.000  8.502491e-02  1.123391e+02  6.118865e+01 
  308.000  8.049462e-01  1.214077e+02  6.992368e+01 
  308.000  7.620574e+00  1.235398e+02  7.774512e+01 
  308.000  7.214537e+01  6.621461e+01  8.378796e+01 
  308.000  8.141673e+01  6.140680e+01  8.475150e+01 
  308.000  9.057845e+01  5.636020e+01  8.566426e+01 
  308.000  9.949458e+01  5.128095e+01  8.646922e+01 
  308.000  1.083643e+02  4.615245e+01  8.705228e+01 
  308.000  1.173564e+02  4.109710e+01  8.724918e+01 
  308.000  1.265251e+02  3.630591e+01  8.695808e+01 
  308.000  2.503809e+02  8.486328e+00  5.954771e+01 
  308.000  4.353575e+02  2.949748e+00  3.399326e+01 
  308.000  5.258500e+02  8.714643e-01  2.843076e+01 
  308.000  5.472690e+02  7.959682e-14  2.785669e+01 
  309.000  4.382685e-07  4.075242e+01  8.150484e+00 
  309.000  4.636349e-07  4.180471e+01  8.475117e+00 
  309.000  4.904695e-07  4.288256e+01  8.804918e+00 
  309.000  5.188570e-07  4.398663e+01  9.140086e+00 
  309.000  5.488879e-07  4.511761e+01  9.480831e+00 
  309.000  5.806567e-07  4.627615e+01  9.827354e+00 
  309.000  6.142642e-07  4.746298e+01  1.017987e+01 
  309.000  6.498168e-07  4.867881e+01  1.053859e+01 
  309.000  6.874275e-07  4.992440e+01  1.090374e+01 
  309.000  7.272147e-07  5.120048e+01  1.127553e+01 
  309.000  7.693049e-07  5.250784e+01  1.165419e+01 
  309.000  1.058549e-06  6.096521e+01  1.505912e+01 
  309.000  1.016074e-05  7.101396e+01  2.429166e+01 
  309.000  9.753046e-05  8.128816e+01  3.356666e+01 
  309.000  9.361707e-04  9.177869e+01  4.287536e+01 
  309.000  8.986073e-03  1.024300e+02  5.217074e+01 
  309.000  8.502186e-02  1.124355e+02  6.135277e+01 
  309.000  8.044357e-01  1.214301e+02  7.007841e+01 
  309.000  7.611182e+00  1.234833e+02  7.788227e+01 
  309.000  7.201332e+01  6.618518e+01  8.390220e+01 
  309.000  8.109225e+01  6.135418e+01  8.492432e+01 
  309.000  9.003711e+01  5.630106e+01  8.588500e+01 
  309.000  9.871349e+01  5.122690e+01  8.673486e+01 
  309.000  1.073176e+02  4.611263e+01  8.736532e+01 
  309.000  1.160018e+02  4.106980e+01  8.762911e+01 
  309.000  1.248012e+02  3.628036e+01  8.743756e+01 
  309.000  2.370896e+02  8.074183e+00  6.234506e+01 
  309.000  3.910582e+02  2.565836e+00  3.740472e+01 
  309.000  4.633042e+02  7.487836e-01  3.163230e+01 
  309.000  4.802552e+02  4.148048e-14  3.093943e+01 
  310.000  4.675042e-07  4.363662e+01  8.727324e+00 
  310.000  4.943154e-07  4.474566e+01  9.073439e+00 
  310.000  5.226644e-07  4.588118e+01  9.424907e+00 
  310.000  5.526392e-07  4.704382e+01  9.781931e+00 
  310.000  5.843328e-07  4.823425e+01  1.014472e+01 
  310.000  6.178444e-07  4.945321e+01  1.051349e+01 
  310.000  6.532775e-07  5.070137e+01  1.088845e+01 
  310.000  6.907431e-07  5.197950e+01  1.126983e+01 
  310.000  7.303568e-07  5.328833e+01  1.165785e+01 
  310.000  7.722430e-07  5.462864e+01  1.205275e+01 
  310.000  8.165306e-07  5.600119e+01  1.245473e+01 
  310.000  1.119131e-06  6.480023e+01  1.606518e+01 
  310.000  1.073343e-05  7.540941e+01  2.585909e+01 
  310.000  1.029429e-04  8.623950e+01  3.569207e+01 
  310.000  9.873118e-04  9.727840e+01  4.555266e+01 
  310.000  9.469179e-03  1.084653e+02  5.538916e+01 
  310.000  8.952922e-02  1.189560e+02  6.509380e+01 
  310.000  8.464814e-01  1.283622e+02  7.430589e+01 
  310.000  8.003317e+00  1.304505e+02  8.253549e+01 
  310.000  7.566981e+01  7.016858e+01  8.887787e+01 
  310.000  8.499121e+01  6.504238e+01  9.005334e+01 
  310.000  9.414122e+01  5.970071e+01  9.114796e+01 
  310.000  1.029792e+02  5.434890e+01  9.212080e+01 
  310.000  1.117070e+02  4.896417e+01  9.286533e+01 
  310.000  1.204616e+02  4.364947e+01  9.325104e+01 
  310.000  1.292516e+02  3.858406e+01  9.320497e+01 
  310.000  2.320782e+02  8.102417e+00  7.045967e+01 
  310.000  3.554154e+02  2.251405e+00  4.554418e+01 
  310.000  4.098863e+02  6.454754e-01  3.926899e+01 
  310.000  4.225265e+02 -5.196985e-14  3.839803e+01 
  311.000  8.091998e-07  7.515382e+01  1.503076e+01 
  311.000  8.552749e-07  7.704374e+01  1.562221e+01 
  311.000  9.039730e-07  7.897823e+01  1.622267e+01 
  311.000  9.554437e-07  8.095839e+01  1.683248e+01 
  311.000  1.009846e-06  8.298541e+01  1.745200e+01 
  311.000  1.067345e-06  8.506040e+01  1.808159e+01 
  311.000  1.128118e-06  8.718461e+01  1.872161e+01 
  311.000  1.192353e-06  8.935923e+01  1.937243e+01 
  311.000  1.260243e-06  9.158547e+01  2.003441e+01 
  311.000  1.332000e-06  9.386469e+01  2.070795e+01 
  311.000  1.407842e-06  9.619814e+01  2.139342e+01 
  311.000  1.923988e-06  1.110867e+02  2.754038e+01 
  311.000  1.844192e-05  1.292138e+02  4.431025e+01 
  311.000  1.767705e-04  1.477044e+02  6.114168e+01 
  311.000  1.694390e-03  1.665355e+02  7.801296e+01 
  311.000  1.624116e-02  1.856008e+02  9.483352e+01 
  311.000  1.534810e-01  2.034658e+02  1.114166e+02 
  311.000  1.450415e+00  2.194560e+02  1.271462e+02 
  311.000  1.370661e+01  2.229001e+02  1.411838e+02 
  311.000  1.295292e+02  1.195828e+02  1.519838e+02 
  311.000  1.452299e+02  1.108114e+02  1.540293e+02 
  311.000  1.606076e+02  1.017003e+02  1.559279e+02 
  311.000  1.754252e+02  9.259210e+01  1.576183e+02 
  311.000  1.900264e+02  8.344206e+01  1.589249e+02 
  311.000  2.046295e+02  7.441237e+01  1.596433e+02 
  311.000  2.192302e+02  6.579697e+01  1.596652e+02 
  311.000  3.834384e+02  1.349954e+01  1.237702e+02 
  311.000  5.687749e+02  3.529083e+00  8.265448e+01 
  311.000  6.487346e+02  1.004554e+00  7.189850e+01 
  311.000  6.672203e+02  3.886850e-13  7.033080e+01 
  312.000  7.601894e-07  7.060387e+01  1.412077e+01 
  312.000  8.031402e-07  7.235754e+01  1.467296e+01 
  312.000  8.485186e-07  7.415205e+01  1.523341e+01 
  312.000  8.964601e-07  7.598834e+01  1.580241e+01 
  312.000  9.471105e-07  7.786747e+01  1.638029e+01 
  312.000  1.000623e-06  7.979051e+01  1.696739e+01 
  312.000  1.057159e-06  8.175849e+01  1.756401e+01 
  312.000  1.116890e-06  8.377258e+01  1.817052e+01 
  312.000  1.179994e-06  8.583382e+01  1.878722e+01 
  312.000  1.246665e-06  8.794343e+01  1.941449e+01 
  312.000  1.317102e-06  9.010259e+01  2.005267e+01 
  312.000  1.794291e-06  1.037910e+02  2.576813e+01 
  312.000  1.718755e-05  1.206509e+02  4.141423e+01 
  312.000  1.646398e-04  1.378311e+02  5.711135e+01 
  312.000  1.577087e-03  1.553075e+02  7.283691e+01 
  312.000  1.510695e-02  1.729788e+02  8.850437e+01 
  312.000  1.426831e-01  1.895197e+02  1.039378e+02 
  312.000  1.347622e+00  2.042973e+02  1.185657e+02 
  312.000  1.272811e+01  2.074061e+02  1.316094e+02 
  312.000  1.202153e+02  1.114287e+02  1.416369e+02 
  312.000  1.345176e+02  1.032673e+02  1.436250e+02 
  312.000  1.484865e+02  9.481477e+01  1.454634e+02 
  312.000  1.619044e+02  8.638081e+01  1.471062e+02 
  312.000  1.750864e+02  7.791944e+01  1.483987e+02 
  312.000  1.882124e+02  6.956491e+01  1.491773e+02 
  312.000  2.012511e+02  6.157566e+01  1.493638e+02 
  312.000  3.389274e+02  1.235907e+01  1.205198e+02 
  312.000  4.793049e+02  2.956259e+00  8.503710e+01 
  312.000  5.375798e+02  8.274706e-01  7.522929e+01 
  312.000  5.510256e+02 -6.939215e-14  7.370460e+01 
  313.000  9.008470e-07  8.348755e+01  1.669751e+01 
  313.000  9.513635e-07  8.553745e+01  1.734573e+01 
  313.000  1.004712e-06  8.763443e+01  1.800347e+01 
  313.000  1.061052e-06  8.977965e+01  1.867108e+01 
  313.000  1.120552e-06  9.197431e+01  1.934895e+01 
  313.000  1.183388e-06  9.421960e+01  2.003744e+01 
  313.000  1.249748e-06  9.651673e+01  2.073692e+01 
  313.000  1.319829e-06  9.886697e+01  2.144778e+01 
  313.000  1.393840e-06  1.012716e+02  2.217041e+01 
  313.000  1.472001e-06  1.037319e+02  2.290520e+01 
  313.000  1.554545e-06  1.062493e+02  2.365255e+01 
  313.000  2.111353e-06  1.221185e+02  3.033665e+01 
  313.000  2.021219e-05  1.418787e+02  4.872190e+01 
  313.000  1.934933e-04  1.619962e+02  6.716055e+01 
  313.000  1.852331e-03  1.824404e+02  8.562362e+01 
  313.000  1.773255e-02  2.030898e+02  1.040073e+02 
  313.000  1.673934e-01  2.224005e+02  1.221029e+02 
  313.000  1.580177e+00  2.396229e+02  1.392416e+02 
  313.000  1.491671e+01  2.431521e+02  1.545113e+02 
  313.000  1.408122e+02  1.306191e+02  1.662377e+02 
  313.000  1.572686e+02  1.210554e+02  1.686403e+02 
  313.000  1.733003e+02  1.111793e+02  1.708558e+02 
  313.000  1.886559e+02  1.013443e+02  1.728412e+02 
  313.000  2.037016e+02  9.149107e+01  1.744235e+02 
  313.000  2.186279e+02  8.176041e+01  1.754355e+02 
  313.000  2.333743e+02  7.244048e+01  1.758070e+02 
  313.000  3.809375e+02  1.437385e+01  1.464042e+02 
  313.000  5.178158e+02  3.210535e+00  1.079021e+02 
  313.000  5.725605e+02  8.831573e-01  9.679388e+01 
  313.000  5.851701e+02 -1.820778e-13  9.499063e+01 
  314.000  1.021170e-06  9.416224e+01  1.883245e+01 
  314.000  1.078038e-06  9.645106e+01  1.955763e+01 
  314.000  1.138074e-06  9.879194e+01  2.029334e+01 
  314.000  1.201452e-06  1.011861e+02  2.103996e+01 
  314.000  1.268361e-06  1.036348e+02  2.179789e+01 
  314.000  1.338994e-06  1.061395e+02  2.256754e+01 
  314.000  1.413562e-06  1.087013e+02  2.334933e+01 
  314.000  1.492283e-06  1.113218e+02  2.414367e+01 
  314.000  1.575387e-06  1.140023e+02  2.495099e+01 
  314.000  1.663120e-06  1.167442e+02  2.577173e+01 
  314.000  1.755736e-06  1.195490e+02  2.660630e+01 
  314.000  2.378138e-06  1.371507e+02  3.405987e+01 
  314.000  2.275371e-05  1.592791e+02  5.468810e+01 
  314.000  2.177044e-04  1.817925e+02  7.537038e+01 
  314.000  2.082966e-03  2.046540e+02  9.607201e+01 
  314.000  1.992954e-02  2.277252e+02  1.166743e+02 
  314.000  1.880458e-01  2.492856e+02  1.369410e+02 
  314.000  1.774313e+00  2.684836e+02  1.561230e+02 
  314.000  1.674159e+01  2.722989e+02  1.731973e+02 
  314.000  1.579658e+02  1.459171e+02  1.862893e+02 
  314.000  1.761374e+02  1.352038e+02  1.890189e+02 
  314.000  1.938029e+02  1.241723e+02  1.915309e+02 
  314.000  2.106860e+02  1.132098e+02  1.937847e+02 
  314.000  2.271967e+02  1.022440e+02  1.955925e+02 
  314.000  2.435361e+02  9.141897e+01  1.967845e+02 
  314.000  2.596241e+02  8.104638e+01  1.972953e+02 
  314.000  4.156343e+02  1.606843e+01  1.674021e+02 
  314.000  5.520461e+02  3.476465e+00  1.269497e+02 
  314.000  6.051100e+02  9.435282e-01  1.150763e+02 
  314.000  6.172494e+02 -7.742140e-14  1.131243e+02 
  315.000  1.093373e-06  1.007068e+02  2.014136e+01 
  315.000  1.153807e-06  1.031269e+02  2.091123e+01 
  315.000  1.217583e-06  1.056014e+02  2.169208e+01 
  315.000  1.284883e-06  1.081315e+02  2.248433e+01 
  315.000  1.355903e-06  1.107186e+02  2.328837e+01 
  315.000  1.430848e-06  1.133639e+02  2.410466e+01 
  315.000  1.509938e-06  1.160691e+02  2.493361e+01 
  315.000  1.593396e-06  1.188353e+02  2.577563e+01 
  315.000  1.681470e-06  1.216641e+02  2.663121e+01 
  315.000  1.774411e-06  1.245569e+02  2.750077e+01 
  315.000  1.872488e-06  1.275153e+02  2.838475e+01 
  315.000  2.528792e-06  1.459768e+02  3.626878e+01 
  315.000  2.418061e-05  1.694587e+02  5.821447e+01 
  315.000  2.312178e-04  1.933294e+02  8.021069e+01 
  315.000  2.210931e-03  2.175470e+02  1.022181e+02 
  315.000  2.114118e-02  2.419623e+02  1.241084e+02 
  315.000  1.993762e-01  2.647612e+02  1.456291e+02 
  315.000  1.880258e+00  2.850338e+02  1.659866e+02 
  315.000  1.773215e+01  2.889933e+02  1.840968e+02 
  315.000  1.672267e+02  1.551209e+02  1.979762e+02 
  315.000  1.861220e+02  1.437935e+02  2.009559e+02 
  315.000  2.044434e+02  1.321593e+02  2.036947e+02 
  315.000  2.219022e+02  1.206165e+02  2.061615e+02 
  315.000  2.389289e+02  1.090829e+02  2.081667e+02 
  315.000  2.557117e+02  9.769145e+01  2.095604e+02 
  315.000  2.721370e+02  8.675428e+01  2.103010e+02 
  315.000  4.218041e+02  1.728685e+01  1.846147e+02 
  315.000  5.379290e+02  3.532044e+00  1.468102e+02 
  315.000  5.813383e+02  9.320001e-01  1.351419e+02 
  315.000  5.913511e+02 -4.662810e-14  1.331320e+02 
  316.000  9.021058e-07  8.247278e+01  1.649455e+01 
  316.000  9.516394e-07  8.443678e+01  1.711932e+01 
  316.000  1.003893e-06  8.644446e+01  1.775290e+01 
  316.000  1.059016e-06  8.849690e+01  1.839566e+01 
  316.000  1.117165e-06  9.059514e+01  1.904790e+01 
  316.000  1.178507e-06  9.274023e+01  1.970996e+01 
  316.000  1.243218e-06  9.493333e+01  2.038220e+01 
  316.000  1.311481e-06  9.717550e+01  2.106494e+01 
  316.000  1.383494e-06  9.946795e+01  2.175855e+01 
  316.000  1.459460e-06  1.018118e+02  2.246338e+01 
  316.000  1.539597e-06  1.042083e+02  2.317978e+01 
  316.000  2.074012e-06  1.191102e+02  2.955912e+01 
  316.000  1.982209e-05  1.382431e+02  4.746491e+01 
  316.000  1.894468e-04  1.576836e+02  6.540826e+01 
  316.000  1.810612e-03  1.773960e+02  8.335567e+01 
  316.000  1.730468e-02  1.972569e+02  1.012009e+02 
  316.000  1.631273e-01  2.157950e+02  1.187364e+02 
  316.000  1.537764e+00  2.322567e+02  1.353146e+02 
  316.000  1.449616e+01  2.353737e+02  1.500493e+02 
  316.000  1.366520e+02  1.258619e+02  1.613206e+02 
  316.000  1.518694e+02  1.166427e+02  1.637487e+02 
  316.000  1.665981e+02  1.071996e+02  1.659786e+02 
  316.000  1.806071e+02  9.785022e+01  1.679892e+02 
  316.000  1.942485e+02  8.852182e+01  1.696295e+02 
  316.000  2.076701e+02  7.931376e+01  1.707872e+02 
  316.000  2.207732e+02  7.047248e+01  1.714362e+02 
  316.000  3.374887e+02  1.411315e+01  1.523734e+02 
  316.000  4.239377e+02  2.843196e+00  1.235260e+02 
  316.000  4.556379e+02  7.412362e-01  1.145149e+02 
  316.000  4.629266e+02  1.763273e-13  1.129535e+02 
  317.000  1.405277e-06  1.279315e+02  2.558630e+01 
  317.000  1.481901e-06  1.309476e+02  2.654720e+01 
  317.000  1.562703e-06  1.340302e+02  2.752153e+01 
  317.000  1.647910e-06  1.371807e+02  2.850977e+01 
  317.000  1.737764e-06  1.404008e+02  2.951242e+01 
  317.000  1.832517e-06  1.436921e+02  3.052999e+01 
  317.000  1.932438e-06  1.470563e+02  3.156301e+01 
  317.000  2.037806e-06  1.504949e+02  3.261197e+01 
  317.000  2.148919e-06  1.540099e+02  3.367741e+01 
  317.000  2.266092e-06  1.576029e+02  3.475986e+01 
  317.000  2.389652e-06  1.612757e+02  3.585988e+01 
  317.000  3.210588e-06  1.840167e+02  4.563979e+01 
  317.000  3.066847e-05  2.135196e+02  7.329900e+01 
  317.000  2.929543e-04  2.434796e+02  1.010098e+02 
  317.000  2.798385e-03  2.738389e+02  1.287182e+02 
  317.000  2.673101e-02  3.044048e+02  1.562581e+02 
  317.000  2.518747e-01  3.329214e+02  1.833070e+02 
  317.000  2.373307e+00  3.582141e+02  2.088670e+02 
  317.000  2.236264e+01  3.629040e+02  2.315710e+02 
  317.000  2.107135e+02  1.939263e+02  2.489220e+02 
  317.000  2.338077e+02  1.797725e+02  2.527041e+02 
  317.000  2.561126e+02  1.653100e+02  2.561760e+02 
  317.000  2.772785e+02  1.510153e+02  2.593154e+02 
  317.000  2.978454e+02  1.367681e+02  2.618982e+02 
  317.000  3.180219e+02  1.227029e+02  2.637767e+02 
  317.000  3.376326e+02  1.091811e+02  2.649353e+02 
  317.000  5.043788e+02  2.210806e+01  2.410237e+02 
  317.000  6.163685e+02  4.320725e+00  2.017911e+02 
  317.000  6.563612e+02  1.100069e+00  1.889856e+02 
  317.000  6.656686e+02  1.186249e-14  1.866883e+02 
  318.000  1.234219e-06  1.116761e+02  2.233521e+01 
  318.000  1.301095e-06  1.142860e+02  2.316706e+01 
  318.000  1.371594e-06  1.169529e+02  2.401040e+01 
  318.000  1.445913e-06  1.196781e+02  2.486567e+01 
  318.000  1.524258e-06  1.224629e+02  2.573330e+01 
  318.000  1.606849e-06  1.253088e+02  2.661370e+01 
  318.000  1.693916e-06  1.282171e+02  2.750734e+01 
  318.000  1.785700e-06  1.311892e+02  2.841463e+01 
  318.000  1.882457e-06  1.342267e+02  2.933603e+01 
  318.000  1.984457e-06  1.373310e+02  3.027200e+01 
  318.000  2.091984e-06  1.405037e+02  3.122299e+01 
  318.000  2.804035e-06  1.600765e+02  3.966611e+01 
  318.000  2.677238e-05  1.857036e+02  6.372565e+01 
  318.000  2.556177e-04  2.117152e+02  8.782529e+01 
  318.000  2.440589e-03  2.380591e+02  1.119161e+02 
  318.000  2.330229e-02  2.645659e+02  1.358519e+02 
  318.000  2.194808e-01  2.892844e+02  1.593502e+02 
  318.000  2.067257e+00  3.111808e+02  1.815435e+02 
  318.000  1.947118e+01  3.151264e+02  2.012412e+02 
  318.000  1.833962e+02  1.679217e+02  2.162711e+02 
  318.000  2.032129e+02  1.556455e+02  2.195700e+02 
  318.000  2.223183e+02  1.431324e+02  2.225961e+02 
  318.000  2.404147e+02  1.307877e+02  2.253352e+02 
  318.000  2.579724e+02  1.185007e+02  2.275971e+02 
  318.000  2.751655e+02  1.063767e+02  2.292663e+02 
  318.000  2.918355e+02  9.472086e+01  2.303381e+02 
  318.000  4.303403e+02  1.940290e+01  2.120166e+02 
  318.000  5.181790e+02  3.785285e+00  1.809064e+02 
  318.000  5.486248e+02  9.497228e-01  1.707228e+02 
  318.000  5.556758e+02  1.397042e-13  1.689026e+02 
  319.000  1.464405e-06  1.324122e+02  2.648244e+01 
  319.000  1.543190e-06  1.354741e+02  2.746109e+01 
  319.000  1.626214e-06  1.386021e+02  2.845308e+01 
  319.000  1.713705e-06  1.417977e+02  2.945892e+01 
  319.000  1.805901e-06  1.450624e+02  3.047906e+01 
  319.000  1.903059e-06  1.483979e+02  3.151404e+01 
  319.000  2.005444e-06  1.518058e+02  3.256433e+01 
  319.000  2.113337e-06  1.552876e+02  3.363044e+01 
  319.000  2.227035e-06  1.588452e+02  3.471290e+01 
  319.000  2.346851e-06  1.624802e+02  3.581224e+01 
  319.000  2.473111e-06  1.661943e+02  3.692896e+01 
  319.000  3.305968e-06  1.889935e+02  4.682936e+01 
  319.000  3.154768e-05  2.191813e+02  7.522949e+01 
  319.000  3.010481e-04  2.498015e+02  1.036698e+02 
  319.000  2.872793e-03  2.807901e+02  1.320905e+02 
  319.000  2.741404e-02  3.119455e+02  1.603169e+02 
  319.000  2.580904e-01  3.409839e+02  1.880151e+02 
  319.000  2.429801e+00  3.666827e+02  2.141658e+02 
  319.000  2.287544e+01  3.712724e+02  2.373696e+02 
  319.000  2.153616e+02  1.983674e+02  2.550767e+02 
  319.000  2.382422e+02  1.840124e+02  2.590415e+02 
  319.000  2.602501e+02  1.694108e+02  2.626780e+02 
  319.000  2.810411e+02  1.550249e+02  2.659814e+02 
  319.000  3.011641e+02  1.407182e+02  2.687376e+02 
  319.000  3.208000e+02  1.265939e+02  2.708422e+02 
  319.000  3.397356e+02  1.129898e+02  2.723195e+02 
  319.000  4.879124e+02  2.384542e+01  2.578932e+02 
  319.000  5.687429e+02  4.590907e+00  2.291984e+02 
  319.000  5.954730e+02  1.110074e+00  2.192810e+02 
  319.000  6.018195e+02  1.332916e-13  2.174252e+02 
  320.000  1.629597e-06  1.446742e+02  2.893484e+01 
  320.000  1.716744e-06  1.479975e+02  2.999116e+01 
  320.000  1.808553e-06  1.513923e+02  3.106190e+01 
  320.000  1.905271e-06  1.548599e+02  3.214756e+01 
  320.000  2.007161e-06  1.584022e+02  3.324865e+01 
  320.000  2.114499e-06  1.620208e+02  3.436571e+01 
  320.000  2.227580e-06  1.657176e+02  3.549931e+01 
  320.000  2.346706e-06  1.694940e+02  3.664992e+01 
  320.000  2.472204e-06  1.733522e+02  3.781814e+01 
  320.000  2.604413e-06  1.772938e+02  3.900453e+01 
  320.000  2.743693e-06  1.813208e+02  4.020965e+01 
  320.000  3.660064e-06  2.060188e+02  5.087094e+01 
  320.000  3.491312e-05  2.389433e+02  8.184084e+01 
  320.000  3.330339e-04  2.723386e+02  1.128523e+02 
  320.000  3.176788e-03  3.061331e+02  1.438383e+02 
  320.000  3.030316e-02  3.401033e+02  1.746054e+02 
  320.000  2.852008e-01  3.717630e+02  2.047843e+02 
  320.000  2.684191e+00  3.997347e+02  2.332552e+02 
  320.000  2.526249e+01  4.043978e+02  2.584744e+02 
  320.000  2.377601e+02  2.131231e+02  2.776298e+02 
  320.000  2.627406e+02  1.973996e+02  2.817903e+02 
  320.000  2.867475e+02  1.814586e+02  2.856040e+02 
  320.000  3.094135e+02  1.657989e+02  2.890612e+02 
  320.000  3.313513e+02  1.502575e+02  2.919256e+02 
  320.000  3.527774e+02  1.349458e+02  2.940682e+02 
  320.000  3.734803e+02  1.202350e+02  2.954980e+02 
  320.000  5.404020e+02  2.486104e+01  2.757640e+02 
  320.000  6.389044e+02  4.808035e+00  2.403631e+02 
  320.000  6.720587e+02  1.188757e+00  2.285817e+02 
  320.000  6.796844e+02  4.012053e-13  2.264881e+02 
  321.000  1.631437e-06  1.457012e+02  2.914024e+01 
  321.000  1.718103e-06  1.490127e+02  3.019802e+01 
  321.000  1.809372e-06  1.523945e+02  3.126998e+01 
  321.000  1.905490e-06  1.558481e+02  3.235664e+01 
  321.000  2.006715e-06  1.593752e+02  3.345851e+01 
  321.000  2.113316e-06  1.629774e+02  3.457608e+01 
  321.000  2.225581e-06  1.666564e+02  3.570992e+01 
  321.000  2.343807e-06  1.704139e+02  3.686050e+01 
  321.000  2.468317e-06  1.742518e+02  3.802842e+01 
  321.000  2.599439e-06  1.781716e+02  3.921418e+01 
  321.000  2.737527e-06  1.821754e+02  4.041836e+01 
  321.000  3.642555e-06  2.065907e+02  5.106074e+01 
  321.000  3.472799e-05  2.395140e+02  8.210718e+01 
  321.000  3.310955e-04  2.728821e+02  1.131871e+02 
  321.000  3.156654e-03  3.066210e+02  1.442311e+02 
  321.000  3.009542e-02  3.405062e+02  1.750444e+02 
  321.000  2.831192e-01  3.720691e+02  2.052583e+02 
  321.000  2.663411e+00  3.999432e+02  2.337594e+02 
  321.000  2.505573e+01  4.046733e+02  2.590156e+02 
  321.000  2.357088e+02  2.151522e+02  2.782389e+02 
  321.000  2.600542e+02  1.996182e+02  2.825591e+02 
  321.000  2.833903e+02  1.838886e+02  2.865218e+02 
  321.000  3.053564e+02  1.684444e+02  2.901335e+02 
  321.000  3.265530e+02  1.531202e+02  2.931713e+02 
  321.000  3.471596e+02  1.380006e+02  2.955522e+02 
  321.000  3.669250e+02  1.234284e+02  2.973297e+02 
  321.000  5.132404e+02  2.689792e+01  2.885407e+02 
  321.000  5.811416e+02  5.185997e+00  2.659734e+02 
  321.000  6.022969e+02  1.212584e+00  2.577796e+02 
  321.000  6.074403e+02  3.063603e-14  2.561982e+02 
  322.000  1.712936e-06  1.503182e+02  3.006365e+01 
  322.000  1.803397e-06  1.537122e+02  3.114230e+01 
  322.000  1.898634e-06  1.571777e+02  3.223540e+01 
  322.000  1.998903e-06  1.607165e+02  3.334349e+01 
  322.000  2.104466e-06  1.643301e+02  3.446705e+01 
  322.000  2.215603e-06  1.680202e+02  3.560660e+01 
  322.000  2.332610e-06  1.717886e+02  3.676268e+01 
  322.000  2.455796e-06  1.756369e+02  3.793582e+01 
  322.000  2.585489e-06  1.795671e+02  3.912658e+01 
  322.000  2.722031e-06  1.835808e+02  4.033549e+01 
  322.000  2.865782e-06  1.876798e+02  4.156310e+01 
  322.000  3.805543e-06  2.126510e+02  5.239029e+01 
  322.000  3.626823e-05  2.465541e+02  8.435842e+01 
  322.000  3.456496e-04  2.809136e+02  1.163585e+02 
  322.000  3.294169e-03  3.156512e+02  1.483172e+02 
  322.000  3.139465e-02  3.505321e+02  1.800308e+02 
  322.000  2.952515e-01  3.830188e+02  2.111143e+02 
  322.000  2.776698e+00  4.116603e+02  2.404132e+02 
  322.000  2.611351e+01  4.161831e+02  2.663321e+02 
  322.000  2.455850e+02  2.183316e+02  2.859691e+02 
  322.000  2.706696e+02  2.022663e+02  2.902648e+02 
  322.000  2.946930e+02  1.860498e+02  2.942025e+02 
  322.000  3.172915e+02  1.701719e+02  2.977851e+02 
  322.000  3.390970e+02  1.544484e+02  3.007808e+02 
  322.000  3.603116e+02  1.389651e+02  3.030901e+02 
  322.000  3.806956e+02  1.240777e+02  3.047517e+02 
  322.000  5.358143e+02  2.646651e+01  2.919059e+02 
  322.000  6.140509e+02  5.102112e+00  2.644664e+02 
  322.000  6.388640e+02  1.218040e+00  2.549569e+02 
  322.000  6.446633e+02 -1.507438e-14  2.532325e+02 
  323.000  1.520040e-06  1.327974e+02  2.655948e+01 
  323.000  1.599797e-06  1.357693e+02  2.750381e+01 
  323.000  1.683740e-06  1.388034e+02  2.846071e+01 
  323.000  1.772085e-06  1.419010e+02  2.943056e+01 
  323.000  1.865068e-06  1.450636e+02  3.041386e+01 
  323.000  1.962928e-06  1.482925e+02  3.141103e+01 
  323.000  2.065924e-06  1.515893e+02  3.242252e+01 
  323.000  2.174323e-06  1.549554e+02  3.344879e+01 
  323.000  2.288411e-06  1.583924e+02  3.449032e+01 
  323.000  2.408486e-06  1.619019e+02  3.554759e+01 
  323.000  2.534859e-06  1.654853e+02  3.662105e+01 
  323.000  3.358311e-06  1.872399e+02  4.607369e+01 
  323.000  3.199135e-05  2.170569e+02  7.422342e+01 
  323.000  3.047502e-04  2.472630e+02  1.023967e+02 
  323.000  2.903058e-03  2.777877e+02  1.305273e+02 
  323.000  2.765459e-02  3.084227e+02  1.584346e+02 
  323.000  2.599787e-01  3.369469e+02  1.857787e+02 
  323.000  2.444040e+00  3.620738e+02  2.115444e+02 
  323.000  2.297624e+01  3.659691e+02  2.343283e+02 
  323.000  2.159979e+02  1.918776e+02  2.515791e+02 
  323.000  2.377386e+02  1.778432e+02  2.553685e+02 
  323.000  2.585207e+02  1.637042e+02  2.588450e+02 
  323.000  2.780307e+02  1.498797e+02  2.620170e+02 
  323.000  2.968229e+02  1.362014e+02  2.646866e+02 
  323.000  3.150629e+02  1.227306e+02  2.667839e+02 
  323.000  3.325260e+02  1.097658e+02  2.683606e+02 
  323.000  4.603018e+02  2.398516e+01  2.614568e+02 
  323.000  5.176465e+02  4.622974e+00  2.427501e+02 
  323.000  5.352231e+02  1.075717e+00  2.359272e+02 
  323.000  5.394634e+02  2.369853e-13  2.346328e+02 
  324.000  1.925515e-06  1.680175e+02  3.360350e+01 
  324.000  2.025875e-06  1.717410e+02  3.478903e+01 
  324.000  2.131464e-06  1.755415e+02  3.599009e+01 
  324.000  2.242560e-06  1.794208e+02  3.720728e+01 
  324.000  2.359442e-06  1.833806e+02  3.844107e+01 
  324.000  2.482420e-06  1.874227e+02  3.969209e+01 
  324.000  2.611808e-06  1.915489e+02  4.096085e+01 
  324.000  2.747935e-06  1.957609e+02  4.224789e+01 
  324.000  2.891161e-06  2.000608e+02  4.355384e+01 
  324.000  3.041851e-06  2.044503e+02  4.487926e+01 
  324.000  3.200395e-06  2.089315e+02  4.622473e+01 
  324.000  4.229791e-06  2.360147e+02  5.805608e+01 
  324.000  4.027362e-05  2.735308e+02  9.353559e+01 
  324.000  3.834622e-04  3.115154e+02  1.290375e+02 
  324.000  3.651105e-03  3.498770e+02  1.644761e+02 
  324.000  3.476372e-02  3.883518e+02  1.996217e+02 
  324.000  3.266782e-01  4.241613e+02  2.340455e+02 
  324.000  3.069828e+00  4.556806e+02  2.664730e+02 
  324.000  2.884749e+01  4.605232e+02  2.951415e+02 
  324.000  2.710828e+02  2.419906e+02  3.168502e+02 
  324.000  2.979368e+02  2.244678e+02  3.216913e+02 
  324.000  3.235539e+02  2.068471e+02  3.261333e+02 
  324.000  3.475478e+02  1.896403e+02  3.301971e+02 
  324.000  3.706121e+02  1.726294e+02  3.336424e+02 
  324.000  3.929352e+02  1.558717e+02  3.364104e+02 
  324.000  4.142157e+02  1.397232e+02  3.385909e+02 
  324.000  5.623642e+02  3.165868e+01  3.366849e+02 
  324.000  6.176475e+02  6.188664e+00  3.222203e+02 
  324.000  6.331717e+02  1.398898e+00  3.166331e+02 
  324.000  6.370724e+02 -1.136804e-13  3.155393e+02 
  325.000  1.972223e-06  1.688033e+02  3.376065e+01 
  325.000  2.074483e-06  1.725243e+02  3.493790e+01 
  325.000  2.182043e-06  1.763219e+02  3.613062e+01 
  325.000  2.295181e-06  1.801980e+02  3.733934e+01 
  325.000  2.414185e-06  1.841542e+02  3.856462e+01 
  325.000  2.539359e-06  1.881923e+02  3.980698e+01 
  325.000  2.671022e-06  1.923139e+02  4.106697e+01 
  325.000  2.809513e-06  1.965211e+02  4.234515e+01 
  325.000  2.955185e-06  2.008155e+02  4.364210e+01 
  325.000  3.108410e-06  2.051992e+02  4.495837e+01 
  325.000  3.269579e-06  2.096740e+02  4.629455e+01 
  325.000  4.313857e-06  2.367150e+02  5.801975e+01 
  325.000  4.106122e-05  2.743773e+02  9.362035e+01 
  325.000  3.908393e-04  3.125127e+02  1.292419e+02 
  325.000  3.720185e-03  3.510276e+02  1.647968e+02 
  325.000  3.541039e-02  3.896530e+02  2.000511e+02 
  325.000  3.326724e-01  4.256012e+02  2.345683e+02 
  325.000  3.125379e+00  4.571877e+02  2.670577e+02 
  325.000  2.936221e+01  4.616297e+02  2.957272e+02 
  325.000  2.758512e+02  2.387870e+02  3.173229e+02 
  325.000  3.029247e+02  2.210961e+02  3.219797e+02 
  325.000  3.287358e+02  2.033587e+02  3.262513e+02 
  325.000  3.529047e+02  1.860850e+02  3.301516e+02 
  325.000  3.761441e+02  1.690405e+02  3.334348e+02 
  325.000  3.986670e+02  1.522852e+02  3.360196e+02 
  325.000  4.201949e+02  1.361832e+02  3.379727e+02 
  325.000  5.761838e+02  2.986203e+01  3.302649e+02 
  325.000  6.437368e+02  5.787123e+00  3.086131e+02 
  325.000  6.637787e+02  1.342810e+00  3.008694e+02 
  325.000  6.685248e+02  1.323856e-13  2.994702e+02 
  326.000  2.643713e-06  2.258294e+02  4.516588e+01 
  326.000  2.779931e-06  2.307633e+02  4.672812e+01 
  326.000  2.923167e-06  2.357979e+02  4.831068e+01 
  326.000  3.073783e-06  2.409354e+02  4.991427e+01 
  326.000  3.232160e-06  2.461783e+02  5.153959e+01 
  326.000  3.398693e-06  2.515285e+02  5.318731e+01 
  326.000  3.573813e-06  2.569886e+02  5.485822e+01 
  326.000  3.757955e-06  2.625610e+02  5.655300e+01 
  326.000  3.951583e-06  2.682479e+02  5.827235e+01 
  326.000  4.155188e-06  2.740518e+02  6.001708e+01 
  326.000  4.369286e-06  2.799754e+02  6.178793e+01 
  326.000  5.752010e-06  3.156364e+02  7.730471e+01 
  326.000  5.472620e-05  3.657876e+02  1.247755e+02 
  326.000  5.206798e-04  4.165462e+02  1.722665e+02 
  326.000  4.953889e-03  4.677851e+02  2.196582e+02 
  326.000  4.713264e-02  5.191438e+02  2.666369e+02 
  326.000  4.426372e-01  5.669291e+02  3.126203e+02 
  326.000  4.156940e+00  6.088896e+02  3.558924e+02 
  326.000  3.903910e+01  6.147397e+02  3.940704e+02 
  326.000  3.666281e+02  3.185179e+02  4.228309e+02 
  326.000  4.020846e+02  2.951564e+02  4.290910e+02 
  326.000  4.358239e+02  2.717719e+02  4.348382e+02 
  326.000  4.673501e+02  2.490244e+02  4.401023e+02 
  326.000  4.976073e+02  2.265934e+02  4.445661e+02 
  326.000  5.268549e+02  2.045349e+02  4.481554e+02 
  326.000  5.546977e+02  1.833090e+02  4.509910e+02 
  326.000  7.472142e+02  4.156143e+01  4.491703e+02 
  326.000  8.175134e+02  8.127364e+00  4.314629e+02 
  326.000  8.369956e+02  1.832150e+00  4.246214e+02 
  326.000  8.418508e+02 -3.903322e-13  4.233179e+02 
  327.000  2.683354e-06  2.275399e+02  4.550798e+01 
  327.000  2.820790e-06  2.324716e+02  4.706806e+01 
  327.000  2.965264e-06  2.375032e+02  4.864830e+01 
  327.000  3.117139e-06  2.426371e+02  5.024941e+01 
  327.000  3.276792e-06  2.478752e+02  5.187203e+01 
  327.000  3.444622e-06  2.532199e+02  5.351688e+01 
  327.000  3.621048e-06  2.586734e+02  5.518467e+01 
  327.000  3.806511e-06  2.642381e+02  5.687609e+01 
  327.000  4.001473e-06  2.699164e+02  5.859188e+01 
  327.000  4.206420e-06  2.757106e+02  6.033277e+01 
  327.000  4.421864e-06  2.816232e+02  6.209948e+01 
  327.000  5.809252e-06  3.171189e+02  7.755515e+01 
  327.000  5.524872e-05  3.674676e+02  1.252547e+02 
  327.000  5.254411e-04  4.184103e+02  1.729681e+02 
  327.000  4.997192e-03  4.698167e+02  2.205726e+02 
  327.000  4.752566e-02  5.213213e+02  2.677499e+02 
  327.000  4.461801e-01  5.692305e+02  3.139117e+02 
  327.000  4.188827e+00  6.112548e+02  3.573325e+02 
  327.000  3.932553e+01  6.168915e+02  3.956125e+02 
  327.000  3.691959e+02  3.183525e+02  4.243999e+02 
  327.000  4.044316e+02  2.949750e+02  4.306516e+02 
  327.000  4.379113e+02  2.716237e+02  4.363916e+02 
  327.000  4.691478e+02  2.489466e+02  4.416545e+02 
  327.000  4.990927e+02  2.266104e+02  4.461270e+02 
  327.000  5.280016e+02  2.046565e+02  4.497472e+02 
  327.000  5.554741e+02  1.835349e+02  4.526454e+02 
  327.000  7.421696e+02  4.212970e+01  4.536424e+02 
  327.000  8.053088e+02  8.303608e+00  4.401252e+02 
  327.000  8.219126e+02  1.856300e+00  4.348474e+02 
  327.000  8.260913e+02  1.556491e-13  4.338718e+02 
  328.000  2.543563e-06  2.120773e+02  4.241545e+01 
  328.000  2.673150e-06  2.166480e+02  4.385303e+01 
  328.000  2.809337e-06  2.213109e+02  4.530919e+01 
  328.000  2.952465e-06  2.260681e+02  4.678460e+01 
  328.000  3.102883e-06  2.309214e+02  4.827983e+01 
  328.000  3.260963e-06  2.358731e+02  4.979555e+01 
  328.000  3.427098e-06  2.409251e+02  5.133240e+01 
  328.000  3.601698e-06  2.460797e+02  5.289103e+01 
  328.000  3.785193e-06  2.513390e+02  5.447208e+01 
  328.000  3.978036e-06  2.567052e+02  5.607623e+01 
  328.000  4.180702e-06  2.621805e+02  5.770415e+01 
  328.000  5.483018e-06  2.950363e+02  7.191625e+01 
  328.000  5.212963e-05  3.419138e+02  1.163134e+02 
  328.000  4.956206e-04  3.893456e+02  1.607211e+02 
  328.000  4.712097e-03  4.372084e+02  2.050235e+02 
  328.000  4.480013e-02  4.851575e+02  2.489202e+02 
  328.000  4.204860e-01  5.297567e+02  2.918573e+02 
  328.000  3.946607e+00  5.688169e+02  3.322162e+02 
  328.000  3.704215e+01  5.736100e+02  3.677386e+02 
  328.000  3.476711e+02  2.919844e+02  3.943300e+02 
  328.000  3.805256e+02  2.701537e+02  3.999367e+02 
  328.000  4.117195e+02  2.484039e+02  4.050858e+02 
  328.000  4.408082e+02  2.273324e+02  4.098029e+02 
  328.000  4.686944e+02  2.066112e+02  4.137922e+02 
  328.000  4.956374e+02  1.862787e+02  4.169770e+02 
  328.000  5.212854e+02  1.667578e+02  4.194586e+02 
  328.000  7.005263e+02  3.732936e+01  4.154309e+02 
  328.000  7.688719e+02  7.281108e+00  3.965303e+02 
  328.000  7.879402e+02  1.654556e+00  3.895725e+02 
  328.000  7.925302e+02  2.164590e-13  3.883301e+02 
  329.000  2.871611e-06  2.390945e+02  4.781889e+01 
  329.000  3.016966e-06  2.441998e+02  4.942638e+01 
  329.000  3.169675e-06  2.494070e+02  5.105442e+01 
  329.000  3.330117e-06  2.547186e+02  5.270377e+01 
  329.000  3.498678e-06  2.601365e+02  5.437502e+01 
  329.000  3.675774e-06  2.656632e+02  5.606895e+01 
  329.000  3.861831e-06  2.713008e+02  5.778620e+01 
  329.000  4.057305e-06  2.770517e+02  5.952749e+01 
  329.000  4.262678e-06  2.829184e+02  6.129360e+01 
  329.000  4.478440e-06  2.889030e+02  6.308517e+01 
  329.000  4.705130e-06  2.950084e+02  6.490305e+01 
  329.000  6.156933e-06  3.314985e+02  8.074954e+01 
  329.000  5.851085e-05  3.840953e+02  1.306349e+02 
  329.000  5.560428e-04  4.372897e+02  1.805239e+02 
  329.000  5.284210e-03  4.909404e+02  2.302836e+02 
  329.000  5.021715e-02  5.446586e+02  2.795748e+02 
  329.000  4.711536e-01  5.946097e+02  3.277751e+02 
  329.000  4.420516e+00  6.383309e+02  3.730719e+02 
  329.000  4.147472e+01  6.436628e+02  4.129366e+02 
  329.000  3.891293e+02  3.284293e+02  4.427876e+02 
  329.000  4.253383e+02  3.041608e+02  4.491530e+02 
  329.000  4.596495e+02  2.800205e+02  4.550045e+02 
  329.000  4.915750e+02  2.566582e+02  4.603823e+02 
  329.000  5.221214e+02  2.336985e+02  4.649658e+02 
  329.000  5.515540e+02  2.111599e+02  4.687046e+02 
  329.000  5.794530e+02  1.894911e+02  4.717460e+02 
  329.000  7.648384e+02  4.406774e+01  4.763308e+02 
  329.000  8.216855e+02  8.725186e+00  4.676591e+02 
  329.000  8.358447e+02  1.925440e+00  4.639973e+02 
  329.000  8.395221e+02 -2.800662e-13  4.633101e+02 
  330.000  3.240891e-06  2.673599e+02  5.347198e+01 
  330.000  3.404047e-06  2.730292e+02  5.525352e+01 
  330.000  3.575417e-06  2.788112e+02  5.705777e+01 
  330.000  3.755415e-06  2.847081e+02  5.888547e+01 
  330.000  3.944477e-06  2.907225e+02  6.073739e+01 
  330.000  4.143053e-06  2.968567e+02  6.261423e+01 
  330.000  4.351627e-06  3.031132e+02  6.451681e+01 
  330.000  4.570706e-06  3.094948e+02  6.644592e+01 
  330.000  4.800809e-06  3.160038e+02  6.840228e+01 
  330.000  5.042496e-06  3.226429e+02  7.038673e+01 
  330.000  5.296351e-06  3.294150e+02  7.240010e+01 
  330.000  6.918102e-06  3.698092e+02  8.992122e+01 
  330.000  6.572181e-05  4.284670e+02  1.455828e+02 
  330.000  6.243557e-04  4.877798e+02  2.012428e+02 
  330.000  5.931367e-03  5.475869e+02  2.567502e+02 
  330.000  5.634786e-02  6.074506e+02  3.117229e+02 
  330.000  5.285252e-01  6.631069e+02  3.654615e+02 
  330.000  4.957399e+00  7.117670e+02  4.159388e+02 
  330.000  4.649884e+01  7.173810e+02  4.603209e+02 
  330.000  4.361445e+02  3.637152e+02  4.934750e+02 
  330.000  4.762633e+02  3.366967e+02  5.004781e+02 
  330.000  5.142356e+02  3.098758e+02  5.069164e+02 
  330.000  5.495279e+02  2.839639e+02  5.128362e+02 
  330.000  5.832709e+02  2.585278e+02  5.178827e+02 
  330.000  6.157637e+02  2.335772e+02  5.220028e+02 
  330.000  6.465416e+02  2.096045e+02  5.253617e+02 
  330.000  8.501774e+02  4.883403e+01  5.310000e+02 
  330.000  9.113376e+02  9.692967e+00  5.224626e+02 
  330.000  9.262418e+02  2.137667e+00  5.188875e+02 
  330.000  9.300785e+02 -1.392660e-13  5.182688e+02 
  331.000  2.807945e-06  2.278667e+02  4.557335e+01 
  331.000  2.948556e-06  2.326710e+02  4.707467e+01 
  331.000  3.096210e-06  2.375704e+02  4.859516e+01 
  331.000  3.251261e-06  2.425668e+02  5.013544e+01 
  331.000  3.414070e-06  2.476620e+02  5.169606e+01 
  331.000  3.585036e-06  2.528584e+02  5.327773e+01 
  331.000  3.764564e-06  2.581580e+02  5.488108e+01 
  331.000  3.953081e-06  2.635628e+02  5.650673e+01 
  331.000  4.151037e-06  2.690752e+02  5.815535e+01 
  331.000  4.358908e-06  2.746973e+02  5.982763e+01 
  331.000  4.577188e-06  2.804315e+02  6.152423e+01 
  331.000  5.968682e-06  3.146166e+02  7.625771e+01 
  331.000  5.668482e-05  3.645545e+02  1.236324e+02 
  331.000  5.383383e-04  4.150508e+02  1.710031e+02 
  331.000  5.112621e-03  4.659664e+02  2.182394e+02 
  331.000  4.855476e-02  5.169238e+02  2.650117e+02 
  331.000  4.553157e-01  5.642958e+02  3.107181e+02 
  331.000  4.269660e+00  6.056472e+02  3.536196e+02 
  331.000  4.003815e+01  6.099410e+02  3.912784e+02 
  331.000  3.754523e+02  3.049743e+02  4.192792e+02 
  331.000  4.096436e+02  2.819091e+02  4.250263e+02 
  331.000  4.419811e+02  2.590697e+02  4.303113e+02 
  331.000  4.720206e+02  2.370554e+02  4.351667e+02 
  331.000  5.007414e+02  2.154793e+02  4.392864e+02 
  331.000  5.284200e+02  1.943495e+02  4.426057e+02 
  331.000  5.546824e+02  1.740897e+02  4.452443e+02 
  331.000  7.334019e+02  3.954750e+01  4.448781e+02 
  331.000  7.946731e+02  7.768469e+00  4.309204e+02 
  331.000  8.107005e+02  1.739944e+00  4.257076e+02 
  331.000  8.146016e+02  2.464585e-13  4.248218e+02 
  332.000  2.962248e-06  2.395302e+02  4.790604e+01 
  332.000  3.109710e-06  2.445391e+02  4.947134e+01 
  332.000  3.264515e-06  2.496462e+02  5.105645e+01 
  332.000  3.427024e-06  2.548536e+02  5.266198e+01 
  332.000  3.597623e-06  2.601633e+02  5.428858e+01 
  332.000  3.776715e-06  2.655774e+02  5.593690e+01 
  332.000  3.964723e-06  2.710982e+02  5.760761e+01 
  332.000  4.162089e-06  2.767278e+02  5.930136e+01 
  332.000  4.369281e-06  2.824683e+02  6.101883e+01 
  332.000  4.586786e-06  2.883223e+02  6.276071e+01 
  332.000  4.815120e-06  2.942919e+02  6.452769e+01 
  332.000  6.266460e-06  3.297685e+02  7.984846e+01 
  332.000  5.948977e-05  3.820627e+02  1.295100e+02 
  332.000  5.647579e-04  4.349235e+02  1.791609e+02 
  332.000  5.361451e-03  4.882029e+02  2.286621e+02 
  332.000  5.089819e-02  5.415033e+02  2.776661e+02 
  332.000  4.771370e-01  5.910433e+02  3.255410e+02 
  332.000  4.472845e+00  6.342582e+02  3.704667e+02 
  332.000  4.192998e+01  6.386497e+02  4.098904e+02 
  332.000  3.930659e+02  3.192827e+02  4.391909e+02 
  332.000  4.283741e+02  2.953058e+02  4.452284e+02 
  332.000  4.617134e+02  2.716011e+02  4.507853e+02 
  332.000  4.926282e+02  2.487793e+02  4.559034e+02 
  332.000  5.221416e+02  2.264270e+02  4.602698e+02 
  332.000  5.505267e+02  2.045342e+02  4.638410e+02 
  332.000  5.773757e+02  1.835256e+02  4.667649e+02 
  332.000  7.535778e+02  4.283018e+01  4.726002e+02 
  332.000  8.046596e+02  8.502046e+00  4.666828e+02 
  332.000  8.168237e+02  1.865955e+00  4.641004e+02 
  332.000  8.199783e+02  2.801388e-13  4.636668e+02 
  333.000  2.959231e-06  2.370039e+02  4.740078e+01 
  333.000  3.105725e-06  2.419251e+02  4.893521e+01 
  333.000  3.259476e-06  2.469424e+02  5.048900e+01 
  333.000  3.420834e-06  2.520573e+02  5.206269e+01 
  333.000  3.590181e-06  2.572722e+02  5.365694e+01 
  333.000  3.767913e-06  2.625890e+02  5.527238e+01 
  333.000  3.954442e-06  2.680098e+02  5.690963e+01 
  333.000  4.150204e-06  2.735366e+02  5.856933e+01 
  333.000  4.355661e-06  2.791718e+02  6.025217e+01 
  333.000  4.571286e-06  2.849175e+02  6.195877e+01 
  333.000  4.797585e-06  2.907760e+02  6.368982e+01 
  333.000  6.232392e-06  3.255240e+02  7.867216e+01 
  333.000  5.914610e-05  3.771338e+02  1.277062e+02 
  333.000  5.613031e-04  4.292932e+02  1.767249e+02 
  333.000  5.326830e-03  4.818537e+02  2.255885e+02 
  333.000  5.055220e-02  5.344190e+02  2.739510e+02 
  333.000  4.737611e-01  5.832676e+02  3.211838e+02 
  333.000  4.439956e+00  6.258300e+02  3.654851e+02 
  333.000  4.161002e+01  6.298605e+02  4.043224e+02 
  333.000  3.899574e+02  3.127083e+02  4.331134e+02 
  333.000  4.245745e+02  2.890931e+02  4.389828e+02 
  333.000  4.572232e+02  2.657929e+02  4.443865e+02 
  333.000  4.874633e+02  2.433992e+02  4.493664e+02 
  333.000  5.163119e+02  2.214909e+02  4.536156e+02 
  333.000  5.440417e+02  2.000493e+02  4.570932e+02 
  333.000  5.702541e+02  1.794873e+02  4.599448e+02 
  333.000  7.417433e+02  4.192541e+01  4.659433e+02 
  333.000  7.906784e+02  8.340929e+00  4.607827e+02 
  333.000  8.020850e+02  1.830296e+00  4.585795e+02 
  333.000  8.050096e+02  2.603200e-13  4.582604e+02 
  334.000  2.899402e-06  2.293426e+02  4.586852e+01 
  334.000  3.042156e-06  2.340746e+02  4.733787e+01 
  334.000  3.191939e-06  2.388983e+02  4.882570e+01 
  334.000  3.349095e-06  2.438156e+02  5.033257e+01 
  334.000  3.513991e-06  2.488283e+02  5.185910e+01 
  334.000  3.687003e-06  2.539384e+02  5.340583e+01 
  334.000  3.868537e-06  2.591480e+02  5.497344e+01 
  334.000  4.059003e-06  2.644589e+02  5.656244e+01 
  334.000  4.258852e-06  2.698733e+02  5.817354e+01 
  334.000  4.468538e-06  2.753933e+02  5.980731e+01 
  334.000  4.688551e-06  2.810211e+02  6.146442e+01 
  334.000  6.080265e-06  3.143612e+02  7.577798e+01 
  334.000  5.768386e-05  3.642159e+02  1.231478e+02 
  334.000  5.472504e-04  4.145979e+02  1.704994e+02 
  334.000  5.191802e-03  4.653615e+02  2.176961e+02 
  334.000  4.925495e-02  5.161201e+02  2.644000e+02 
  334.000  4.614835e-01  5.632849e+02  3.099991e+02 
  334.000  4.323771e+00  6.043276e+02  3.527440e+02 
  334.000  4.051063e+01  6.078586e+02  3.901707e+02 
  334.000  3.795555e+02  2.987941e+02  4.178214e+02 
  334.000  4.128796e+02  2.760029e+02  4.233448e+02 
  334.000  4.442775e+02  2.535627e+02  4.284336e+02 
  334.000  4.733334e+02  2.320363e+02  4.331251e+02 
  334.000  5.010402e+02  2.110022e+02  4.371224e+02 
  334.000  5.276718e+02  1.904375e+02  4.403789e+02 
  334.000  5.528522e+02  1.707387e+02  4.430277e+02 
  334.000  7.190135e+02  3.948879e+01  4.470855e+02 
  334.000  7.687386e+02  7.809140e+00  4.399452e+02 
  334.000  7.807484e+02  1.718527e+00  4.370527e+02 
  334.000  7.837836e+02 -2.027092e-14  4.365885e+02 
  335.000  3.115651e-06  2.449924e+02  4.899848e+01 
  335.000  3.268192e-06  2.500091e+02  5.055506e+01 
  335.000  3.428201e-06  2.551223e+02  5.213108e+01 
  335.000  3.596044e-06  2.603340e+02  5.372714e+01 
  335.000  3.772104e-06  2.656460e+02  5.534384e+01 
  335.000  3.956786e-06  2.710605e+02  5.698185e+01 
  335.000  4.150507e-06  2.765795e+02  5.864171e+01 
  335.000  4.353715e-06  2.822053e+02  6.032414e+01 
  335.000  4.566869e-06  2.879397e+02  6.202974e+01 
  335.000  4.790462e-06  2.937852e+02  6.375918e+01 
  335.000  5.025003e-06  2.997440e+02  6.551314e+01 
  335.000  6.504672e-06  3.349529e+02  8.063802e+01 
  335.000  6.168857e-05  3.880410e+02  1.311188e+02 
  335.000  5.850377e-04  4.416761e+02  1.815746e+02 
  335.000  5.548342e-03  4.957009e+02  2.318573e+02 
  335.000  5.261897e-02  5.497007e+02  2.816043e+02 
  335.000  4.928593e-01  5.998681e+02  3.301606e+02 
  335.000  4.616402e+00  6.434857e+02  3.756618e+02 
  335.000  4.323986e+01  6.470540e+02  4.154781e+02 
  335.000  4.050093e+02  3.170753e+02  4.448545e+02 
  335.000  4.401223e+02  2.929257e+02  4.507108e+02 
  335.000  4.731607e+02  2.691883e+02  4.561091e+02 
  335.000  5.036906e+02  2.464482e+02  4.610935e+02 
  335.000  5.327712e+02  2.242471e+02  4.653529e+02 
  335.000  5.606870e+02  2.025470e+02  4.688510e+02 
  335.000  5.870312e+02  1.817579e+02  4.717410e+02 
  335.000  7.573145e+02  4.268842e+01  4.794005e+02 
  335.000  8.030357e+02  8.510853e+00  4.767568e+02 
  335.000  8.132189e+02  1.854239e+00  4.754406e+02 
  335.000  8.158850e+02  1.019626e-13  4.752885e+02 
  336.000  2.636663e-06  2.054638e+02  4.109276e+01 
  336.000  2.765077e-06  2.096434e+02  4.238653e+01 
  336.000  2.899745e-06  2.139030e+02  4.369640e+01 
  336.000  3.040971e-06  2.182440e+02  4.502285e+01 
  336.000  3.189075e-06  2.226681e+02  4.636639e+01 
  336.000  3.344392e-06  2.271770e+02  4.772752e+01 
  336.000  3.507275e-06  2.317725e+02  4.910678e+01 
  336.000  3.678090e-06  2.364563e+02  5.050468e+01 
  336.000  3.857223e-06  2.412300e+02  5.192172e+01 
  336.000  4.045081e-06  2.460955e+02  5.335847e+01 
  336.000  4.242088e-06  2.510547e+02  5.481547e+01 
  336.000  5.482092e-06  2.803072e+02  6.735738e+01 
  336.000  5.197436e-05  3.247294e+02  1.096134e+02 
  336.000  4.927562e-04  3.696026e+02  1.518450e+02 
  336.000  4.671702e-03  4.147930e+02  1.939263e+02 
  336.000  4.429124e-02  4.599509e+02  2.355513e+02 
  336.000  4.147511e-01  5.018983e+02  2.761685e+02 
  336.000  3.883803e+00  5.383303e+02  3.142127e+02 
  336.000  3.636861e+01  5.410746e+02  3.474731e+02 
  336.000  3.405621e+02  2.633608e+02  3.719529e+02 
  336.000  3.697603e+02  2.432045e+02  3.767768e+02 
  336.000  3.972035e+02  2.234282e+02  3.812257e+02 
  336.000  4.225363e+02  2.045124e+02  3.853368e+02 
  336.000  4.466507e+02  1.860634e+02  3.888508e+02 
  336.000  4.697870e+02  1.680427e+02  3.917389e+02 
  336.000  4.916077e+02  1.507883e+02  3.941289e+02 
  336.000  6.321782e+02  3.544260e+01  4.007729e+02 
  336.000  6.692866e+02  7.070015e+00  3.991257e+02 
  336.000  6.774229e+02  1.537638e+00  3.982460e+02 
  336.000  6.795555e+02 -1.160855e-13  3.981687e+02 
  337.000  2.610134e-06  2.008664e+02  4.017329e+01 
  337.000  2.736585e-06  2.049277e+02  4.142510e+01 
  337.000  2.869159e-06  2.090662e+02  4.269245e+01 
  337.000  3.008158e-06  2.132834e+02  4.397583e+01 
  337.000  3.153890e-06  2.175810e+02  4.527571e+01 
  337.000  3.306682e-06  2.219605e+02  4.659259e+01 
  337.000  3.466874e-06  2.264235e+02  4.792694e+01 
  337.000  3.634830e-06  2.309719e+02  4.927930e+01 
  337.000  3.810920e-06  2.356072e+02  5.065013e+01 
  337.000  3.995543e-06  2.403312e+02  5.203997e+01 
  337.000  4.189111e-06  2.451456e+02  5.344934e+01 
  337.000  5.404779e-06  2.735132e+02  6.555749e+01 
  337.000  5.122584e-05  3.168737e+02  1.068049e+02 
  337.000  4.855125e-04  3.606717e+02  1.480258e+02 
  337.000  4.601630e-03  4.047748e+02  1.890955e+02 
  337.000  4.361369e-02  4.488380e+02  2.297124e+02 
  337.000  4.083066e-01  4.897642e+02  2.693336e+02 
  337.000  3.822522e+00  5.252622e+02  3.064233e+02 
  337.000  3.578603e+01  5.276143e+02  3.388073e+02 
  337.000  3.350249e+02  2.540849e+02  3.625556e+02 
  337.000  3.634439e+02  2.344208e+02  3.671371e+02 
  337.000  3.901305e+02  2.151666e+02  3.713650e+02 
  337.000  4.147457e+02  1.967845e+02  3.752722e+02 
  337.000  4.381695e+02  1.788778e+02  3.786049e+02 
  337.000  4.606468e+02  1.614058e+02  3.813272e+02 
  337.000  4.818579e+02  1.446979e+02  3.835554e+02 
  337.000  6.202582e+02  3.357851e+01  3.880024e+02 
  337.000  6.595294e+02  6.657320e+00  3.837779e+02 
  337.000  6.685884e+02  1.456715e+00  3.820453e+02 
  337.000  6.708756e+02 -2.066736e-13  3.818195e+02 
  338.000  3.017268e-06  2.302445e+02  4.604891e+01 
  338.000  3.162651e-06  2.348709e+02  4.746936e+01 
  338.000  3.315037e-06  2.395847e+02  4.890742e+01 
  338.000  3.474765e-06  2.443877e+02  5.036363e+01 
  338.000  3.642190e-06  2.492818e+02  5.183853e+01 
  338.000  3.817682e-06  2.542686e+02  5.333266e+01 
  338.000  4.001629e-06  2.593501e+02  5.484657e+01 
  338.000  4.194441e-06  2.645281e+02  5.638085e+01 
  338.000  4.396540e-06  2.698045e+02  5.793601e+01 
  338.000  4.608377e-06  2.751813e+02  5.951266e+01 
  338.000  4.830426e-06  2.806606e+02  6.111142e+01 
  338.000  6.221569e-06  3.128795e+02  7.482904e+01 
  338.000  5.894827e-05  3.624801e+02  1.220312e+02 
  338.000  5.585246e-04  4.125733e+02  1.691991e+02 
  338.000  5.291920e-03  4.630057e+02  2.161882e+02 
  338.000  5.014002e-02  5.133801e+02  2.626511e+02 
  338.000  4.692818e-01  5.601611e+02  3.079644e+02 
  338.000  4.392209e+00  6.006987e+02  3.503654e+02 
  338.000  4.110855e+01  6.031568e+02  3.873576e+02 
  338.000  3.847525e+02  2.887993e+02  4.144292e+02 
  338.000  4.170081e+02  2.663965e+02  4.196000e+02 
  338.000  4.472620e+02  2.444979e+02  4.243758e+02 
  338.000  4.751343e+02  2.236210e+02  4.287952e+02 
  338.000  5.016364e+02  2.033026e+02  4.325699e+02 
  338.000  5.270475e+02  1.834871e+02  4.356636e+02 
  338.000  5.510015e+02  1.645436e+02  4.382133e+02 
  338.000  7.058019e+02  3.840219e+01  4.445747e+02 
  338.000  7.476276e+02  7.630028e+00  4.417326e+02 
  338.000  7.569573e+02  1.660690e+00  4.404266e+02 
  338.000  7.593557e+02  3.504893e-13  4.402904e+02 
  339.000  3.267802e-06  2.473174e+02  4.946347e+01 
  339.000  3.424423e-06  2.522578e+02  5.097370e+01 
  339.000  3.588556e-06  2.572914e+02  5.250268e+01 
  339.000  3.760547e-06  2.624196e+02  5.405088e+01 
  339.000  3.940788e-06  2.676446e+02  5.561897e+01 
  339.000  4.129666e-06  2.729681e+02  5.720745e+01 
  339.000  4.327595e-06  2.783922e+02  5.881693e+01 
  339.000  4.535011e-06  2.839188e+02  6.044800e+01 
  339.000  4.752370e-06  2.895499e+02  6.210126e+01 
  339.000  4.980144e-06  2.952876e+02  6.377729e+01 
  339.000  5.218837e-06  3.011340e+02  6.547675e+01 
  339.000  6.710750e-06  3.354432e+02  8.004291e+01 
  339.000  6.356333e-05  3.886239e+02  1.306705e+02 
  339.000  6.020631e-04  4.423249e+02  1.812573e+02 
  339.000  5.702660e-03  4.963800e+02  2.316467e+02 
  339.000  5.401483e-02  5.503605e+02  2.814636e+02 
  339.000  5.054188e-01  6.004827e+02  3.300377e+02 
  339.000  4.729224e+00  6.438763e+02  3.754727e+02 
  339.000  4.425154e+01  6.462753e+02  4.150820e+02 
  339.000  4.140634e+02  3.077389e+02  4.440119e+02 
  339.000  4.483783e+02  2.838201e+02  4.494849e+02 
  339.000  4.805259e+02  2.604767e+02  4.545450e+02 
  339.000  5.101078e+02  2.382527e+02  4.592346e+02 
  339.000  5.382126e+02  2.166414e+02  4.632466e+02 
  339.000  5.651387e+02  1.955745e+02  4.665468e+02 
  339.000  5.904929e+02  1.754399e+02  4.692864e+02 
  339.000  7.527458e+02  4.119535e+01  4.774842e+02 
  339.000  7.942962e+02  8.211304e+00  4.765949e+02 
  339.000  8.031544e+02  1.778703e+00  4.759707e+02 
  339.000  8.054711e+02 -6.227970e-14  4.759781e+02 
  340.000  3.674719e-06  2.748768e+02  5.497536e+01 
  340.000  3.849922e-06  2.803396e+02  5.663439e+01 
  340.000  4.033477e-06  2.859048e+02  5.831403e+01 
  340.000  4.225788e-06  2.915746e+02  6.001492e+01 
  340.000  4.427266e-06  2.973507e+02  6.173764e+01 
  340.000  4.638347e-06  3.032354e+02  6.348280e+01 
  340.000  4.859493e-06  3.092308e+02  6.525106e+01 
  340.000  5.091184e-06  3.153391e+02  6.704308e+01 
  340.000  5.333921e-06  3.215624e+02  6.885947e+01 
  340.000  5.588231e-06  3.279030e+02  7.070090e+01 
  340.000  5.854668e-06  3.343634e+02  7.256806e+01 
  340.000  7.516363e-06  3.722289e+02  8.855125e+01 
  340.000  7.117297e-05  4.312754e+02  1.447618e+02 
  340.000  6.739417e-04  4.908976e+02  2.009242e+02 
  340.000  6.381601e-03  5.509087e+02  2.568626e+02 
  340.000  6.042782e-02  6.108290e+02  3.121571e+02 
  340.000  5.652909e-01  6.664607e+02  3.660606e+02 
  340.000  5.288191e+00  7.145696e+02  4.164555e+02 
  340.000  4.947003e+01  7.168533e+02  4.603400e+02 
  340.000  4.627828e+02  3.381093e+02  4.922918e+02 
  340.000  5.007247e+02  3.116171e+02  4.982114e+02 
  340.000  5.362358e+02  2.858082e+02  5.036916e+02 
  340.000  5.688838e+02  2.612766e+02  5.087759e+02 
  340.000  5.998878e+02  2.374460e+02  5.131213e+02 
  340.000  6.295887e+02  2.142352e+02  5.166840e+02 
  340.000  6.575591e+02  1.920724e+02  5.196238e+02 
  340.000  8.377569e+02  4.476536e+01  5.271730e+02 
  340.000  8.857867e+02  8.890348e+00  5.243209e+02 
  340.000  8.963272e+02  1.930842e+00  5.230193e+02 
  340.000  8.990219e+02 -3.316981e-13  5.229222e+02 
