                                                         |                        -1.000000000 ( 90.00)                          
78.29  0.00 352.00 5.919989e-05 2.955713e+13 2.002897e-18  2.007151581e-02 2.007063292e-02  0.743044935 2.196228e+13 2.196228e+13 
78.31  0.00 352.00 5.924848e-05 2.958140e+13 2.002897e-18  2.003816888e-02 2.003728785e-02  0.742104387 2.195249e+13 2.195248e+13 
78.35  0.00 352.00 5.929673e-05 2.960548e+13 2.002897e-18  1.997141913e-02 1.997053809e-02  0.743987323 2.202610e+13 2.202610e+13 
78.41  0.00 352.00 5.935848e-05 2.963632e+13 2.002897e-18  1.987120695e-02 1.987032592e-02  0.746953053 2.213694e+13 2.213693e+13 
78.49  0.00 352.00 5.940342e-05 2.965875e+13 2.002897e-18  1.973744109e-02 1.973656192e-02  0.749860085 2.223991e+13 2.223991e+13 
78.59  0.00 352.00 5.944956e-05 2.968179e+13 2.002897e-18  1.956995577e-02 1.956907846e-02  0.754091986 2.238280e+13 2.238280e+13 
78.70  0.00 352.00 5.949264e-05 2.970330e+13 2.002897e-18  1.938541234e-02 1.938453875e-02  0.757493927 2.250007e+13 2.250007e+13 
78.84  0.00 352.00 5.954236e-05 2.972812e+13 2.002897e-18  1.914999075e-02 1.914912090e-02  0.762885954 2.267917e+13 2.267916e+13 
78.99  0.00 352.00 5.958942e-05 2.975162e+13 2.002897e-18  1.889714040e-02 1.889627427e-02  0.769179651 2.288434e+13 2.288434e+13 
79.16  0.00 352.00 5.963027e-05 2.977201e+13 2.002897e-18  1.860983297e-02 1.860897243e-02  0.775482234 2.308766e+13 2.308767e+13 
79.35  0.00 352.00 5.967382e-05 2.979376e+13 2.002897e-18  1.828785613e-02 1.828700118e-02  0.783437277 2.334154e+13 2.334154e+13 
79.56  0.00 352.00 5.971426e-05 2.981395e+13 2.002897e-18  1.793094911e-02 1.793009974e-02  0.793278842 2.365078e+13 2.365077e+13 
79.78  0.00 352.00 5.975231e-05 2.983294e+13 2.002897e-18  1.755595952e-02 1.755511761e-02  0.802595668 2.394379e+13 2.394379e+13 
80.03  0.00 352.00 5.978557e-05 2.984955e+13 2.002897e-18  1.712859608e-02 1.712776162e-02  0.814888071 2.432404e+13 2.432404e+13 
80.26  0.00 352.00 5.982711e-05 2.987029e+13 2.002897e-18  1.673437841e-02 1.673355140e-02  0.826064355 2.467478e+13 2.467478e+13 
80.53  0.00 352.00 5.986221e-05 2.988782e+13 2.002897e-18  1.627049036e-02 1.626967266e-02  0.839559583 2.509261e+13 2.509260e+13 
80.83  0.00 352.00 5.989952e-05 2.990644e+13 2.002897e-18  1.575389318e-02 1.575308666e-02  0.854702590 2.556111e+13 2.556111e+13 
81.14  0.00 352.00 5.992714e-05 2.992023e+13 2.002897e-18  1.521908399e-02 1.521829050e-02  0.870042994 2.603189e+13 2.603189e+13 
81.47  0.00 352.00 5.994642e-05 2.992986e+13 2.002897e-18  1.464910340e-02 1.464832202e-02  0.889814702 2.663203e+13 2.663203e+13 
81.81  0.00 352.00 5.996405e-05 2.993866e+13 2.002897e-18  1.406163070e-02 1.406086236e-02  0.911252354 2.728167e+13 2.728167e+13 
82.17  0.00 352.00 5.996134e-05 2.993731e+13 2.002897e-18  1.344000269e-02 1.343925018e-02  0.933799740 2.795545e+13 2.795545e+13 
82.55  0.00 352.00 5.996669e-05 2.993998e+13 2.002897e-18  1.278508268e-02 1.278434694e-02  0.959672933 2.873259e+13 2.873259e+13 
82.94  0.00 352.00 5.994996e-05 2.993163e+13 2.002897e-18  1.211546548e-02 1.211474743e-02  0.988640857 2.959163e+13 2.959163e+13 
83.35  0.00 352.00 5.990922e-05 2.991129e+13 2.002897e-18  1.141506806e-02 1.141436957e-02  1.021412833 3.055178e+13 3.055177e+13 
83.78  0.00 352.00 5.983677e-05 2.987512e+13 2.002897e-18  1.068610325e-02 1.068542711e-02  1.057457352 3.159167e+13 3.159166e+13 
84.21  0.00 352.00 5.974061e-05 2.982710e+13 2.002897e-18  9.964591824e-03 9.963938966e-03  1.096740273 3.271258e+13 3.271258e+13 
84.67  0.00 352.00 5.960023e-05 2.975701e+13 2.002897e-18  9.203023277e-03 9.202396497e-03  1.142750614 3.400484e+13 3.400484e+13 
85.11  0.00 352.00 5.939932e-05 2.965670e+13 2.002897e-18  8.486592211e-03 8.485991508e-03  1.191681957 3.534135e+13 3.534136e+13 
85.58  0.00 352.00 5.909900e-05 2.950676e+13 2.002897e-18  7.736694068e-03 7.736124564e-03  1.245596007 3.675350e+13 3.675350e+13 
86.09  0.00 352.00 5.871819e-05 2.931663e+13 2.002897e-18  6.944109220e-03 6.943575107e-03  1.309967884 3.840384e+13 3.840384e+13 
86.59  0.00 352.00 5.823475e-05 2.907526e+13 2.002897e-18  6.191345863e-03 6.190848071e-03  1.380696079 4.014410e+13 4.014410e+13 
87.11  0.00 352.00 5.761140e-05 2.876404e+13 2.002897e-18  5.437687505e-03 5.437230226e-03  1.459744488 4.198815e+13 4.198814e+13 
87.63  0.00 352.00 5.681595e-05 2.836689e+13 2.002897e-18  4.717397504e-03 4.716983065e-03  1.546346975 4.386505e+13 4.386505e+13 
88.17  0.00 352.00 5.590782e-05 2.791348e+13 2.002897e-18  4.009495024e-03 4.009125754e-03  1.647410346 4.598496e+13 4.598495e+13 
88.72  0.00 352.00 5.485849e-05 2.738958e+13 2.002897e-18  3.335271729e-03 3.334949724e-03  1.759983147 4.820520e+13 4.820518e+13 
89.29  0.00 352.00 5.358103e-05 2.675177e+13 2.002897e-18  2.693320857e-03 2.693047514e-03  1.894221857 5.067379e+13 5.067378e+13 
89.86  0.00 352.00 5.184315e-05 2.588408e+13 2.002897e-18  2.119641285e-03 2.119416837e-03  2.042607787 5.287102e+13 5.287103e+13 
90.45  0.00 352.00 4.857038e-05 2.425007e+13 2.002897e-18  1.538878423e-03 1.538711833e-03  2.228931002 5.405173e+13 5.405172e+13 
91.05  0.00 352.00 4.233578e-05 2.113727e+13 2.002897e-18  1.121580368e-03 1.121467096e-03  2.385648940 5.042611e+13 5.042611e+13 
91.65  0.00 352.00 3.231073e-05 1.613200e+13 2.002897e-18  7.496393519e-04 7.495777681e-04  2.542641764 4.101790e+13 4.101789e+13 
92.27  0.00 352.00 2.024638e-05 1.010855e+13 2.002897e-18  4.865270748e-04 4.865010560e-04  2.641462677 2.670136e+13 2.670135e+13 
92.90  0.00 352.00 1.094634e-05 5.465254e+12 2.002897e-18  2.997232368e-04 2.997143893e-04  2.696731039 1.473832e+13 1.473832e+13 
93.54  0.00 352.00 4.730604e-06 2.361882e+12 2.002897e-18  1.836715091e-04 1.836690499e-04  2.830338433 6.684925e+12 6.684922e+12 
94.18  0.00 352.00 2.293812e-06 1.145248e+12 2.002897e-18  1.162087210e-04 1.162078843e-04  3.138880563 3.594797e+12 3.594794e+12 
94.83  0.00 352.00 1.057771e-06 5.281218e+11 2.002897e-18  7.768032083e-05 7.768003707e-05  3.453419221 1.823826e+12 1.823822e+12 
95.49  0.00 352.00 5.588714e-07 2.790328e+11 2.002897e-18  5.675663124e-05 5.675651119e-05  3.784723250 1.056062e+12 1.056057e+12 
96.16  0.00 352.00 3.473747e-07 1.734374e+11 2.002897e-18  4.369155067e-05 4.369149610e-05  3.595494110 6.235932e+11 6.235886e+11 
96.83  0.00 352.00 2.693649e-07 1.344889e+11 2.002897e-18  3.222256055e-05 3.222253144e-05  3.353832350 4.510532e+11 4.510490e+11 
