  300.000  2.369518e-08  2.063604e+00  4.127208e-01 
  301.000  4.494983e-08  3.984254e+00  7.968508e-01 
  302.000  5.362307e-08  4.800291e+00  9.600582e-01 
  303.000  1.298825e-07  1.178974e+01  2.357948e+00 
  304.000  1.503867e-07  1.370370e+01  2.740740e+00 
  305.000  2.323713e-07  2.141424e+01  4.282849e+00 
  306.000  2.372874e-07  2.189719e+01  4.379437e+00 
  307.000  3.413365e-07  3.168463e+01  6.336926e+00 
  308.000  4.334772e-07  4.033740e+01  8.067479e+00 
  309.000  4.382685e-07  4.075242e+01  8.150484e+00 
  310.000  4.675042e-07  4.363662e+01  8.727324e+00 
  311.000  8.091998e-07  7.515382e+01  1.503076e+01 
  312.000  7.601894e-07  7.060387e+01  1.412077e+01 
  313.000  9.008470e-07  8.348755e+01  1.669751e+01 
  314.000  1.021170e-06  9.416224e+01  1.883245e+01 
  315.000  1.093373e-06  1.007068e+02  2.014136e+01 
  316.000  9.021058e-07  8.247278e+01  1.649455e+01 
  317.000  1.405277e-06  1.279315e+02  2.558630e+01 
  318.000  1.234219e-06  1.116761e+02  2.233521e+01 
  319.000  1.464405e-06  1.324122e+02  2.648244e+01 
  320.000  1.629597e-06  1.446742e+02  2.893484e+01 
  321.000  1.631437e-06  1.457012e+02  2.914024e+01 
  322.000  1.712936e-06  1.503182e+02  3.006365e+01 
  323.000  1.520040e-06  1.327974e+02  2.655948e+01 
  324.000  1.925515e-06  1.680175e+02  3.360350e+01 
  325.000  1.972223e-06  1.688033e+02  3.376065e+01 
  326.000  2.643713e-06  2.258294e+02  4.516588e+01 
  327.000  2.683354e-06  2.275399e+02  4.550798e+01 
  328.000  2.543563e-06  2.120773e+02  4.241545e+01 
  329.000  2.871611e-06  2.390945e+02  4.781889e+01 
  330.000  3.240891e-06  2.673599e+02  5.347198e+01 
  331.000  2.807945e-06  2.278667e+02  4.557335e+01 
  332.000  2.962248e-06  2.395302e+02  4.790604e+01 
  333.000  2.959231e-06  2.370039e+02  4.740078e+01 
  334.000  2.899402e-06  2.293426e+02  4.586852e+01 
  335.000  3.115651e-06  2.449924e+02  4.899848e+01 
  336.000  2.636663e-06  2.054638e+02  4.109276e+01 
  337.000  2.610134e-06  2.008664e+02  4.017329e+01 
  338.000  3.017268e-06  2.302445e+02  4.604891e+01 
  339.000  3.267802e-06  2.473174e+02  4.946347e+01 
  340.000  3.674719e-06  2.748768e+02  5.497536e+01 
