  425.000   5.987108350e-01 
  425.220   5.988026261e-01 
  425.440   5.989238620e-01 
  425.660   5.990868807e-01 
  425.880   5.992699265e-01 
  426.100   5.993892550e-01 
  426.320   5.994164944e-01 
  426.540   5.993772149e-01 
  426.760   5.992075205e-01 
  426.980   5.988695621e-01 
  427.200   5.985033512e-01 
  427.420   5.982732773e-01 
  427.640   5.981738567e-01 
  427.860   5.981078148e-01 
  428.080   5.981084704e-01 
  428.300   5.982330441e-01 
  428.520   5.984386802e-01 
  428.740   5.986407399e-01 
  428.960   5.988308787e-01 
  429.180   5.990393162e-01 
  429.400   5.992088914e-01 
  429.620   5.992693901e-01 
  429.840   5.991635323e-01 
  430.060   5.988468528e-01 
  430.280   5.984028578e-01 
  430.500   5.980175138e-01 
  430.720   5.977854133e-01 
  430.940   5.976992249e-01 
  431.160   5.977182984e-01 
  431.380   5.977819562e-01 
  431.600   5.978967547e-01 
  431.820   5.980811119e-01 
  432.040   5.982780457e-01 
  432.260   5.984194875e-01 
  432.480   5.984485149e-01 
  432.700   5.983229280e-01 
  432.920   5.980737805e-01 
  433.140   5.977830887e-01 
  433.360   5.975039601e-01 
  433.580   5.972679257e-01 
  433.800   5.971215367e-01 
  434.020   5.971115232e-01 
  434.240   5.971396565e-01 
  434.460   5.969744921e-01 
  434.680   5.965191126e-01 
  434.900   5.960152149e-01 
  435.120   5.958289504e-01 
  435.340   5.959966183e-01 
  435.560   5.962359309e-01 
  435.780   5.963692665e-01 
  436.000   5.964434743e-01 
  436.220   5.965169072e-01 
  436.440   5.965973735e-01 
  436.660   5.967037678e-01 
  436.880   5.968700647e-01 
  437.100   5.970525146e-01 
  437.320   5.971607566e-01 
  437.540   5.971826315e-01 
  437.760   5.971645713e-01 
  437.980   5.970957279e-01 
  438.200   5.968571901e-01 
  438.420   5.963354707e-01 
  438.640   5.956394672e-01 
  438.860   5.950620770e-01 
  439.080   5.947350264e-01 
  439.300   5.946260691e-01 
  439.520   5.947262645e-01 
  439.740   5.949307680e-01 
  439.960   5.951545238e-01 
  440.180   5.954869986e-01 
  440.400   5.958499908e-01 
  440.620   5.960484743e-01 
  440.840   5.961027741e-01 
  441.060   5.961633921e-01 
  441.280   5.962874293e-01 
  441.500   5.964075923e-01 
  441.720   5.964579582e-01 
  441.940   5.964087844e-01 
  442.160   5.963042974e-01 
  442.380   5.962098241e-01 
  442.600   5.961025357e-01 
  442.820   5.959855318e-01 
  443.040   5.958945751e-01 
  443.260   5.958077908e-01 
  443.480   5.957250595e-01 
  443.700   5.956493020e-01 
  443.920   5.954897404e-01 
  444.140   5.951916575e-01 
  444.360   5.947937965e-01 
  444.580   5.943870544e-01 
  444.800   5.942136645e-01 
  445.020   5.943901539e-01 
  445.240   5.946928263e-01 
  445.460   5.949306488e-01 
  445.680   5.951094627e-01 
  445.900   5.952652693e-01 
  446.120   5.954329967e-01 
  446.340   5.956106782e-01 
  446.560   5.957061648e-01 
  446.780   5.956586599e-01 
  447.000   5.954846144e-01 
  447.220   5.951585770e-01 
  447.440   5.946461558e-01 
  447.660   5.940377712e-01 
  447.880   5.935661197e-01 
  448.100   5.934901237e-01 
  448.320   5.938495398e-01 
  448.540   5.943510532e-01 
  448.760   5.947025418e-01 
  448.980   5.949235559e-01 
  449.200   5.951154232e-01 
  449.420   5.953029990e-01 
  449.640   5.954468250e-01 
  449.860   5.954923630e-01 
