  550.000  9.074744e+02  5.344382e+02  3.329972e+02  1.958129e+02 
  551.000  9.028222e+02  5.298922e+02  3.308730e+02  1.945134e+02 
  552.000  9.428213e+02  5.514926e+02  3.450988e+02  2.028242e+02 
  553.000  9.069263e+02  5.287075e+02  3.315472e+02  1.948097e+02 
  554.000  9.376384e+02  5.447750e+02  3.423506e+02  2.011065e+02 
  555.000  9.413676e+02  5.450906e+02  3.432847e+02  2.016037e+02 
  556.000  9.164944e+02  5.289072e+02  3.338030e+02  1.959858e+02 
  557.000  8.903463e+02  5.120863e+02  3.238797e+02  1.901115e+02 
  558.000  9.252555e+02  5.303701e+02  3.361642e+02  1.972724e+02 
  559.000  8.755940e+02  5.002177e+02  3.177320e+02  1.864089e+02 
  560.000  8.804582e+02  5.012936e+02  3.191037e+02  1.871664e+02 
  561.000  9.687655e+02  5.497108e+02  3.506791e+02  2.056349e+02 
  562.000  8.898215e+02  5.030843e+02  3.216797e+02  1.885783e+02 
  563.000  9.319434e+02  5.250957e+02  3.364907e+02  1.972108e+02 
  564.000  9.197146e+02  5.164068e+02  3.316600e+02  1.943293e+02 
  565.000  9.312986e+02  5.210252e+02  3.354018e+02  1.964687e+02 
  566.000  8.596722e+02  4.793202e+02  3.092289e+02  1.810920e+02 
  567.000  9.216677e+02  5.117262e+02  3.310301e+02  1.937967e+02 
  568.000  9.134846e+02  5.038156e+02  3.273134e+02  1.915163e+02 
  569.000  8.801920e+02  4.807175e+02  3.142903e+02  1.837440e+02 
  570.000  8.889579e+02  4.843983e+02  3.171648e+02  1.853975e+02 
  571.000  8.707195e+02  4.752802e+02  3.108472e+02  1.817441e+02 
  572.000  9.102653e+02  4.929715e+02  3.240655e+02  1.893493e+02 
  573.000  9.248028e+02  4.998675e+02  3.290154e+02  1.922195e+02 
  574.000  9.221785e+02  4.970405e+02  3.277565e+02  1.914470e+02 
  575.000  9.001686e+02  4.834604e+02  3.195373e+02  1.865980e+02 
  576.000  8.846905e+02  4.735582e+02  3.136760e+02  1.831314e+02 
  577.000  9.258604e+02  4.946624e+02  3.280576e+02  1.915073e+02 
  578.000  9.038917e+02  4.822180e+02  3.201103e+02  1.868551e+02 
  579.000  9.003303e+02  4.793727e+02  3.186308e+02  1.859703e+02 
  580.000  9.332094e+02  4.955619e+02  3.299626e+02  1.925505e+02 
  581.000  9.196346e+02  4.874147e+02  3.249461e+02  1.896025e+02 
  582.000  9.352490e+02  4.943681e+02  3.301580e+02  1.926097e+02 
  583.000  9.423428e+02  4.964658e+02  3.322806e+02  1.938028e+02 
  584.000  9.400720e+02  4.936508e+02  3.311061e+02  1.930737e+02 
  585.000  9.342658e+02  4.889154e+02  3.286716e+02  1.916075e+02 
  586.000  8.946876e+02  4.666339e+02  3.143856e+02  1.832360e+02 
  587.000  9.242925e+02  4.793199e+02  3.241523e+02  1.888442e+02 
  588.000  8.912993e+02  4.568591e+02  3.113453e+02  1.812072e+02 
  589.000  7.585248e+02  3.838828e+02  2.638287e+02  1.533888e+02 
  590.000  7.904251e+02  3.985073e+02  2.745731e+02  1.595924e+02 
  591.000  8.643974e+02  4.370181e+02  3.005503e+02  1.747460e+02 
  592.000  8.360150e+02  4.199684e+02  2.900580e+02  1.685614e+02 
  593.000  8.726674e+02  4.401524e+02  3.031842e+02  1.762640e+02 
  594.000  8.752363e+02  4.392519e+02  3.035694e+02  1.764221e+02 
  595.000  8.402657e+02  4.182757e+02  2.906488e+02  1.688033e+02 
  596.000  8.899623e+02  4.448894e+02  3.082723e+02  1.791173e+02 
  597.000  8.880118e+02  4.418072e+02  3.071100e+02  1.783794e+02 
  598.000  8.824810e+02  4.391899e+02  3.052284e+02  1.773034e+02 
  599.000  8.888006e+02  4.416655e+02  3.072597e+02  1.784717e+02 
  600.000  9.006992e+02  4.478759e+02  3.114419e+02  1.809239e+02 
  601.000  9.040926e+02  4.494926e+02  3.125990e+02  1.816061e+02 
  602.000  8.978166e+02  4.454182e+02  3.102087e+02  1.801960e+02 
  603.000  9.066620e+02  4.489189e+02  3.130600e+02  1.818332e+02 
  604.000  9.381591e+02  4.634554e+02  3.236911e+02  1.879834e+02 
  605.000  9.375481e+02  4.618748e+02  3.231849e+02  1.876571e+02 
  606.000  9.278534e+02  4.557041e+02  3.195210e+02  1.854929e+02 
  607.000  9.237905e+02  4.523170e+02  3.178005e+02  1.844574e+02 
  608.000  9.214213e+02  4.497507e+02  3.166606e+02  1.837586e+02 
  609.000  9.129458e+02  4.442273e+02  3.134276e+02  1.818459e+02 
  610.000  8.992580e+02  4.361802e+02  3.084082e+02  1.788968e+02 
  611.000  9.147567e+02  4.423061e+02  3.134021e+02  1.817568e+02 
  612.000  9.037340e+02  4.355964e+02  3.093070e+02  1.793452e+02 
  613.000  8.913959e+02  4.282982e+02  3.047722e+02  1.766800e+02 
  614.000  8.600364e+02  4.119245e+02  2.937485e+02  1.702549e+02 
  615.000  9.020895e+02  4.307083e+02  3.077983e+02  1.783622e+02 
  616.000  8.585174e+02  4.086593e+02  2.926436e+02  1.695479e+02 
  617.000  8.641560e+02  4.099843e+02  2.942517e+02  1.704432e+02 
  618.000  9.057231e+02  4.283361e+02  3.080895e+02  1.784223e+02 
  619.000  8.981903e+02  4.233962e+02  3.052091e+02  1.767175e+02 
  620.000  9.122194e+02  4.286241e+02  3.096562e+02  1.792556e+02 
  621.000  9.286445e+02  4.349245e+02  3.149045e+02  1.822560e+02 
  622.000  8.803026e+02  4.109384e+02  2.982009e+02  1.725527e+02 
  623.000  8.877755e+02  4.130590e+02  3.004165e+02  1.737982e+02 
  624.000  8.893326e+02  4.124232e+02  3.006292e+02  1.738849e+02 
  625.000  8.657804e+02  4.001632e+02  2.923587e+02  1.690654e+02 
  626.000  8.696725e+02  4.004252e+02  2.933181e+02  1.695771e+02 
  627.000  8.769260e+02  4.009917e+02  2.951239e+02  1.705335e+02 
  628.000  8.577719e+02  3.890052e+02  2.879324e+02  1.662735e+02 
  629.000  8.810412e+02  3.989009e+02  2.955914e+02  1.706852e+02 
  630.000  8.600645e+02  3.893080e+02  2.885317e+02  1.666176e+02 
  631.000  8.941576e+02  4.038948e+02  2.997738e+02  1.730918e+02 
  632.000  8.253040e+02  3.704490e+02  2.761486e+02  1.593773e+02 
  633.000  8.951910e+02  4.019545e+02  2.995643e+02  1.729094e+02 
  634.000  8.711246e+02  3.902690e+02  2.913076e+02  1.681243e+02 
  635.000  8.870411e+02  3.961304e+02  2.963371e+02  1.709937e+02 
  636.000  8.576257e+02  3.820203e+02  2.862852e+02  1.651706e+02 
  637.000  8.872637e+02  3.940481e+02  2.959075e+02  1.706923e+02 
  638.000  9.057649e+02  4.017609e+02  3.019615e+02  1.741793e+02 
  639.000  8.988712e+02  3.974341e+02  2.993701e+02  1.726514e+02 
  640.000  8.731974e+02  3.852285e+02  2.906221e+02  1.675880e+02 
  641.000  8.861438e+02  3.896487e+02  2.946328e+02  1.698666e+02 
  642.000  8.775181e+02  3.848859e+02  2.915409e+02  1.680614e+02 
  643.000  8.903658e+02  3.887065e+02  2.953902e+02  1.702271e+02 
  644.000  8.806895e+02  3.832392e+02  2.918929e+02  1.681792e+02 
  645.000  8.842795e+02  3.828934e+02  2.926421e+02  1.685540e+02 
  646.000  8.325154e+02  3.569545e+02  2.746971e+02  1.581013e+02 
  647.000  8.313651e+02  3.539907e+02  2.737469e+02  1.574758e+02 
  648.000  8.160306e+02  3.451064e+02  2.681537e+02  1.541837e+02 
  649.000  8.451489e+02  3.573813e+02  2.777131e+02  1.596911e+02 
  650.000  8.062776e+02  3.422814e+02  2.652491e+02  1.525852e+02 
  651.000  8.689948e+02  3.677248e+02  2.856090e+02  1.642666e+02 
  652.000  8.316223e+02  3.486172e+02  2.725652e+02  1.566556e+02 
  653.000  8.736901e+02  3.677547e+02  2.867002e+02  1.648480e+02 
  654.000  8.601019e+02  3.605578e+02  2.819000e+02  1.620463e+02 
  655.000  8.291869e+02  3.455312e+02  2.712902e+02  1.558833e+02 
  656.000  7.069922e+02  2.939473e+02  2.311577e+02  1.328091e+02 
  657.000  7.593914e+02  3.152142e+02  2.481701e+02  1.425756e+02 
  658.000  8.547014e+02  3.546604e+02  2.792909e+02  1.604631e+02 
  659.000  8.621478e+02  3.572468e+02  2.816079e+02  1.617885e+02 
  660.000  8.715848e+02  3.603027e+02  2.844930e+02  1.634274e+02 
  661.000  8.822463e+02  3.644049e+02  2.879025e+02  1.653879e+02 
  662.000  8.982551e+02  3.703032e+02  2.929617e+02  1.682811e+02 
  663.000  8.882925e+02  3.649120e+02  2.894160e+02  1.662101e+02 
  664.000  8.757447e+02  3.587745e+02  2.851008e+02  1.637086e+02 
  665.000  8.809815e+02  3.598882e+02  2.865673e+02  1.645257e+02 
  666.000  8.933039e+02  3.639322e+02  2.903470e+02  1.666723e+02 
  667.000  8.769271e+02  3.562401e+02  2.847885e+02  1.634568e+02 
  668.000  8.834731e+02  3.578992e+02  2.866834e+02  1.645204e+02 
  669.000  8.972537e+02  3.623911e+02  2.909032e+02  1.669150e+02 
  670.000  8.874401e+02  3.573253e+02  2.874670e+02  1.649157e+02 
  671.000  8.790234e+02  3.528560e+02  2.844910e+02  1.631815e+02 
  672.000  8.770128e+02  3.509565e+02  2.835880e+02  1.626361e+02 
  673.000  8.841353e+02  3.527037e+02  2.856363e+02  1.637830e+02 
  674.000  8.866854e+02  3.526126e+02  2.862042e+02  1.640807e+02 
  675.000  8.739658e+02  3.464698e+02  2.818481e+02  1.615560e+02 
  676.000  8.912808e+02  3.522277e+02  2.871766e+02  1.645825e+02 
  677.000  8.743679e+02  3.444554e+02  2.814757e+02  1.612878e+02 
  678.000  8.896616e+02  3.493789e+02  2.861448e+02  1.639355e+02 
  679.000  8.777381e+02  3.435855e+02  2.820532e+02  1.615631e+02 
  680.000  8.709503e+02  3.397240e+02  2.795937e+02  1.601224e+02 
  681.000  8.716257e+02  3.387589e+02  2.795268e+02  1.600513e+02 
  682.000  8.701641e+02  3.370648e+02  2.787981e+02  1.596050e+02 
  683.000  8.760460e+02  3.381595e+02  2.804092e+02  1.604962e+02 
  684.000  8.592069e+02  3.303331e+02  2.747130e+02  1.571992e+02 
  685.000  8.706860e+02  3.338495e+02  2.781760e+02  1.591603e+02 
  686.000  8.313957e+02  3.174554e+02  2.653162e+02  1.517652e+02 
  687.000  7.319866e+02  2.740340e+02  2.323311e+02  1.327030e+02 
  688.000  7.661775e+02  2.871649e+02  2.432597e+02  1.389693e+02 
  689.000  7.576466e+02  2.825680e+02  2.402280e+02  1.371959e+02 
  690.000  7.793778e+02  2.904677e+02  2.470709e+02  1.411081e+02 
  691.000  8.004257e+02  2.979883e+02  2.536684e+02  1.448760e+02 
  692.000  7.978121e+02  2.957841e+02  2.525556e+02  1.442060e+02 
  693.000  7.663438e+02  2.810074e+02  2.418755e+02  1.380020e+02 
  694.000  7.396373e+02  2.687350e+02  2.328734e+02  1.327832e+02 
  695.000  7.442903e+02  2.704559e+02  2.343455e+02  1.336309e+02 
  696.000  7.642289e+02  2.776353e+02  2.406082e+02  1.372052e+02 
  697.000  8.216772e+02  3.011850e+02  2.593141e+02  1.479799e+02 
  698.000  7.942811e+02  2.897006e+02  2.503349e+02  1.428071e+02 
  699.000  7.579551e+02  2.733214e+02  2.381630e+02  1.357505e+02 
  700.000  7.570310e+02  2.727332e+02  2.378138e+02  1.355474e+02 
  701.000  7.291777e+02  2.616831e+02  2.288294e+02  1.303934e+02 
  702.000  7.334685e+02  2.630140e+02  2.301276e+02  1.311307e+02 
  703.000  7.852753e+02  2.831277e+02  2.467371e+02  1.406593e+02 
  704.000  7.894219e+02  2.841421e+02  2.479290e+02  1.413264e+02 
  705.000  7.781348e+02  2.785687e+02  2.440352e+02  1.390553e+02 
  706.000  7.733449e+02  2.764543e+02  2.424407e+02  1.381373e+02 
  707.000  7.678598e+02  2.742449e+02  2.406638e+02  1.371212e+02 
  708.000  7.970550e+02  2.844637e+02  2.497661e+02  1.423054e+02 
  709.000  7.822648e+02  2.794274e+02  2.451874e+02  1.397118e+02 
  710.000  7.857092e+02  2.791883e+02  2.459275e+02  1.400836e+02 
  711.000  7.926374e+02  2.819504e+02  2.481655e+02  1.413758e+02 
  712.000  7.941803e+02  2.827581e+02  2.487083e+02  1.417009e+02 
  713.000  7.806342e+02  2.766374e+02  2.441665e+02  1.390697e+02 
  714.000  7.901956e+02  2.791720e+02  2.469599e+02  1.406342e+02 
  715.000  7.460134e+02  2.620172e+02  2.327947e+02  1.325144e+02 
  716.000  7.473549e+02  2.609166e+02  2.328502e+02  1.324918e+02 
  717.000  6.252889e+02  2.135434e+02  1.937192e+02  1.100493e+02 
  718.000  5.629089e+02  1.882522e+02  1.734722e+02  9.839823e+01 
  719.000  5.358859e+02  1.775590e+02  1.647620e+02  9.339766e+01 
  720.000  5.111043e+02  1.674824e+02  1.567121e+02  8.876598e+01 
  721.000  6.449605e+02  2.196485e+02  1.996724e+02  1.134273e+02 
  722.000  7.074313e+02  2.426438e+02  2.194101e+02  1.247112e+02 
  723.000  6.755193e+02  2.301225e+02  2.091485e+02  1.188233e+02 
  724.000  5.970900e+02  1.989830e+02  1.838441e+02  1.042819e+02 
  725.000  6.017378e+02  2.007829e+02  1.853332e+02  1.051409e+02 
  726.000  5.971666e+02  1.986453e+02  1.837839e+02  1.042430e+02 
  727.000  6.175502e+02  2.057151e+02  1.901239e+02  1.078550e+02 
  728.000  5.950702e+02  1.971216e+02  1.829478e+02  1.037460e+02 
  729.000  6.009459e+02  2.004336e+02  1.850698e+02  1.050068e+02 
  730.000  6.183586e+02  2.056037e+02  1.902851e+02  1.079461e+02 
  731.000  6.024428e+02  1.996240e+02  1.852285e+02  1.050557e+02 
  732.000  6.668300e+02  2.232029e+02  2.055437e+02  1.166696e+02 
  733.000  7.095286e+02  2.391413e+02  2.190857e+02  1.244251e+02 
  734.000  7.512272e+02  2.539513e+02  2.321359e+02  1.318717e+02 
  735.000  7.362060e+02  2.479716e+02  2.272859e+02  1.290876e+02 
  736.000  7.059264e+02  2.366217e+02  2.176719e+02  1.235885e+02 
  737.000  7.283178e+02  2.441755e+02  2.245875e+02  1.275226e+02 
  738.000  7.443735e+02  2.498949e+02  2.296164e+02  1.303968e+02 
  739.000  7.280196e+02  2.443089e+02  2.245496e+02  1.275214e+02 
  740.000  7.520882e+02  2.528912e+02  2.320900e+02  1.318290e+02 
  741.000  7.561364e+02  2.544012e+02  2.333736e+02  1.325698e+02 
  742.000  7.479723e+02  2.514394e+02  2.308042e+02  1.311078e+02 
  743.000  7.793928e+02  2.621768e+02  2.405402e+02  1.366512e+02 
  744.000  7.911481e+02  2.659286e+02  2.441214e+02  1.386842e+02 
  745.000  7.738441e+02  2.598283e+02  2.387164e+02  1.356088e+02 
  746.000  7.872850e+02  2.640142e+02  2.427872e+02  1.379150e+02 
  747.000  8.002391e+02  2.678380e+02  2.466618e+02  1.401023e+02 
  748.000  7.876679e+02  2.632662e+02  2.427028e+02  1.378458e+02 
  749.000  7.889266e+02  2.632152e+02  2.429817e+02  1.379923e+02 
  750.000  7.768321e+02  2.585648e+02  2.391147e+02  1.357787e+02 
  751.000  7.752630e+02  2.575208e+02  2.385112e+02  1.354220e+02 
  752.000  7.890110e+02  2.617019e+02  2.426518e+02  1.377644e+02 
  753.000  7.823651e+02  2.590080e+02  2.404948e+02  1.365272e+02 
  754.000  7.952659e+02  2.627733e+02  2.443437e+02  1.386990e+02 
  755.000  7.911373e+02  2.608780e+02  2.429525e+02  1.378951e+02 
  756.000  7.760951e+02  2.553999e+02  2.382135e+02  1.351916e+02 
  757.000  7.821642e+02  2.568785e+02  2.399566e+02  1.361671e+02 
  758.000  7.805223e+02  2.557407e+02  2.393147e+02  1.357859e+02 
  759.000  7.033574e+02  2.276370e+02  2.150042e+02  1.218889e+02 
  760.000  2.665447e+02  7.964303e+01  7.994883e+01  4.506966e+01 
  761.000  2.300922e+02  6.782898e+01  6.880218e+01  3.875138e+01 
  762.000  4.578675e+02  1.419148e+02  1.385140e+02  7.829360e+01 
  763.000  3.932028e+02  1.198133e+02  1.184762e+02  6.689004e+01 
  764.000  4.326279e+02  1.324983e+02  1.305106e+02  7.371433e+01 
  765.000  5.234917e+02  1.630988e+02  1.585614e+02  8.967091e+01 
  766.000  6.014541e+02  1.903770e+02  1.828658e+02  1.035373e+02 
  767.000  6.626382e+02  2.105568e+02  2.016561e+02  1.142131e+02 
  768.000  7.241823e+02  2.308022e+02  2.205444e+02  1.249437e+02 
  769.000  7.446370e+02  2.377773e+02  2.268789e+02  1.285561e+02 
  770.000  7.516624e+02  2.400363e+02  2.290229e+02  1.297776e+02 
  771.000  7.579986e+02  2.418554e+02  2.309063e+02  1.308431e+02 
  772.000  7.566132e+02  2.409929e+02  2.303871e+02  1.305387e+02 
  773.000  7.543678e+02  2.398176e+02  2.295972e+02  1.300793e+02 
  774.000  7.631858e+02  2.421543e+02  2.321732e+02  1.315269e+02 
  775.000  7.351149e+02  2.327939e+02  2.235287e+02  1.266181e+02 
  776.000  7.659675e+02  2.420872e+02  2.328001e+02  1.318576e+02 
  777.000  7.609474e+02  2.400056e+02  2.311601e+02  1.309156e+02 
  778.000  7.570251e+02  2.382650e+02  2.298522e+02  1.301615e+02 
  779.000  7.596787e+02  2.385880e+02  2.305396e+02  1.305370e+02 
  780.000  7.504805e+02  2.352121e+02  2.276358e+02  1.288800e+02 
  781.000  7.501219e+02  2.346658e+02  2.274268e+02  1.287509e+02 
  782.000  7.593363e+02  2.370511e+02  2.301056e+02  1.302542e+02 
  783.000  7.417738e+02  2.310737e+02  2.246694e+02  1.271637e+02 
  784.000  7.456429e+02  2.317503e+02  2.257191e+02  1.277434e+02 
  785.000  7.446757e+02  2.306683e+02  2.252458e+02  1.274512e+02 
  786.000  7.271769e+02  2.243846e+02  2.197536e+02  1.243157e+02 
  787.000  7.271871e+02  2.231060e+02  2.194606e+02  1.241059e+02 
  788.000  7.107853e+02  2.172274e+02  2.143152e+02  1.211689e+02 
  789.000  6.949814e+02  2.108121e+02  2.091838e+02  1.182115e+02 
  790.000  6.863654e+02  2.076744e+02  2.064694e+02  1.166627e+02 
  791.000  6.867488e+02  2.075518e+02  2.065297e+02  1.166930e+02 
  792.000  6.795294e+02  2.051261e+02  2.043022e+02  1.154304e+02 
  793.000  6.871016e+02  2.074351e+02  2.065842e+02  1.167263e+02 
  794.000  6.971102e+02  2.111332e+02  2.097496e+02  1.185471e+02 
  795.000  6.832382e+02  2.058167e+02  2.053182e+02  1.160045e+02 
  796.000  6.675399e+02  1.992348e+02  2.001728e+02  1.130302e+02 
  797.000  6.797963e+02  2.028531e+02  2.038389e+02  1.151043e+02 
  798.000  6.979411e+02  2.087976e+02  2.094021e+02  1.182723e+02 
  799.000  6.935855e+02  2.068390e+02  2.079439e+02  1.174287e+02 
  800.000  6.633014e+02  1.967421e+02  1.986183e+02  1.121260e+02 
  801.000  6.773275e+02  2.005601e+02  2.027392e+02  1.144445e+02 
  802.000  6.749545e+02  1.993855e+02  2.019200e+02  1.139691e+02 
  803.000  6.673292e+02  1.968187e+02  1.995662e+02  1.126337e+02 
  804.000  6.795646e+02  2.003213e+02  2.032008e+02  1.146864e+02 
  805.000  6.723465e+02  1.984170e+02  2.010939e+02  1.135117e+02 
  806.000  6.976827e+02  2.059064e+02  2.086748e+02  1.177971e+02 
  807.000  6.940425e+02  2.044215e+02  2.074912e+02  1.171185e+02 
  808.000  6.860933e+02  2.014128e+02  2.049606e+02  1.156696e+02 
  809.000  6.699255e+02  1.959745e+02  1.999709e+02  1.128319e+02 
  810.000  6.618401e+02  1.929031e+02  1.973943e+02  1.113558e+02 
  811.000  6.617528e+02  1.919206e+02  1.971472e+02  1.111842e+02 
  812.000  6.450486e+02  1.860402e+02  1.919315e+02  1.082072e+02 
  813.000  6.248047e+02  1.791661e+02  1.856688e+02  1.046408e+02 
  814.000  6.010978e+02  1.712839e+02  1.783735e+02  1.004914e+02 
  815.000  5.668264e+02  1.603505e+02  1.679337e+02  9.456846e+01 
  816.000  5.281334e+02  1.480061e+02  1.561469e+02  8.788004e+01 
  817.000  5.329462e+02  1.490701e+02  1.575041e+02  8.863699e+01 
  818.000  5.324825e+02  1.487281e+02  1.573180e+02  8.852824e+01 
  819.000  5.293454e+02  1.479649e+02  1.564174e+02  8.803027e+01 
  820.000  5.558705e+02  1.561427e+02  1.644319e+02  9.257557e+01 
  821.000  6.192651e+02  1.749665e+02  1.834197e+02  1.033110e+02 
  822.000  5.687393e+02  1.593721e+02  1.681497e+02  9.466282e+01 
  823.000  4.884655e+02  1.338815e+02  1.437239e+02  8.079738e+01 
  824.000  5.710154e+02  1.590015e+02  1.685897e+02  9.488004e+01 
  825.000  6.217484e+02  1.743505e+02  1.838509e+02  1.035224e+02 
  826.000  6.173932e+02  1.725261e+02  1.824237e+02  1.027001e+02 
  827.000  6.089708e+02  1.696090e+02  1.798050e+02  1.012085e+02 
  828.000  5.742213e+02  1.587088e+02  1.692624e+02  9.523068e+01 
  829.000  5.860462e+02  1.619465e+02  1.727411e+02  9.719147e+01 
  830.000  5.904000e+02  1.631882e+02  1.740334e+02  9.792496e+01 
  831.000  5.834710e+02  1.610491e+02  1.719392e+02  9.674260e+01 
  832.000  5.973792e+02  1.646361e+02  1.759796e+02  9.901086e+01 
  833.000  5.867252e+02  1.616238e+02  1.728235e+02  9.723704e+01 
  834.000  6.049017e+02  1.666158e+02  1.781740e+02  1.002519e+02 
  835.000  6.244166e+02  1.723839e+02  1.840130e+02  1.035580e+02 
  836.000  6.261962e+02  1.722826e+02  1.844005e+02  1.037578e+02 
  837.000  6.207750e+02  1.704307e+02  1.827209e+02  1.028036e+02 
  838.000  6.320024e+02  1.735321e+02  1.860300e+02  1.046714e+02 
  839.000  6.176888e+02  1.695000e+02  1.817932e+02  1.022886e+02 
  840.000  6.363660e+02  1.743527e+02  1.872272e+02  1.053406e+02 
  841.000  6.326661e+02  1.727096e+02  1.859933e+02  1.046267e+02 
  842.000  6.339553e+02  1.729446e+02  1.863453e+02  1.048253e+02 
  843.000  6.416306e+02  1.753121e+02  1.886646e+02  1.061462e+02 
  844.000  6.365321e+02  1.738829e+02  1.871572e+02  1.053019e+02 
  845.000  6.489169e+02  1.770498e+02  1.907487e+02  1.073195e+02 
  846.000  6.575428e+02  1.791983e+02  1.932368e+02  1.087168e+02 
  847.000  6.378644e+02  1.736605e+02  1.874135e+02  1.054389e+02 
  848.000  6.521841e+02  1.768577e+02  1.914588e+02  1.076923e+02 
  849.000  6.541682e+02  1.770621e+02  1.919642e+02  1.079688e+02 
  850.000  5.637880e+02  1.521397e+02  1.653362e+02  9.297855e+01 
  851.000  6.434074e+02  1.730833e+02  1.885602e+02  1.060226e+02 
  852.000  6.194643e+02  1.663061e+02  1.814657e+02  1.020253e+02 
  853.000  6.311361e+02  1.693525e+02  1.848647e+02  1.039382e+02 
  854.000  5.074110e+02  1.358501e+02  1.485546e+02  8.351536e+01 
  855.000  5.606636e+02  1.499226e+02  1.641027e+02  9.225360e+01 
  856.000  6.408395e+02  1.713100e+02  1.875577e+02  1.054426e+02 
  857.000  6.531277e+02  1.743489e+02  1.910973e+02  1.074282e+02 
  858.000  6.438411e+02  1.715784e+02  1.883129e+02  1.058566e+02 
  859.000  6.460154e+02  1.719583e+02  1.889028e+02  1.061857e+02 
  860.000  6.414247e+02  1.704445e+02  1.874929e+02  1.053869e+02 
  861.000  6.417223e+02  1.701757e+02  1.874996e+02  1.053822e+02 
  862.000  6.403253e+02  1.694772e+02  1.870157e+02  1.051025e+02 
  863.000  6.528707e+02  1.724375e+02  1.905965e+02  1.071060e+02 
  864.000  6.521580e+02  1.719103e+02  1.903102e+02  1.069371e+02 
  865.000  6.405252e+02  1.684966e+02  1.868354e+02  1.049760e+02 
  866.000  5.375331e+02  1.411066e+02  1.567249e+02  8.805072e+01 
  867.000  5.725732e+02  1.499868e+02  1.668679e+02  9.374131e+01 
  868.000  6.212403e+02  1.623775e+02  1.809686e+02  1.016536e+02 
  869.000  6.128382e+02  1.598463e+02  1.784436e+02  1.002270e+02 
  870.000  6.382784e+02  1.661130e+02  1.857660e+02  1.043304e+02 
  871.000  6.376956e+02  1.655978e+02  1.855124e+02  1.041788e+02 
  872.000  6.355814e+02  1.647336e+02  1.848246e+02  1.037852e+02 
  873.000  6.381396e+02  1.649997e+02  1.854769e+02  1.041410e+02 
  874.000  6.242744e+02  1.610577e+02  1.813644e+02  1.018229e+02 
  875.000  6.187281e+02  1.592730e+02  1.796715e+02  1.008634e+02 
  876.000  6.237678e+02  1.601993e+02  1.810492e+02  1.016273e+02 
  877.000  6.362531e+02  1.630312e+02  1.845866e+02  1.036032e+02 
  878.000  6.243680e+02  1.595379e+02  1.810351e+02  1.015972e+02 
  879.000  6.259490e+02  1.595856e+02  1.814112e+02  1.017992e+02 
  880.000  6.215340e+02  1.580293e+02  1.800322e+02  1.010133e+02 
  881.000  5.888805e+02  1.493536e+02  1.704877e+02  9.564798e+01 
  882.000  6.210805e+02  1.571290e+02  1.797196e+02  1.008168e+02 
  883.000  6.076262e+02  1.534300e+02  1.757582e+02  9.858788e+01 
  884.000  6.132018e+02  1.545151e+02  1.772964e+02  9.944292e+01 
  885.000  6.176678e+02  1.551495e+02  1.784743e+02  1.000891e+02 
  886.000  5.947734e+02  1.488685e+02  1.717365e+02  9.629417e+01 
  887.000  5.910685e+02  1.477623e+02  1.706255e+02  9.566895e+01 
  888.000  6.088137e+02  1.518498e+02  1.756675e+02  9.848709e+01 
  889.000  6.136874e+02  1.527712e+02  1.770058e+02  9.923073e+01 
  890.000  6.100832e+02  1.514089e+02  1.758588e+02  9.857416e+01 
  891.000  6.031357e+02  1.491007e+02  1.737214e+02  9.735759e+01 
  892.000  5.926784e+02  1.456901e+02  1.705187e+02  9.553449e+01 
  893.000  5.451033e+02  1.325838e+02  1.565049e+02  8.763089e+01 
  894.000  5.501568e+02  1.330243e+02  1.577736e+02  8.831408e+01 
  895.000  4.856149e+02  1.162435e+02  1.389928e+02  7.775816e+01 
  896.000  4.680486e+02  1.110103e+02  1.337272e+02  7.477480e+01 
  897.000  4.208506e+02  9.851698e+01  1.199419e+02  6.701761e+01 
  898.000  4.051440e+02  9.400134e+01  1.152716e+02  6.437747e+01 
  899.000  3.621497e+02  8.230489e+01  1.026414e+02  5.725671e+01 
  900.000  3.586199e+02  8.150329e+01  1.016413e+02  5.670179e+01 
  901.000  3.410019e+02  7.698972e+01  9.653021e+01  5.383257e+01 
  902.000  3.372207e+02  7.607198e+01  9.544508e+01  5.322761e+01 
  903.000  4.275600e+02  9.910055e+01  1.216262e+02  6.794008e+01 
  904.000  4.826224e+02  1.127541e+02  1.374958e+02  7.684489e+01 
  905.000  4.801488e+02  1.119519e+02  1.367393e+02  7.641699e+01 
  906.000  4.376964e+02  1.012650e+02  1.244671e+02  6.953041e+01 
  907.000  3.944331e+02  8.949413e+01  1.117571e+02  6.236217e+01 
  908.000  3.531995e+02  7.887187e+01  9.978158e+01  5.563094e+01 
  909.000  3.482632e+02  7.762119e+01  9.835264e+01  5.483117e+01 
  910.000  3.569073e+02  7.951803e+01  1.007874e+02  5.619012e+01 
  911.000  3.760816e+02  8.435575e+01  1.063325e+02  5.930795e+01 
  912.000  3.672657e+02  8.184095e+01  1.037157e+02  5.782957e+01 
  913.000  3.344488e+02  7.309283e+01  9.411704e+01  5.242155e+01 
  914.000  3.525658e+02  7.751583e+01  9.932227e+01  5.534281e+01 
  915.000  3.627880e+02  8.016178e+01  1.022939e+02  5.701803e+01 
  916.000  3.721524e+02  8.222903e+01  1.049339e+02  5.849258e+01 
  917.000  3.758310e+02  8.321866e+01  1.060120e+02  5.910393e+01 
  918.000  3.862019e+02  8.579749e+01  1.090026e+02  6.078604e+01 
  919.000  4.342572e+02  9.768981e+01  1.228471e+02  6.855975e+01 
  920.000  4.645054e+02  1.049933e+02  1.315196e+02  7.342385e+01 
  921.000  4.474155e+02  1.008103e+02  1.266068e+02  7.067191e+01 
  922.000  4.430203e+02  9.959125e+01  1.253103e+02  6.994254e+01 
  923.000  4.157343e+02  9.308663e+01  1.175066e+02  6.557530e+01 
  924.000  4.117025e+02  9.149210e+01  1.162071e+02  6.482539e+01 
  925.000  4.147658e+02  9.185062e+01  1.169973e+02  6.525652e+01 
  926.000  3.976922e+02  8.769736e+01  1.120952e+02  6.251044e+01 
  927.000  3.863510e+02  8.414423e+01  1.086553e+02  6.055247e+01 
  928.000  3.504422e+02  7.477949e+01  9.819978e+01  5.466545e+01 
  929.000  2.954030e+02  6.141716e+01  8.240353e+01  4.580791e+01 
  930.000  2.383742e+02  4.825108e+01  6.619287e+01  3.674436e+01 
  931.000  1.844690e+02  3.633682e+01  5.099228e+01  2.826645e+01 
  932.000  1.232153e+02  2.314774e+01  3.380027e+01  1.869085e+01 
  933.000  9.031258e+01  1.626483e+01  2.461229e+01  1.358144e+01 
  934.000  6.299317e+01  1.081943e+01  1.704594e+01  9.384496e+00 
  935.000  5.923970e+01  1.009271e+01  1.601132e+01  8.811894e+00 
  936.000  6.746609e+01  1.166138e+01  1.827324e+01  1.006448e+01 
  937.000  6.714850e+01  1.154389e+01  1.817280e+01  1.000704e+01 
  938.000  9.825333e+01  1.773426e+01  2.678544e+01  1.478638e+01 
  939.000  2.173378e+02  4.229335e+01  5.995879e+01  3.322966e+01 
  940.000  2.396779e+02  4.702219e+01  6.620985e+01  3.671203e+01 
  941.000  2.161378e+02  4.202308e+01  5.961928e+01  3.304356e+01 
  942.000  1.673246e+02  3.190068e+01  4.600855e+01  2.547508e+01 
  943.000  1.171610e+02  2.141638e+01  3.200226e+01  1.768243e+01 
  944.000  1.100640e+02  1.998118e+01  3.003188e+01  1.658885e+01 
  945.000  1.293506e+02  2.382348e+01  3.537326e+01  1.955467e+01 
  946.000  1.328185e+02  2.445081e+01  3.631900e+01  2.007811e+01 
  947.000  1.517905e+02  2.829048e+01  4.158722e+01  2.300628e+01 
  948.000  1.650936e+02  3.092738e+01  4.526847e+01  2.505069e+01 
  949.000  1.649261e+02  3.084301e+01  4.521027e+01  2.501765e+01 
  950.000  1.673746e+02  3.129841e+01  4.588092e+01  2.539004e+01 
  951.000  1.955203e+02  3.697932e+01  5.369301e+01  2.973217e+01 
  952.000  1.661716e+02  3.098174e+01  4.552995e+01  2.519476e+01 
  953.000  1.878138e+02  3.533000e+01  5.153232e+01  2.853086e+01 
  954.000  2.115824e+02  4.018729e+01  5.814331e+01  3.220885e+01 
  955.000  1.801912e+02  3.393396e+01  4.944961e+01  2.738234e+01 
  956.000  1.898274e+02  3.570499e+01  5.208393e+01  2.884084e+01 
  957.000  2.571799e+02  4.961581e+01  7.085088e+01  3.928679e+01 
  958.000  2.702538e+02  5.230143e+01  7.449053e+01  4.131395e+01 
  959.000  2.601852e+02  5.006510e+01  7.164878e+01  3.972807e+01 
  960.000  2.552057e+02  4.898076e+01  7.024846e+01  3.894847e+01 
  961.000  2.473115e+02  4.729006e+01  6.803497e+01  3.771596e+01 
  962.000  2.547465e+02  4.873714e+01  7.008617e+01  3.885625e+01 
  963.000  2.965411e+02  5.758868e+01  8.178220e+01  4.537875e+01 
  964.000  3.001252e+02  5.834611e+01  8.278476e+01  4.594012e+01 
  965.000  3.004166e+02  5.820024e+01  8.281841e+01  4.595287e+01 
  966.000  2.948985e+02  5.710175e+01  8.129038e+01  4.510624e+01 
  967.000  3.372320e+02  6.617038e+01  9.316098e+01  5.173203e+01 
  968.000  3.934672e+02  7.894473e+01  1.090982e+02  6.065715e+01 
  969.000  4.255491e+02  8.573484e+01  1.180755e+02  6.566643e+01 
  970.000  4.288625e+02  8.625754e+01  1.189614e+02  6.615669e+01 
  971.000  4.246239e+02  8.519763e+01  1.177378e+02  6.547118e+01 
  972.000  4.193181e+02  8.379179e+01  1.161877e+02  6.459867e+01 
  973.000  3.967496e+02  7.877481e+01  1.098170e+02  6.103908e+01 
  974.000  3.690592e+02  7.260252e+01  1.019966e+02  5.666758e+01 
  975.000  3.574420e+02  6.974915e+01  9.865472e+01  5.479039e+01 
  976.000  3.788716e+02  7.425665e+01  1.046447e+02  5.813367e+01 
  977.000  3.978024e+02  7.840802e+01  1.099755e+02  6.111655e+01 
  978.000  4.057249e+02  7.976171e+01  1.121178e+02  6.230182e+01 
  979.000  4.020095e+02  7.899802e+01  1.110834e+02  6.172898e+01 
  980.000  4.388916e+02  8.653668e+01  1.213421e+02  6.744531e+01 
  981.000  4.494648e+02  8.854485e+01  1.242477e+02  6.906086e+01 
  982.000  4.419357e+02  8.676884e+01  1.220987e+02  6.785798e+01 
  983.000  4.576469e+02  8.994030e+01  1.264596e+02  7.028890e+01 
  984.000  4.721922e+02  9.296354e+01  1.305169e+02  7.255475e+01 
  985.000  4.822854e+02  9.499106e+01  1.333161e+02  7.411646e+01 
  986.000  4.916427e+02  9.699179e+01  1.359391e+02  7.558530e+01 
  987.000  5.033326e+02  9.925548e+01  1.391616e+02  7.737946e+01 
  988.000  4.987375e+02  9.816138e+01  1.378477e+02  7.664526e+01 
  989.000  4.934967e+02  9.692477e+01  1.363518e+02  7.580914e+01 
  990.000  4.993152e+02  9.787177e+01  1.379142e+02  7.667386e+01 
  991.000  5.085430e+02  9.961570e+01  1.404481e+02  7.808406e+01 
  992.000  5.054356e+02  9.881232e+01  1.395449e+02  7.757808e+01 
  993.000  5.061345e+02  9.871822e+01  1.396846e+02  7.765039e+01 
  994.000  5.133348e+02  1.000517e+02  1.416554e+02  7.874726e+01 
  995.000  5.127224e+02  9.979362e+01  1.414543e+02  7.863400e+01 
  996.000  5.127747e+02  9.954746e+01  1.414095e+02  7.860276e+01 
  997.000  5.116296e+02  9.900208e+01  1.410192e+02  7.837663e+01 
  998.000  5.076905e+02  9.790374e+01  1.398558e+02  7.772035e+01 
  999.000  5.057735e+02  9.724761e+01  1.392616e+02  7.738245e+01 
 1000.000  5.025625e+02  9.641171e+01  1.383270e+02  7.685825e+01 
