   0.000000   300.000  1.044473e-02  1.918854e-02  8.889983e-03 
   2.994100   300.000  1.951702e-02  2.026093e-02  1.255445e-02 
  10.985900   300.000  4.365084e-02  1.660466e-02  1.739555e-02 
  13.983100   300.000  5.203670e-02  1.486127e-02  1.750806e-02 
  17.960600   300.000  6.761906e-02  1.296387e-02  1.529247e-02 
   0.000000   303.000  2.986310e-02  5.710389e-02  2.609010e-02 
   2.994100   303.000  5.351081e-02  5.842349e-02  3.756469e-02 
  10.985900   303.000  1.106934e-01  4.455822e-02  5.153786e-02 
  13.983100   303.000  1.286644e-01  3.884590e-02  5.217212e-02 
  17.960600   303.000  1.586777e-01  3.195480e-02  4.753364e-02 
   0.000000   306.000  5.581912e-02  1.084802e-01  4.928982e-02 
   2.994100   306.000  9.690754e-02  1.084705e-01  7.155430e-02 
  10.985900   306.000  1.896764e-01  7.918873e-02  9.750263e-02 
  13.983100   306.000  2.169348e-01  6.812059e-02  9.908672e-02 
  17.960600   306.000  2.594928e-01  5.435974e-02  9.266579e-02 
   0.000000   309.000  8.582170e-02  1.670100e-01  7.584950e-02 
   2.994100   309.000  1.453091e-01  1.642044e-01  1.102461e-01 
  10.985900   309.000  2.724536e-01  1.167402e-01  1.496017e-01 
  13.983100   309.000  3.078823e-01  9.974796e-02  1.525905e-01 
  17.960600   309.000  3.604439e-01  7.820780e-02  1.455553e-01 
   0.000000   312.000  1.248116e-01  2.431623e-01  1.103922e-01 
   2.994100   312.000  2.065444e-01  2.356980e-01  1.605500e-01 
  10.985900   312.000  3.725367e-01  1.643533e-01  2.174499e-01 
  13.983100   312.000  4.164875e-01  1.398577e-01  2.227098e-01 
  17.960600   312.000  4.783985e-01  1.082174e-01  2.165540e-01 
   0.000000   315.000  1.578228e-01  3.037967e-01  1.384858e-01 
   2.994100   315.000  2.562668e-01  2.909484e-01  2.005608e-01 
  10.985900   315.000  4.482820e-01  2.005885e-01  2.706019e-01 
  13.983100   315.000  4.973499e-01  1.706513e-01  2.777860e-01 
  17.960600   315.000  5.645062e-01  1.315108e-01  2.731587e-01 
   0.000000   318.000  1.805024e-01  3.390397e-01  1.558626e-01 
   2.994100   318.000  2.885368e-01  3.212972e-01  2.238041e-01 
  10.985900   318.000  4.927210e-01  2.202245e-01  3.001394e-01 
  13.983100   318.000  5.436829e-01  1.877437e-01  3.083946e-01 
  17.960600   318.000  6.125847e-01  1.448146e-01  3.050519e-01 
   0.000000   930.000  4.514576e-01  1.575359e-01  1.826980e-01 
   2.994100   930.000  6.373046e-01  1.909238e-01  1.389955e-01 
  10.985900   930.000  7.450340e-01  2.082042e-01  1.362102e-01 
  13.983100   930.000  7.536166e-01  2.035634e-01  1.369148e-01 
  17.960600   930.000  7.859157e-01  1.789178e-01  1.387453e-01 
   0.000000   933.000  2.884910e-01  9.127940e-02  1.139311e-01 
   2.994100   933.000  5.554644e-01  1.593857e-01  6.290612e-02 
  10.985900   933.000  7.429501e-01  2.026893e-01  6.241591e-02 
  13.983100   933.000  7.530192e-01  1.988463e-01  6.346124e-02 
  17.960600   933.000  7.856144e-01  1.750161e-01  6.659510e-02 
   0.000000   936.000  2.558788e-01  7.944238e-02  1.005964e-01 
   2.994100   936.000  5.355574e-01  1.523300e-01  5.186508e-02 
  10.985900   936.000  7.423825e-01  2.019177e-01  5.160935e-02 
  13.983100   936.000  7.528377e-01  1.982581e-01  5.269464e-02 
  17.960600   936.000  7.855093e-01  1.745437e-01  5.600281e-02 
   0.000000   939.000  4.456192e-01  1.530648e-01  1.796052e-01 
   2.994100   939.000  6.380023e-01  1.900481e-01  1.326150e-01 
  10.985900   939.000  7.450312e-01  2.079436e-01  1.294517e-01 
  13.983100   939.000  7.535404e-01  2.033157e-01  1.301893e-01 
  17.960600   939.000  7.858217e-01  1.787349e-01  1.321885e-01 
   0.000000   942.000  4.026013e-01  1.348420e-01  1.612330e-01 
   2.994100   942.000  6.168479e-01  1.816420e-01  1.097318e-01 
  10.985900   942.000  7.444699e-01  2.064016e-01  1.074608e-01 
  13.983100   942.000  7.533603e-01  2.019949e-01  1.082934e-01 
  17.960600   942.000  7.857172e-01  1.776416e-01  1.106755e-01 
   0.000000   945.000  3.493231e-01  1.134024e-01  1.388162e-01 
   2.994100   945.000  5.896935e-01  1.713776e-01  8.540258e-02 
  10.985900   945.000  7.437521e-01  2.047285e-01  8.404055e-02 
  13.983100   945.000  7.531373e-01  2.005803e-01  8.497554e-02 
  17.960600   945.000  7.855926e-01  1.764767e-01  8.776236e-02 
   0.000000   948.000  3.892331e-01  1.290916e-01  1.554974e-01 
   2.994100   948.000  6.097826e-01  1.788977e-01  1.032727e-01 
  10.985900   948.000  7.442301e-01  2.061156e-01  1.012453e-01 
  13.983100   948.000  7.532426e-01  2.017805e-01  1.020982e-01 
  17.960600   948.000  7.856228e-01  1.774800e-01  1.045925e-01 
   0.000000   951.000  4.235733e-01  1.432445e-01  1.700453e-01 
   2.994100   951.000  6.260985e-01  1.853374e-01  1.209733e-01 
  10.985900   951.000  7.446036e-01  2.074786e-01  1.183037e-01 
  13.983100   951.000  7.533191e-01  2.029838e-01  1.190743e-01 
  17.960600   951.000  7.856394e-01  1.784900e-01  1.212727e-01 
   0.000000   954.000  4.399673e-01  1.503552e-01  1.770968e-01 
   2.994100   954.000  6.327992e-01  1.882686e-01  1.306939e-01 
  10.985900   954.000  7.447237e-01  2.082823e-01  1.278062e-01 
  13.983100   954.000  7.533257e-01  2.037208e-01  1.285269e-01 
  17.960600   954.000  7.856230e-01  1.791137e-01  1.305520e-01 
   0.000000  1427.000  1.140634e-01  2.681206e-02  4.226264e-02 
   2.994100  1427.000  4.252256e-01  1.073504e-01  1.035788e-02 
  10.985900  1427.000  7.454554e-01  1.993543e-01  9.749622e-03 
  13.983100  1427.000  7.581387e-01  1.970521e-01  1.064606e-02 
  17.960600  1427.000  7.903472e-01  1.736913e-01  1.451979e-02 
   0.000000  1430.000  1.293776e-01  3.094888e-02  4.809796e-02 
   2.994100  1430.000  4.337006e-01  1.098862e-01  1.349466e-02 
  10.985900  1430.000  7.378660e-01  1.967639e-01  1.240572e-02 
  13.983100  1430.000  7.531883e-01  1.954310e-01  1.326391e-02 
  17.960600  1430.000  7.877597e-01  1.730813e-01  1.704713e-02 
   0.000000  1433.000  1.035522e-01  2.393353e-02  3.824571e-02 
   2.994100  1433.000  3.945929e-01  9.826512e-02  8.581655e-03 
  10.985900  1433.000  7.280670e-01  1.931473e-01  7.897436e-03 
  13.983100  1433.000  7.474414e-01  1.932336e-01  8.739087e-03 
  17.960600  1433.000  7.847645e-01  1.720629e-01  1.250801e-02 
   0.000000  1436.000  1.158368e-01  2.721062e-02  4.291422e-02 
   2.994100  1436.000  4.120270e-01  1.033237e-01  1.080378e-02 
  10.985900  1436.000  7.315680e-01  1.943920e-01  9.876977e-03 
  13.983100  1436.000  7.494777e-01  1.939754e-01  1.072086e-02 
  17.960600  1436.000  7.858557e-01  1.724074e-01  1.448824e-02 
   0.000000  1439.000  1.352923e-01  3.249310e-02  5.033561e-02 
   2.994100  1439.000  4.343377e-01  1.099633e-01  1.481733e-02 
  10.985900  1439.000  7.336480e-01  1.952473e-01  1.347102e-02 
  13.983100  1439.000  7.505421e-01  1.944689e-01  1.430744e-02 
  17.960600  1439.000  7.864303e-01  1.726800e-01  1.804525e-02 
   0.000000  1442.000  1.401680e-01  3.382273e-02  5.219721e-02 
   2.994100  1442.000  4.445747e-01  1.130444e-01  1.585165e-02 
  10.985900  1442.000  7.390673e-01  1.971362e-01  1.452410e-02 
  13.983100  1442.000  7.539175e-01  1.956239e-01  1.537606e-02 
  17.960600  1442.000  7.882295e-01  1.731706e-01  1.914034e-02 
   0.000000  1445.000  1.474920e-01  3.583514e-02  5.499813e-02 
   2.994100  1445.000  4.534407e-01  1.157504e-01  1.753146e-02 
  10.985900  1445.000  7.414022e-01  1.979981e-01  1.610700e-02 
  13.983100  1445.000  7.553310e-01  1.961546e-01  1.696197e-02 
  17.960600  1445.000  7.889932e-01  1.734133e-01  2.072508e-02 
   0.000000  1448.000  1.700862e-01  4.212553e-02  6.366354e-02 
   2.994100  1448.000  4.765852e-01  1.229719e-01  2.304976e-02 
  10.985900  1448.000  7.447953e-01  1.994456e-01  2.132187e-02 
  13.983100  1448.000  7.572516e-01  1.970436e-01  2.217385e-02 
  17.960600  1448.000  7.900171e-01  1.738872e-01  2.590269e-02 
   0.000000  1950.000  1.601103e-01  3.325560e-02  5.800974e-02 
   2.994100  1950.000  4.314246e-01  9.448501e-02  1.949769e-02 
  10.985900  1950.000  7.265989e-01  1.701136e-01  1.612003e-02 
  13.983100  1950.000  7.556298e-01  1.727691e-01  1.668220e-02 
  17.960600  1950.000  7.984189e-01  1.555385e-01  1.963551e-02 
   0.000000  1953.000  1.580775e-01  3.274721e-02  5.724741e-02 
   2.994100  1953.000  4.142084e-01  9.004723e-02  1.935331e-02 
  10.985900  1953.000  7.147437e-01  1.667287e-01  1.560435e-02 
  13.983100  1953.000  7.483903e-01  1.706074e-01  1.613494e-02 
  17.960600  1953.000  7.946962e-01  1.545375e-01  1.903534e-02 
   0.000000  1956.000  1.521194e-01  3.131045e-02  5.502898e-02 
   2.994100  1956.000  3.985044e-01  8.606157e-02  1.813889e-02 
  10.985900  1956.000  7.061173e-01  1.642300e-01  1.430428e-02 
  13.983100  1956.000  7.431489e-01  1.689890e-01  1.481854e-02 
  17.960600  1956.000  7.920054e-01  1.537482e-01  1.769169e-02 
   0.000000  1959.000  1.893579e-01  4.019852e-02  6.886693e-02 
   2.994100  1959.000  4.364914e-01  9.568120e-02  2.787094e-02 
  10.985900  1959.000  7.169754e-01  1.673536e-01  2.296982e-02 
  13.983100  1959.000  7.496964e-01  1.709633e-01  2.345409e-02 
  17.960600  1959.000  7.954978e-01  1.547163e-01  2.627218e-02 
   0.000000  1962.000  2.250236e-01  4.883455e-02  8.215744e-02 
   2.994100  1962.000  4.629794e-01  1.026099e-01  3.844150e-02 
  10.985900  1962.000  7.206374e-01  1.686135e-01  3.246960e-02 
  13.983100  1962.000  7.517961e-01  1.717961e-01  3.290050e-02 
  17.960600  1962.000  7.966534e-01  1.552057e-01  3.562105e-02 
   0.000000  1965.000  3.188352e-01  7.204802e-02  1.172649e-01 
   2.994100  1965.000  5.240099e-01  1.193859e-01  6.766072e-02 
  10.985900  1965.000  7.280424e-01  1.718033e-01  5.947634e-02 
  13.983100  1965.000  7.559190e-01  1.740528e-01  5.973160e-02 
  17.960600  1965.000  7.988567e-01  1.566863e-01  6.213702e-02 
   0.000000  1968.000  3.558592e-01  8.146626e-02  1.311976e-01 
   2.994100  1968.000  5.517322e-01  1.271996e-01  7.916822e-02 
  10.985900  1968.000  7.349110e-01  1.741272e-01  7.081342e-02 
  13.983100  1968.000  7.600458e-01  1.756068e-01  7.101783e-02 
  17.960600  1968.000  8.010648e-01  1.575443e-01  7.330335e-02 
   0.000000  1971.000  4.254614e-01  1.004966e-01  1.577874e-01 
   2.994100  1971.000  6.099321e-01  1.438916e-01  1.039454e-01 
  10.985900  1971.000  7.533206e-01  1.806266e-01  9.666932e-02 
  13.983100  1971.000  7.711190e-01  1.799961e-01  9.684986e-02 
  17.960600  1971.000  8.068624e-01  1.599546e-01  9.891440e-02 
   0.000000  1974.000  4.511783e-01  1.080878e-01  1.677798e-01 
   2.994100  1974.000  6.316732e-01  1.500716e-01  1.155222e-01 
  10.985900  1974.000  7.607014e-01  1.833773e-01  1.087500e-01 
  13.983100  1974.000  7.755923e-01  1.818502e-01  1.089438e-01 
  17.960600  1974.000  8.092322e-01  1.609744e-01  1.109099e-01 
   0.000000  1977.000  5.004039e-01  1.231653e-01  1.870708e-01 
   2.994100  1977.000  6.670083e-01  1.605096e-01  1.408406e-01 
  10.985900  1977.000  7.702058e-01  1.877010e-01  1.342877e-01 
  13.983100  1977.000  7.812543e-01  1.848966e-01  1.344807e-01 
  17.960600  1977.000  8.122054e-01  1.628316e-01  1.362030e-01 
   0.000000  1980.000  5.196196e-01  1.290991e-01  1.946156e-01 
   2.994100  1980.000  6.792754e-01  1.642246e-01  1.514981e-01 
  10.985900  1980.000  7.731324e-01  1.891421e-01  1.450021e-01 
  13.983100  1980.000  7.830290e-01  1.859287e-01  1.451945e-01 
  17.960600  1980.000  8.131801e-01  1.634828e-01  1.468047e-01 
   0.000000  1983.000  5.515963e-01  1.388118e-01  2.071224e-01 
   2.994100  1983.000  6.970754e-01  1.698855e-01  1.681784e-01 
  10.985900  1983.000  7.763863e-01  1.911274e-01  1.617371e-01 
  13.983100  1983.000  7.849616e-01  1.874252e-01  1.619184e-01 
  17.960600  1983.000  8.142349e-01  1.645034e-01  1.633343e-01 
   0.000000  1986.000  5.590608e-01  1.410731e-01  2.100402e-01 
   2.994100  1986.000  7.005870e-01  1.709798e-01  1.722305e-01 
  10.985900  1986.000  7.770644e-01  1.914648e-01  1.658443e-01 
  13.983100  1986.000  7.854183e-01  1.876770e-01  1.660181e-01 
  17.960600  1986.000  8.145318e-01  1.646679e-01  1.673756e-01 
   0.000000  1989.000  5.637009e-01  1.424077e-01  2.118326e-01 
   2.994100  1989.000  7.002963e-01  1.708973e-01  1.748682e-01 
  10.985900  1989.000  7.761449e-01  1.911054e-01  1.683346e-01 
  13.983100  1989.000  7.849197e-01  1.875120e-01  1.684626e-01 
  17.960600  1989.000  8.143381e-01  1.646141e-01  1.697506e-01 
   0.000000  1992.000  5.603899e-01  1.412062e-01  2.104741e-01 
   2.994100  1992.000  6.941712e-01  1.689862e-01  1.734169e-01 
  10.985900  1992.000  7.735243e-01  1.899759e-01  1.665242e-01 
  13.983100  1992.000  7.834176e-01  1.867325e-01  1.665800e-01 
  17.960600  1992.000  8.136315e-01  1.641798e-01  1.678300e-01 
   0.000000  1995.000  5.048891e-01  1.231078e-01  1.883991e-01 
   2.994100  1995.000  6.421179e-01  1.531202e-01  1.429354e-01 
  10.985900  1995.000  7.554938e-01  1.821311e-01  1.338198e-01 
  13.983100  1995.000  7.727271e-01  1.812739e-01  1.336549e-01 
  17.960600  1995.000  8.081950e-01  1.609621e-01  1.350778e-01 
   0.000000  1998.000  4.301178e-01  1.008996e-01  1.593042e-01 
   2.994100  1998.000  5.760618e-01  1.334945e-01  1.112156e-01 
  10.985900  1998.000  7.328183e-01  1.735339e-01  9.927697e-02 
  13.983100  1998.000  7.591527e-01  1.752833e-01  9.908483e-02 
  17.960600  1998.000  8.012192e-01  1.574907e-01  1.008057e-01 
