  300.000  2.025884e+00  2.860505e+00  9.772778e-01  2.002142e-01  3.979598e-01  1.555386e-01 
  301.000  3.834567e+00  5.440000e+00  1.854913e+00  3.788923e-01  7.602600e-01  2.952186e-01 
  302.000  4.565290e+00  6.478692e+00  2.208797e+00  4.510168e-01  9.084963e-01  3.515409e-01 
  303.000  1.103430e+01  1.572195e+01  5.351252e+00  1.089908e+00  2.213083e+00  8.516781e-01 
  304.000  1.275064e+01  1.809685e+01  6.169497e+00  1.259221e+00  2.554171e+00  9.819061e-01 
  305.000  1.966082e+01  2.798932e+01  9.530028e+00  1.941304e+00  3.963731e+00  1.516751e+00 
  306.000  2.003630e+01  2.836821e+01  9.680901e+00  1.978035e+00  4.026578e+00  1.540763e+00 
  307.000  2.876324e+01  4.068425e+01  1.388950e+01  2.839082e+00  5.789878e+00  2.210582e+00 
  308.000  3.645704e+01  5.137386e+01  1.756618e+01  3.597900e+00  7.327358e+00  2.795744e+00 
  309.000  3.678915e+01  5.149854e+01  1.765754e+01  3.630074e+00  7.358301e+00  2.810284e+00 
  310.000  3.916078e+01  5.466212e+01  1.876458e+01  3.863389e+00  7.829071e+00  2.986476e+00 
  311.000  6.765346e+01  9.343430e+01  3.221755e+01  6.673220e+00  1.340006e+01  5.127583e+00 
  312.000  6.343353e+01  8.708571e+01  3.010385e+01  6.255935e+00  1.251122e+01  4.791176e+00 
  313.000  7.502376e+01  1.021582e+02  3.543639e+01  7.397739e+00  1.469931e+01  5.639876e+00 
  314.000  8.488470e+01  1.143449e+02  3.984591e+01  8.368726e+00  1.647354e+01  6.341674e+00 
  315.000  9.070876e+01  1.213368e+02  4.240911e+01  8.941406e+00  1.750775e+01  6.749619e+00 
  316.000  7.470017e+01  9.865036e+01  3.467011e+01  7.362205e+00  1.424923e+01  5.517919e+00 
  317.000  1.161420e+02  1.518644e+02  5.360129e+01  1.144468e+01  2.196279e+01  8.530910e+00 
  318.000  1.018241e+02  1.316390e+02  4.669260e+01  1.003225e+01  1.905781e+01  7.431359e+00 
  319.000  1.205839e+02  1.548359e+02  5.508397e+01  1.187862e+01  2.244750e+01  8.766887e+00 
  320.000  1.339262e+02  1.680184e+02  6.038891e+01  1.319075e+01  2.436970e+01  9.611194e+00 
  321.000  1.338494e+02  1.679043e+02  6.035073e+01  1.318125e+01  2.439105e+01  9.605119e+00 
  322.000  1.402706e+02  1.720561e+02  6.246534e+01  1.381135e+01  2.500632e+01  9.941667e+00 
  323.000  1.242438e+02  1.508428e+02  5.501733e+01  1.223137e+01  2.194637e+01  8.756280e+00 
  324.000  1.570984e+02  1.893484e+02  6.928935e+01  1.546334e+01  2.758439e+01  1.102774e+01 
  325.000  1.606269e+02  1.890613e+02  6.993764e+01  1.580827e+01  2.754978e+01  1.113092e+01 
  326.000  2.149362e+02  2.510239e+02  9.319201e+01  2.114995e+01  3.662059e+01  1.483197e+01 
  327.000  2.177766e+02  2.511130e+02  9.377792e+01  2.142621e+01  3.666706e+01  1.492522e+01 
  328.000  2.060686e+02  2.325320e+02  8.772012e+01  2.027123e+01  3.396528e+01  1.396109e+01 
  329.000  2.322229e+02  2.600834e+02  9.846125e+01  2.284048e+01  3.803617e+01  1.567059e+01 
  330.000  2.616554e+02  2.889016e+02  1.101114e+02  2.573170e+01  4.228121e+01  1.752477e+01 
  331.000  2.263041e+02  2.445867e+02  9.417816e+01  2.225182e+01  3.580823e+01  1.498892e+01 
  332.000  2.383328e+02  2.552191e+02  9.871039e+01  2.343113e+01  3.740342e+01  1.571025e+01 
  333.000  2.376867e+02  2.507738e+02  9.769212e+01  2.336420e+01  3.677856e+01  1.554818e+01 
  334.000  2.324765e+02  2.409741e+02  9.469012e+01  2.284861e+01  3.535989e+01  1.507040e+01 
  335.000  2.494025e+02  2.555970e+02  1.009999e+02  2.450866e+01  3.753940e+01  1.607463e+01 
  336.000  2.107198e+02  2.129174e+02  8.472745e+01  2.070446e+01  3.129189e+01  1.348479e+01 
  337.000  2.082466e+02  2.067262e+02  8.299455e+01  2.045846e+01  3.039712e+01  1.320899e+01 
  338.000  2.403316e+02  2.353905e+02  9.514442e+01  2.360718e+01  3.463759e+01  1.514270e+01 
  339.000  2.598668e+02  2.512237e+02  1.022181e+02  2.552252e+01  3.699400e+01  1.626852e+01 
  340.000  2.917348e+02  2.773925e+02  1.138255e+02  2.864824e+01  4.086790e+01  1.811588e+01 
