 2999.000  3334.445  5.190967e-05 
 3003.000  3330.003  5.281722e-05 
 3008.000  3324.468  5.703471e-05 
 3012.000  3320.053  5.806446e-05 
 3017.000  3314.551  6.209737e-05 
 3021.000  3310.162  6.332497e-05 
 3026.000  3304.693  6.620761e-05 
 3030.000  3300.330  6.753147e-05 
 3035.000  3294.893  7.301590e-05 
 3040.000  3289.474  7.604297e-05 
 3044.000  3285.151  7.743814e-05 
 3049.000  3279.764  8.025356e-05 
 3053.000  3275.467  8.170976e-05 
 3058.000  3270.111  8.229163e-05 
 3063.000  3264.773  8.125987e-05 
 3067.000  3260.515  8.273868e-05 
 3072.000  3255.208  8.375305e-05 
 3077.000  3249.919  8.792010e-05 
 3082.000  3244.646  9.082208e-05 
 3086.000  3240.441  9.237471e-05 
 3091.000  3235.199  9.573642e-05 
 3096.000  3229.974  9.924873e-05 
 3101.000  3224.766  1.009341e-04 
 3106.000  3219.575  1.012147e-04 
 3110.000  3215.434  1.029533e-04 
 3115.000  3210.273  1.012975e-04 
 3120.000  3205.128  9.642126e-05 
 3125.000  3200.000  9.461273e-05 
 3130.000  3194.888  9.158409e-05 
 3135.000  3189.793  9.533780e-05 
 3140.000  3184.713  9.667508e-05 
 3145.000  3179.650  9.275309e-05 
 3150.000  3174.603  8.670652e-05 
 3155.000  3169.572  7.710826e-05 
 3160.000  3164.557  6.821127e-05 
 3165.000  3159.558  6.796497e-05 
 3170.000  3154.574  7.211082e-05 
 3175.000  3149.606  8.248783e-05 
 3180.000  3144.654  9.633654e-05 
 3185.000  3139.717  1.156726e-04 
 3190.000  3134.796  1.359468e-04 
 3195.000  3129.890  1.514623e-04 
 3200.000  3125.000  1.592185e-04 
 3205.000  3120.125  1.624909e-04 
 3210.000  3115.265  1.676325e-04 
 3215.000  3110.420  1.707499e-04 
 3221.000  3104.626  1.684457e-04 
 3226.000  3099.814  1.667022e-04 
 3231.000  3095.017  1.699195e-04 
 3236.000  3090.235  1.642408e-04 
 3241.000  3085.467  1.611629e-04 
 3247.000  3079.766  1.606985e-04 
 3252.000  3075.031  1.638548e-04 
 3257.000  3070.310  1.705004e-04 
 3263.000  3064.664  1.747306e-04 
 3268.000  3059.976  1.693009e-04 
 3273.000  3055.301  1.725152e-04 
 3279.000  3049.710  1.567871e-04 
 3284.000  3045.067  1.597677e-04 
 3289.000  3040.438  1.633589e-04 
 3295.000  3034.901  1.866288e-04 
 3300.000  3030.303  1.895238e-04 
 3306.000  3024.803  2.071107e-04 
 3311.000  3020.236  2.105362e-04 
 3317.000  3014.772  2.077650e-04 
 3322.000  3010.235  2.112424e-04 
 3328.000  3004.808  1.858036e-04 
 3333.000  3000.300  1.881304e-04 
 3339.000  2994.909  1.838601e-04 
 3344.000  2990.431  1.860163e-04 
 3350.000  2985.075  1.885437e-04 
 3356.000  2979.738  1.837915e-04 
 3361.000  2975.305  1.871247e-04 
 3367.000  2970.003  1.800420e-04 
 3373.000  2964.720  1.570633e-04 
 3378.000  2960.332  1.586322e-04 
 3384.000  2955.083  1.478793e-04 
 3390.000  2949.853  1.346705e-04 
 3396.000  2944.641  1.350314e-04 
 3401.000  2940.312  1.361593e-04 
 3407.000  2935.134  1.370532e-04 
 3413.000  2929.974  1.151182e-04 
 3419.000  2924.832  1.082849e-04 
 3425.000  2919.708  1.014772e-04 
 3431.000  2914.602  1.035197e-04 
 3436.000  2910.361  1.048770e-04 
 3442.000  2905.288  1.080629e-04 
 3448.000  2900.232  1.072645e-04 
 3454.000  2895.194  1.069454e-04 
 3460.000  2890.173  1.042015e-04 
 3466.000  2885.170  1.029127e-04 
 3472.000  2880.184  1.056055e-04 
 3478.000  2875.216  1.073921e-04 
 3484.000  2870.264  1.088601e-04 
 3490.000  2865.330  1.098407e-04 
 3497.000  2859.594  1.075771e-04 
 3503.000  2854.696  1.107977e-04 
 3509.000  2849.815  1.176173e-04 
 3515.000  2844.950  1.286004e-04 
 3521.000  2840.102  1.312102e-04 
 3527.000  2835.271  1.443173e-04 
 3534.000  2829.655  1.734624e-04 
 3540.000  2824.859  1.795828e-04 
 3546.000  2820.079  1.831553e-04 
 3552.000  2815.315  1.896359e-04 
 3559.000  2809.778  1.879072e-04 
 3565.000  2805.049  1.914512e-04 
 3571.000  2800.336  2.025376e-04 
 3578.000  2794.857  2.039717e-04 
 3584.000  2790.179  2.078269e-04 
 3591.000  2784.740  1.925063e-04 
 3597.000  2780.095  1.960710e-04 
 3604.000  2774.695  1.759693e-04 
 3610.000  2770.083  1.791691e-04 
 3617.000  2764.722  1.579443e-04 
 3623.000  2760.144  1.608574e-04 
 3630.000  2754.821  1.461296e-04 
 3636.000  2750.275  1.488857e-04 
 3643.000  2744.990  1.494122e-04 
 3650.000  2739.726  1.680462e-04 
 3656.000  2735.230  1.711175e-04 
 3663.000  2730.003  2.081156e-04 
 3670.000  2724.796  2.790397e-04 
 3676.000  2720.348  2.839622e-04 
 3683.000  2715.178  2.652046e-04 
 3690.000  2710.027  2.313008e-04 
 3697.000  2704.896  1.686430e-04 
 3704.000  2699.784  1.688867e-04 
 3711.000  2694.691  1.738284e-04 
 3717.000  2690.342  1.767471e-04 
 3724.000  2685.285  1.828126e-04 
 3731.000  2680.247  1.967151e-04 
 3738.000  2675.227  2.061876e-04 
 3745.000  2670.227  2.133276e-04 
 3752.000  2665.245  2.275350e-04 
 3759.000  2660.282  2.348472e-04 
 3766.000  2655.337  2.397383e-04 
 3774.000  2649.709  2.344222e-04 
 3781.000  2644.803  2.340854e-04 
 3788.000  2639.916  2.313641e-04 
 3795.000  2635.046  2.358984e-04 
 3802.000  2630.195  2.260865e-04 
 3810.000  2624.672  2.156655e-04 
 3817.000  2619.859  2.059965e-04 
 3824.000  2615.063  2.099100e-04 
 3831.000  2610.285  2.141341e-04 
 3839.000  2604.845  2.236265e-04 
 3846.000  2600.104  2.276734e-04 
 3854.000  2594.707  2.680861e-04 
 3861.000  2590.003  2.729186e-04 
 3868.000  2585.315  2.903466e-04 
 3876.000  2579.979  3.037557e-04 
 3883.000  2575.328  3.093448e-04 
 3891.000  2570.033  3.019215e-04 
 3899.000  2564.760  2.817417e-04 
 3906.000  2560.164  2.850051e-04 
 3914.000  2554.931  2.755436e-04 
 3922.000  2549.720  2.671469e-04 
 3929.000  2545.177  2.702223e-04 
 3937.000  2540.005  2.559076e-04 
 3945.000  2534.854  2.022025e-04 
 3953.000  2529.724  2.167430e-04 
 3960.000  2525.253  2.191846e-04 
 3968.000  2520.161  2.197593e-04 
 3976.000  2515.091  2.274532e-04 
 3984.000  2510.040  2.411534e-04 
 3992.000  2505.010  2.510637e-04 
 4000.000  2500.000  2.794797e-04 
 4008.000  2495.010  3.095033e-04 
 4016.000  2490.040  3.368847e-04 
 4024.000  2485.089  3.680464e-04 
 4032.000  2480.159  4.101295e-04 
 4040.000  2475.248  4.462439e-04 
 4049.000  2469.746  5.177587e-04 
 4057.000  2464.876  5.526263e-04 
 4065.000  2460.025  5.617653e-04 
 4073.000  2455.193  6.113478e-04 
 4082.000  2449.780  7.122668e-04 
 4090.000  2444.988  7.626633e-04 
 4098.000  2440.215  7.761674e-04 
 4107.000  2434.867  8.744529e-04 
 4115.000  2430.134  8.910010e-04 
 4124.000  2424.830  1.015345e-03 
 4132.000  2420.136  1.034322e-03 
 4141.000  2414.876  1.201911e-03 
 4149.000  2410.219  1.224302e-03 
 4158.000  2405.002  1.337595e-03 
 4167.000  2399.808  1.771385e-03 
 4175.000  2395.210  1.802920e-03 
 4184.000  2390.057  2.793022e-03 
 4193.000  2384.927  3.266325e-03 
 4202.000  2379.819  3.343267e-03 
 4211.000  2374.733  3.411355e-03 
 4219.000  2370.230  3.469378e-03 
 4228.000  2365.184  3.536623e-03 
 4237.000  2360.160  3.604041e-03 
 4246.000  2355.158  3.671395e-03 
 4255.000  2350.176  3.740948e-03 
 4264.000  2345.216  3.810052e-03 
 4274.000  2339.729  3.888634e-03 
 4283.000  2334.812  3.961757e-03 
 4292.000  2329.916  4.033248e-03 
 4301.000  2325.041  4.107083e-03 
 4310.000  2320.186  4.180688e-03 
 4320.000  2314.815  4.259561e-03 
 4329.000  2310.002  4.337182e-03 
 4338.000  2305.210  4.408847e-03 
 4348.000  2299.908  4.475618e-03 
 4357.000  2295.157  4.554271e-03 
 4367.000  2289.902  4.594756e-03 
 4376.000  2285.192  4.675585e-03 
 4386.000  2279.982  4.706864e-03 
 4396.000  2274.795  4.768771e-03 
 4405.000  2270.148  4.850804e-03 
 4415.000  2265.006  4.906838e-03 
 4425.000  2259.887  4.823627e-03 
 4435.000  2254.791  4.750565e-03 
 4444.000  2250.225  4.832000e-03 
 4454.000  2245.173  4.738786e-03 
 4464.000  2240.143  4.673908e-03 
 4474.000  2235.136  4.611779e-03 
 4484.000  2230.152  4.505167e-03 
 4494.000  2225.189  4.372726e-03 
 4505.000  2219.756  4.298456e-03 
 4515.000  2214.839  4.321643e-03 
 4525.000  2209.945  4.281564e-03 
 4535.000  2205.072  4.361031e-03 
 4545.000  2200.220  4.170600e-03 
 4556.000  2194.908  3.377531e-03 
 4566.000  2190.101  3.441804e-03 
 4577.000  2184.837  2.530868e-03 
 4587.000  2180.074  2.582010e-03 
 4598.000  2174.859  2.024536e-03 
 4608.000  2170.139  2.069555e-03 
 4619.000  2164.971  2.014806e-03 
 4630.000  2159.827  2.177117e-03 
 4640.000  2155.172  2.214729e-03 
 4651.000  2150.075  2.407604e-03 
 4662.000  2145.002  2.527992e-03 
 4673.000  2139.953  2.472503e-03 
 4684.000  2134.927  2.365858e-03 
 4695.000  2129.925  2.435880e-03 
 4706.000  2124.947  2.463237e-03 
 4717.000  2119.992  2.643165e-03 
 4728.000  2115.059  2.690509e-03 
 4739.000  2110.150  2.831012e-03 
 4751.000  2104.820  3.219372e-03 
 4762.000  2099.958  3.554315e-03 
 4773.000  2095.118  3.616557e-03 
 4785.000  2089.864  4.151928e-03 
 4796.000  2085.071  4.223761e-03 
 4808.000  2079.867  4.966395e-03 
 4819.000  2075.119  5.051041e-03 
 4831.000  2069.965  5.495878e-03 
 4843.000  2064.836  5.476824e-03 
 4854.000  2060.157  5.630745e-03 
 4866.000  2055.076  5.656890e-03 
 4878.000  2050.021  5.874486e-03 
 4890.000  2044.990  6.450046e-03 
 4902.000  2039.984  6.971634e-03 
 4914.000  2035.002  7.095303e-03 
 4926.000  2030.045  7.621230e-03 
 4938.000  2025.111  8.327674e-03 
 4950.000  2020.202  8.941327e-03 
 4963.000  2014.910  9.376925e-03 
 4975.000  2010.050  9.626674e-03 
 4988.000  2004.812  1.023193e-02 
 5000.000  2000.000  1.047746e-02 
 5013.000  1994.813  1.103409e-02 
 5025.000  1990.050  1.131066e-02 
 5038.000  1984.915  1.103206e-02 
 5051.000  1979.806  1.152841e-02 
 5063.000  1975.114  1.171788e-02 
 5076.000  1970.055  1.235914e-02 
 5089.000  1965.023  1.305509e-02 
 5102.000  1960.016  1.368719e-02 
 5115.000  1955.034  1.430434e-02 
 5128.000  1950.078  1.474451e-02 
 5141.000  1945.147  1.514173e-02 
 5155.000  1939.864  1.543477e-02 
 5168.000  1934.985  1.577241e-02 
 5181.000  1930.129  1.607021e-02 
 5195.000  1924.928  1.679567e-02 
 5208.000  1920.123  1.709036e-02 
 5222.000  1914.975  1.746666e-02 
 5236.000  1909.855  1.775423e-02 
 5249.000  1905.125  1.805187e-02 
 5263.000  1900.057  1.833526e-02 
 5277.000  1895.016  1.869325e-02 
 5291.000  1890.002  1.902409e-02 
 5305.000  1885.014  1.935787e-02 
 5319.000  1880.053  1.970920e-02 
 5333.000  1875.117  2.010236e-02 
 5348.000  1869.858  2.056577e-02 
 5362.000  1864.976  2.092730e-02 
 5376.000  1860.119  2.128592e-02 
 5391.000  1854.943  2.172793e-02 
 5405.000  1850.139  2.209780e-02 
 5420.000  1845.018  2.255510e-02 
 5435.000  1839.926  2.302025e-02 
 5450.000  1834.862  2.341064e-02 
 5464.000  1830.161  2.378672e-02 
 5479.000  1825.151  2.416680e-02 
 5495.000  1819.836  2.457434e-02 
 5510.000  1814.882  2.501503e-02 
 5525.000  1809.955  2.547402e-02 
 5540.000  1805.054  2.589114e-02 
 5556.000  1799.856  2.640721e-02 
 5571.000  1795.010  2.684352e-02 
 5587.000  1789.869  2.731770e-02 
 5602.000  1785.077  2.775762e-02 
 5618.000  1779.993  2.824382e-02 
 5634.000  1774.938  2.872040e-02 
 5650.000  1769.912  2.921166e-02 
 5666.000  1764.914  2.970781e-02 
 5682.000  1759.944  3.019979e-02 
 5698.000  1755.002  3.069696e-02 
 5714.000  1750.088  3.121422e-02 
 5731.000  1744.896  3.175357e-02 
 5747.000  1740.038  3.226520e-02 
 5764.000  1734.906  3.280434e-02 
 5780.000  1730.104  3.332557e-02 
 5797.000  1725.030  3.387897e-02 
 5814.000  1719.986  3.445362e-02 
 5831.000  1714.972  3.503506e-02 
 5848.000  1709.986  3.560876e-02 
 5865.000  1705.030  3.618770e-02 
 5882.000  1700.102  3.676736e-02 
 5900.000  1694.915  3.739838e-02 
 5917.000  1690.046  3.799282e-02 
 5935.000  1684.920  3.862601e-02 
 5952.000  1680.108  3.923076e-02 
 5970.000  1675.042  3.987445e-02 
 5988.000  1670.007  4.052384e-02 
 6006.000  1665.002  4.117048e-02 
 6024.000  1660.027  4.184057e-02 
 6042.000  1655.081  4.251011e-02 
 6061.000  1649.893  4.322156e-02 
 6079.000  1645.007  4.390881e-02 
 6098.000  1639.882  4.460726e-02 
 6116.000  1635.056  4.529704e-02 
 6135.000  1629.992  4.604315e-02 
 6154.000  1624.959  4.676763e-02 
 6173.000  1619.958  4.749287e-02 
 6192.000  1614.987  4.821407e-02 
 6211.000  1610.047  4.895951e-02 
 6231.000  1604.879  4.970360e-02 
 6250.000  1600.000  5.046256e-02 
 6270.000  1594.896  5.127377e-02 
 6289.000  1590.078  5.204376e-02 
 6309.000  1585.037  5.289835e-02 
 6329.000  1580.028  5.377851e-02 
 6349.000  1575.051  5.466203e-02 
 6369.000  1570.105  5.554605e-02 
 6390.000  1564.945  5.645465e-02 
 6410.000  1560.062  5.732454e-02 
 6431.000  1554.968  5.822674e-02 
 6452.000  1549.907  5.914263e-02 
 6472.000  1545.117  6.001398e-02 
 6494.000  1539.883  6.099414e-02 
 6515.000  1534.919  6.193439e-02 
 6536.000  1529.988  6.286943e-02 
 6557.000  1525.088  6.381557e-02 
 6579.000  1519.988  6.481205e-02 
 6601.000  1514.922  6.580918e-02 
 6623.000  1509.890  6.682339e-02 
 6645.000  1504.891  6.783383e-02 
 6667.000  1499.925  6.884377e-02 
 6689.000  1494.992  6.985898e-02 
 6711.000  1490.091  7.089398e-02 
 6734.000  1485.001  7.197794e-02 
 6757.000  1479.947  7.305535e-02 
 6780.000  1474.926  7.415941e-02 
 6803.000  1469.940  7.528736e-02 
 6826.000  1464.987  7.638953e-02 
 6849.000  1460.067  7.750240e-02 
 6873.000  1454.969  7.861153e-02 
 6897.000  1449.906  7.975359e-02 
 6920.000  1445.087  8.089981e-02 
 6944.000  1440.092  8.207668e-02 
 6969.000  1434.926  8.335548e-02 
 6993.000  1430.001  8.455056e-02 
 7018.000  1424.907  8.579064e-02 
 7042.000  1420.051  8.700331e-02 
 7067.000  1415.028  8.821535e-02 
 7092.000  1410.039  8.945596e-02 
 7117.000  1405.086  9.074645e-02 
 7143.000  1399.972  9.208886e-02 
 7168.000  1395.089  9.337954e-02 
 7194.000  1390.047  9.468829e-02 
 7220.000  1385.042  9.596163e-02 
 7246.000  1380.072  9.723311e-02 
 7273.000  1374.948  9.855046e-02 
 7299.000  1370.051  9.989307e-02 
 7326.000  1365.001  1.011823e-01 
 7353.000  1359.989  1.019520e-01 
 7380.000  1355.014  1.033768e-01 
 7407.000  1350.074  1.045063e-01 
 7435.000  1344.990  1.055670e-01 
 7463.000  1339.944  1.064041e-01 
 7491.000  1334.935  1.077072e-01 
 7519.000  1329.964  1.086211e-01 
 7547.000  1325.030  1.101090e-01 
 7576.000  1319.958  1.098509e-01 
 7605.000  1314.924  1.087812e-01 
 7634.000  1309.929  1.048934e-01 
 7663.000  1304.972  1.040130e-01 
 7692.000  1300.052  1.037467e-01 
 7722.000  1295.001  1.028627e-01 
 7752.000  1289.990  1.012319e-01 
 7782.000  1285.017  1.025679e-01 
 7813.000  1279.918  1.035069e-01 
 7843.000  1275.022  1.048563e-01 
 7874.000  1270.003  1.068523e-01 
 7905.000  1265.022  1.051671e-01 
 7937.000  1259.922  9.400545e-02 
 7968.000  1255.020  9.519566e-02 
 8000.000  1250.000  8.690966e-02 
 8032.000  1245.020  8.052939e-02 
 8065.000  1239.926  7.077844e-02 
 8097.000  1235.025  7.161835e-02 
 8130.000  1230.012  7.087746e-02 
 8163.000  1225.040  7.371179e-02 
 8197.000  1219.959  7.281526e-02 
 8230.000  1215.067  7.366445e-02 
 8264.000  1210.068  6.967296e-02 
 8299.000  1204.964  5.930212e-02 
 8333.000  1200.048  5.956843e-02 
 8368.000  1195.029  5.717000e-02 
 8403.000  1190.051  5.753193e-02 
 8439.000  1184.975  5.848635e-02 
 8475.000  1179.941  5.792587e-02 
 8511.000  1174.950  5.452275e-02 
 8547.000  1170.001  5.484522e-02 
 8584.000  1164.958  4.784270e-02 
 8621.000  1159.958  4.544666e-02 
 8658.000  1155.001  4.587717e-02 
 8696.000  1149.954  4.471972e-02 
 8734.000  1144.951  4.508782e-02 
 8772.000  1139.991  4.504753e-02 
 8811.000  1134.945  4.211888e-02 
 8850.000  1129.944  4.196216e-02 
 8889.000  1124.986  4.242434e-02 
 8929.000  1119.946  4.292594e-02 
 8969.000  1114.951  4.467555e-02 
 9009.000  1110.001  4.516724e-02 
 9050.000  1104.972  4.298863e-02 
 9091.000  1099.989  4.102213e-02 
 9132.000  1095.050  4.135377e-02 
 9174.000  1090.037  4.145094e-02 
 9217.000  1084.952  4.427802e-02 
 9259.000  1080.030  4.486308e-02 
 9302.000  1075.038  4.743876e-02 
 9346.000  1069.976  5.905576e-02 
 9390.000  1064.963  7.231338e-02 
 9434.000  1059.996  8.278594e-02 
 9479.000  1054.964  8.698037e-02 
 9524.000  1049.979  8.686247e-02 
 9569.000  1045.041  8.789521e-02 
 9615.000  1040.042  8.810879e-02 
 9662.000  1034.982  8.828764e-02 
 9709.000  1029.972  8.837115e-02 
 9756.000  1025.010  8.942366e-02 
 9804.000  1019.992  7.911813e-02 
 9852.000  1015.022  8.002936e-02 
 9901.000  1009.999  6.474118e-02 
 9950.000  1005.025  6.543496e-02 
10000.000  1000.000  5.940505e-02 
10050.000   995.025  5.547311e-02 
10101.000   990.001  5.425091e-02 
10152.000   985.028  5.547839e-02 
10204.000   980.008  5.803722e-02 
10256.000   975.039  6.081256e-02 
10309.000   970.026  6.208790e-02 
10363.000   964.972  6.157583e-02 
10417.000   959.969  6.363231e-02 
10471.000   955.019  6.422248e-02 
10526.000   950.029  6.553736e-02 
10582.000   945.001  6.656215e-02 
10638.000   940.026  6.715512e-02 
10695.000   935.016  6.773999e-02 
10753.000   929.973  7.071993e-02 
10811.000   924.984  7.188149e-02 
10870.000   919.963  7.475007e-02 
10929.000   914.997  7.484405e-02 
10989.000   910.001  7.674119e-02 
11050.000   904.977  7.728370e-02 
11111.000   900.009  7.929375e-02 
11173.000   895.015  8.298749e-02 
11236.000   889.996  9.098753e-02 
11299.000   885.034  9.166348e-02 
11364.000   879.972  9.418911e-02 
11429.000   874.967  9.458122e-02 
11494.000   870.019  9.693366e-02 
11561.000   864.977  1.036394e-01 
11628.000   859.993  1.130975e-01 
11696.000   854.993  1.143571e-01 
11765.000   849.979  1.151560e-01 
11834.000   845.023  1.158653e-01 
11905.000   839.983  1.149347e-01 
11976.000   835.003  1.156928e-01 
12048.000   830.013  1.180727e-01 
12121.000   825.014  1.234373e-01 
12195.000   820.008  1.290411e-01 
12270.000   814.996  1.520077e-01 
12346.000   809.979  1.678017e-01 
12422.000   805.023  1.687217e-01 
12500.000   800.000  1.806659e-01 
12579.000   794.976  1.833423e-01 
12658.000   790.014  1.864985e-01 
12739.000   784.991  1.861244e-01 
12821.000   779.970  1.924212e-01 
12903.000   775.014  1.933492e-01 
12987.000   770.001  2.036227e-01 
13072.000   764.994  2.382668e-01 
13158.000   759.994  2.663977e-01 
13245.000   755.002  2.678415e-01 
13333.000   750.019  2.914677e-01 
13423.000   744.990  3.226416e-01 
13514.000   739.973  3.354841e-01 
13605.000   735.024  3.372634e-01 
13699.000   729.980  3.572866e-01 
13793.000   725.005  3.591159e-01 
13889.000   719.994  3.764953e-01 
13986.000   715.001  3.783734e-01 
14085.000   709.975  3.877976e-01 
14184.000   705.020  3.895918e-01 
14286.000   699.986  3.946099e-01 
14388.000   695.024  3.963229e-01 
14493.000   689.988  3.992649e-01 
14599.000   684.978  4.011353e-01 
14706.000   679.995  4.028380e-01 
14815.000   674.992  4.044271e-01 
14925.000   670.017  4.058972e-01 
15038.000   664.982  4.072065e-01 
15152.000   659.979  4.084445e-01 
15267.000   655.008  4.097516e-01 
15385.000   649.984  4.102689e-01 
15504.000   644.995  4.106205e-01 
15625.000   640.000  4.117914e-01 
15748.000   635.001  4.115919e-01 
15873.000   630.001  4.108147e-01 
16000.000   625.000  4.093153e-01 
16129.000   620.001  4.070968e-01 
16260.000   615.006  4.043280e-01 
16393.000   610.016  4.012593e-01 
16529.000   604.997  3.970563e-01 
16667.000   599.988  3.989768e-01 
16807.000   594.990  3.996684e-01 
16949.000   590.005  4.010185e-01 
17094.000   585.001  4.030123e-01 
17241.000   580.013  4.055673e-01 
17391.000   575.010  4.065286e-01 
17544.000   569.995  4.073631e-01 
17699.000   565.004  4.072778e-01 
17857.000   560.004  4.070247e-01 
18018.000   555.001  4.086198e-01 
18182.000   549.995  4.115137e-01 
18349.000   544.989  4.110516e-01 
18519.000   539.986  4.126516e-01 
18692.000   534.988  4.127870e-01 
18868.000   529.998  4.148088e-01 
19048.000   524.990  4.156031e-01 
19231.000   519.994  4.159355e-01 
19417.000   515.013  4.151350e-01 
19608.000   509.996  4.143769e-01 
19802.000   504.999  4.128881e-01 
20000.000   500.000  4.120765e-01 
20202.000   495.000  4.108656e-01 
20408.000   490.004  4.099504e-01 
20619.000   484.990  4.093498e-01 
20833.000   480.008  4.080367e-01 
21053.000   474.992  4.071778e-01 
21277.000   469.991  4.057023e-01 
21505.000   465.008  4.039199e-01 
21739.000   460.003  4.022855e-01 
21978.000   455.000  4.004425e-01 
22222.000   450.005  3.983829e-01 
22472.000   444.998  3.962759e-01 
22727.000   440.005  3.940592e-01 
22989.000   434.991  3.919154e-01 
23256.000   429.997  3.895681e-01 
23529.000   425.007  3.869689e-01 
23810.000   419.992  3.842290e-01 
24096.000   415.007  3.814389e-01 
24390.000   410.004  3.784857e-01 
24691.000   405.006  3.755393e-01 
25000.000   400.000  3.725595e-01 
25316.000   395.007  3.694416e-01 
25641.000   390.000  3.661574e-01 
25974.000   385.000  3.627786e-01 
26316.000   379.997  3.592561e-01 
26667.000   374.995  3.556134e-01 
27027.000   370.000  3.518676e-01 
27397.000   365.003  3.480323e-01 
27778.000   359.997  3.441522e-01 
28169.000   355.000  3.400931e-01 
28571.000   350.005  3.359476e-01 
28986.000   344.994  3.316389e-01 
29412.000   339.997  3.272936e-01 
29851.000   334.997  3.228231e-01 
30303.000   330.000  3.182719e-01 
30769.000   325.002  3.136252e-01 
31250.000   320.000  3.088732e-01 
31746.000   315.000  3.040414e-01 
32258.000   310.001  2.991266e-01 
32787.000   304.999  2.941282e-01 
33333.000   300.003  2.890367e-01 
33898.000   295.003  2.838557e-01 
34483.000   289.998  2.786111e-01 
35088.000   284.998  2.732729e-01 
35714.000   280.002  2.678577e-01 
36364.000   274.997  2.623562e-01 
37037.000   270.000  2.568036e-01 
37736.000   264.999  2.511816e-01 
38462.000   259.997  2.454989e-01 
39216.000   254.998  2.397597e-01 
40000.000   250.000  2.339524e-01 
40816.000   245.002  2.281025e-01 
41667.000   239.998  2.221862e-01 
42553.000   235.001  2.162422e-01 
43478.000   230.001  2.102469e-01 
44444.000   225.002  2.042195e-01 
45455.000   219.998  1.981535e-01 
46512.000   214.998  1.920674e-01 
47619.000   210.000  1.859504e-01 
48780.000   205.002  1.798238e-01 
50000.000   200.000  1.736724e-01 
51282.000   195.000  1.675176e-01 
52632.000   189.998  1.613573e-01 
54054.000   185.000  1.552062e-01 
55556.000   179.999  1.490635e-01 
57143.000   175.000  1.429360e-01 
58824.000   169.999  1.368275e-01 
60606.000   165.000  1.307496e-01 
62500.000   160.000  1.247042e-01 
64516.000   155.000  1.187025e-01 
66667.000   149.999  1.127445e-01 
68966.000   144.999  1.068455e-01 
71429.000   139.999  1.010062e-01 
74074.000   135.000  9.524083e-02 
76923.000   130.000  8.955491e-02 
80000.000   125.000  8.395102e-02 
83333.000   120.000  7.844547e-02 
86957.000   114.999  7.304055e-02 
90909.000   110.000  6.774870e-02 
95238.000   105.000  6.257869e-02 
100000.000   100.000  5.753717e-02 
