  290.000  1.494547e-03 
  290.250  1.788817e-03 
  290.500  2.338745e-03 
  290.750  3.124094e-03 
  291.000  4.708991e-03 
  291.250  7.403704e-03 
  291.500  1.039796e-02 
  291.750  1.412971e-02 
  292.000  1.880656e-02 
  292.250  2.243780e-02 
  292.500  2.576941e-02 
  292.750  3.440167e-02 
  293.000  5.403213e-02 
  293.250  7.907752e-02 
  293.500  9.324877e-02 
  293.750  1.026797e-01 
  294.000  1.312692e-01 
  294.250  1.704884e-01 
  294.500  2.026829e-01 
  294.750  2.306056e-01 
  295.000  3.240455e-01 
  295.250  4.724721e-01 
  295.500  5.967820e-01 
  295.750  7.447165e-01 
  296.000  9.248195e-01 
  296.250  1.055114e+00 
  296.500  9.995095e-01 
  296.750  1.018548e+00 
  297.000  1.317994e+00 
  297.250  1.825520e+00 
  297.500  2.660489e+00 
  297.750  3.376783e+00 
  298.000  3.201688e+00 
  298.250  2.683084e+00 
  298.500  2.861031e+00 
  298.750  4.090535e+00 
  299.000  5.667017e+00 
  299.250  6.255945e+00 
  299.500  6.790495e+00 
  299.750  7.645987e+00 
  300.000  6.676933e+00 
  300.250  6.943563e+00 
  300.500  9.256180e+00 
  300.750  1.058000e+01 
  301.000  1.287656e+01 
  301.250  1.589268e+01 
  301.500  1.666729e+01 
  301.750  1.444748e+01 
  302.000  1.314278e+01 
  302.250  1.771815e+01 
  302.500  2.413448e+01 
  302.750  3.107381e+01 
  303.000  3.665562e+01 
  303.250  4.096940e+01 
  303.500  4.236405e+01 
  303.750  3.779437e+01 
  304.000  3.782685e+01 
  304.250  4.400842e+01 
  304.500  5.044279e+01 
  304.750  5.283444e+01 
  305.000  6.186133e+01 
  305.250  7.010043e+01 
  305.500  6.357280e+01 
  305.750  5.375172e+01 
  306.000  5.970388e+01 
  306.250  7.118279e+01 
  306.500  6.868803e+01 
  306.750  7.307263e+01 
  307.000  9.006944e+01 
  307.250  9.939902e+01 
  307.500  1.017212e+02 
  307.750  1.069706e+02 
  308.000  1.085099e+02 
  308.250  1.092162e+02 
  308.500  1.206578e+02 
  308.750  1.187917e+02 
  309.000  1.047206e+02 
  309.250  9.848380e+01 
  309.500  1.074803e+02 
  309.750  1.099002e+02 
  310.000  1.029896e+02 
  310.250  1.256955e+02 
  310.500  1.700645e+02 
  310.750  1.934936e+02 
  311.000  1.991119e+02 
  311.250  1.975802e+02 
  311.500  1.913276e+02 
  311.750  1.773965e+02 
  312.000  1.741137e+02 
  312.250  1.900613e+02 
  312.500  2.052271e+02 
  312.750  2.118346e+02 
  313.000  2.154849e+02 
  313.250  2.098980e+02 
  313.500  2.166824e+02 
  313.750  2.438675e+02 
  314.000  2.568508e+02 
  314.250  2.249252e+02 
  314.500  2.012075e+02 
  314.750  2.366283e+02 
  315.000  2.664629e+02 
  315.250  2.625771e+02 
  315.500  2.364055e+02 
  315.750  1.963788e+02 
  316.000  1.876182e+02 
  316.250  2.236973e+02 
  316.500  2.572579e+02 
  316.750  2.824218e+02 
  317.000  3.209200e+02 
  317.250  3.502803e+02 
  317.500  3.444041e+02 
  317.750  3.077834e+02 
  318.000  2.539761e+02 
  318.250  2.524236e+02 
  318.500  2.958030e+02 
  318.750  3.400220e+02 
  319.000  3.391095e+02 
  319.250  2.897125e+02 
  319.500  2.884598e+02 
  319.750  3.268504e+02 
  320.000  3.570889e+02 
  320.250  3.853954e+02 
  320.500  4.139618e+02 
  320.750  3.987261e+02 
  321.000  3.414623e+02 
  321.250  3.053087e+02 
  321.500  3.233979e+02 
  321.750  3.648990e+02 
  322.000  3.786852e+02 
  322.250  3.575175e+02 
  322.500  3.316503e+02 
  322.750  3.021816e+02 
  323.000  3.107616e+02 
  323.250  3.441300e+02 
  323.500  3.486245e+02 
  323.750  3.710542e+02 
  324.000  4.107566e+02 
  324.250  4.263090e+02 
  324.500  4.236937e+02 
  324.750  4.035150e+02 
  325.000  3.875998e+02 
  325.250  4.186063e+02 
  325.500  4.776376e+02 
  325.750  5.310483e+02 
  326.000  5.538161e+02 
  326.250  5.443444e+02 
  326.500  5.341604e+02 
  326.750  5.509088e+02 
  327.000  5.444430e+02 
  327.250  5.326476e+02 
  327.500  5.362906e+02 
  327.750  5.151313e+02 
  328.000  4.996420e+02 
  328.250  5.033588e+02 
  328.500  4.957026e+02 
  328.750  5.030133e+02 
  329.000  5.721182e+02 
  329.250  6.252924e+02 
  329.500  6.415914e+02 
  329.750  6.504736e+02 
  330.000  6.543682e+02 
  330.250  6.063012e+02 
  330.500  5.347256e+02 
  330.750  5.248507e+02 
  331.000  5.580499e+02 
  331.250  5.523712e+02 
  331.500  5.459432e+02 
  331.750  5.795007e+02 
  332.000  5.810881e+02 
  332.250  5.474025e+02 
  332.500  5.596968e+02 
  332.750  5.724624e+02 
  333.000  5.615552e+02 
  333.250  5.656108e+02 
  333.500  5.249158e+02 
  333.750  5.052654e+02 
  334.000  5.437932e+02 
  334.250  5.789130e+02 
  334.500  6.081633e+02 
  334.750  5.811443e+02 
  335.000  5.525874e+02 
  335.250  6.028873e+02 
  335.500  6.310190e+02 
  335.750  5.588434e+02 
  336.000  4.268724e+02 
  336.250  4.465709e+02 
  336.500  5.408541e+02 
  336.750  5.034922e+02 
  337.000  4.399460e+02 
  337.250  4.627821e+02 
  337.500  5.534997e+02 
  337.750  5.818663e+02 
  338.000  5.203363e+02 
  338.250  5.384645e+02 
  338.500  6.012263e+02 
  338.750  6.210973e+02 
  339.000  5.947738e+02 
  339.250  5.427054e+02 
  339.500  5.615649e+02 
  339.750  6.443379e+02 
  340.000  6.815686e+02 
  340.250  6.570304e+02 
  340.500  6.114568e+02 
  340.750  5.854320e+02 
  341.000  5.877717e+02 
  341.250  5.677867e+02 
  341.500  5.367010e+02 
  341.750  5.983909e+02 
  342.000  6.576754e+02 
  342.250  6.307214e+02 
  342.500  6.051055e+02 
  342.750  6.380336e+02 
  343.000  6.720797e+02 
  343.250  6.479651e+02 
  343.500  6.229926e+02 
  343.750  5.862416e+02 
  344.000  4.729304e+02 
  344.250  4.122527e+02 
  344.500  4.661531e+02 
  344.750  5.566989e+02 
  345.000  6.278445e+02 
  345.250  6.384446e+02 
  345.500  6.367238e+02 
  345.750  5.987808e+02 
  346.000  5.380227e+02 
  346.250  5.668140e+02 
  346.500  6.209794e+02 
  346.750  6.426575e+02 
  347.000  6.658398e+02 
  347.250  6.112027e+02 
  347.500  5.255483e+02 
  347.750  5.473563e+02 
  348.000  6.166383e+02 
  348.250  6.067991e+02 
  348.500  6.045616e+02 
  348.750  6.202906e+02 
  349.000  5.675293e+02 
  349.250  5.509194e+02 
  349.500  5.649142e+02 
  349.750  5.937307e+02 
  350.000  6.938901e+02 
  350.250  7.473209e+02 
  350.500  7.254595e+02 
  350.750  6.906482e+02 
  351.000  6.508671e+02 
  351.250  6.008585e+02 
  351.500  6.242885e+02 
  351.750  7.034183e+02 
  352.000  6.777509e+02 
  352.250  5.767462e+02 
  352.500  5.235354e+02 
  352.750  5.930532e+02 
  353.000  6.780449e+02 
  353.250  6.834191e+02 
  353.500  7.087875e+02 
  353.750  7.348473e+02 
  354.000  7.374069e+02 
  354.250  7.328312e+02 
  354.500  7.529941e+02 
  354.750  7.564620e+02 
  355.000  7.476367e+02 
  355.250  7.021321e+02 
  355.500  6.732045e+02 
  355.750  6.840958e+02 
  356.000  6.985984e+02 
  356.250  7.009094e+02 
  356.500  6.008483e+02 
  356.750  5.129890e+02 
  357.000  4.993702e+02 
  357.250  5.496010e+02 
  357.500  6.157802e+02 
  357.750  5.873272e+02 
  358.000  4.778504e+02 
  358.250  4.176642e+02 
  358.500  4.225598e+02 
  358.750  4.606131e+02 
  359.000  5.813269e+02 
  359.250  6.797815e+02 
  359.500  7.333431e+02 
  359.750  7.838969e+02 
  360.000  7.804573e+02 
  360.250  7.017147e+02 
  360.500  6.211235e+02 
  360.750  5.790359e+02 
  361.000  5.653715e+02 
  361.250  6.293973e+02 
  361.500  6.586626e+02 
  361.750  5.835916e+02 
  362.000  5.484050e+02 
  362.250  6.679097e+02 
  362.500  7.784204e+02 
  362.750  8.141450e+02 
  363.000  6.934750e+02 
  363.250  5.898287e+02 
  363.500  6.478801e+02 
  363.750  7.364476e+02 
  364.000  7.901102e+02 
  364.250  7.493557e+02 
  364.500  6.660834e+02 
  364.750  6.253621e+02 
  365.000  6.755073e+02 
  365.250  7.907357e+02 
  365.500  8.592400e+02 
  365.750  8.946296e+02 
  366.000  9.119241e+02 
  366.250  8.802095e+02 
  366.500  8.499512e+02 
  366.750  8.328010e+02 
  367.000  8.280696e+02 
  367.250  8.712042e+02 
  367.500  8.629391e+02 
  367.750  7.882736e+02 
  368.000  7.460743e+02 
  368.250  7.772049e+02 
  368.500  7.686505e+02 
  368.750  7.404237e+02 
  369.000  8.265082e+02 
  369.250  8.910582e+02 
  369.500  8.675684e+02 
  369.750  8.976315e+02 
  370.000  9.344373e+02 
  370.250  8.585732e+02 
  370.500  7.143489e+02 
  370.750  6.715017e+02 
  371.000  7.688616e+02 
  371.250  9.211747e+02 
  371.500  9.696549e+02 
  371.750  8.321110e+02 
  372.000  6.272444e+02 
  372.250  6.284249e+02 
  372.500  7.761426e+02 
  372.750  8.104197e+02 
  373.000  7.794000e+02 
  373.250  6.427415e+02 
  373.500  4.930782e+02 
  373.750  5.671835e+02 
  374.000  7.496550e+02 
  374.250  7.427106e+02 
  374.500  5.972901e+02 
  374.750  5.217463e+02 
  375.000  5.924967e+02 
  375.250  8.042411e+02 
  375.500  9.018296e+02 
  375.750  7.898049e+02 
  376.000  7.257316e+02 
  376.250  7.660739e+02 
  376.500  7.602720e+02 
  376.750  7.644913e+02 
  377.000  8.085483e+02 
  377.250  8.913031e+02 
  377.500  9.501968e+02 
  377.750  9.755625e+02 
  378.000  1.023205e+03 
  378.250  1.045533e+03 
  378.500  9.672099e+02 
  378.750  8.363243e+02 
  379.000  7.996844e+02 
  379.250  7.943149e+02 
  379.500  7.307960e+02 
  379.750  6.878788e+02 
  380.000  7.591512e+02 
  380.250  8.961122e+02 
  380.500  9.221382e+02 
  380.750  8.978239e+02 
  381.000  9.218454e+02 
  381.250  8.432772e+02 
  381.500  7.125381e+02 
  381.750  6.846379e+02 
  382.000  6.482864e+02 
  382.250  6.123472e+02 
  382.500  5.560152e+02 
  382.750  5.035984e+02 
  383.000  5.204155e+02 
  383.250  4.993448e+02 
  383.500  4.967590e+02 
  383.750  5.061591e+02 
  384.000  5.406575e+02 
  384.250  6.927638e+02 
  384.500  8.083735e+02 
  384.750  8.167842e+02 
  385.000  7.904628e+02 
  385.250  7.863263e+02 
  385.500  7.389492e+02 
  385.750  6.437870e+02 
  386.000  6.205107e+02 
  386.250  7.583410e+02 
  386.500  8.412029e+02 
  386.750  7.828740e+02 
  387.000  6.887364e+02 
  387.250  6.857469e+02 
  387.500  7.953939e+02 
  387.750  7.751126e+02 
  388.000  7.098658e+02 
  388.250  7.194094e+02 
  388.500  7.151135e+02 
  388.750  6.863790e+02 
  389.000  7.700717e+02 
  389.250  8.908881e+02 
  389.500  9.280680e+02 
  389.750  9.424087e+02 
  390.000  9.268864e+02 
  390.250  8.773616e+02 
  390.500  8.426157e+02 
  390.750  9.120122e+02 
  391.000  1.006324e+03 
  391.250  1.036555e+03 
  391.500  1.014940e+03 
  391.750  9.460731e+02 
  392.000  8.503936e+02 
  392.250  8.076777e+02 
  392.500  7.775587e+02 
  392.750  6.209154e+02 
  393.000  4.233542e+02 
  393.250  2.945492e+02 
  393.500  3.066855e+02 
  393.750  4.726913e+02 
  394.000  6.473312e+02 
  394.250  7.283488e+02 
  394.500  8.054078e+02 
  394.750  9.197298e+02 
  395.000  9.854249e+02 
  395.250  1.002468e+03 
  395.500  9.947450e+02 
  395.750  9.764339e+02 
  396.000  8.726073e+02 
  396.250  6.782126e+02 
  396.500  5.109682e+02 
  396.750  3.592670e+02 
  397.000  3.738953e+02 
  397.250  5.701758e+02 
  397.500  7.852301e+02 
  397.750  9.699279e+02 
  398.000  1.088407e+03 
  398.250  1.105551e+03 
  398.500  1.109950e+03 
  398.750  1.160282e+03 
  399.000  1.208418e+03 
  399.250  1.225947e+03 
  399.500  1.201413e+03 
  399.750  1.193506e+03 
  400.000  1.257422e+03 
  400.250  1.266077e+03 
  400.500  1.186422e+03 
  400.750  1.200867e+03 
  401.000  1.286183e+03 
  401.250  1.309015e+03 
  401.500  1.302672e+03 
  401.750  1.294848e+03 
  402.000  1.312284e+03 
  402.250  1.314368e+03 
  402.500  1.318314e+03 
  402.750  1.320825e+03 
  403.000  1.222273e+03 
  403.250  1.146958e+03 
  403.500  1.244678e+03 
  403.750  1.373000e+03 
  404.000  1.378749e+03 
  404.250  1.275404e+03 
  404.500  1.131127e+03 
  404.750  1.203195e+03 
  405.000  1.353387e+03 
  405.250  1.322548e+03 
  405.500  1.245883e+03 
  405.750  1.219433e+03 
  406.000  1.230113e+03 
  406.250  1.164522e+03 
  406.500  1.143806e+03 
  406.750  1.235893e+03 
  407.000  1.235592e+03 
  407.250  1.205375e+03 
  407.500  1.207246e+03 
  407.750  1.196887e+03 
  408.000  1.284242e+03 
  408.250  1.301261e+03 
  408.500  1.324561e+03 
  408.750  1.402041e+03 
  409.000  1.387065e+03 
  409.250  1.326357e+03 
  409.500  1.246731e+03 
  409.750  1.137940e+03 
  410.000  1.027785e+03 
  410.250  1.080106e+03 
  410.500  1.240074e+03 
  410.750  1.297355e+03 
  411.000  1.321236e+03 
  411.250  1.382821e+03 
  411.500  1.411040e+03 
  411.750  1.369448e+03 
  412.000  1.352478e+03 
  412.250  1.366525e+03 
  412.500  1.349899e+03 
  412.750  1.317211e+03 
  413.000  1.272599e+03 
  413.250  1.258971e+03 
  413.500  1.358014e+03 
  413.750  1.429903e+03 
  414.000  1.366991e+03 
  414.250  1.266994e+03 
  414.500  1.313490e+03 
  414.750  1.360915e+03 
  415.000  1.334441e+03 
  415.250  1.295139e+03 
  415.500  1.281352e+03 
  415.750  1.338330e+03 
  416.000  1.412376e+03 
  416.250  1.439823e+03 
  416.500  1.397385e+03 
  416.750  1.347694e+03 
  417.000  1.291811e+03 
  417.250  1.238298e+03 
  417.500  1.269364e+03 
  417.750  1.305178e+03 
  418.000  1.309295e+03 
  418.250  1.295305e+03 
  418.500  1.277340e+03 
  418.750  1.274253e+03 
  419.000  1.349530e+03 
  419.250  1.376872e+03 
  419.500  1.290373e+03 
  419.750  1.183825e+03 
  420.000  1.155673e+03 
  420.250  1.202030e+03 
  420.500  1.289276e+03 
  420.750  1.387580e+03 
  421.000  1.432360e+03 
  421.250  1.386680e+03 
  421.500  1.317989e+03 
  421.750  1.332744e+03 
  422.000  1.421691e+03 
  422.250  1.429209e+03 
  422.500  1.274478e+03 
  422.750  1.163720e+03 
  423.000  1.233413e+03 
  423.250  1.304417e+03 
  423.500  1.252002e+03 
  423.750  1.165472e+03 
  424.000  1.178561e+03 
  424.250  1.258597e+03 
  424.500  1.314052e+03 
  424.750  1.290537e+03 
  425.000  1.195828e+03 
  425.250  1.149851e+03 
  425.500  1.243338e+03 
  425.750  1.370796e+03 
  426.000  1.346672e+03 
  426.250  1.246218e+03 
  426.500  1.291889e+03 
  426.750  1.350525e+03 
  427.000  1.247655e+03 
  427.250  1.091275e+03 
  427.500  1.072295e+03 
  427.750  1.171942e+03 
  428.000  1.247181e+03 
  428.250  1.290543e+03 
  428.500  1.284146e+03 
  428.750  1.185498e+03 
  429.000  1.058137e+03 
  429.250  1.027821e+03 
  429.500  1.080227e+03 
  429.750  1.044364e+03 
  430.000  9.240332e+02 
  430.250  8.412109e+02 
  430.500  8.063859e+02 
  430.750  7.543515e+02 
  431.000  7.205560e+02 
  431.250  8.517141e+02 
  431.500  1.147025e+03 
  431.750  1.433761e+03 
  432.000  1.514436e+03 
  432.250  1.337779e+03 
  432.500  1.132546e+03 
  432.750  1.177478e+03 
  433.000  1.359186e+03 
  433.250  1.479484e+03 
  433.500  1.510711e+03 
  433.750  1.377022e+03 
  434.000  1.172314e+03 
  434.250  1.156502e+03 
  434.500  1.297253e+03 
  434.750  1.398239e+03 
  435.000  1.390727e+03 
  435.250  1.348797e+03 
  435.500  1.366054e+03 
  435.750  1.445575e+03 
  436.000  1.529200e+03 
  436.250  1.580914e+03 
  436.500  1.607459e+03 
  436.750  1.577646e+03 
  437.000  1.487518e+03 
  437.250  1.409825e+03 
  437.500  1.376867e+03 
  437.750  1.387323e+03 
  438.000  1.415219e+03 
  438.250  1.310578e+03 
  438.500  1.081222e+03 
  438.750  1.058279e+03 
  439.000  1.249836e+03 
  439.250  1.370595e+03 
  439.500  1.385592e+03 
  439.750  1.360343e+03 
  440.000  1.316415e+03 
  440.250  1.277022e+03 
  440.500  1.270432e+03 
  440.750  1.321115e+03 
  441.000  1.426844e+03 
  441.250  1.489897e+03 
  441.500  1.417447e+03 
  441.750  1.387108e+03 
  442.000  1.510762e+03 
  442.250  1.556108e+03 
  442.500  1.484383e+03 
  442.750  1.453969e+03 
  443.000  1.459973e+03 
  443.250  1.436687e+03 
  443.500  1.397776e+03 
  443.750  1.435146e+03 
  444.000  1.509551e+03 
  444.250  1.469227e+03 
  444.500  1.409342e+03 
  444.750  1.457355e+03 
  445.000  1.496786e+03 
  445.250  1.438118e+03 
  445.500  1.333679e+03 
  445.750  1.289979e+03 
  446.000  1.338946e+03 
  446.250  1.416515e+03 
  446.500  1.476693e+03 
  446.750  1.506467e+03 
  447.000  1.513705e+03 
  447.250  1.532535e+03 
  447.500  1.583109e+03 
  447.750  1.627779e+03 
  448.000  1.616711e+03 
  448.250  1.555637e+03 
  448.500  1.533136e+03 
  448.750  1.572082e+03 
  449.000  1.566734e+03 
  449.250  1.504582e+03 
  449.500  1.472608e+03 
  449.750  1.515549e+03 
  450.000  1.606171e+03 
  450.250  1.680274e+03 
  450.500  1.717784e+03 
  450.750  1.726131e+03 
  451.000  1.704195e+03 
  451.250  1.668524e+03 
  451.500  1.642215e+03 
  451.750  1.618794e+03 
  452.000  1.592585e+03 
  452.250  1.569946e+03 
  452.500  1.521609e+03 
  452.750  1.438786e+03 
  453.000  1.400149e+03 
  453.250  1.420961e+03 
  453.500  1.427257e+03 
  453.750  1.446233e+03 
  454.000  1.523359e+03 
  454.250  1.584883e+03 
  454.500  1.580279e+03 
  454.750  1.552227e+03 
  455.000  1.564936e+03 
  455.250  1.614954e+03 
  455.500  1.610128e+03 
  455.750  1.565543e+03 
  456.000  1.584594e+03 
  456.250  1.623171e+03 
  456.500  1.616680e+03 
  456.750  1.626775e+03 
  457.000  1.664529e+03 
  457.250  1.669707e+03 
  457.500  1.654898e+03 
  457.750  1.637621e+03 
  458.000  1.572036e+03 
  458.250  1.490979e+03 
  458.500  1.494252e+03 
  458.750  1.566832e+03 
  459.000  1.627408e+03 
  459.250  1.638727e+03 
  459.500  1.616061e+03 
  459.750  1.599255e+03 
  460.000  1.587835e+03 
  460.250  1.570409e+03 
  460.500  1.572447e+03 
  460.750  1.595123e+03 
  461.000  1.601925e+03 
  461.250  1.599460e+03 
  461.500  1.607773e+03 
  461.750  1.591144e+03 
  462.000  1.549268e+03 
  462.250  1.554149e+03 
  462.500  1.597891e+03 
  462.750  1.606742e+03 
  463.000  1.586245e+03 
  463.250  1.566762e+03 
  463.500  1.535256e+03 
  463.750  1.518496e+03 
  464.000  1.573036e+03 
  464.250  1.642068e+03 
  464.500  1.629609e+03 
  464.750  1.559770e+03 
  465.000  1.503204e+03 
  465.250  1.498509e+03 
  465.500  1.542339e+03 
  465.750  1.596009e+03 
  466.000  1.616874e+03 
  466.250  1.582735e+03 
  466.500  1.513919e+03 
  466.750  1.466683e+03 
  467.000  1.500193e+03 
  467.250  1.590432e+03 
  467.500  1.650525e+03 
  467.750  1.640542e+03 
  468.000  1.582111e+03 
  468.250  1.540675e+03 
  468.500  1.548015e+03 
  468.750  1.572093e+03 
  469.000  1.596691e+03 
  469.250  1.624348e+03 
  469.500  1.629743e+03 
  469.750  1.593115e+03 
  470.000  1.542876e+03 
  470.250  1.511012e+03 
  470.500  1.504378e+03 
  470.750  1.523513e+03 
  471.000  1.560075e+03 
  471.250  1.579592e+03 
  471.500  1.562956e+03 
  471.750  1.560659e+03 
  472.000  1.605936e+03 
  472.250  1.650804e+03 
  472.500  1.648882e+03 
  472.750  1.597995e+03 
  473.000  1.542035e+03 
  473.250  1.531198e+03 
  473.500  1.544591e+03 
  473.750  1.545657e+03 
  474.000  1.552890e+03 
  474.250  1.578832e+03 
  474.500  1.597688e+03 
  474.750  1.606946e+03 
  475.000  1.630075e+03 
  475.250  1.649707e+03 
  475.500  1.634980e+03 
  475.750  1.617369e+03 
  476.000  1.628045e+03 
  476.250  1.623931e+03 
  476.500  1.585262e+03 
  476.750  1.570504e+03 
  477.000  1.603196e+03 
  477.250  1.643226e+03 
  477.500  1.667817e+03 
  477.750  1.679316e+03 
  478.000  1.677854e+03 
  478.250  1.660549e+03 
  478.500  1.625224e+03 
  478.750  1.581534e+03 
  479.000  1.558204e+03 
  479.250  1.572067e+03 
  479.500  1.609921e+03 
  479.750  1.642368e+03 
  480.000  1.640022e+03 
  480.250  1.613456e+03 
  480.500  1.598317e+03 
  480.750  1.596735e+03 
  481.000  1.594968e+03 
  481.250  1.600520e+03 
  481.500  1.621573e+03 
  481.750  1.645114e+03 
  482.000  1.655607e+03 
  482.250  1.648422e+03 
  482.500  1.629251e+03 
  482.750  1.612515e+03 
  483.000  1.608873e+03 
  483.250  1.618238e+03 
  483.500  1.621226e+03 
  483.750  1.595125e+03 
  484.000  1.556443e+03 
  484.250  1.535922e+03 
  484.500  1.529555e+03 
  484.750  1.524138e+03 
  485.000  1.527994e+03 
  485.250  1.543555e+03 
  485.500  1.544623e+03 
  485.750  1.491143e+03 
  486.000  1.351468e+03 
  486.250  1.198448e+03 
  486.500  1.203406e+03 
  486.750  1.347954e+03 
  487.000  1.423034e+03 
  487.250  1.398515e+03 
  487.500  1.406349e+03 
  487.750  1.470525e+03 
  488.000  1.529466e+03 
  488.250  1.551696e+03 
  488.500  1.531468e+03 
  488.750  1.474092e+03 
  489.000  1.410713e+03 
  489.250  1.417223e+03 
  489.500  1.526421e+03 
  489.750  1.636673e+03 
  490.000  1.661990e+03 
  490.250  1.644766e+03 
  490.500  1.624010e+03 
  490.750  1.569600e+03 
  491.000  1.494742e+03 
  491.250  1.488481e+03 
  491.500  1.541351e+03 
  491.750  1.513619e+03 
  492.000  1.399117e+03 
  492.250  1.356812e+03 
  492.500  1.434485e+03 
  492.750  1.541200e+03 
  493.000  1.606090e+03 
  493.250  1.602127e+03 
  493.500  1.547176e+03 
  493.750  1.493492e+03 
  494.000  1.485790e+03 
  494.250  1.545139e+03 
  494.500  1.631068e+03 
  494.750  1.676648e+03 
  495.000  1.679013e+03 
  495.250  1.668526e+03 
  495.500  1.641852e+03 
  495.750  1.591244e+03 
  496.000  1.559435e+03 
  496.250  1.586127e+03 
  496.500  1.616428e+03 
  496.750  1.586192e+03 
  497.000  1.549524e+03 
  497.250  1.575351e+03 
  497.500  1.611025e+03 
  497.750  1.579372e+03 
  498.000  1.490609e+03 
  498.250  1.401385e+03 
  498.500  1.386601e+03 
  498.750  1.478995e+03 
  499.000  1.580987e+03 
  499.250  1.593035e+03 
  499.500  1.552824e+03 
  499.750  1.528282e+03 
  500.000  1.522577e+03 
