                                                         |                        -1.000000000 ( 90.00)                          
65.00  0.00 356.00 8.499153e-05 2.000000e+17 4.249577e-22  3.294565529e-02 3.293919936e-02  2.305831513 4.611663e+17 4.611662e+17 
66.00  0.00 356.00 8.499153e-05 2.000000e+17 4.249577e-22  3.202542290e-02 3.201910108e-02  2.322814208 4.645628e+17 4.645628e+17 
67.00  0.00 356.00 8.499153e-05 2.000000e+17 4.249577e-22  3.108393587e-02 3.107775375e-02  2.340286191 4.680572e+17 4.680572e+17 
68.00  0.00 356.00 8.499153e-05 2.000000e+17 4.249577e-22  3.011947684e-02 3.011344373e-02  2.357011339 4.714023e+17 4.714022e+17 
69.00  0.00 356.00 8.499153e-05 2.000000e+17 4.249577e-22  2.913016826e-02 2.912428789e-02  2.375362253 4.750725e+17 4.750724e+17 
70.00  0.00 356.00 8.499153e-05 2.000000e+17 4.249577e-22  2.811395191e-02 2.810823172e-02  2.394181634 4.788363e+17 4.788363e+17 
71.00  0.00 356.00 8.499153e-05 2.000000e+17 4.249577e-22  2.706859820e-02 2.706304751e-02  2.412959831 4.825920e+17 4.825919e+17 
72.00  0.00 356.00 8.499153e-05 2.000000e+17 4.249577e-22  2.599171549e-02 2.598634362e-02  2.431978803 4.863958e+17 4.863957e+17 
73.00  0.00 356.00 8.499153e-05 2.000000e+17 4.249577e-22  2.488077618e-02 2.487559244e-02  2.451595885 4.903192e+17 4.903191e+17 
74.00  0.00 356.00 8.499153e-05 2.000000e+17 4.249577e-22  2.373315766e-02 2.372817136e-02  2.472252694 4.944505e+17 4.944505e+17 
75.00  0.00 356.00 8.499153e-05 2.000000e+17 4.249577e-22  2.254619449e-02 2.254141867e-02  2.492556747 4.985113e+17 4.985113e+17 
76.00  0.00 356.00 8.499153e-05 2.000000e+17 4.249577e-22  2.131731249e-02 2.131276019e-02  2.512864966 5.025730e+17 5.025729e+17 
77.00  0.00 356.00 8.499153e-05 2.000000e+17 4.249577e-22  2.004416846e-02 2.003985643e-02  2.531423459 5.062847e+17 5.062846e+17 
78.00  0.00 356.00 8.499153e-05 2.000000e+17 4.249577e-22  1.872490719e-02 1.872084849e-02  2.550578545 5.101157e+17 5.101156e+17 
79.00  0.00 356.00 8.499153e-05 2.000000e+17 4.249577e-22  1.735851169e-02 1.735472679e-02  2.565745806 5.131492e+17 5.131491e+17 
80.00  0.00 356.00 8.499153e-05 2.000000e+17 4.249577e-22  1.594530232e-02 1.594180614e-02  2.580078948 5.160158e+17 5.160157e+17 
81.00  0.00 356.00 8.499153e-05 2.000000e+17 4.249577e-22  1.448763255e-02 1.448444836e-02  2.586268646 5.172537e+17 5.172537e+17 
82.00  0.00 356.00 8.499153e-05 2.000000e+17 4.249577e-22  1.299081463e-02 1.298796013e-02  2.585626158 5.171252e+17 5.171252e+17 
83.00  0.00 356.00 8.499153e-05 2.000000e+17 4.249577e-22  1.146424934e-02 1.146174129e-02  2.574319401 5.148639e+17 5.148638e+17 
84.00  0.00 356.00 8.499153e-05 2.000000e+17 4.249577e-22  9.922702797e-03 9.920556098e-03  2.545730966 5.091462e+17 5.091461e+17 
85.00  0.00 356.00 8.499153e-05 2.000000e+17 4.249577e-22  8.387396112e-03 8.385616355e-03  2.496916331 4.993833e+17 4.993832e+17 
86.00  0.00 356.00 8.499153e-05 2.000000e+17 4.249577e-22  6.886383519e-03 6.884966511e-03  2.421308546 4.842617e+17 4.842617e+17 
87.00  0.00 356.00 8.499153e-05 2.000000e+17 4.249577e-22  5.453539081e-03 5.452465266e-03  2.316957937 4.633916e+17 4.633915e+17 
88.00  0.00 356.00 8.499153e-05 2.000000e+17 4.249577e-22  4.126182757e-03 4.125416279e-03  2.185827709 4.371655e+17 4.371655e+17 
89.00  0.00 356.00 8.499153e-05 2.000000e+17 4.249577e-22  2.943555359e-03 2.943044761e-03  2.041121812 4.082244e+17 4.082243e+17 
90.00  0.00 356.00 8.499153e-05 2.000000e+17 4.249577e-22  1.955668675e-03 1.955353189e-03  1.898209739 3.796419e+17 3.796419e+17 
91.00  0.00 356.00 8.499153e-05 2.000000e+17 4.249577e-22  1.140493085e-03 1.140320557e-03  1.780016939 3.560034e+17 3.560033e+17 
92.00  0.00 356.00 8.499153e-05 2.000000e+17 4.249577e-22  5.843755207e-04 5.842906539e-04  1.708841182 3.417682e+17 3.417682e+17 
93.00  0.00 356.00 8.499153e-05 2.000000e+17 4.249577e-22  2.532828948e-04 2.532464860e-04  1.691437960 3.382876e+17 3.382876e+17 
94.00  0.00 356.00 8.499153e-05 2.000000e+17 4.249577e-22  9.270845476e-05 9.269534348e-05  1.664105340 3.328211e+17 3.328210e+17 
95.00  0.00 356.00 8.499153e-05 2.000000e+17 4.249577e-22  2.915372716e-05 2.914961442e-05  1.659939110 3.319878e+17 3.319878e+17 
