  677.000  4.450925e+14   6.077724230e+12 
  677.010  4.561997e+14   6.222672036e+12 
  677.020  4.567644e+14   6.230212870e+12 
  677.030  4.567278e+14   6.229917696e+12 
  677.040  4.563762e+14   6.225512628e+12 
  677.050  4.558620e+14   6.218988388e+12 
  677.060  4.550899e+14   6.209095074e+12 
  677.070  4.544416e+14   6.200806081e+12 
  677.080  4.543116e+14   6.199247897e+12 
  677.090  4.545473e+14   6.202388906e+12 
  677.100  4.552818e+14   6.211741155e+12 
  677.110  4.558078e+14   6.214817677e+12 
  677.120  4.533249e+14   6.184383807e+12 
  677.130  4.494739e+14   6.133796831e+12 
  677.140  4.447309e+14   6.073419825e+12 
  677.150  4.401303e+14   6.015432524e+12 
  677.160  4.410364e+14   6.027656823e+12 
  677.170  4.438820e+14   6.064995041e+12 
  677.180  4.479487e+14   6.118198215e+12 
  677.190  4.520895e+14   6.172333048e+12 
  677.200  4.531518e+14   6.186283303e+12 
  677.210  4.535478e+14   6.191267709e+12 
  677.220  4.533287e+14   6.184460354e+12 
  677.230  4.528861e+14   6.182384697e+12 
  677.240  4.532630e+14   6.188399329e+12 
  677.250  4.526600e+14   6.180883137e+12 
  677.260  4.465128e+14   6.101009957e+12 
  677.270  4.399976e+14   6.016312803e+12 
  677.280  4.333662e+14   5.930091020e+12 
  677.290  4.286044e+14   5.868226085e+12 
  677.300  4.341913e+14   5.941220082e+12 
  677.310  4.405752e+14   6.024597078e+12 
  677.320  4.465582e+14   6.102743253e+12 
  677.330  4.515489e+14   6.167951573e+12 
  677.340  4.515016e+14   6.167494394e+12 
  677.350  4.514110e+14   6.166444769e+12 
  677.360  4.512786e+14   6.164771242e+12 
  677.370  4.510984e+14   6.162118869e+12 
  677.380  4.484446e+14   6.123080909e+12 
  677.390  4.345562e+14   5.945212535e+12 
  677.400  4.198292e+14   5.755412939e+12 
  677.410  4.052380e+14   5.565690413e+12 
  677.420  3.968613e+14   5.456657908e+12 
  677.430  4.103265e+14   5.631686214e+12 
  677.440  4.264290e+14   5.833677603e+12 
  677.450  4.424140e+14   6.049211875e+12 
  677.460  4.549685e+14   6.214478463e+12 
  677.470  4.563503e+14   6.232930255e+12 
  677.480  4.561921e+14   6.231123558e+12 
  677.490  4.554904e+14   6.222164001e+12 
  677.500  4.546520e+14   6.211343745e+12 
  677.510  4.538238e+14   6.200424399e+12 
  677.520  4.529763e+14   6.187506991e+12 
  677.530  4.531631e+14   6.185647342e+12 
  677.540  4.538988e+14   6.201601950e+12 
  677.550  4.546652e+14   6.212398612e+12 
  677.560  4.554240e+14   6.222634811e+12 
  677.570  4.556928e+14   6.226389762e+12 
  677.580  4.552512e+14   6.220854854e+12 
  677.590  4.545539e+14   6.211973415e+12 
  677.600  4.540495e+14   6.205598597e+12 
  677.610  4.536591e+14   6.200705942e+12 
  677.620  4.539994e+14   6.205331735e+12 
  677.630  4.545254e+14   6.212376068e+12 
  677.640  4.540422e+14   6.206269161e+12 
  677.650  4.525959e+14   6.187611849e+12 
  677.660  4.502300e+14   6.156971409e+12 
  677.670  4.481987e+14   6.130691998e+12 
  677.680  4.479695e+14   6.127892300e+12 
  677.690  4.493628e+14   6.146232943e+12 
  677.700  4.515471e+14   6.174880039e+12 
  677.710  4.516420e+14   6.176302432e+12 
  677.720  4.504563e+14   6.161035166e+12 
  677.730  4.484499e+14   6.135075570e+12 
  677.740  4.467208e+14   6.112726745e+12 
  677.750  4.483773e+14   6.134485746e+12 
  677.760  4.509438e+14   6.168093131e+12 
  677.770  4.535014e+14   6.201562628e+12 
  677.780  4.555349e+14   6.228137214e+12 
  677.790  4.558935e+14   6.232564826e+12 
  677.800  4.555189e+14   6.223194751e+12 
  677.810  4.552035e+14   6.223044280e+12 
  677.820  4.550632e+14   6.222605976e+12 
  677.830  4.550259e+14   6.222506361e+12 
  677.840  4.555154e+14   6.229135983e+12 
  677.850  4.559642e+14   6.235196752e+12 
  677.860  4.563078e+14   6.239875498e+12 
  677.870  4.565901e+14   6.243748938e+12 
  677.880  4.566110e+14   6.244213981e+12 
  677.890  4.557023e+14   6.232564302e+12 
  677.900  4.505611e+14   6.165770535e+12 
  677.910  4.447499e+14   6.090244227e+12 
  677.920  4.388221e+14   6.013201154e+12 
  677.930  4.342491e+14   5.953808761e+12 
  677.940  4.379974e+14   6.002833359e+12 
  677.950  4.428415e+14   6.066133795e+12 
  677.960  4.477711e+14   6.130546770e+12 
  677.970  4.524069e+14   6.191131394e+12 
  677.980  4.534049e+14   6.204320383e+12 
  677.990  4.538590e+14   6.210424144e+12 
  678.000  4.540059e+14   6.212524442e+12 
  678.010  4.536201e+14   6.207696273e+12 
  678.020  4.505498e+14   6.167893377e+12 
  678.030  4.465136e+14   6.115507044e+12 
  678.040  4.431751e+14   6.072208196e+12 
  678.050  4.405415e+14   6.038094348e+12 
  678.060  4.429103e+14   6.069154218e+12 
  678.070  4.471119e+14   6.124092260e+12 
  678.080  4.511670e+14   6.177121894e+12 
  678.090  4.549194e+14   6.226208358e+12 
  678.100  4.560394e+14   6.240996950e+12 
  678.110  4.563546e+14   6.245302403e+12 
  678.120  4.562891e+14   6.244646519e+12 
  678.130  4.544910e+14   6.221416366e+12 
  678.140  4.520604e+14   6.189947027e+12 
  678.150  4.495667e+14   6.157655081e+12 
  678.160  4.473259e+14   6.128657236e+12 
  678.170  4.480811e+14   6.138692108e+12 
  678.180  4.494758e+14   6.157061063e+12 
  678.190  4.506321e+14   6.172321513e+12 
  678.200  4.517530e+14   6.187121639e+12 
  678.210  4.517698e+14   6.187536876e+12 
  678.220  4.523959e+14   6.195887210e+12 
  678.230  4.536906e+14   6.212950688e+12 
  678.240  4.550326e+14   6.230628631e+12 
  678.250  4.561707e+14   6.245649482e+12 
  678.260  4.566237e+14   6.251742757e+12 
  678.270  4.567087e+14   6.253038273e+12 
  678.280  4.566836e+14   6.252894618e+12 
  678.290  4.566499e+14   6.252634571e+12 
  678.300  4.566077e+14   6.252254462e+12 
  678.310  4.564120e+14   6.249857942e+12 
  678.320  4.560259e+14   6.244945363e+12 
  678.330  4.555640e+14   6.238963237e+12 
  678.340  4.550326e+14   6.231814046e+12 
  678.350  4.546954e+14   6.225774772e+12 
  678.360  4.540348e+14   6.193859265e+12 
  678.370  4.525485e+14   6.196654244e+12 
  678.380  4.495397e+14   6.160614687e+12 
  678.390  4.460459e+14   6.115376497e+12 
  678.400  4.433410e+14   6.073264112e+12 
  678.410  4.417816e+14   6.059734335e+12 
  678.420  4.435162e+14   6.082416083e+12 
  678.430  4.461648e+14   6.106782892e+12 
  678.440  4.487624e+14   6.151424967e+12 
  678.450  4.516663e+14   6.190360691e+12 
  678.460  4.529390e+14   6.207253774e+12 
  678.470  4.531410e+14   6.209938653e+12 
  678.480  4.434243e+14   6.082882175e+12 
  678.490  4.280271e+14   5.877904441e+12 
  678.500  4.119047e+14   5.663656247e+12 
  678.510  3.960398e+14   5.465854444e+12 
  678.520  3.995899e+14   5.513218621e+12 
  678.530  4.119982e+14   5.675304878e+12 
  678.540  4.258474e+14   5.855989727e+12 
  678.550  4.403740e+14   6.045399777e+12 
  678.560  4.466810e+14   6.127558853e+12 
  678.570  4.488246e+14   6.154940842e+12 
  678.580  4.488517e+14   6.150412042e+12 
  678.590  4.474194e+14   6.128758948e+12 
  678.600  4.450618e+14   6.095029404e+12 
  678.610  4.429821e+14   6.079227363e+12 
  678.620  4.440571e+14   6.094544437e+12 
  678.630  4.467349e+14   6.129922343e+12 
  678.640  4.491774e+14   6.162061197e+12 
  678.650  4.507461e+14   6.182756942e+12 
  678.660  4.505808e+14   6.180829135e+12 
  678.670  4.491447e+14   6.162328584e+12 
  678.680  4.460947e+14   6.122785735e+12 
  678.690  4.438833e+14   6.094155416e+12 
  678.700  4.421409e+14   6.071616274e+12 
  678.710  4.415076e+14   6.063491383e+12 
  678.720  4.451493e+14   6.110978769e+12 
  678.730  4.465821e+14   6.129425842e+12 
  678.740  4.444439e+14   6.099846038e+12 
  678.750  4.406462e+14   6.037861564e+12 
  678.760  4.349426e+14   5.969139991e+12 
  678.770  4.330312e+14   5.951267537e+12 
  678.780  4.379569e+14   6.005100904e+12 
  678.790  4.440050e+14   6.092573114e+12 
  678.800  4.482622e+14   6.152338276e+12 
  678.810  4.500407e+14   6.176387891e+12 
  678.820  4.484977e+14   6.156712935e+12 
  678.830  4.467304e+14   6.133990294e+12 
  678.840  4.422696e+14   6.076123578e+12 
  678.850  4.359979e+14   5.994636640e+12 
  678.860  4.295757e+14   5.911176806e+12 
  678.870  4.230357e+14   5.826173469e+12 
  678.880  4.271866e+14   5.880459297e+12 
  678.890  4.355407e+14   5.989502812e+12 
  678.900  4.443108e+14   6.103959077e+12 
  678.910  4.530192e+14   6.217594831e+12 
  678.920  4.557959e+14   6.253913309e+12 
  678.930  4.562017e+14   6.259261047e+12 
  678.940  4.563515e+14   6.260968653e+12 
  678.950  4.562447e+14   6.256724017e+12 
  678.960  4.559769e+14   6.248451277e+12 
  678.970  4.555883e+14   6.251200643e+12 
  678.980  4.549275e+14   6.243488891e+12 
  678.990  4.542064e+14   6.234419757e+12 
  679.000  4.536759e+14   6.227643859e+12 
  679.010  4.533628e+14   6.223427011e+12 
  679.020  4.534917e+14   6.223330017e+12 
  679.030  4.537453e+14   6.206806557e+12 
  679.040  4.535439e+14   6.224078176e+12 
  679.050  4.532432e+14   6.215532282e+12 
  679.060  4.526735e+14   6.215468843e+12 
  679.070  4.519275e+14   6.206421205e+12 
  679.080  4.519965e+14   6.207599804e+12 
  679.090  4.520468e+14   6.208197493e+12 
  679.100  4.514618e+14   6.194521440e+12 
  679.110  4.511567e+14   6.196640612e+12 
  679.120  4.502676e+14   6.186007003e+12 
  679.130  4.491642e+14   6.171970241e+12 
  679.140  4.497401e+14   6.179734946e+12 
  679.150  4.505055e+14   6.189947027e+12 
  679.160  4.518635e+14   6.207870861e+12 
  679.170  4.537945e+14   6.233257935e+12 
  679.180  4.548560e+14   6.247311475e+12 
  679.190  4.554358e+14   6.255086141e+12 
  679.200  4.553254e+14   6.253862978e+12 
  679.210  4.540778e+14   6.237818716e+12 
  679.220  4.497761e+14   6.181968937e+12 
  679.230  4.430040e+14   6.093921059e+12 
  679.240  4.333471e+14   5.968267051e+12 
  679.250  4.248612e+14   5.857846755e+12 
  679.260  4.222191e+14   5.823492260e+12 
  679.270  4.253871e+14   5.864099938e+12 
  679.280  4.347308e+14   5.983602475e+12 
  679.290  4.441986e+14   6.110391042e+12 
  679.300  4.508590e+14   6.197689713e+12 
  679.310  4.546942e+14   6.247960543e+12 
  679.320  4.554234e+14   6.257707057e+12 
  679.330  4.556646e+14   6.261078753e+12 
  679.340  4.557027e+14   6.261797028e+12 
  679.350  4.557870e+14   6.263112466e+12 
  679.360  4.557989e+14   6.263482614e+12 
  679.370  4.558771e+14   6.264715215e+12 
  679.380  4.558774e+14   6.264928076e+12 
  679.390  4.555132e+14   6.260385645e+12 
  679.400  4.550377e+14   6.254384120e+12 
  679.410  4.545623e+14   6.248354808e+12 
  679.420  4.542880e+14   6.244854661e+12 
  679.430  4.546718e+14   6.249118695e+12 
  679.440  4.551493e+14   6.251768971e+12 
  679.450  4.555457e+14   6.261677490e+12 
  679.460  4.556750e+14   6.263844372e+12 
  679.470  4.542958e+14   6.246121341e+12 
  679.480  4.416369e+14   6.081312981e+12 
  679.490  4.240667e+14   5.852429812e+12 
  679.500  4.066151e+14   5.624965890e+12 
  679.510  3.913364e+14   5.425306534e+12 
  679.520  3.980258e+14   5.505328611e+12 
  679.530  4.124196e+14   5.695099372e+12 
  679.540  4.260577e+14   5.878544073e+12 
  679.550  4.387132e+14   6.044349628e+12 
  679.560  4.407455e+14   6.071179543e+12 
  679.570  4.430187e+14   6.100909818e+12 
  679.580  4.466630e+14   6.147813147e+12 
  679.590  4.506088e+14   6.182825624e+12 
  679.600  4.541256e+14   6.243852222e+12 
  679.610  4.548984e+14   6.256438804e+12 
  679.620  4.544484e+14   6.251094213e+12 
  679.630  4.536675e+14   6.241123828e+12 
  679.640  4.524482e+14   6.225040769e+12 
  679.650  4.517742e+14   6.210426765e+12 
  679.660  4.519676e+14   6.217162818e+12 
  679.670  4.524449e+14   6.218529636e+12 
  679.680  4.534938e+14   6.236459237e+12 
  679.690  4.540395e+14   6.247098089e+12 
  679.700  4.532354e+14   6.237153395e+12 
  679.710  4.521829e+14   6.223743156e+12 
  679.720  4.508510e+14   6.206631969e+12 
  679.730  4.493371e+14   6.187126882e+12 
  679.740  4.487542e+14   6.179746480e+12 
  679.750  4.480281e+14   6.170489651e+12 
  679.760  4.422425e+14   6.095263760e+12 
  679.770  4.275438e+14   5.903824716e+12 
  679.780  4.125448e+14   5.708457181e+12 
  679.790  3.980529e+14   5.519682568e+12 
  679.800  3.928315e+14   5.451747951e+12 
  679.810  4.067545e+14   5.633351352e+12 
  679.820  4.223068e+14   5.836083036e+12 
  679.830  4.379168e+14   6.039269278e+12 
  679.840  4.495307e+14   6.189325222e+12 
  679.850  4.513381e+14   6.204877701e+12 
  679.860  4.518360e+14   6.156555125e+12 
  679.870  4.521823e+14   6.219623825e+12 
  679.880  4.527143e+14   6.231761093e+12 
  679.890  4.529506e+14   6.235627192e+12 
  679.900  4.532246e+14   6.236629631e+12 
  679.910  4.532390e+14   6.220561777e+12 
  679.920  4.528273e+14   6.210181399e+12 
  679.930  4.527214e+14   6.227145261e+12 
  679.940  4.531121e+14   6.239134155e+12 
  679.950  4.538786e+14   6.250360734e+12 
  679.960  4.544868e+14   6.258852626e+12 
  679.970  4.546777e+14   6.261719958e+12 
  679.980  4.543778e+14   6.258116526e+12 
  679.990  4.537863e+14   6.250674258e+12 
  680.000  4.521477e+14   6.229560132e+12 
  680.010  4.492427e+14   6.191882174e+12 
  680.020  4.461846e+14   6.152198291e+12 
  680.030  4.429433e+14   6.110118937e+12 
  680.040  4.413586e+14   6.089635529e+12 
  680.050  4.382526e+14   6.049309393e+12 
  680.060  4.292803e+14   5.932477055e+12 
  680.070  4.194019e+14   5.803820450e+12 
  680.080  4.094729e+14   5.674495902e+12 
  680.090  4.067341e+14   5.638931350e+12 
  680.100  4.161997e+14   5.762513371e+12 
  680.110  4.283858e+14   5.921559282e+12 
  680.120  4.404708e+14   6.079255675e+12 
  680.130  4.486319e+14   6.185720218e+12 
  680.140  4.506024e+14   6.211320676e+12 
  680.150  4.513397e+14   6.220490998e+12 
  680.160  4.519558e+14   6.226791367e+12 
  680.170  4.523324e+14   6.220141298e+12 
  680.180  4.526807e+14   6.189182616e+12 
  680.190  4.529659e+14   6.237531406e+12 
  680.200  4.531052e+14   6.243474211e+12 
  680.210  4.522725e+14   6.233303548e+12 
  680.220  4.489406e+14   6.186478862e+12 
  680.230  4.450263e+14   6.127474442e+12 
  680.240  4.411271e+14   6.088750006e+12 
  680.250  4.394807e+14   6.068366213e+12 
  680.260  4.426621e+14   6.110296670e+12 
  680.270  4.469270e+14   6.166219850e+12 
  680.280  4.511843e+14   6.221994656e+12 
  680.290  4.542781e+14   6.262567731e+12 
  680.300  4.549381e+14   6.271381537e+12 
  680.310  4.550455e+14   6.272977994e+12 
  680.320  4.550692e+14   6.273476592e+12 
  680.330  4.549275e+14   6.271811453e+12 
  680.340  4.528688e+14   6.245130437e+12 
  680.350  4.493147e+14   6.198928605e+12 
  680.360  4.458183e+14   6.153449243e+12 
  680.370  4.427589e+14   6.113535721e+12 
  680.380  4.429112e+14   6.113194934e+12 
  680.390  4.458595e+14   6.153502196e+12 
  680.400  4.488440e+14   6.193515856e+12 
  680.410  4.515322e+14   6.228860731e+12 
  680.420  4.532490e+14   6.251447058e+12 
  680.430  4.536806e+14   6.257227858e+12 
  680.440  4.541111e+14   6.262942073e+12 
  680.450  4.543751e+14   6.266308526e+12 
  680.460  4.537318e+14   6.256006267e+12 
  680.470  4.529165e+14   6.244121706e+12 
  680.480  4.519903e+14   6.235423244e+12 
  680.490  4.512665e+14   6.226097209e+12 
  680.500  4.517788e+14   6.229434827e+12 
  680.510  4.521252e+14   6.236158820e+12 
  680.520  4.521481e+14   6.237002400e+12 
  680.530  4.517413e+14   6.225071702e+12 
  680.540  4.503852e+14   6.204892905e+12 
  680.550  4.485590e+14   6.184402682e+12 
  680.560  4.441346e+14   6.057305309e+12 
  680.570  4.403714e+14   6.070351167e+12 
  680.580  4.358009e+14   6.016408224e+12 
  680.590  4.311378e+14   5.963013685e+12 
  680.600  4.330938e+14   5.985564361e+12 
  680.610  4.350364e+14   6.005542355e+12 
  680.620  4.394153e+14   6.063331475e+12 
  680.630  4.463161e+14   6.159900606e+12 
  680.640  4.498181e+14   6.203982742e+12 
  680.650  4.531100e+14   6.224019980e+12 
  680.660  4.549662e+14   6.274285568e+12 
  680.670  4.550057e+14   6.277444927e+12 
  680.680  4.550029e+14   6.278041567e+12 
  680.690  4.549011e+14   6.276682613e+12 
  680.700  4.548317e+14   6.274085814e+12 
  680.710  4.543141e+14   6.242640593e+12 
  680.720  4.532686e+14   6.252417516e+12 
  680.730  4.517914e+14   6.236727149e+12 
  680.740  4.502886e+14   6.217839149e+12 
  680.750  4.496755e+14   6.210034074e+12 
  680.760  4.500771e+14   6.214896845e+12 
  680.770  4.514401e+14   6.227629179e+12 
  680.780  4.529288e+14   6.248554562e+12 
  680.790  4.538698e+14   6.263973872e+12 
  680.800  4.542377e+14   6.261037859e+12 
  680.810  4.540055e+14   6.262852420e+12 
  680.820  4.534964e+14   6.259910115e+12 
  680.830  4.504832e+14   6.220289147e+12 
  680.840  4.301238e+14   5.951412240e+12 
  680.850  3.986321e+14   5.502907974e+12 
  680.860  3.665337e+14   5.111201399e+12 
  680.870  3.397255e+14   4.767634424e+12 
  680.880  3.471837e+14   4.821153219e+12 
  680.890  3.780075e+14   5.269955805e+12 
  680.900  4.103004e+14   5.696903971e+12 
  680.910  4.401581e+14   6.088108802e+12 
  680.920  4.528054e+14   6.253919601e+12 
  680.930  4.538106e+14   6.267491320e+12 
  680.940  4.542411e+14   6.273426784e+12 
  680.950  4.546712e+14   6.279268925e+12 
  680.960  4.549043e+14   6.282423566e+12 
  680.970  4.548088e+14   6.280820294e+12 
  680.980  4.544461e+14   6.268144058e+12 
  680.990  4.541036e+14   6.270850957e+12 
  681.000  4.538148e+14   6.252818072e+12 
  681.010  4.540024e+14   6.265794200e+12 
  681.020  4.544397e+14   6.276834132e+12 
  681.030  4.546505e+14   6.280439136e+12 
  681.040  4.546392e+14   6.280678212e+12 
  681.050  4.542102e+14   6.275349873e+12 
  681.060  4.536321e+14   6.268030288e+12 
  681.070  4.531803e+14   6.262341239e+12 
  681.080  4.525587e+14   6.254422917e+12 
  681.090  4.520293e+14   6.247702594e+12 
  681.100  4.515965e+14   6.242234794e+12 
  681.110  4.513444e+14   6.239123145e+12 
  681.120  4.520060e+14   6.247936426e+12 
  681.130  4.528814e+14   6.259527909e+12 
  681.140  4.535392e+14   6.268248392e+12 
  681.150  4.539849e+14   6.274071658e+12 
  681.160  4.538366e+14   6.270653301e+12 
  681.170  4.528362e+14   6.257312268e+12 
  681.180  4.417618e+14   6.114931900e+12 
  681.190  4.244346e+14   5.888984220e+12 
  681.200  4.070039e+14   5.661526589e+12 
  681.210  3.904111e+14   5.444959470e+12 
  681.220  3.956154e+14   5.513025683e+12 
  681.230  4.125166e+14   5.733771903e+12 
  681.240  4.300717e+14   5.962789290e+12 
  681.250  4.472688e+14   6.185854960e+12 
  681.260  4.541182e+14   6.258552734e+12 
  681.270  4.549247e+14   6.279840924e+12 
  681.280  4.552950e+14   6.292019610e+12 
  681.290  4.553786e+14   6.294349545e+12 
  681.300  4.552669e+14   6.293380137e+12 
  681.310  4.549825e+14   6.289943429e+12 
  681.320  4.545279e+14   6.284160532e+12 
  681.330  4.540465e+14   6.277823988e+12 
  681.340  4.536955e+14   6.272224068e+12 
  681.350  4.537201e+14   6.262088008e+12 
  681.360  4.541536e+14   6.278339887e+12 
  681.370  4.547203e+14   6.287347155e+12 
  681.380  4.551802e+14   6.293826306e+12 
  681.390  4.552098e+14   6.294489006e+12 
  681.400  4.547419e+14   6.288590242e+12 
  681.410  4.538184e+14   6.276708303e+12 
  681.420  4.528936e+14   6.264790712e+12 
  681.430  4.523948e+14   6.258421137e+12 
  681.440  4.524434e+14   6.259178209e+12 
  681.450  4.532042e+14   6.269203644e+12 
  681.460  4.539648e+14   6.279157252e+12 
  681.470  4.545340e+14   6.286453244e+12 
  681.480  4.548029e+14   6.289356751e+12 
  681.490  4.547521e+14   6.285737591e+12 
  681.500  4.545375e+14   6.249144910e+12 
  681.510  4.528178e+14   6.256533176e+12 
  681.520  4.492370e+14   6.215918158e+12 
  681.530  4.453705e+14   6.165853372e+12 
  681.540  4.407814e+14   6.104042439e+12 
  681.550  4.365626e+14   6.033696621e+12 
  681.560  4.355459e+14   5.996351586e+12 
  681.570  4.349866e+14   5.943001088e+12 
  681.580  4.366651e+14   6.045730079e+12 
  681.590  4.419621e+14   6.121640690e+12 
  681.600  4.464067e+14   6.181615043e+12 
  681.610  4.507209e+14   6.238861001e+12 
  681.620  4.536010e+14   6.276997710e+12 
  681.630  4.526134e+14   6.264377049e+12 
  681.640  4.429704e+14   6.138336641e+12 
  681.650  4.268193e+14   5.925182636e+12 
  681.660  4.094260e+14   5.691819426e+12 
  681.670  3.944108e+14   5.504067699e+12 
  681.680  3.953400e+14   5.516930056e+12 
  681.690  4.091807e+14   5.698157019e+12 
  681.700  4.261855e+14   5.920667992e+12 
  681.710  4.423305e+14   6.131914113e+12 
  681.720  4.509656e+14   6.244974723e+12 
  681.730  4.529074e+14   6.270525374e+12 
  681.740  4.531801e+14   6.274235761e+12 
  681.750  4.533433e+14   6.276479189e+12 
  681.760  4.534315e+14   6.277652021e+12 
  681.770  4.536573e+14   6.280099922e+12 
  681.780  4.538544e+14   6.277748490e+12 
  681.790  4.540991e+14   6.281611969e+12 
  681.800  4.543283e+14   6.288236872e+12 
  681.810  4.542835e+14   6.285339656e+12 
  681.820  4.527898e+14   6.214751093e+12 
  681.830  4.505577e+14   6.236393177e+12 
  681.840  4.482755e+14   6.204113814e+12 
  681.850  4.463153e+14   6.182598083e+12 
  681.860  4.472885e+14   6.194072650e+12 
  681.870  4.492929e+14   6.210348122e+12 
  681.880  4.513076e+14   6.129865196e+12 
  681.890  4.531799e+14   6.238965858e+12 
  681.900  4.526174e+14   6.261470921e+12 
  681.910  4.505464e+14   6.239497486e+12 
  681.920  4.469891e+14   6.194711757e+12 
  681.930  4.432185e+14   6.146137522e+12 
  681.940  4.412899e+14   6.120961212e+12 
  681.950  4.417552e+14   6.124167234e+12 
  681.960  4.452015e+14   6.155893473e+12 
  681.970  4.489233e+14   6.220861669e+12 
  681.980  4.515818e+14   6.257057989e+12 
  681.990  4.530727e+14   6.277043847e+12 
  682.000  4.531693e+14   6.278573195e+12 
  682.010  4.534610e+14   6.282514792e+12 
  682.020  4.538814e+14   6.287745090e+12 
  682.030  4.539545e+14   6.283698110e+12 
  682.040  4.536174e+14   6.280505197e+12 
  682.050  4.530545e+14   6.275552772e+12 
  682.060  4.525852e+14   6.270450926e+12 
  682.070  4.524771e+14   6.270724604e+12 
  682.080  4.527663e+14   6.274810905e+12 
  682.090  4.529959e+14   6.277884281e+12 
  682.100  4.530657e+14   6.278531252e+12 
  682.110  4.523030e+14   6.266732151e+12 
  682.120  4.496205e+14   6.201960038e+12 
  682.130  4.470235e+14   6.195037340e+12 
  682.140  4.446770e+14   6.167941087e+12 
  682.150  4.437435e+14   6.149831131e+12 
  682.160  4.466019e+14   6.179867591e+12 
  682.170  4.493423e+14   6.229808644e+12 
  682.180  4.514561e+14   6.256862429e+12 
  682.190  4.461725e+14   6.188855460e+12 
  682.200  4.325208e+14   6.011989000e+12 
  682.210  4.187677e+14   5.832370029e+12 
  682.220  4.057190e+14   5.661769859e+12 
  682.230  4.063536e+14   5.670068814e+12 
  682.240  4.194666e+14   5.841378869e+12 
  682.250  4.331200e+14   6.018923233e+12 
  682.260  4.462572e+14   6.185103655e+12 
  682.270  4.523246e+14   6.173407838e+12 
  682.280  4.494238e+14   6.220944507e+12 
  682.290  4.444901e+14   6.167072342e+12 
  682.300  4.394935e+14   6.102074262e+12 
  682.310  4.353407e+14   6.033682989e+12 
  682.320  4.366112e+14   6.065754735e+12 
  682.330  4.410797e+14   6.124825215e+12 
  682.340  4.460385e+14   6.175785484e+12 
  682.350  4.504725e+14   6.243454288e+12 
  682.360  4.510361e+14   6.256061841e+12 
  682.370  4.502474e+14   6.238588895e+12 
  682.380  4.491530e+14   6.232142774e+12 
  682.390  4.484243e+14   6.223660319e+12 
  682.400  4.498102e+14   6.242078556e+12 
  682.410  4.511072e+14   6.259124208e+12 
  682.420  4.522338e+14   6.273580925e+12 
  682.430  4.531227e+14   6.282267329e+12 
  682.440  4.525301e+14   6.267836826e+12 
  682.450  4.477641e+14   6.211906830e+12 
  682.460  4.420178e+14   6.125044892e+12 
  682.470  4.362318e+14   6.062223655e+12 
  682.480  4.312567e+14   5.993829761e+12 
  682.490  4.350874e+14   6.001499570e+12 
  682.500  4.411754e+14   6.097217782e+12 
  682.510  4.474782e+14   6.207149965e+12 
  682.520  4.532005e+14   6.285350666e+12 
  682.530  4.545124e+14   6.302258954e+12 
  682.540  4.545215e+14   6.297138758e+12 
  682.550  4.543690e+14   6.241841054e+12 
  682.560  4.542173e+14   6.275823305e+12 
  682.570  4.541188e+14   6.295880466e+12 
  682.580  4.540252e+14   6.298097680e+12 
  682.590  4.537917e+14   6.296047714e+12 
  682.600  4.533401e+14   6.290303615e+12 
  682.610  4.528513e+14   6.283334255e+12 
  682.620  4.521837e+14   6.272440074e+12 
  682.630  4.517736e+14   6.258165285e+12 
  682.640  4.517268e+14   6.166991077e+12 
  682.650  4.516915e+14   6.216374288e+12 
  682.660  4.518868e+14   6.263716970e+12 
  682.670  4.520899e+14   6.272593691e+12 
  682.680  4.524476e+14   6.278916080e+12 
  682.690  4.529203e+14   6.285131514e+12 
  682.700  4.534103e+14   6.289542349e+12 
  682.710  4.537250e+14   6.282229580e+12 
  682.720  4.534438e+14   6.204922266e+12 
  682.730  4.503745e+14   6.212829053e+12 
  682.740  4.455065e+14   6.147930587e+12 
  682.750  4.400146e+14   6.077960684e+12 
  682.760  4.349931e+14   6.048181649e+12 
  682.770  4.352760e+14   6.056241529e+12 
  682.780  4.392046e+14   6.109182558e+12 
  682.790  4.445782e+14   6.180354130e+12 
  682.800  4.500785e+14   6.252921881e+12 
  682.810  4.527913e+14   6.288834560e+12 
  682.820  4.537171e+14   6.301249700e+12 
  682.830  4.535282e+14   6.298993164e+12 
  682.840  4.525847e+14   6.286781448e+12 
  682.850  4.516148e+14   6.274131952e+12 
  682.860  4.507461e+14   6.262643753e+12 
  682.870  4.502601e+14   6.255772434e+12 
  682.880  4.507562e+14   6.260387742e+12 
  682.890  4.512325e+14   6.254109393e+12 
  682.900  4.516754e+14   6.162832949e+12 
  682.910  4.520788e+14   6.269739991e+12 
  682.920  4.523088e+14   6.281057272e+12 
  682.930  4.528209e+14   6.286498857e+12 
  682.940  4.527975e+14   6.270303076e+12 
  682.950  4.494866e+14   6.244726211e+12 
  682.960  4.448849e+14   6.179310273e+12 
  682.970  4.384034e+14   6.102134030e+12 
  682.980  4.322834e+14   6.021236916e+12 
  682.990  4.321305e+14   6.015338676e+12 
  683.000  4.336955e+14   6.041429344e+12 
  683.010  4.310967e+14   6.007586030e+12 
  683.020  4.175150e+14   5.828600398e+12 
  683.030  4.002424e+14   5.591197024e+12 
  683.040  3.828745e+14   5.350209618e+12 
  683.050  3.783569e+14   5.309495509e+12 
  683.060  3.971361e+14   5.561087689e+12 
  683.070  4.181686e+14   5.835228447e+12 
  683.080  4.388830e+14   6.100031111e+12 
  683.090  4.524230e+14   6.262363259e+12 
  683.100  4.534936e+14   6.119132496e+12 
  683.110  4.533610e+14   6.279727677e+12 
  683.120  4.530471e+14   6.292289618e+12 
  683.130  4.532006e+14   6.297640501e+12 
  683.140  4.534460e+14   6.296278401e+12 
  683.150  4.536437e+14   6.302187127e+12 
  683.160  4.538091e+14   6.263915676e+12 
  683.170  4.536668e+14   6.303383028e+12 
  683.180  4.534847e+14   6.297613763e+12 
  683.190  4.534276e+14   6.304265929e+12 
  683.200  4.535481e+14   6.305222230e+12 
  683.210  4.537390e+14   6.306118762e+12 
  683.220  4.538690e+14   6.311465976e+12 
  683.230  4.536526e+14   6.308770087e+12 
  683.240  4.532174e+14   6.300593816e+12 
  683.250  4.527421e+14   6.282721886e+12 
  683.260  4.524668e+14   6.293416313e+12 
  683.270  4.526924e+14   6.297620578e+12 
  683.280  4.527871e+14   6.299347059e+12 
  683.290  4.528107e+14   6.299985117e+12 
  683.300  4.526016e+14   6.297516769e+12 
  683.310  4.522891e+14   6.293663777e+12 
  683.320  4.524758e+14   6.296345510e+12 
  683.330  4.527359e+14   6.299974107e+12 
  683.340  4.531245e+14   6.305270989e+12 
  683.350  4.534207e+14   6.309324784e+12 
  683.360  4.534416e+14   6.309710660e+12 
  683.370  4.535703e+14   6.311367934e+12 
  683.380  4.535989e+14   6.311144587e+12 
  683.390  4.527264e+14   6.292534985e+12 
  683.400  4.513825e+14   6.262200730e+12 
  683.410  4.496899e+14   6.259232735e+12 
  683.420  4.481167e+14   6.240160186e+12 
  683.430  4.484984e+14   6.245285102e+12 
  683.440  4.497841e+14   6.261112308e+12 
  683.450  4.514949e+14   6.271577096e+12 
  683.460  4.530111e+14   6.298248675e+12 
  683.470  4.531023e+14   6.298659193e+12 
  683.480  4.489046e+14   6.199497982e+12 
  683.490  4.436638e+14   6.121271591e+12 
  683.500  4.385821e+14   6.108886860e+12 
  683.510  4.343374e+14   6.058841473e+12 
  683.520  4.377781e+14   6.105346867e+12 
  683.530  4.430414e+14   6.173864493e+12 
  683.540  4.481429e+14   6.231239426e+12 
  683.550  4.528507e+14   6.270104371e+12 
  683.560  4.535671e+14   6.311546716e+12 
  683.570  4.531690e+14   6.308970889e+12 
  683.580  4.529080e+14   6.305487520e+12 
  683.590  4.527803e+14   6.296295178e+12 
  683.600  4.526738e+14   6.295099277e+12 
  683.610  4.531484e+14   6.306486288e+12 
  683.620  4.535815e+14   6.307449930e+12 
  683.630  4.538605e+14   6.299007320e+12 
  683.640  4.540684e+14   6.256291480e+12 
  683.650  4.539479e+14   6.314017161e+12 
  683.660  4.537534e+14   6.318140162e+12 
  683.670  4.537260e+14   6.319545254e+12 
  683.680  4.537902e+14   6.321210393e+12 
  683.690  4.538390e+14   6.322373263e+12 
  683.700  4.539082e+14   6.323676643e+12 
  683.710  4.537623e+14   6.322089099e+12 
  683.720  4.535529e+14   6.319628616e+12 
  683.730  4.533943e+14   6.317813531e+12 
  683.740  4.533270e+14   6.317177569e+12 
  683.750  4.535464e+14   6.320293413e+12 
  683.760  4.532729e+14   6.316902318e+12 
  683.770  4.527587e+14   6.310294192e+12 
  683.780  4.521881e+14   6.302776426e+12 
  683.790  4.513443e+14   6.290655412e+12 
  683.800  4.513670e+14   6.282140975e+12 
  683.810  4.517938e+14   6.297333793e+12 
  683.820  4.518395e+14   6.299137868e+12 
  683.830  4.517222e+14   6.298026377e+12 
  683.840  4.512187e+14   6.291691405e+12 
  683.850  4.497580e+14   6.272717947e+12 
  683.860  4.436372e+14   6.192437395e+12 
  683.870  4.374189e+14   6.110844027e+12 
  683.880  4.312793e+14   6.030249427e+12 
  683.890  4.267072e+14   5.970209538e+12 
  683.900  4.323200e+14   6.043994685e+12 
  683.910  4.392562e+14   6.134886302e+12 
  683.920  4.461474e+14   6.223870034e+12 
  683.930  4.524603e+14   6.287572599e+12 
  683.940  4.535129e+14   6.314344841e+12 
  683.950  4.535776e+14   6.269917725e+12 
  683.960  4.533969e+14   6.306947138e+12 
  683.970  4.529120e+14   6.310695272e+12 
  683.980  4.522826e+14   6.302565663e+12 
  683.990  4.519004e+14   6.298634551e+12 
  684.000  4.519604e+14   6.302012539e+12 
  684.010  4.523729e+14   6.303808225e+12 
  684.020  4.529945e+14   6.268837167e+12 
  684.030  4.534941e+14   6.311652622e+12 
  684.040  4.536263e+14   6.302060249e+12 
  684.050  4.534400e+14   6.286541849e+12 
  684.060  4.531177e+14   6.313851486e+12 
  684.070  4.528015e+14   6.312683373e+12 
  684.080  4.528586e+14   6.311418266e+12 
  684.090  4.531045e+14   6.300927787e+12 
  684.100  4.532763e+14   6.128034906e+12 
  684.110  4.533079e+14   6.284221350e+12 
  684.120  4.527908e+14   6.298486178e+12 
  684.130  4.514364e+14   6.295066771e+12 
  684.140  4.416530e+14   6.165894791e+12 
  684.150  4.290716e+14   5.983471403e+12 
  684.160  4.169353e+14   5.765155258e+12 
  684.170  4.063313e+14   5.698077327e+12 
  684.180  4.132582e+14   5.797149934e+12 
  684.190  4.256738e+14   5.962524525e+12 
  684.200  4.381493e+14   6.127635923e+12 
  684.210  4.494421e+14   6.276766499e+12 
  684.220  4.520630e+14   6.311190725e+12 
  684.230  4.516933e+14   6.299085439e+12 
  684.240  4.509026e+14   6.295186833e+12 
  684.250  4.494145e+14   6.276340253e+12 
  684.260  4.458480e+14   6.227622363e+12 
  684.270  4.392421e+14   6.128923574e+12 
  684.280  4.302567e+14   5.980394357e+12 
  684.290  4.094400e+14   5.720135696e+12 
  684.300  3.857471e+14   5.420193153e+12 
  684.310  3.680873e+14   5.201821958e+12 
  684.320  3.557079e+14   5.033918726e+12 
  684.330  3.695576e+14   5.225251340e+12 
  684.340  3.965023e+14   5.579683660e+12 
  684.350  4.205120e+14   5.892286710e+12 
  684.360  4.372020e+14   6.094708015e+12 
  684.370  4.377407e+14   5.945512952e+12 
  684.380  4.312147e+14   6.001634836e+12 
  684.390  4.249903e+14   5.948528656e+12 
  684.400  4.288712e+14   6.003459359e+12 
  684.410  4.363266e+14   6.096979755e+12 
  684.420  4.390898e+14   6.086272745e+12 
  684.430  4.330437e+14   5.980146893e+12 
  684.440  4.210934e+14   5.894256984e+12 
  684.450  4.075999e+14   5.718908338e+12 
  684.460  4.028973e+14   5.600020791e+12 
  684.470  4.156992e+14   5.826198110e+12 
  684.480  4.293234e+14   6.015649055e+12 
  684.490  4.428627e+14   6.196363264e+12 
  684.500  4.515411e+14   6.311061750e+12 
  684.510  4.506629e+14   6.287971582e+12 
  684.520  4.373917e+14   6.123444240e+12 
  684.530  4.151077e+14   5.829090083e+12 
  684.540  3.924927e+14   5.506136539e+12 
  684.550  3.722478e+14   5.223270056e+12 
  684.560  3.759731e+14   5.312912294e+12 
  684.570  3.981105e+14   5.608460780e+12 
  684.580  4.212037e+14   5.912992940e+12 
  684.590  4.434962e+14   6.191386198e+12 
  684.600  4.530934e+14   6.332961260e+12 
  684.610  4.539612e+14   6.345192899e+12 
  684.620  4.538382e+14   6.332979610e+12 
  684.630  4.527202e+14   6.309473157e+12 
  684.640  4.514057e+14   6.172767158e+12 
  684.650  4.501366e+14   6.283956584e+12 
  684.660  4.491126e+14   6.278389694e+12 
  684.670  4.497868e+14   6.263801905e+12 
  684.680  4.507640e+14   6.288948855e+12 
  684.690  4.517541e+14   6.314248372e+12 
  684.700  4.528229e+14   6.333594075e+12 
  684.710  4.530311e+14   6.336588284e+12 
  684.720  4.530371e+14   6.332661367e+12 
  684.730  4.530264e+14   6.295160095e+12 
  684.740  4.529256e+14   6.327156867e+12 
  684.750  4.527012e+14   6.281337242e+12 
  684.760  4.520639e+14   6.303799837e+12 
  684.770  4.503042e+14   6.292984300e+12 
  684.780  4.485382e+14   6.240310133e+12 
  684.790  4.469694e+14   6.158795407e+12 
  684.800  4.460872e+14   6.234418708e+12 
  684.810  4.471998e+14   6.260802454e+12 
  684.820  4.483824e+14   6.279211778e+12 
  684.830  4.497733e+14   6.298829586e+12 
  684.840  4.512088e+14   6.318506115e+12 
  684.850  4.518787e+14   6.327778148e+12 
  684.860  4.524228e+14   6.335045829e+12 
  684.870  4.527380e+14   6.337967686e+12 
  684.880  4.527985e+14   6.326094660e+12 
  684.890  4.525948e+14   6.336243302e+12 
  684.900  4.524593e+14   6.335646663e+12 
  684.910  4.524049e+14   6.328109498e+12 
  684.920  4.522469e+14   6.333313057e+12 
  684.930  4.523901e+14   6.334690886e+12 
  684.940  4.527165e+14   6.336160465e+12 
  684.950  4.530054e+14   6.327210869e+12 
  684.960  4.534977e+14   6.216984560e+12 
  684.970  4.538190e+14   6.306020196e+12 
  684.980  4.539832e+14   6.332146516e+12 
  684.990  4.541127e+14   6.352069984e+12 
  685.000  4.540836e+14   6.357710275e+12 
  685.010  4.534134e+14   6.341127045e+12 
  685.020  4.513821e+14   6.319666889e+12 
  685.030  4.489984e+14   6.294569222e+12 
  685.040  4.464647e+14   6.262358016e+12 
  685.050  4.450425e+14   6.244271653e+12 
  685.060  4.461477e+14   6.259441926e+12 
  685.070  4.478248e+14   6.282100605e+12 
  685.080  4.495617e+14   6.305499054e+12 
  685.090  4.509558e+14   6.324304740e+12 
  685.100  4.512048e+14   6.327841063e+12 
  685.110  4.513276e+14   6.329286525e+12 
  685.120  4.518998e+14   6.333010018e+12 
  685.130  4.523204e+14   6.335193154e+12 
  685.140  4.527594e+14   6.349116670e+12 
  685.150  4.531289e+14   6.355232489e+12 
  685.160  4.532937e+14   6.358021702e+12 
  685.170  4.535193e+14   6.361474662e+12 
  685.180  4.536682e+14   6.363850211e+12 
  685.190  4.537520e+14   6.365316645e+12 
  685.200  4.537712e+14   6.365838311e+12 
  685.210  4.537550e+14   6.365498573e+12 
  685.220  4.537710e+14   6.360312316e+12 
  685.230  4.536542e+14   6.364291138e+12 
  685.240  4.531022e+14   6.357183889e+12 
  685.250  4.521096e+14   6.335932400e+12 
  685.260  4.508054e+14   6.323810861e+12 
  685.270  4.497385e+14   6.314242605e+12 
  685.280  4.494567e+14   6.311408304e+12 
  685.290  4.497623e+14   6.315835392e+12 
  685.300  4.498688e+14   6.317191725e+12 
  685.310  4.489081e+14   6.302222778e+12 
  685.320  4.430546e+14   6.212715282e+12 
  685.330  4.350089e+14   6.119601734e+12 
  685.340  4.278117e+14   6.017627718e+12 
  685.350  4.199102e+14   5.919710118e+12 
  685.360  4.177282e+14   5.884271919e+12 
  685.370  4.196991e+14   5.913601638e+12 
  685.380  4.218264e+14   5.948335718e+12 
  685.390  4.279297e+14   6.029936427e+12 
  685.400  4.356637e+14   6.132804354e+12 
  685.410  4.410137e+14   6.203865825e+12 
  685.420  4.457503e+14   6.266467385e+12 
  685.430  4.486323e+14   6.303449088e+12 
  685.440  4.489109e+14   6.299611824e+12 
  685.450  4.497217e+14   6.255654470e+12 
  685.460  4.508464e+14   6.328005689e+12 
  685.470  4.515992e+14   6.343110951e+12 
  685.480  4.521231e+14   6.350260142e+12 
  685.490  4.525067e+14   6.352665051e+12 
  685.500  4.527877e+14   6.341317886e+12 
  685.510  4.530775e+14   6.213400527e+12 
  685.520  4.531006e+14   6.340353196e+12 
  685.530  4.528074e+14   6.313278439e+12 
  685.540  4.523425e+14   6.186165338e+12 
  685.550  4.518689e+14   6.313984131e+12 
  685.560  4.516845e+14   6.328815714e+12 
  685.570  4.519763e+14   6.282006233e+12 
  685.580  4.523462e+14   6.194043290e+12 
  685.590  4.511987e+14   6.320516760e+12 
  685.600  4.493362e+14   6.307721511e+12 
  685.610  4.463084e+14   6.262054978e+12 
  685.620  4.433768e+14   6.238769775e+12 
  685.630  4.432584e+14   6.234259325e+12 
  685.640  4.393419e+14   6.188084756e+12 
  685.650  4.344944e+14   6.125734330e+12 
  685.660  4.284098e+14   6.045696524e+12 
  685.670  4.074744e+14   5.768074494e+12 
  685.680  3.822776e+14   5.433585041e+12 
  685.690  3.602968e+14   5.141075853e+12 
  685.700  3.409518e+14   4.879530066e+12 
  685.710  3.487097e+14   4.988089139e+12 
  685.720  3.770519e+14   5.365315404e+12 
  685.730  4.004367e+14   5.675969675e+12 
  685.740  4.211803e+14   5.945875759e+12 
  685.750  4.276495e+14   6.034288017e+12 
  685.760  4.173127e+14   5.890078933e+12 
  685.770  4.130417e+14   5.800394228e+12 
  685.780  4.104085e+14   5.806579778e+12 
  685.790  4.094984e+14   5.798022349e+12 
  685.800  4.181406e+14   5.913971786e+12 
  685.810  4.276611e+14   6.041004671e+12 
  685.820  4.372571e+14   6.168559223e+12 
  685.830  4.465392e+14   6.290649121e+12 
  685.840  4.509003e+14   6.338467332e+12 
  685.850  4.522992e+14   6.317586514e+12 
  685.860  4.529555e+14   6.373134828e+12 
  685.870  4.527787e+14   6.373276385e+12 
  685.880  4.469722e+14   6.279148339e+12 
  685.890  4.380887e+14   6.179863396e+12 
  685.900  4.290953e+14   6.062789886e+12 
  685.910  4.207795e+14   5.952690979e+12 
  685.920  4.231941e+14   5.984465453e+12 
  685.930  4.318716e+14   6.094977499e+12 
  685.940  4.405788e+14   6.207584600e+12 
  685.950  4.489329e+14   6.322408915e+12 
  685.960  4.511736e+14   6.348538905e+12 
  685.970  4.401655e+14   6.204341879e+12 
  685.980  4.216927e+14   5.962413375e+12 
  685.990  4.029457e+14   5.689945620e+12 
  686.000  3.856669e+14   5.464005280e+12 
  686.010  3.883296e+14   5.466051052e+12 
  686.020  4.063898e+14   5.758067409e+12 
  686.030  4.253502e+14   6.015729271e+12 
  686.040  4.436997e+14   6.260856979e+12 
  686.050  4.521802e+14   6.369232028e+12 
  686.060  4.524476e+14   6.337117290e+12 
  686.070  4.523204e+14   6.373437866e+12 
  686.080  4.521273e+14   6.373403787e+12 
  686.090  4.521244e+14   6.367148507e+12 
  686.100  4.524622e+14   6.372411834e+12 
  686.110  4.526112e+14   6.329999032e+12 
  686.120  4.526708e+14   6.355639337e+12 
  686.130  4.523743e+14   6.377796796e+12 
  686.140  4.513116e+14   6.365939499e+12 
  686.150  4.503805e+14   6.353074520e+12 
  686.160  4.491588e+14   6.339883434e+12 
  686.170  4.469899e+14   6.308576100e+12 
  686.180  4.454702e+14   6.285403095e+12 
  686.190  4.436554e+14   6.255598895e+12 
  686.200  4.422490e+14   6.248777384e+12 
  686.210  4.430337e+14   6.258914492e+12 
  686.220  4.437776e+14   6.262072279e+12 
  686.230  4.409408e+14   6.159655240e+12 
  686.240  4.335820e+14   6.079677202e+12 
  686.250  4.240702e+14   5.997332529e+12 
  686.260  4.146059e+14   5.845232386e+12 
  686.270  4.131435e+14   5.850672923e+12 
  686.280  4.199832e+14   5.955019866e+12 
  686.290  4.284906e+14   6.071427531e+12 
  686.300  4.363343e+14   6.177436991e+12 
  686.310  4.391103e+14   6.215227671e+12 
  686.320  4.388445e+14   6.212003299e+12 
  686.330  4.385480e+14   6.207731925e+12 
  686.340  4.384252e+14   6.203144929e+12 
  686.350  4.233149e+14   5.965032718e+12 
  686.360  3.930814e+14   5.585140974e+12 
  686.370  3.614044e+14   5.176736350e+12 
  686.380  3.315924e+14   4.780101468e+12 
  686.390  3.354466e+14   4.830969463e+12 
  686.400  3.650093e+14   5.213271359e+12 
  686.410  3.892559e+14   5.550879277e+12 
  686.420  4.107261e+14   5.833425420e+12 
  686.430  4.159675e+14   5.909377450e+12 
  686.440  4.105633e+14   5.836785582e+12 
  686.450  4.203282e+14   5.964475400e+12 
  686.460  4.316878e+14   6.090649502e+12 
  686.470  4.427000e+14   6.198612984e+12 
  686.480  4.518255e+14   6.284850495e+12 
  686.490  4.527805e+14   6.359930110e+12 
  686.500  4.528564e+14   6.396128526e+12 
  686.510  4.530518e+14   6.398010196e+12 
  686.520  4.531371e+14   6.390271181e+12 
  686.530  4.531563e+14   6.404573757e+12 
  686.540  4.530829e+14   6.408012038e+12 
  686.550  4.528028e+14   6.405072355e+12 
  686.560  4.526540e+14   6.403093168e+12 
  686.570  4.526037e+14   6.401808663e+12 
  686.580  4.523954e+14   6.397303456e+12 
  686.590  4.506307e+14   6.368703545e+12 
  686.600  4.484971e+14   6.317193298e+12 
  686.610  4.462116e+14   6.126307901e+12 
  686.620  4.442244e+14   6.247559463e+12 
  686.630  4.454712e+14   6.282087498e+12 
  686.640  4.473179e+14   6.325876556e+12 
  686.650  4.492387e+14   6.354136203e+12 
  686.660  4.512077e+14   6.379138449e+12 
  686.670  4.516747e+14   6.371930538e+12 
  686.680  4.517317e+14   6.385796907e+12 
  686.690  4.502529e+14   6.364675965e+12 
  686.700  4.470920e+14   6.315434312e+12 
  686.710  4.436634e+14   6.270543200e+12 
  686.720  4.405908e+14   6.216901198e+12 
  686.730  4.407168e+14   6.131518276e+12 
  686.740  4.440054e+14   6.256715104e+12 
  686.750  4.474011e+14   6.293194539e+12 
  686.760  4.506489e+14   6.207853036e+12 
  686.770  4.522259e+14   6.230180889e+12 
  686.780  4.522878e+14   6.269145448e+12 
  686.790  4.524153e+14   6.241318863e+12 
  686.800  4.521499e+14   6.314653123e+12 
  686.810  4.517731e+14   6.344679096e+12 
  686.820  4.513588e+14   6.339791684e+12 
  686.830  4.510373e+14   6.325935800e+12 
  686.840  4.515051e+14   6.322056069e+12 
  686.850  4.521295e+14   6.313591439e+12 
  686.860  4.525911e+14   6.292376650e+12 
  686.870  4.525352e+14   6.245651055e+12 
  686.880  4.512712e+14   6.137616794e+12 
  686.890  4.494140e+14   5.833737896e+12 
  686.900  4.476373e+14   5.040172433e+12 
  686.910  4.461016e+14   9.563185480e+11 
  686.920  4.460009e+14   3.989890138e+12 
  686.930  4.469046e+14   1.560507843e+12 
  686.940  4.481198e+14   1.803204035e+12 
  686.950  4.499424e+14   3.453018964e+12 
  686.960  4.511744e+14   5.412232364e+12 
  686.970  4.518865e+14   5.235399983e+12 
  686.980  4.521987e+14   5.059174203e+12 
  686.990  4.520023e+14   4.084130906e+12 
  687.000  4.517860e+14   2.951155098e+10 
  687.010  4.516820e+14   1.853665772e+11 
  687.020  4.519330e+14   3.504578757e+12 
  687.030  4.522822e+14   1.638765822e+12 
  687.040  4.526248e+14   1.908465467e+12 
  687.050  4.528933e+14   3.130746733e+12 
  687.060  4.529057e+14   4.915223593e+12 
  687.070  4.524909e+14   3.734273262e+12 
  687.080  4.519175e+14   2.770309120e+10 
  687.090  4.512492e+14   2.601142190e+12 
  687.100  4.499766e+14   1.754413629e+11 
  687.110  4.492612e+14   4.358016074e+12 
  687.120  4.487744e+14   5.455052014e+12 
  687.130  4.484551e+14   5.672163869e+12 
  687.140  4.495768e+14   5.568643727e+12 
  687.150  4.506876e+14   4.054203761e+12 
  687.160  4.517088e+14   4.932821320e+12 
  687.170  4.518394e+14   3.018137272e+12 
  687.180  4.506569e+14   9.963900109e+10 
  687.190  4.490780e+14   5.859388948e+11 
  687.200  4.473795e+14   3.940618338e+12 
  687.210  4.472285e+14   5.116765143e+12 
  687.220  4.482501e+14   5.482282484e+12 
  687.230  4.497085e+14   5.765881397e+12 
  687.240  4.514294e+14   5.833813393e+12 
  687.250  4.524154e+14   4.451020571e+12 
  687.260  4.528127e+14   5.475112321e+12 
  687.270  4.529967e+14   3.969618543e+12 
  687.280  4.530510e+14   8.725520712e+11 
  687.290  4.530996e+14   1.672830124e+12 
  687.300  4.531004e+14   3.979619336e+12 
  687.310  4.530315e+14   1.997591413e+12 
  687.320  4.529138e+14   3.194288865e+11 
  687.330  4.527006e+14   3.726477099e+12 
  687.340  4.523273e+14   5.245288055e+12 
  687.350  4.520681e+14   5.699461448e+12 
  687.360  4.518560e+14   5.854417912e+12 
  687.370  4.514147e+14   5.853616275e+12 
  687.380  4.506959e+14   5.705501245e+12 
  687.390  4.482118e+14   5.442994962e+12 
  687.400  4.403613e+14   4.324622860e+12 
  687.410  4.327022e+14   7.522121155e+11 
  687.420  4.260970e+14   1.353673998e+12 
  687.430  4.230499e+14   4.353215169e+12 
  687.440  4.301466e+14   5.054106960e+12 
  687.450  4.363137e+14   4.982960554e+12 
  687.460  4.415111e+14   3.881587704e+12 
  687.470  4.451109e+14   5.700880302e+11 
  687.480  4.439169e+14   1.252857086e+12 
  687.490  4.456954e+14   4.397749502e+12 
  687.500  4.479750e+14   5.426541232e+12 
  687.510  4.493430e+14   5.767413367e+12 
  687.520  4.501713e+14   5.876948140e+12 
  687.530  4.491461e+14   5.727463145e+12 
  687.540  4.479222e+14   5.653255946e+12 
  687.550  4.478964e+14   5.082926023e+12 
  687.560  4.482995e+14   2.842968457e+12 
  687.570  4.488429e+14   3.635311411e+10 
  687.580  4.492785e+14   3.523658121e+12 
  687.590  4.497789e+14   5.254799688e+12 
  687.600  4.501896e+14   5.612286509e+12 
  687.610  4.504097e+14   5.825995211e+12 
  687.620  4.507257e+14   5.756552741e+12 
  687.630  4.506738e+14   5.382557139e+12 
  687.640  4.506704e+14   4.303134130e+12 
  687.650  4.509648e+14   8.529373430e+11 
  687.660  4.513656e+14   9.268544143e+11 
  687.670  4.518717e+14   4.408626643e+12 
  687.680  4.523369e+14   5.507996189e+12 
  687.690  4.525154e+14   5.857718829e+12 
  687.700  4.504435e+14   5.943995138e+12 
  687.710  4.470320e+14   5.868900319e+12 
  687.720  4.435105e+14   5.674798416e+12 
  687.730  4.401049e+14   5.104884777e+12 
  687.740  4.408472e+14   2.916023534e+12 
  687.750  4.435357e+14   6.673879040e+10 
  687.760  4.429252e+14   3.755484381e+12 
  687.770  4.418397e+14   5.351377207e+12 
  687.780  4.386417e+14   5.751686300e+12 
  687.790  4.352792e+14   5.869434569e+12 
  687.800  4.383593e+14   5.965152780e+12 
  687.810  4.426920e+14   6.022533480e+12 
  687.820  4.468927e+14   6.019526164e+12 
  687.830  4.498357e+14   5.890476343e+12 
  687.840  4.495041e+14   5.428471661e+12 
  687.850  4.482272e+14   3.760178856e+12 
  687.860  4.471983e+14   8.128814285e+10 
  687.870  4.479109e+14   2.842694779e+12 
  687.880  4.489454e+14   5.120492831e+12 
  687.890  4.504385e+14   5.489012244e+12 
  687.900  4.518702e+14   5.985329480e+12 
  687.910  4.522228e+14   6.051068903e+12 
  687.920  4.523289e+14   5.989234377e+12 
  687.930  4.521878e+14   5.811182502e+12 
  687.940  4.520658e+14   4.918059467e+12 
  687.950  4.521753e+14   7.912265482e+11 
  687.960  4.523183e+14   2.479829549e+12 
  687.970  4.524949e+14   5.378997748e+12 
  687.980  4.525274e+14   5.972643283e+12 
  687.990  4.521350e+14   6.040298979e+12 
  688.000  4.514072e+14   6.262556197e+12 
  688.010  4.493869e+14   6.239874449e+12 
  688.020  4.460570e+14   6.249526591e+12 
  688.030  4.427727e+14   6.197475803e+12 
  688.040  4.400882e+14   6.176369017e+12 
  688.050  4.398292e+14   6.100117094e+12 
  688.060  4.422471e+14   6.088429666e+12 
  688.070  4.454158e+14   5.911642898e+12 
  688.080  4.483553e+14   5.169209672e+12 
  688.090  4.502959e+14   1.131338269e+12 
  688.100  4.510864e+14   2.500305617e+12 
  688.110  4.516038e+14   5.482853433e+12 
  688.120  4.518732e+14   6.065590632e+12 
  688.130  4.520037e+14   6.170992968e+12 
  688.140  4.519519e+14   6.272064684e+12 
  688.150  4.517536e+14   6.293706244e+12 
  688.160  4.518362e+14   6.212646601e+12 
  688.170  4.517440e+14   5.775205859e+12 
  688.180  4.514775e+14   1.477808488e+12 
  688.190  4.511869e+14   4.656592847e+12 
  688.200  4.509574e+14   6.071184261e+12 
  688.210  4.507797e+14   6.323162317e+12 
  688.220  4.468521e+14   6.350398030e+12 
  688.230  4.412985e+14   6.299452441e+12 
  688.240  4.353648e+14   6.244989403e+12 
  688.250  4.298281e+14   6.158763426e+12 
  688.260  4.320696e+14   6.207079186e+12 
  688.270  4.374174e+14   6.297441796e+12 
  688.280  4.430084e+14   6.388932674e+12 
  688.290  4.483743e+14   6.454096953e+12 
  688.300  4.497965e+14   6.454402089e+12 
  688.310  4.497731e+14   6.454924280e+12 
  688.320  4.459372e+14   6.440409367e+12 
  688.330  4.377039e+14   6.328990302e+12 
  688.340  4.288685e+14   6.171679785e+12 
  688.350  4.204098e+14   6.093621690e+12 
  688.360  4.194144e+14   6.012298854e+12 
  688.370  4.277324e+14   6.203450065e+12 
  688.380  4.368613e+14   6.327322542e+12 
  688.390  4.454792e+14   6.451118998e+12 
  688.400  4.463212e+14   6.463678841e+12 
  688.410  4.367824e+14   6.323741655e+12 
  688.420  4.255739e+14   6.138772849e+12 
  688.430  4.147339e+14   6.010326483e+12 
  688.440  4.112731e+14   5.973772075e+12 
  688.450  4.179092e+14   6.069371798e+12 
  688.460  4.195820e+14   6.083888284e+12 
  688.470  4.204706e+14   6.067292471e+12 
  688.480  4.179222e+14   6.042660897e+12 
  688.490  4.125607e+14   5.980396978e+12 
  688.500  4.215207e+14   6.094616265e+12 
  688.510  4.317662e+14   6.178661728e+12 
  688.520  4.419737e+14   6.331021394e+12 
  688.530  4.502839e+14   6.402439381e+12 
  688.540  4.512996e+14   6.322931106e+12 
  688.550  4.512573e+14   6.091126604e+12 
  688.560  4.511541e+14   5.262859043e+12 
  688.570  4.510601e+14   8.540321219e+11 
  688.580  4.508790e+14   3.207577469e+12 
  688.590  4.510478e+14   5.687636132e+12 
  688.600  4.514140e+14   6.151877427e+12 
  688.610  4.518671e+14   6.369705984e+12 
  688.620  4.523386e+14   6.449204822e+12 
  688.630  4.525825e+14   6.489150849e+12 
  688.640  4.527021e+14   6.510444282e+12 
  688.650  4.527418e+14   6.517204976e+12 
  688.660  4.527169e+14   6.524277096e+12 
  688.670  4.525503e+14   6.522968998e+12 
  688.680  4.523131e+14   6.509274071e+12 
  688.690  4.520337e+14   6.299715633e+12 
  688.700  4.516233e+14   6.473645556e+12 
  688.710  4.513596e+14   6.440822505e+12 
  688.720  4.510425e+14   6.322129469e+12 
  688.730  4.455857e+14   6.201023136e+12 
  688.740  4.337838e+14   5.828754014e+12 
  688.750  4.216116e+14   5.011790103e+12 
  688.760  4.099088e+14   1.748367704e+12 
  688.770  4.082230e+14   1.292851085e+12 
  688.780  4.198931e+14   4.644010459e+12 
  688.790  4.321933e+14   5.712820306e+12 
  688.800  4.419271e+14   5.955936846e+12 
  688.810  4.453826e+14   5.835574477e+12 
  688.820  4.415590e+14   5.985404977e+12 
  688.830  4.375472e+14   5.930615308e+12 
  688.840  4.378306e+14   5.588421444e+12 
  688.850  4.408425e+14   4.576047530e+12 
  688.860  4.443639e+14   8.387733750e+11 
  688.870  4.479921e+14   1.437733487e+12 
  688.880  4.494934e+14   4.718409548e+12 
  688.890  4.497286e+14   5.341407347e+12 
  688.900  4.496712e+14   6.106312081e+12 
  688.910  4.489730e+14   5.896593211e+12 
  688.920  4.439388e+14   6.306737422e+12 
  688.930  4.351175e+14   6.222828798e+12 
  688.940  4.259809e+14   6.027891704e+12 
  688.950  4.174633e+14   5.998525809e+12 
  688.960  4.175855e+14   6.041042420e+12 
  688.970  4.250956e+14   6.140815999e+12 
  688.980  4.337235e+14   6.173856629e+12 
  688.990  4.430192e+14   5.942673932e+12 
  689.000  4.485263e+14   6.439804862e+12 
  689.010  4.502953e+14   6.467355673e+12 
  689.020  4.513878e+14   6.402857239e+12 
  689.030  4.518380e+14   6.394340180e+12 
  689.040  4.519694e+14   6.314473816e+12 
  689.050  4.520717e+14   5.855902171e+12 
  689.060  4.521824e+14   5.854070833e+12 
  689.070  4.522653e+14   4.821825880e+12 
  689.080  4.523060e+14   1.004043960e+12 
  689.090  4.523355e+14   1.218241626e+12 
  689.100  4.523706e+14   4.922783302e+12 
  689.110  4.523755e+14   5.835698209e+12 
  689.120  4.523840e+14   6.040332009e+12 
  689.130  4.523748e+14   6.185056469e+12 
  689.140  4.521202e+14   6.131875316e+12 
  689.150  4.516151e+14   5.723622736e+12 
  689.160  4.511184e+14   5.302367814e+12 
  689.170  4.505851e+14   3.127030055e+12 
  689.180  4.502174e+14   1.126192435e+10 
  689.190  4.500610e+14   2.825875096e+12 
  689.200  4.498583e+14   4.962999861e+12 
  689.210  4.497504e+14   5.858408792e+12 
  689.220  4.500554e+14   6.186295362e+12 
  689.230  4.506586e+14   6.310025757e+12 
  689.240  4.513521e+14   6.443403575e+12 
  689.250  4.519712e+14   6.500754915e+12 
  689.260  4.522077e+14   6.506371088e+12 
  689.270  4.521704e+14   6.493016949e+12 
  689.280  4.520671e+14   6.524462694e+12 
  689.290  4.518880e+14   6.540989825e+12 
  689.300  4.517251e+14   6.576381886e+12 
  689.310  4.514865e+14   6.568392786e+12 
  689.320  4.512859e+14   6.571819008e+12 
  689.330  4.512777e+14   6.559410160e+12 
  689.340  4.514112e+14   6.540463440e+12 
  689.350  4.515540e+14   5.981402563e+12 
  689.360  4.515070e+14   6.266603700e+12 
  689.370  4.510869e+14   6.323574407e+12 
  689.380  4.504245e+14   6.369045905e+12 
  689.390  4.498189e+14   6.239665258e+12 
  689.400  4.495329e+14   5.941964046e+12 
  689.410  4.497865e+14   5.112692474e+12 
  689.420  4.502603e+14   1.991032701e+12 
  689.430  4.508626e+14   4.332837274e+11 
  689.440  4.512305e+14   4.063135793e+12 
  689.450  4.513652e+14   5.634024538e+12 
  689.460  4.514588e+14   6.062566015e+12 
  689.470  4.514260e+14   6.180833853e+12 
  689.480  4.514417e+14   6.144551551e+12 
  689.490  4.512749e+14   5.314779808e+12 
  689.500  4.508788e+14   5.361008378e+12 
  689.510  4.505052e+14   3.328733872e+12 
  689.520  4.500877e+14   3.768419533e+10 
  689.530  4.493139e+14   2.496240550e+12 
  689.540  4.487877e+14   5.140834681e+12 
  689.550  4.481723e+14   5.930326426e+12 
  689.560  4.476576e+14   6.225729683e+12 
  689.570  4.483737e+14   6.381134938e+12 
  689.580  4.489879e+14   6.470920831e+12 
  689.590  4.494667e+14   6.527261344e+12 
  689.600  4.497268e+14   6.562170012e+12 
  689.610  4.491992e+14   6.566521078e+12 
  689.620  4.485717e+14   6.566543622e+12 
  689.630  4.479701e+14   6.446550876e+12 
  689.640  4.465246e+14   6.495764742e+12 
  689.650  4.420520e+14   6.506071196e+12 
  689.660  4.358774e+14   6.421121335e+12 
  689.670  4.296188e+14   6.234739048e+12 
  689.680  4.249728e+14   6.235757216e+12 
  689.690  4.253429e+14   6.264678515e+12 
  689.700  4.291665e+14   6.326087844e+12 
  689.710  4.335199e+14   6.376282128e+12 
  689.720  4.377264e+14   6.408056078e+12 
  689.730  4.412322e+14   6.346457481e+12 
  689.740  4.437968e+14   6.288848716e+12 
  689.750  4.463761e+14   6.347226612e+12 
  689.760  4.484074e+14   6.228878557e+12 
  689.770  4.491385e+14   5.804439634e+12 
  689.780  4.493342e+14   4.624225403e+12 
  689.790  4.493702e+14   7.249089004e+11 
  689.800  4.497748e+14   1.471855198e+12 
  689.810  4.502900e+14   4.991033016e+12 
  689.820  4.508096e+14   5.892938400e+12 
  689.830  4.511753e+14   5.881204834e+12 
  689.840  4.513649e+14   6.239524749e+12 
  689.850  4.515233e+14   6.157855883e+12 
  689.860  4.517411e+14   5.865587343e+12 
  689.870  4.519361e+14   4.945573577e+12 
  689.880  4.520529e+14   1.569955512e+12 
  689.890  4.520324e+14   5.275224637e+11 
  689.900  4.519359e+14   4.248164893e+12 
  689.910  4.518520e+14   5.659958444e+12 
  689.920  4.517849e+14   6.072642306e+12 
  689.930  4.518152e+14   6.403141927e+12 
  689.940  4.517127e+14   6.517854044e+12 
  689.950  4.515807e+14   6.540029854e+12 
  689.960  4.514198e+14   6.384151691e+12 
  689.970  4.511342e+14   6.598303941e+12 
  689.980  4.496990e+14   6.488971543e+12 
  689.990  4.414562e+14   6.525017915e+12 
  690.000  4.323713e+14   6.438429131e+12 
  690.010  4.234046e+14   6.324406452e+12 
  690.020  4.169071e+14   6.234838663e+12 
  690.030  4.242570e+14   6.348625412e+12 
  690.040  4.330669e+14   6.480728162e+12 
  690.050  4.417554e+14   6.607325364e+12 
  690.060  4.492430e+14   6.714468860e+12 
  690.070  4.501532e+14   6.722915140e+12 
  690.080  4.503626e+14   6.475246731e+12 
  690.090  4.508109e+14   6.718081729e+12 
  690.100  4.509727e+14   6.714805453e+12 
  690.110  4.510747e+14   6.702439596e+12 
  690.120  4.507476e+14   6.668853707e+12 
  690.130  4.494804e+14   6.584674025e+12 
  690.140  4.481090e+14   6.339573055e+12 
  690.150  4.459733e+14   6.251858100e+12 
  690.160  4.424435e+14   6.021938938e+12 
  690.170  4.404422e+14   5.116505096e+12 
  690.180  4.389666e+14   1.493409464e+12 
  690.190  4.392216e+14   9.467996406e+11 
  690.200  4.429765e+14   4.911753331e+12 
  690.210  4.460872e+14   5.966884504e+12 
  690.220  4.488258e+14   6.285905363e+12 
  690.230  4.506938e+14   6.385924833e+12 
  690.240  4.507373e+14   6.240408175e+12 
  690.250  4.506501e+14   6.085098340e+12 
  690.260  4.505611e+14   5.328098820e+12 
  690.270  4.505009e+14   2.183840924e+12 
  690.280  4.504982e+14   4.793921700e+11 
  690.290  4.508238e+14   4.509059777e+12 
  690.300  4.511644e+14   5.945298518e+12 
  690.310  4.514690e+14   6.375277593e+12 
  690.320  4.515648e+14   6.537237496e+12 
  690.330  4.514083e+14   6.649180324e+12 
  690.340  4.510524e+14   6.581280309e+12 
  690.350  4.499801e+14   6.540224365e+12 
  690.360  4.489507e+14   6.734619869e+12 
  690.370  4.478574e+14   6.738664227e+12 
  690.380  4.470046e+14   6.693339529e+12 
  690.390  4.476100e+14   6.703891350e+12 
  690.400  4.483640e+14   6.772986741e+12 
  690.410  4.492188e+14   6.746310443e+12 
  690.420  4.502199e+14   6.806812754e+12 
  690.430  4.503275e+14   6.828997476e+12 
  690.440  4.493842e+14   6.818767045e+12 
  690.450  4.483772e+14   6.652481241e+12 
  690.460  4.472066e+14   6.784758579e+12 
  690.470  4.464058e+14   6.771830686e+12 
  690.480  4.476023e+14   6.789396431e+12 
  690.490  4.488457e+14   6.746827391e+12 
  690.500  4.498606e+14   6.625731019e+12 
  690.510  4.502659e+14   6.636347326e+12 
  690.520  4.497237e+14   6.783437373e+12 
  690.530  4.491593e+14   6.779998568e+12 
  690.540  4.488620e+14   6.755168813e+12 
  690.550  4.486518e+14   6.705985356e+12 
  690.560  4.479782e+14   6.575643689e+12 
  690.570  4.470632e+14   6.123164795e+12 
  690.580  4.461872e+14   6.072623432e+12 
  690.590  4.462919e+14   4.802690941e+12 
  690.600  4.472558e+14   4.156609331e+11 
  690.610  4.487471e+14   3.319666049e+12 
  690.620  4.501428e+14   5.849205965e+12 
  690.630  4.507304e+14   6.390037348e+12 
  690.640  4.508963e+14   6.472613233e+12 
  690.650  4.507532e+14   6.559824347e+12 
  690.660  4.504580e+14   6.475302830e+12 
  690.670  4.503383e+14   6.146625634e+12 
  690.680  4.497848e+14   4.955206320e+12 
  690.690  4.455494e+14   5.586718556e+11 
  690.700  4.402933e+14   2.739960545e+12 
  690.710  4.346999e+14   5.559332372e+12 
  690.720  4.285331e+14   6.113681998e+12 
  690.730  4.283141e+14   6.321473585e+12 
  690.740  4.301163e+14   5.882175816e+12 
  690.750  4.323328e+14   6.528869335e+12 
  690.760  4.365287e+14   6.601252536e+12 
  690.770  4.394812e+14   6.583823106e+12 
  690.780  4.407858e+14   6.544550265e+12 
  690.790  4.378850e+14   5.497136087e+12 
  690.800  4.327174e+14   6.366258790e+12 
  690.810  4.265706e+14   6.507134452e+12 
  690.820  4.225615e+14   6.489459130e+12 
  690.830  4.265983e+14   6.554497057e+12 
  690.840  4.330070e+14   6.577266360e+12 
  690.850  4.395396e+14   6.588154774e+12 
  690.860  4.449320e+14   6.767043412e+12 
  690.870  4.465190e+14   6.809683231e+12 
  690.880  4.456503e+14   6.838091252e+12 
  690.890  4.422730e+14   6.658965635e+12 
  690.900  4.386407e+14   6.761085927e+12 
  690.910  4.348681e+14   6.718877073e+12 
  690.920  4.345928e+14   6.689088602e+12 
  690.930  4.389610e+14   6.634322526e+12 
  690.940  4.436492e+14   6.836698218e+12 
  690.950  4.482015e+14   6.891569676e+12 
  690.960  4.506924e+14   6.891168596e+12 
  690.970  4.506807e+14   6.940125561e+12 
  690.980  4.505547e+14   6.925703447e+12 
  690.990  4.503138e+14   6.889975316e+12 
  691.000  4.500858e+14   6.842126172e+12 
  691.010  4.499849e+14   6.700055658e+12 
  691.020  4.498911e+14   6.338438496e+12 
  691.030  4.499312e+14   5.759616156e+12 
  691.040  4.501317e+14   1.280812777e+12 
  691.050  4.503153e+14   2.930321129e+12 
  691.060  4.506217e+14   6.064084353e+12 
  691.070  4.509630e+14   6.604027068e+12 
  691.080  4.511279e+14   6.753244676e+12 
  691.090  4.512388e+14   6.777381323e+12 
  691.100  4.512342e+14   6.712862966e+12 
  691.110  4.512218e+14   6.504804516e+12 
  691.120  4.513171e+14   5.383101874e+12 
  691.130  4.514184e+14   1.077029044e+12 
  691.140  4.514528e+14   3.134557258e+12 
  691.150  4.512357e+14   6.079968707e+12 
  691.160  4.508911e+14   6.569105293e+12 
  691.170  4.503785e+14   6.809453593e+12 
  691.180  4.498995e+14   6.859880137e+12 
  691.190  4.498235e+14   6.876543582e+12 
  691.200  4.498547e+14   6.970947928e+12 
  691.210  4.501025e+14   6.964228129e+12 
  691.220  4.503962e+14   6.976111116e+12 
  691.230  4.504831e+14   7.036714615e+12 
  691.240  4.505919e+14   7.050166796e+12 
  691.250  4.506939e+14   7.049193718e+12 
  691.260  4.506344e+14   7.056098066e+12 
  691.270  4.498502e+14   7.054244184e+12 
  691.280  4.489001e+14   7.036318777e+12 
  691.290  4.479134e+14   6.827756487e+12 
  691.300  4.468379e+14   6.980538728e+12 
  691.310  4.436779e+14   6.897377739e+12 
  691.320  4.395348e+14   6.515302859e+12 
  691.330  4.322039e+14   5.750500360e+12 
  691.340  4.221786e+14   6.506778984e+12 
  691.350  4.178591e+14   6.542015332e+12 
  691.360  4.159229e+14   6.555985510e+12 
  691.370  4.200231e+14   6.627882697e+12 
  691.380  4.304525e+14   6.757964841e+12 
  691.390  4.384182e+14   6.863407546e+12 
  691.400  4.447993e+14   7.012684399e+12 
  691.410  4.478063e+14   7.042566717e+12 
  691.420  4.473388e+14   7.052159091e+12 
  691.430  4.462918e+14   7.037401432e+12 
  691.440  4.463126e+14   7.030607184e+12 
  691.450  4.471321e+14   7.025688314e+12 
  691.460  4.477712e+14   6.774755164e+12 
  691.470  4.481314e+14   6.624924664e+12 
  691.480  4.475397e+14   6.868138721e+12 
  691.490  4.463689e+14   6.651810677e+12 
  691.500  4.456856e+14   5.675348918e+12 
  691.510  4.457927e+14   6.392169267e+10 
  691.520  4.467359e+14   5.164742738e+12 
  691.530  4.482113e+14   5.572864246e+12 
  691.540  4.495716e+14   6.742230434e+12 
  691.550  4.504157e+14   6.743790715e+12 
  691.560  4.504421e+14   6.653314859e+12 
  691.570  4.499654e+14   6.873054446e+12 
  691.580  4.492838e+14   6.638700331e+12 
  691.590  4.480379e+14   5.389532266e+12 
  691.600  4.457593e+14   5.630771200e+10 
  691.610  4.368681e+14   5.505254687e+12 
  691.620  4.148890e+14   5.883878703e+12 
  691.630  3.924115e+14   5.952770671e+12 
  691.640  3.723602e+14   5.749855486e+12 
  691.650  3.667786e+14   5.511258309e+12 
  691.660  3.861582e+14   6.144529007e+12 
  691.670  4.088629e+14   6.477261570e+12 
  691.680  4.308589e+14   6.868806664e+12 
  691.690  4.460814e+14   7.110402245e+12 
  691.700  4.487923e+14   7.106845999e+12 
  691.710  4.479286e+14   7.132033319e+12 
  691.720  4.462081e+14   7.118190543e+12 
  691.730  4.441618e+14   6.990672691e+12 
  691.740  4.425009e+14   6.905771590e+12 
  691.750  4.439328e+14   6.711130718e+12 
  691.760  4.458732e+14   6.545206149e+12 
  691.770  4.478671e+14   7.105040351e+12 
  691.780  4.496575e+14   7.191856677e+12 
  691.790  4.501457e+14   7.215806677e+12 
  691.800  4.504326e+14   7.223179739e+12 
  691.810  4.504212e+14   7.217003626e+12 
  691.820  4.453604e+14   7.125216526e+12 
  691.830  4.273868e+14   6.677302084e+12 
  691.840  4.073139e+14   5.794149433e+12 
  691.850  3.873598e+14   6.196162986e+12 
  691.860  3.757615e+14   6.080306348e+12 
  691.870  3.895589e+14   6.302479155e+12 
  691.880  4.072526e+14   6.577683169e+12 
  691.890  4.250277e+14   6.758173508e+12 
  691.900  4.401293e+14   7.080270889e+12 
  691.910  4.418178e+14   7.097211683e+12 
  691.920  4.421233e+14   7.071633768e+12 
  691.930  4.429912e+14   6.695105331e+12 
  691.940  4.438519e+14   5.921034994e+12 
  691.950  4.460196e+14   6.858916495e+12 
  691.960  4.482328e+14   7.084811223e+12 
  691.970  4.498861e+14   6.830648984e+12 
  691.980  4.508257e+14   6.998952772e+12 
  691.990  4.507902e+14   6.609103749e+12 
  692.000  4.503102e+14   1.766617252e+12 
  692.010  4.487232e+14   5.459670467e+12 
  692.020  4.442733e+14   6.811895202e+12 
  692.030  4.389892e+14   6.892790219e+12 
  692.040  4.337650e+14   6.910951555e+12 
  692.050  4.304156e+14   6.862274560e+12 
  692.060  4.327366e+14   6.886040535e+12 
  692.070  4.371227e+14   6.805873230e+12 
  692.080  4.422389e+14   6.151365722e+12 
  692.090  4.469332e+14   2.413492961e+11 
  692.100  4.488339e+14   5.987649978e+12 
  692.110  4.496717e+14   6.846910300e+12 
  692.120  4.500340e+14   6.222800486e+12 
  692.130  4.501217e+14   6.998724182e+12 
  692.140  4.503321e+14   7.238013944e+12 
  692.150  4.505382e+14   7.287234101e+12 
  692.160  4.507089e+14   7.286113698e+12 
  692.170  4.506272e+14   7.263807341e+12 
  692.180  4.499391e+14   7.313603166e+12 
  692.190  4.491802e+14   7.294936941e+12 
  692.200  4.483368e+14   7.303018840e+12 
  692.210  4.475443e+14   7.196416934e+12 
  692.220  4.473836e+14   7.196910813e+12 
  692.230  4.470282e+14   7.175895777e+12 
  692.240  4.451794e+14   7.270302220e+12 
  692.250  4.374571e+14   7.141609964e+12 
  692.260  4.263323e+14   6.866617762e+12 
  692.270  4.153273e+14   6.804884423e+12 
  692.280  4.073498e+14   5.756156379e+12 
  692.290  4.116002e+14   6.736217375e+12 
  692.300  4.226064e+14   6.936387912e+12 
  692.310  4.338544e+14   7.103667241e+12 
  692.320  4.436429e+14   7.252425048e+12 
  692.330  4.469737e+14   7.291355529e+12 
  692.340  4.472138e+14   7.274058744e+12 
  692.350  4.475914e+14   6.354113135e+12 
  692.360  4.482673e+14   7.289307660e+12 
  692.370  4.489550e+14   7.257516933e+12 
  692.380  4.494994e+14   6.726980469e+12 
  692.390  4.497900e+14   6.955869405e+12 
  692.400  4.498320e+14   7.269309219e+12 
  692.410  4.499369e+14   6.835159433e+12 
  692.420  4.500012e+14   6.503957791e+12 
  692.430  4.500842e+14   7.006206296e+12 
  692.440  4.503040e+14   5.217564754e+12 
  692.450  4.504343e+14   7.054217970e+12 
  692.460  4.505391e+14   6.964080804e+12 
  692.470  4.505972e+14   7.283021447e+12 
  692.480  4.504458e+14   7.284461142e+12 
  692.490  4.502173e+14   6.939176600e+12 
  692.500  4.499977e+14   6.942893277e+12 
  692.510  4.497527e+14   6.237130326e+12 
  692.520  4.496903e+14   2.379402936e+11 
  692.530  4.497450e+14   3.204131586e+12 
  692.540  4.497972e+14   6.455834968e+12 
  692.550  4.497661e+14   7.047711556e+12 
  692.560  4.494303e+14   7.118663451e+12 
  692.570  4.472251e+14   6.691457335e+12 
  692.580  4.356732e+14   6.638237909e+12 
  692.590  4.213571e+14   6.640307274e+12 
  692.600  4.059431e+14   5.437358342e+12 
  692.610  3.940239e+14   1.382058557e+12 
  692.620  4.012425e+14   5.807522447e+12 
  692.630  4.140414e+14   6.210578809e+12 
  692.640  4.294020e+14   4.515552559e+12 
  692.650  4.431997e+14   6.841932710e+12 
  692.660  4.468373e+14   7.272492171e+12 
  692.670  4.469470e+14   7.157358002e+12 
  692.680  4.378512e+14   7.040501547e+12 
  692.690  4.261443e+14   7.048649507e+12 
  692.700  4.144274e+14   6.739181175e+12 
  692.710  4.048610e+14   6.437529453e+12 
  692.720  4.116856e+14   6.860030607e+12 
  692.730  4.234381e+14   7.087758770e+12 
  692.740  4.352917e+14   7.157241086e+12 
  692.750  4.455406e+14   7.452553642e+12 
  692.760  4.442686e+14   7.455980388e+12 
  692.770  4.383537e+14   7.365174231e+12 
  692.780  4.319654e+14   7.253044232e+12 
  692.790  4.265873e+14   7.176641315e+12 
  692.800  4.264545e+14   7.172555538e+12 
  692.810  4.309107e+14   7.235627385e+12 
  692.820  4.362708e+14   7.294742954e+12 
  692.830  4.412106e+14   7.295668322e+12 
  692.840  4.446917e+14   7.089014964e+12 
  692.850  4.463544e+14   5.292578832e+12 
  692.860  4.477460e+14   5.860117971e+12 
  692.870  4.490691e+14   4.928217022e+12 
  692.880  4.491338e+14   7.258052755e+12 
  692.890  4.483920e+14   7.397696864e+12 
  692.900  4.474630e+14   6.964356055e+12 
  692.910  4.467192e+14   7.086073184e+12 
  692.920  4.469825e+14   7.061578449e+12 
  692.930  4.479408e+14   7.493926257e+12 
  692.940  4.490506e+14   7.566798619e+12 
  692.950  4.498500e+14   7.593035563e+12 
  692.960  4.500487e+14   7.349268382e+12 
  692.970  4.496560e+14   7.596019286e+12 
  692.980  4.487376e+14   7.594525065e+12 
  692.990  4.480387e+14   7.581441982e+12 
  693.000  4.474858e+14   7.538916983e+12 
  693.010  4.463654e+14   7.528266072e+12 
  693.020  4.455709e+14   7.464170815e+12 
  693.030  4.446939e+14   7.442126078e+12 
  693.040  4.436625e+14   7.078010159e+12 
  693.050  4.444605e+14   7.272540406e+12 
  693.060  4.458373e+14   5.544877752e+12 
  693.070  4.472830e+14   6.576911942e+12 
  693.080  4.487082e+14   7.200062308e+12 
  693.090  4.490205e+14   6.781692543e+12 
  693.100  4.487498e+14   3.843761897e+12 
  693.110  4.483961e+14   5.583820292e+12 
  693.120  4.484247e+14   2.640999612e+12 
  693.130  4.486347e+14   5.288869495e+12 
  693.140  4.487011e+14   6.650741129e+12 
  693.150  4.483564e+14   7.215263908e+11 
  693.160  4.475118e+14   6.778939507e+12 
  693.170  4.468117e+14   5.821963436e+12 
  693.180  4.466129e+14   4.343080419e+12 
  693.190  4.469990e+14   6.177689174e+12 
  693.200  4.475328e+14   7.338486399e+12 
  693.210  4.474776e+14   7.504943645e+12 
  693.220  4.436636e+14   7.488413893e+12 
  693.230  4.380576e+14   7.377517019e+12 
  693.240  4.327320e+14   7.077558223e+12 
  693.250  4.281357e+14   5.304912183e+12 
  693.260  4.304004e+14   7.018512908e+12 
  693.270  4.362086e+14   7.167534957e+12 
  693.280  4.416087e+14   7.160780554e+12 
  693.290  4.466052e+14   7.545822904e+12 
  693.300  4.481014e+14   7.531445879e+12 
  693.310  4.477456e+14   7.235712844e+12 
  693.320  4.480128e+14   5.184429228e+12 
  693.330  4.485947e+14   6.162886427e+12 
  693.340  4.492432e+14   7.334200345e+12 
  693.350  4.489895e+14   7.348338295e+12 
  693.360  4.476349e+14   6.653075784e+12 
  693.370  4.450172e+14   4.451435807e+12 
  693.380  4.382664e+14   6.840818598e+12 
  693.390  4.326483e+14   6.679282844e+12 
  693.400  4.284424e+14   5.655896785e+12 
  693.410  4.265600e+14   5.775233122e+12 
  693.420  4.327768e+14   7.225939067e+12 
  693.430  4.392499e+14   7.512181441e+12 
  693.440  4.450969e+14   7.664419471e+12 
  693.450  4.494971e+14   7.762002575e+12 
  693.460  4.459939e+14   7.714050146e+12 
  693.470  4.397409e+14   7.609343017e+12 
  693.480  4.329622e+14   7.462687080e+12 
  693.490  4.264431e+14   7.321517818e+12 
  693.500  4.275195e+14   7.278427111e+12 
  693.510  4.318304e+14   7.332174496e+12 
  693.520  4.290639e+14   7.198888952e+12 
  693.530  4.193553e+14   6.513296409e+12 
  693.540  4.057727e+14   3.425031684e+12 
  693.550  3.920602e+14   3.308114149e+12 
  693.560  3.936866e+14   5.156802396e+12 
  693.570  4.100358e+14   3.070094737e+12 
  693.580  4.266345e+14   4.848829858e+12 
  693.590  4.423837e+14   7.089184309e+12 
  693.600  4.495350e+14   7.577004933e+12 
  693.610  4.496461e+14   7.689958064e+12 
  693.620  4.492363e+14   7.641365479e+12 
  693.630  4.489123e+14   6.245150360e+12 
  693.640  4.489784e+14   7.422987469e+12 
  693.650  4.490584e+14   7.759033008e+12 
  693.660  4.492097e+14   7.830935437e+12 
  693.670  4.493455e+14   7.850954326e+12 
  693.680  4.492193e+14   7.838127620e+12 
  693.690  4.479166e+14   7.739518484e+12 
  693.700  4.457372e+14   7.230456857e+12 
  693.710  4.433437e+14   7.290515620e+12 
  693.720  4.408964e+14   2.294175760e+12 
  693.730  4.411146e+14   7.060778385e+12 
  693.740  4.430125e+14   7.102859837e+12 
  693.750  4.449844e+14   7.608894226e+12 
  693.760  4.470382e+14   7.566846853e+12 
  693.770  4.477131e+14   6.256738173e+12 
  693.780  4.474582e+14   6.888556069e+12 
  693.790  4.476074e+14   7.694094696e+12 
  693.800  4.478370e+14   7.681386480e+12 
  693.810  4.474529e+14   7.859051954e+12 
  693.820  4.472229e+14   7.886939357e+12 
  693.830  4.467737e+14   7.905567834e+12 
  693.840  4.461849e+14   7.904762528e+12 
  693.850  4.466459e+14   7.917145162e+12 
  693.860  4.470356e+14   7.925114339e+12 
  693.870  4.473962e+14   7.929229476e+12 
  693.880  4.480058e+14   7.931000521e+12 
  693.890  4.484348e+14   7.873312588e+12 
  693.900  4.488349e+14   7.891697271e+12 
  693.910  4.489537e+14   7.864613601e+12 
  693.920  4.488155e+14   7.816143700e+12 
  693.930  4.481088e+14   7.699138871e+12 
  693.940  4.468911e+14   7.381808841e+12 
  693.950  4.458752e+14   6.294724936e+12 
  693.960  4.451100e+14   1.708287984e+12 
  693.970  4.449554e+14   4.791520985e+12 
  693.980  4.458345e+14   7.014869631e+12 
  693.990  4.456800e+14   7.434091889e+12 
  694.000  4.451099e+14   7.340034621e+12 
  694.010  4.440878e+14   5.527001104e+12 
  694.020  4.427294e+14   3.382553346e+12 
  694.030  4.432710e+14   7.098571686e+12 
  694.040  4.431732e+14   7.636722385e+12 
  694.050  4.430506e+14   7.747998843e+12 
  694.060  4.427274e+14   7.799703601e+12 
  694.070  4.420717e+14   7.824032137e+12 
  694.080  4.435131e+14   7.860670956e+12 
  694.090  4.454280e+14   7.880359018e+12 
  694.100  4.474444e+14   7.867846361e+12 
  694.110  4.488719e+14   7.703127130e+12 
  694.120  4.490401e+14   7.483876704e+12 
  694.130  4.487400e+14   7.462410781e+12 
  694.140  4.480441e+14   6.661192286e+12 
  694.150  4.473984e+14   2.847272075e+12 
  694.160  4.467121e+14   3.914264216e+12 
  694.170  4.464332e+14   5.539045573e+12 
  694.180  4.467674e+14   6.987131650e+12 
  694.190  4.474122e+14   6.810318668e+12 
  694.200  4.482403e+14   5.155396780e+12 
  694.210  4.488810e+14   1.285175771e+12 
  694.220  4.492440e+14   4.561196024e+12 
  694.230  4.494075e+14   4.792124965e+12 
  694.240  4.493214e+14   7.450454917e+12 
  694.250  4.492549e+14   7.729700143e+12 
  694.260  4.492170e+14   7.813919146e+12 
  694.270  4.492389e+14   7.784083489e+12 
  694.280  4.493228e+14   7.616855015e+12 
  694.290  4.492499e+14   5.352288420e+12 
  694.300  4.489994e+14   6.666907550e+12 
  694.310  4.487063e+14   3.877411226e+12 
  694.320  4.487098e+14   5.685942682e+12 
  694.330  4.489522e+14   6.846168433e+12 
  694.340  4.494450e+14   7.782590317e+12 
  694.350  4.498929e+14   7.930407551e+12 
  694.360  4.500546e+14   7.947291197e+12 
  694.370  4.500144e+14   7.882086547e+12 
  694.380  4.497909e+14   7.683938714e+12 
  694.390  4.492810e+14   7.080474837e+12 
  694.400  4.487263e+14   4.700165374e+12 
  694.410  4.476425e+14   2.022562202e+12 
  694.420  4.459017e+14   5.356392546e+12 
  694.430  4.446737e+14   2.567014449e+12 
  694.440  4.425854e+14   6.439196164e+12 
  694.450  4.411629e+14   7.501960446e+12 
  694.460  4.408664e+14   7.792957587e+12 
  694.470  4.401333e+14   7.890422202e+12 
  694.480  4.414802e+14   7.944995865e+12 
  694.490  4.432188e+14   8.034131640e+12 
  694.500  4.422583e+14   8.028886139e+12 
  694.510  4.397592e+14   7.977704096e+12 
  694.520  4.358749e+14   7.879262732e+12 
  694.530  4.308649e+14   7.720505180e+12 
  694.540  4.306811e+14   7.531942380e+12 
  694.550  4.341046e+14   7.209705538e+12 
  694.560  4.381878e+14   5.875126239e+12 
  694.570  4.436436e+14   1.620667007e+12 
  694.580  4.466093e+14   4.163462496e+12 
  694.590  4.475420e+14   7.037268787e+12 
  694.600  4.483195e+14   7.765147255e+12 
  694.610  4.484169e+14   8.019961709e+12 
  694.620  4.484439e+14   8.102075695e+12 
  694.630  4.486987e+14   7.922633933e+12 
  694.640  4.485318e+14   8.077727236e+12 
  694.650  4.478996e+14   8.230441320e+12 
  694.660  4.467653e+14   8.233754296e+12 
  694.670  4.418813e+14   8.056691229e+12 
  694.680  4.183906e+14   7.768956207e+12 
  694.690  3.853539e+14   7.206168166e+12 
  694.700  3.524372e+14   6.620264792e+12 
  694.710  3.274202e+14   6.163066782e+12 
  694.720  3.391684e+14   6.301983179e+12 
  694.730  3.718504e+14   6.983938736e+12 
  694.740  4.057140e+14   7.611276067e+12 
  694.750  4.359022e+14   8.157449945e+12 
  694.760  4.476316e+14   8.385220051e+12 
  694.770  4.483254e+14   8.398070350e+12 
  694.780  4.483184e+14   8.317588996e+12 
  694.790  4.481198e+14   8.396444533e+12 
  694.800  4.478389e+14   8.398093418e+12 
  694.810  4.474983e+14   8.391194837e+12 
  694.820  4.472436e+14   8.379528380e+12 
  694.830  4.473222e+14   8.368537207e+12 
  694.840  4.479307e+14   8.330666312e+12 
  694.850  4.486913e+14   5.952299860e+12 
  694.860  4.494192e+14   8.330962010e+12 
  694.870  4.497615e+14   8.354293875e+12 
  694.880  4.496007e+14   8.317717971e+12 
  694.890  4.489230e+14   8.240059384e+12 
  694.900  4.473304e+14   8.093563879e+12 
  694.910  4.390140e+14   7.708056486e+12 
  694.920  4.290947e+14   7.003034878e+12 
  694.930  4.199201e+14   4.703264965e+12 
  694.940  4.126019e+14   2.250659856e+12 
  694.950  4.185723e+14   1.561101468e+12 
  694.960  4.281587e+14   3.936027148e+12 
  694.970  4.373349e+14   6.770204869e+12 
  694.980  4.456324e+14   7.664308847e+12 
  694.990  4.474372e+14   8.023684678e+12 
  695.000  4.477372e+14   8.137687433e+12 
  695.010  4.482060e+14   7.699563545e+12 
  695.020  4.486968e+14   8.289594114e+12 
  695.030  4.490898e+14   8.350900683e+12 
  695.040  4.490928e+14   8.354246689e+12 
  695.050  4.482687e+14   8.300138594e+12 
  695.060  4.468395e+14   8.167009288e+12 
  695.070  4.452406e+14   7.855915139e+12 
  695.080  4.434507e+14   6.848472678e+12 
  695.090  4.428631e+14   2.678181855e+12 
  695.100  4.434794e+14   2.222785561e+12 
  695.110  4.443138e+14   6.194396660e+12 
  695.120  4.458640e+14   7.535473983e+12 
  695.130  4.472301e+14   7.974728761e+12 
  695.140  4.476217e+14   8.313781617e+12 
  695.150  4.477663e+14   8.415464129e+12 
  695.160  4.475023e+14   8.415145361e+12 
  695.170  4.470577e+14   7.790358168e+12 
  695.180  4.474602e+14   8.361490252e+12 
  695.190  4.481740e+14   8.527497134e+12 
  695.200  4.489349e+14   8.526586446e+12 
  695.210  4.496073e+14   8.581585830e+12 
  695.220  4.498051e+14   8.586924130e+12 
  695.230  4.493509e+14   8.545327120e+12 
  695.240  4.440388e+14   8.328711766e+12 
  695.250  4.358875e+14   7.945986245e+12 
  695.260  4.272743e+14   6.575615377e+12 
  695.270  4.190622e+14   2.846590763e+12 
  695.280  4.164077e+14   7.005636395e+12 
  695.290  4.122801e+14   7.615750865e+12 
  695.300  4.085626e+14   7.632186245e+12 
  695.310  4.053991e+14   7.064327291e+12 
  695.320  4.052554e+14   5.780104806e+12 
  695.330  4.164047e+14   7.762676810e+12 
  695.340  4.278768e+14   8.161095844e+12 
  695.350  4.388961e+14   8.118735995e+12 
  695.360  4.462533e+14   7.627867161e+12 
  695.370  4.470903e+14   8.545682063e+12 
  695.380  4.476580e+14   8.670835376e+12 
  695.390  4.479665e+14   8.701990142e+12 
  695.400  4.477843e+14   8.691049824e+12 
  695.410  4.474931e+14   8.592986997e+12 
  695.420  4.471539e+14   8.205667664e+12 
  695.430  4.473105e+14   8.286324130e+12 
  695.440  4.476029e+14   8.672569721e+12 
  695.450  4.474574e+14   8.678303859e+12 
  695.460  4.447741e+14   8.651332911e+12 
  695.470  4.394546e+14   8.567075111e+12 
  695.480  4.338293e+14   8.318802723e+12 
  695.490  4.287633e+14   8.273631642e+12 
  695.500  4.283366e+14   7.422057906e+12 
  695.510  4.325881e+14   8.317173760e+12 
  695.520  4.377223e+14   8.314842251e+12 
  695.530  4.428007e+14   8.088309465e+12 
  695.540  4.456896e+14   6.875416363e+12 
  695.550  4.463702e+14   2.350991540e+12 
  695.560  4.465617e+14   6.070097412e+12 
  695.570  4.467807e+14   4.290919006e+12 
  695.580  4.471433e+14   7.558934823e+12 
  695.590  4.475337e+14   8.409753059e+12 
  695.600  4.478988e+14   8.637788455e+12 
  695.610  4.476775e+14   8.704954991e+12 
  695.620  4.471375e+14   8.724610548e+12 
  695.630  4.465064e+14   8.774059295e+12 
  695.640  4.461734e+14   8.799173738e+12 
  695.650  4.466305e+14   8.820436763e+12 
  695.660  4.450087e+14   8.758478504e+12 
  695.670  4.408213e+14   8.717410501e+12 
  695.680  4.359185e+14   8.632574935e+12 
  695.690  4.306644e+14   8.527421112e+12 
  695.700  4.297676e+14   8.489308520e+12 
  695.710  4.340835e+14   8.449749418e+12 
  695.720  4.388537e+14   8.300976407e+12 
  695.730  4.437432e+14   8.466914607e+12 
  695.740  4.464967e+14   8.479805800e+12 
  695.750  4.466956e+14   8.280719491e+12 
  695.760  4.472889e+14   7.873671201e+12 
  695.770  4.480746e+14   8.482639577e+12 
  695.780  4.487579e+14   8.444109128e+12 
  695.790  4.492434e+14   8.477253042e+12 
  695.800  4.490154e+14   8.207166603e+12 
  695.810  4.482907e+14   7.551159108e+12 
  695.820  4.469763e+14   5.707442160e+12 
  695.830  4.424973e+14   1.471008473e+12 
  695.840  4.352764e+14   1.658737787e+12 
  695.850  4.279564e+14   3.777017414e+12 
  695.860  4.213411e+14   6.654957978e+12 
  695.870  4.208585e+14   7.572274807e+12 
  695.880  4.266142e+14   8.050567545e+12 
  695.890  4.331083e+14   8.318716740e+12 
  695.900  4.398529e+14   8.545808417e+12 
  695.910  4.443282e+14   8.685038862e+12 
  695.920  4.459143e+14   8.623645786e+12 
  695.930  4.467936e+14   8.000569868e+12 
  695.940  4.469287e+14   8.423371964e+12 
  695.950  4.462436e+14   8.748936462e+12 
  695.960  4.453229e+14   8.897047822e+12 
  695.970  4.447242e+14   8.920682725e+12 
  695.980  4.448543e+14   8.912438821e+12 
  695.990  4.453020e+14   8.636460958e+12 
  696.000  4.460937e+14   8.871388119e+12 
  696.010  4.471653e+14   8.792697733e+12 
  696.020  4.480420e+14   8.366272807e+12 
  696.030  4.487517e+14   8.665473483e+12 
  696.040  4.492482e+14   8.801975534e+12 
  696.050  4.493580e+14   8.979372573e+12 
  696.060  4.491693e+14   9.038267941e+12 
  696.070  4.467681e+14   8.968885764e+12 
  696.080  4.360552e+14   8.591215428e+12 
  696.090  4.217336e+14   8.041881666e+12 
  696.100  4.072163e+14   7.995859141e+12 
  696.110  3.970485e+14   7.594831249e+12 
  696.120  4.031153e+14   7.045442437e+12 
  696.130  4.168618e+14   4.636317581e+12 
  696.140  4.313840e+14   1.741788283e+12 
  696.150  4.438045e+14   6.516470972e+12 
  696.160  4.478855e+14   8.220810150e+12 
  696.170  4.478662e+14   8.661943976e+12 
  696.180  4.473417e+14   8.871368196e+12 
  696.190  4.440729e+14   8.872504852e+12 
  696.200  4.374984e+14   8.838369509e+12 
  696.210  4.307385e+14   8.721130848e+12 
  696.220  4.240378e+14   8.619297341e+12 
  696.230  4.234184e+14   8.464763978e+12 
  696.240  4.297363e+14   8.717787988e+12 
  696.250  4.366192e+14   8.843000021e+12 
  696.260  4.437327e+14   8.839154893e+12 
  696.270  4.476367e+14   8.894858396e+12 
  696.280  4.482680e+14   8.732778430e+12 
  696.290  4.483763e+14   8.446624662e+12 
  696.300  4.481443e+14   7.510987112e+12 
  696.310  4.478279e+14   4.336514236e+12 
  696.320  4.473853e+14   1.291748508e+12 
  696.330  4.473981e+14   5.500766781e+12 
  696.340  4.477061e+14   7.881309553e+12 
  696.350  4.477824e+14   8.619443094e+12 
  696.360  4.475556e+14   8.919011295e+12 
  696.370  4.469969e+14   9.061923815e+12 
  696.380  4.462055e+14   9.134058504e+12 
  696.390  4.455809e+14   9.169312678e+12 
  696.400  4.452248e+14   9.086638752e+12 
  696.410  4.449524e+14   9.200160735e+12 
  696.420  4.448747e+14   9.255083049e+12 
  696.430  4.453549e+14   9.286398771e+12 
  696.440  4.456826e+14   9.293137969e+12 
  696.450  4.455722e+14   9.233251697e+12 
  696.460  4.443972e+14   9.304825397e+12 
  696.470  4.422706e+14   9.277738582e+12 
  696.480  4.407464e+14   9.253595120e+12 
  696.490  4.401772e+14   9.228807832e+12 
  696.500  4.413327e+14   9.172842185e+12 
  696.510  4.419525e+14   9.285155160e+12 
  696.520  4.411586e+14   9.281765114e+12 
  696.530  4.397491e+14   9.245193929e+12 
  696.540  4.377569e+14   9.160095695e+12 
  696.550  4.385480e+14   8.884260438e+12 
  696.560  4.415329e+14   8.255672680e+12 
  696.570  4.447009e+14   9.239598727e+12 
  696.580  4.477235e+14   9.401941361e+12 
  696.590  4.487057e+14   9.438644666e+12 
  696.600  4.482007e+14   9.415336919e+12 
  696.610  4.474409e+14   9.349131928e+12 
  696.620  4.466258e+14   9.097693889e+12 
  696.630  4.461559e+14   8.878078034e+12 
  696.640  4.463341e+14   7.252722319e+12 
  696.650  4.466220e+14   4.738126971e+12 
  696.660  4.468842e+14   8.409204654e+12 
  696.670  4.468703e+14   9.110218080e+12 
  696.680  4.462622e+14   9.216258474e+12 
  696.690  4.442117e+14   8.913345839e+12 
  696.700  4.377947e+14   6.725559124e+12 
  696.710  4.285969e+14   8.651401069e+12 
  696.720  4.193341e+14   8.831492948e+12 
  696.730  4.126208e+14   8.783541567e+12 
  696.740  4.145009e+14   8.862128144e+12 
  696.750  4.220438e+14   9.043013796e+12 
  696.760  4.300651e+14   9.227561075e+12 
  696.770  4.371555e+14   9.389494764e+12 
  696.780  4.402114e+14   9.465061442e+12 
  696.790  4.410163e+14   9.492113654e+12 
  696.800  4.418334e+14   9.518573421e+12 
  696.810  4.424682e+14   9.540545282e+12 
  696.820  4.428602e+14   9.556727955e+12 
  696.830  4.429159e+14   9.562897777e+12 
  696.840  4.433586e+14   9.581810942e+12 
  696.850  4.436866e+14   9.596825502e+12 
  696.860  4.433625e+14   9.596389294e+12 
  696.870  4.433357e+14   9.594422166e+12 
  696.880  4.430910e+14   9.573643583e+12 
  696.890  4.435146e+14   9.619428606e+12 
  696.900  4.452028e+14   9.663292637e+12 
  696.910  4.466395e+14   9.699755819e+12 
  696.920  4.478337e+14   9.726561616e+12 
  696.930  4.485097e+14   9.702060589e+12 
  696.940  4.483844e+14   9.727371117e+12 
  696.950  4.481715e+14   9.746014798e+12 
  696.960  4.477764e+14   9.567101518e+12 
  696.970  4.467519e+14   9.570724348e+12 
  696.980  4.459895e+14   9.666512814e+12 
  696.990  4.452613e+14   9.622417048e+12 
  697.000  4.447971e+14   9.651065192e+12 
