   0.000000   300.000  8.422370e-03  1.508348e-02  7.051755e-03 
   2.994100   300.000  1.586464e-02  1.595163e-02  9.835671e-03 
  10.985900   300.000  3.644215e-02  1.351522e-02  1.345823e-02 
  13.983100   300.000  4.384163e-02  1.227917e-02  1.353235e-02 
  17.960600   300.000  5.803272e-02  1.101946e-02  1.169562e-02 
   0.000000   303.000  2.600409e-02  4.878139e-02  2.243565e-02 
   2.994100   303.000  4.682410e-02  4.983760e-02  3.199304e-02 
  10.985900   303.000  9.856103e-02  3.881505e-02  4.339530e-02 
  13.983100   303.000  1.152365e-01  3.418194e-02  4.385547e-02 
  17.960600   303.000  1.438035e-01  2.867243e-02  3.960370e-02 
   0.000000   306.000  5.081020e-02  9.738635e-02  4.445897e-02 
   2.994100   306.000  8.846945e-02  9.707043e-02  6.405504e-02 
  10.985900   306.000  1.752218e-01  7.181811e-02  8.643138e-02 
  13.983100   306.000  2.012077e-01  6.220824e-02  8.767722e-02 
  17.960600   306.000  2.426316e-01  5.033316e-02  8.140721e-02 
   0.000000   309.000  8.045612e-02  1.550765e-01  7.065978e-02 
   2.994100   309.000  1.364529e-01  1.518535e-01  1.020848e-01 
  10.985900   309.000  2.579516e-01  1.088773e-01  1.374159e-01 
  13.983100   309.000  2.923013e-01  9.346481e-02  1.399362e-01 
  17.960600   309.000  3.441166e-01  7.399298e-02  1.327405e-01 
   0.000000   312.000  1.200146e-01  2.326132e-01  1.057884e-01 
   2.994100   312.000  1.987277e-01  2.244230e-01  1.531561e-01 
  10.985900   312.000  3.602605e-01  1.571948e-01  2.061915e-01 
  13.983100   312.000  4.034450e-01  1.341285e-01  2.109219e-01 
  17.960600   312.000  4.649945e-01  1.043889e-01  2.043187e-01 
   0.000000   315.000  1.540155e-01  2.958800e-01  1.349687e-01 
   2.994100   315.000  2.500719e-01  2.819649e-01  1.947779e-01 
  10.985900   315.000  4.388450e-01  1.948225e-01  2.616001e-01 
  13.983100   315.000  4.874034e-01  1.660063e-01  2.682933e-01 
  17.960600   315.000  5.544212e-01  1.283884e-01  2.631276e-01 
   0.000000   318.000  1.774221e-01  3.331725e-01  1.531784e-01 
   2.994100   318.000  2.835038e-01  3.141441e-01  2.192929e-01 
  10.985900   318.000  4.852301e-01  2.155749e-01  2.929779e-01 
  13.983100   318.000  5.358322e-01  1.839728e-01  3.008030e-01 
  17.960600   318.000  6.046852e-01  1.422567e-01  2.969442e-01 
   0.000000   930.000  3.022957e-01  9.680770e-02  1.197310e-01 
   2.994100   930.000  5.642310e-01  1.623385e-01  6.666695e-02 
  10.985900   930.000  7.430367e-01  2.028214e-01  6.588034e-02 
  13.983100   930.000  7.530661e-01  1.989489e-01  6.691343e-02 
  17.960600   930.000  7.856650e-01  1.750993e-01  6.999226e-02 
   0.000000   933.000  1.228658e-01  3.463422e-02  4.725001e-02 
   2.994100   933.000  4.308603e-01  1.163287e-01  1.359402e-02 
  10.985900   933.000  7.388715e-01  1.984303e-01  1.482733e-02 
  13.983100   933.000  7.518926e-01  1.958410e-01  1.605017e-02 
  17.960600   933.000  7.851012e-01  1.726323e-01  1.989039e-02 
   0.000000   936.000  9.626532e-02  2.612547e-02  3.671722e-02 
   2.994100   936.000  4.008901e-01  1.066652e-01  8.337244e-03 
  10.985900   936.000  7.377555e-01  1.978558e-01  1.004410e-02 
  13.983100   936.000  7.515590e-01  1.955807e-01  1.127694e-02 
  17.960600   936.000  7.849268e-01  1.724668e-01  1.518187e-02 
   0.000000   939.000  2.830051e-01  8.806442e-02  1.113208e-01 
   2.994100   939.000  5.622130e-01  1.601839e-01  5.566040e-02 
  10.985900   939.000  7.430953e-01  2.024453e-01  5.479050e-02 
  13.983100   939.000  7.530082e-01  1.985698e-01  5.586230e-02 
  17.960600   939.000  7.855796e-01  1.747841e-01  5.913210e-02 
   0.000000   942.000  2.351480e-01  7.171749e-02  9.205966e-02 
   2.994100   942.000  5.275375e-01  1.488015e-01  4.266254e-02 
  10.985900   942.000  7.419930e-01  2.014052e-01  4.239135e-02 
  13.983100   942.000  7.526780e-01  1.978701e-01  4.350433e-02 
  17.960600   942.000  7.854066e-01  1.742411e-01  4.696035e-02 
   0.000000   945.000  1.786920e-01  5.271409e-02  6.942184e-02 
   2.994100   945.000  4.836179e-01  1.338323e-01  2.731051e-02 
  10.985900   945.000  7.405756e-01  2.001291e-01  2.756424e-02 
  13.983100   945.000  7.522612e-01  1.970214e-01  2.872553e-02 
  17.960600   945.000  7.851936e-01  1.735826e-01  3.239723e-02 
   0.000000   948.000  2.215394e-01  6.704095e-02  8.657411e-02 
   2.994100   948.000  5.162241e-01  1.449900e-01  3.923679e-02 
  10.985900   948.000  7.415614e-01  2.012400e-01  3.902249e-02 
  13.983100   948.000  7.525069e-01  1.978230e-01  4.013830e-02 
  17.960600   948.000  7.852878e-01  1.742289e-01  4.364796e-02 
   0.000000   951.000  2.616691e-01  8.075262e-02  1.027265e-01 
   2.994100   951.000  5.433350e-01  1.542223e-01  5.110946e-02 
  10.985900   951.000  7.423370e-01  2.022929e-01  5.047422e-02 
  13.983100   951.000  7.526947e-01  1.986243e-01  5.154289e-02 
  17.960600   951.000  7.853552e-01  1.748845e-01  5.488450e-02 
   0.000000   954.000  2.844855e-01  8.899634e-02  1.120446e-01 
   2.994100   954.000  5.552976e-01  1.585737e-01  5.934590e-02 
  10.985900   954.000  7.426053e-01  2.029673e-01  5.846650e-02 
  13.983100   954.000  7.527419e-01  1.991989e-01  5.949841e-02 
  17.960600   954.000  7.853572e-01  1.753696e-01  6.271854e-02 
   0.000000  1427.000  1.727764e-02  3.204640e-03  6.144620e-03 
   2.994100  1427.000  2.508303e-01  5.887497e-02  2.949183e-04 
  10.985900  1427.000  7.372870e-01  1.959212e-01  1.075599e-03 
  13.983100  1427.000  7.558967e-01  1.958434e-01  1.975000e-03 
  17.960600  1427.000  7.893100e-01  1.730479e-01  5.918687e-03 
   0.000000  1430.000  2.312851e-02  4.426064e-03  8.266057e-03 
   2.994100  1430.000  2.689596e-01  6.352986e-02  4.718657e-04 
  10.985900  1430.000  7.302436e-01  1.935148e-01  1.201130e-03 
  13.983100  1430.000  7.509561e-01  1.941312e-01  2.078981e-03 
  17.960600  1430.000  7.867088e-01  1.723356e-01  5.964025e-03 
   0.000000  1433.000  1.628100e-02  2.995612e-03  5.782949e-03 
   2.994100  1433.000  2.332569e-01  5.438047e-02  2.695594e-04 
  10.985900  1433.000  7.193295e-01  1.898451e-01  9.753010e-04 
  13.983100  1433.000  7.447464e-01  1.920066e-01  1.827453e-03 
  17.960600  1433.000  7.834768e-01  1.714414e-01  5.653488e-03 
   0.000000  1436.000  1.976630e-02  3.710944e-03  7.043070e-03 
   2.994100  1436.000  2.501442e-01  5.867101e-02  3.642313e-04 
  10.985900  1436.000  7.233623e-01  1.911360e-01  1.068594e-03 
  13.983100  1436.000  7.469818e-01  1.927141e-01  1.928426e-03 
  17.960600  1436.000  7.846677e-01  1.717264e-01  5.772959e-03 
   0.000000  1439.000  2.636192e-02  5.107495e-03  9.440280e-03 
   2.994100  1439.000  2.749496e-01  6.503419e-02  5.890579e-04 
  10.985900  1439.000  7.261681e-01  1.920561e-01  1.262618e-03 
  13.983100  1439.000  7.482708e-01  1.931245e-01  2.126848e-03 
  17.960600  1439.000  7.853502e-01  1.718908e-01  5.979338e-03 
   0.000000  1442.000  2.752564e-02  5.355662e-03  9.863727e-03 
   2.994100  1442.000  2.817136e-01  6.677473e-02  6.320048e-04 
  10.985900  1442.000  7.317567e-01  1.938872e-01  1.313853e-03 
  13.983100  1442.000  7.517822e-01  1.942678e-01  2.191474e-03 
  17.960600  1442.000  7.872250e-01  1.723551e-01  6.078308e-03 
   0.000000  1445.000  3.034348e-02  5.966925e-03  1.089210e-02 
   2.994100  1445.000  2.905131e-01  6.907264e-02  7.492967e-04 
  10.985900  1445.000  7.343017e-01  1.947228e-01  1.412690e-03 
  13.983100  1445.000  7.532890e-01  1.947473e-01  2.295819e-03 
  17.960600  1445.000  7.880365e-01  1.725433e-01  6.196291e-03 
   0.000000  1448.000  3.982632e-02  8.087518e-03  1.437414e-02 
   2.994100  1448.000  3.165580e-01  7.596760e-02  1.233668e-03 
  10.985900  1448.000  7.383265e-01  1.961033e-01  1.816493e-03 
  13.983100  1448.000  7.554299e-01  1.954621e-01  2.708337e-03 
  17.960600  1448.000  7.891685e-01  1.728302e-01  6.626083e-03 
   0.000000  1950.000  4.371300e-02  7.671537e-03  1.541535e-02 
   2.994100  1950.000  3.048988e-01  6.351865e-02  1.333183e-03 
  10.985900  1950.000  7.199187e-01  1.676345e-01  1.224970e-03 
  13.983100  1950.000  7.531111e-01  1.714813e-01  1.857336e-03 
  17.960600  1950.000  7.971666e-01  1.547414e-01  4.940528e-03 
   0.000000  1953.000  4.798455e-02  8.504214e-03  1.694663e-02 
   2.994100  1953.000  2.988417e-01  6.216420e-02  1.638519e-03 
  10.985900  1953.000  7.078714e-01  1.642721e-01  1.393806e-03 
  13.983100  1953.000  7.456275e-01  1.692926e-01  2.007172e-03 
  17.960600  1953.000  7.933053e-01  1.537386e-01  5.038301e-03 
   0.000000  1956.000  4.857769e-02  8.611593e-03  1.715679e-02 
   2.994100  1956.000  2.895293e-01  6.004843e-02  1.707957e-03 
  10.985900  1956.000  6.989924e-01  1.617878e-01  1.400706e-03 
  13.983100  1956.000  7.401776e-01  1.676790e-01  2.001059e-03 
  17.960600  1956.000  7.904994e-01  1.529727e-01  4.996022e-03 
   0.000000  1959.000  7.146069e-02  1.329542e-02  2.542683e-02 
   2.994100  1959.000  3.305508e-01  6.950222e-02  3.697762e-03 
  10.985900  1959.000  7.106726e-01  1.647915e-01  2.900580e-03 
  13.983100  1959.000  7.471089e-01  1.694444e-01  3.505785e-03 
  17.960600  1959.000  7.941926e-01  1.537124e-01  6.521401e-03 
   0.000000  1962.000  9.956654e-02  1.935850e-02  3.567751e-02 
   2.994100  1962.000  3.658578e-01  7.782471e-02  7.356951e-03 
  10.985900  1962.000  7.149966e-01  1.659160e-01  5.761483e-03 
  13.983100  1962.000  7.494342e-01  1.700274e-01  6.354172e-03 
  17.960600  1962.000  7.954606e-01  1.539526e-01  9.350799e-03 
   0.000000  1965.000  1.865381e-01  3.934677e-02  6.776547e-02 
   2.994100  1965.000  4.509445e-01  9.897975e-02  2.564014e-02 
  10.985900  1965.000  7.238769e-01  1.688377e-01  2.135082e-02 
  13.983100  1965.000  7.540494e-01  1.717724e-01  2.186523e-02 
  17.960600  1965.000  7.979075e-01  1.549245e-01  2.472503e-02 
   0.000000  1968.000  2.195216e-01  4.702791e-02  7.996485e-02 
   2.994100  1968.000  4.834830e-01  1.074614e-01  3.350803e-02 
  10.985900  1968.000  7.312626e-01  1.710311e-01  2.869092e-02 
  13.983100  1968.000  7.584130e-01  1.731347e-01  2.918510e-02 
  17.960600  1968.000  8.002381e-01  1.555922e-01  3.199511e-02 
   0.000000  1971.000  2.788241e-01  6.141124e-02  1.020706e-01 
   2.994100  1971.000  5.430997e-01  1.238586e-01  4.879423e-02 
  10.985900  1971.000  7.505439e-01  1.770109e-01  4.406151e-02 
  13.983100  1971.000  7.699911e-01  1.769461e-01  4.455940e-02 
  17.960600  1971.000  8.063009e-01  1.574573e-01  4.730791e-02 
   0.000000  1974.000  3.020454e-01  6.734395e-02  1.108168e-01 
   2.994100  1974.000  5.642567e-01  1.296925e-01  5.603147e-02 
  10.985900  1974.000  7.582079e-01  1.794548e-01  5.150487e-02 
  13.983100  1974.000  7.746475e-01  1.784900e-01  5.201002e-02 
  17.960600  1974.000  8.087670e-01  1.581947e-01  5.472451e-02 
   0.000000  1977.000  3.499918e-01  7.968320e-02  1.289021e-01 
   2.994100  1977.000  6.030881e-01  1.401217e-01  7.098940e-02 
  10.985900  1977.000  7.682390e-01  1.831037e-01  6.644040e-02 
  13.983100  1977.000  7.805866e-01  1.808321e-01  6.694516e-02 
  17.960600  1977.000  8.118824e-01  1.594286e-01  6.956439e-02 
   0.000000  1980.000  3.707738e-01  8.515902e-02  1.367778e-01 
   2.994100  1980.000  6.176302e-01  1.439847e-01  7.828178e-02 
  10.985900  1980.000  7.713540e-01  1.842868e-01  7.359980e-02 
  13.983100  1980.000  7.824514e-01  1.815939e-01  7.409848e-02 
  17.960600  1980.000  8.129026e-01  1.598422e-01  7.665851e-02 
   0.000000  1983.000  4.081729e-01  9.527825e-02  1.510353e-01 
   2.994100  1983.000  6.410141e-01  1.503928e-01  9.251714e-02 
  10.985900  1983.000  7.749059e-01  1.859824e-01  8.738565e-02 
  13.983100  1983.000  7.845064e-01  1.827635e-01  8.786205e-02 
  17.960600  1983.000  8.140182e-01  1.605802e-01  9.029364e-02 
   0.000000  1986.000  4.194995e-01  9.850117e-02  1.554002e-01 
   2.994100  1986.000  6.461050e-01  1.518751e-01  9.784642e-02 
  10.985900  1986.000  7.756370e-01  1.863416e-01  9.262139e-02 
  13.983100  1986.000  7.849839e-01  1.830307e-01  9.308393e-02 
  17.960600  1986.000  8.143255e-01  1.607607e-01  9.545452e-02 
   0.000000  1989.000  4.305582e-01  1.016231e-01  1.596544e-01 
   2.994100  1989.000  6.486437e-01  1.526972e-01  1.031136e-01 
  10.985900  1989.000  7.747331e-01  1.861615e-01  9.766713e-02 
  13.983100  1989.000  7.844718e-01  1.829811e-01  9.809606e-02 
  17.960600  1989.000  8.141239e-01  1.608091e-01  1.003870e-01 
   0.000000  1992.000  4.337118e-01  1.023954e-01  1.608322e-01 
   2.994100  1992.000  6.451693e-01  1.517728e-01  1.046655e-01 
  10.985900  1992.000  7.720523e-01  1.852042e-01  9.896425e-02 
  13.983100  1992.000  7.829113e-01  1.824041e-01  9.935018e-02 
  17.960600  1992.000  8.133863e-01  1.605515e-01  1.015847e-01 
   0.000000  1995.000  3.988050e-01  9.230682e-02  1.473335e-01 
   2.994100  1995.000  5.993375e-01  1.393098e-01  9.121146e-02 
  10.985900  1995.000  7.533741e-01  1.785824e-01  8.426333e-02 
  13.983100  1995.000  7.717763e-01  1.781465e-01  8.451299e-02 
  17.960600  1995.000  8.077165e-01  1.583943e-01  8.672845e-02 
   0.000000  1998.000  3.414696e-01  7.712923e-02  1.255797e-01 
   2.994100  1998.000  5.367014e-01  1.215642e-01  7.436549e-02 
  10.985900  1998.000  7.297950e-01  1.708553e-01  6.539485e-02 
  13.983100  1998.000  7.576177e-01  1.730508e-01  6.557482e-02 
  17.960600  1998.000  8.004312e-01  1.557444e-01  6.785297e-02 
