   0.050000  6.713482e+05  8.860679e+00  6.522703e+05 
   0.150000  7.451145e+04  8.860679e+00  7.239405e+04 
   0.250000  2.679432e+04  8.860679e+00  2.603290e+04 
   0.350000  1.365539e+04  8.860679e+00  1.326734e+04 
   0.450000  8.251495e+03  8.860679e+00  8.017010e+03 
   0.550000  6.201276e+03  8.792426e+00  6.025052e+03 
   0.650000  4.434467e+03  8.792426e+00  4.308452e+03 
   0.750000  3.326652e+03  8.792426e+00  3.232117e+03 
   0.850000  2.586746e+03  8.792426e+00  2.513238e+03 
   0.950000  2.068265e+03  8.792426e+00  2.009490e+03 
   1.050000  1.690972e+03  8.792426e+00  1.642920e+03 
   1.150000  1.407931e+03  8.792426e+00  1.367921e+03 
   1.250000  1.190197e+03  8.792426e+00  1.156375e+03 
   1.350000  1.019138e+03  8.792426e+00  9.901768e+02 
   1.450000  8.823203e+02  8.792426e+00  8.572471e+02 
   1.550000  8.640659e+02  8.767706e+00  8.395115e+02 
   1.650000  7.614492e+02  8.767706e+00  7.398110e+02 
   1.750000  6.759763e+02  8.767706e+00  6.567669e+02 
   1.850000  6.040358e+02  8.767706e+00  5.868707e+02 
   1.950000  5.429197e+02  8.767706e+00  5.274914e+02 
   2.050000  4.905641e+02  8.767706e+00  4.766237e+02 
   2.150000  4.453743e+02  8.767706e+00  4.327180e+02 
   2.250000  4.061026e+02  8.767706e+00  3.945623e+02 
   2.350000  3.717609e+02  8.767706e+00  3.611965e+02 
   2.450000  3.415591e+02  8.767706e+00  3.318530e+02 
   2.550000  3.517212e+02  8.755795e+00  3.417263e+02 
   2.650000  3.251743e+02  8.755795e+00  3.159338e+02 
   2.750000  3.014892e+02  8.755795e+00  2.929218e+02 
   2.850000  2.802700e+02  8.755795e+00  2.723055e+02 
   2.950000  2.611870e+02  8.755795e+00  2.537647e+02 
   3.050000  2.439636e+02  8.755795e+00  2.370308e+02 
   3.150000  2.283667e+02  8.755795e+00  2.218771e+02 
   3.250000  2.141984e+02  8.755795e+00  2.081115e+02 
   3.350000  2.012901e+02  8.755795e+00  1.955700e+02 
   3.450000  1.894973e+02  8.755795e+00  1.841124e+02 
   3.550000  1.990672e+02  8.754711e+00  1.934102e+02 
   3.650000  1.879851e+02  8.754711e+00  1.826431e+02 
   3.750000  1.777867e+02  8.754711e+00  1.727345e+02 
   3.850000  1.683810e+02  8.754711e+00  1.635961e+02 
   3.950000  1.596883e+02  8.754711e+00  1.551505e+02 
   4.050000  1.516387e+02  8.754711e+00  1.473296e+02 
   4.150000  1.441707e+02  8.754711e+00  1.400737e+02 
   4.250000  1.372296e+02  8.754711e+00  1.333299e+02 
   4.350000  1.307675e+02  8.754711e+00  1.270515e+02 
   4.450000  1.247416e+02  8.754711e+00  1.211968e+02 
   4.550000  1.698146e+03  1.852838e+01  1.694341e+03 
   4.650000  1.543642e+03  1.852838e+01  1.540183e+03 
   4.750000  1.404493e+03  1.852838e+01  1.401346e+03 
   4.850000  1.279021e+03  1.852838e+01  1.276156e+03 
   4.950000  1.165750e+03  1.852838e+01  1.163139e+03 
   5.050000  1.063378e+03  1.852838e+01  1.060995e+03 
   5.150000  9.707575e+02  1.852838e+01  9.685822e+02 
   5.250000  8.868719e+02  1.852838e+01  8.848848e+02 
   5.350000  8.108235e+02  1.852838e+01  8.090067e+02 
   5.450000  7.418151e+02  1.852838e+01  7.401528e+02 
   5.550000  6.848695e+02  1.844773e+01  6.831849e+02 
   5.650000  6.272784e+02  1.844773e+01  6.257354e+02 
   5.750000  5.748897e+02  1.844773e+01  5.734756e+02 
   5.850000  5.271953e+02  1.844773e+01  5.258985e+02 
   5.950000  4.837408e+02  1.844773e+01  4.825508e+02 
   6.050000  4.441185e+02  1.844773e+01  4.430261e+02 
   6.150000  4.079649e+02  1.844773e+01  4.069613e+02 
   6.250000  3.749523e+02  1.844773e+01  3.740299e+02 
   6.350000  3.447875e+02  1.844773e+01  3.439394e+02 
   6.450000  3.172072e+02  1.844773e+01  3.164269e+02 
   6.550000  2.765227e+01  8.783769e+00  2.686647e+01 
   6.650001  2.676389e+01  8.783769e+00  2.600334e+01 
   6.750000  2.591578e+01  8.783769e+00  2.517933e+01 
   6.850000  2.510556e+01  8.783769e+00  2.439213e+01 
   6.950000  2.433104e+01  8.783769e+00  2.363962e+01 
   7.050000  2.359018e+01  8.783769e+00  2.291981e+01 
   7.150001  2.288108e+01  8.783769e+00  2.223086e+01 
   7.250000  2.220199e+01  8.783769e+00  2.157107e+01 
   7.350000  2.155124e+01  8.783769e+00  2.093882e+01 
   7.450000  2.092732e+01  8.783769e+00  2.033263e+01 
   7.550000  2.184882e+01  8.789597e+00  2.122794e+01 
   7.650001  2.122761e+01  8.789597e+00  2.062438e+01 
   7.750000  2.063112e+01  8.789597e+00  2.004484e+01 
   7.850000  2.005806e+01  8.789597e+00  1.948806e+01 
   7.950001  1.950725e+01  8.789597e+00  1.895291e+01 
   8.050000  8.474711e+03  8.789597e+00  1.845227e+01 
   8.150001  0.000000e+00  0.000000e+00  0.000000e+00 
   8.250000  0.000000e+00  0.000000e+00  0.000000e+00 
   8.350000  0.000000e+00  0.000000e+00  0.000000e+00 
   8.450001  0.000000e+00  0.000000e+00  0.000000e+00 
   8.550000  0.000000e+00  0.000000e+00  0.000000e+00 
   8.650001  0.000000e+00  0.000000e+00  0.000000e+00 
   8.750000  0.000000e+00  0.000000e+00  0.000000e+00 
   8.850000  0.000000e+00  0.000000e+00  0.000000e+00 
   8.950001  0.000000e+00  0.000000e+00  0.000000e+00 
   9.050000  0.000000e+00  0.000000e+00  0.000000e+00 
   9.150001  0.000000e+00  0.000000e+00  0.000000e+00 
   9.250000  0.000000e+00  0.000000e+00  0.000000e+00 
   9.350000  0.000000e+00  0.000000e+00  0.000000e+00 
   9.450001  0.000000e+00  0.000000e+00  0.000000e+00 
   9.550000  0.000000e+00  0.000000e+00  0.000000e+00 
   9.650001  0.000000e+00  0.000000e+00  0.000000e+00 
   9.750000  0.000000e+00  0.000000e+00  0.000000e+00 
   9.850000  0.000000e+00  0.000000e+00  0.000000e+00 
   9.950001  0.000000e+00  0.000000e+00  0.000000e+00 
