 2504.705   2.580772400e+02   2.641565552e+02   2.677307434e+02   2.701739197e+02   2.719737854e+02   2.733674011e+02   2.744860840e+02   2.754077454e+02   2.761834106e+02   2.768467712e+02 
 2514.151   2.498085480e+02   2.554998169e+02   2.589509277e+02   2.614377441e+02   2.633701782e+02   2.649368286e+02   2.662425232e+02   2.673520508e+02   2.683096619e+02   2.691463928e+02 
 2523.668   2.487262878e+02   2.542983093e+02   2.577001648e+02   2.601684265e+02   2.621005554e+02   2.636783142e+02   2.650038147e+02   2.661394348e+02   2.671294250e+02   2.680039062e+02 
 2533.258   2.403957367e+02   2.452415771e+02   2.483045044e+02   2.505601654e+02   2.523520966e+02   2.538424225e+02   2.551205444e+02   2.562412720e+02   2.572393799e+02   2.581399841e+02 
 2542.921   2.390502167e+02   2.437947540e+02   2.468531189e+02   2.491209717e+02   2.509294891e+02   2.524371490e+02   2.537319641e+02   2.548676300e+02   2.558796997e+02   2.567912903e+02 
 2552.658   2.376915894e+02   2.423672943e+02   2.453722687e+02   2.476016998e+02   2.493801270e+02   2.508623810e+02   2.521350250e+02   2.532514191e+02   2.542467651e+02   2.551455536e+02 
 2562.469   2.329465179e+02   2.365235748e+02   2.389852448e+02   2.408952332e+02   2.424616547e+02   2.437913513e+02   2.449480896e+02   2.459714050e+02   2.468900909e+02   2.477239838e+02 
 2572.357   2.293383179e+02   2.320905151e+02   2.340577698e+02   2.356430054e+02   2.369806366e+02   2.381403809e+02   2.391647949e+02   2.400825195e+02   2.409139099e+02   2.416739807e+02 
 2582.321   2.280813599e+02   2.309483795e+02   2.330536041e+02   2.347088623e+02   2.360801544e+02   2.372560425e+02   2.382879333e+02   2.392088165e+02   2.400411835e+02   2.408011932e+02 
 2592.362   2.262442322e+02   2.280243835e+02   2.295941925e+02   2.308902740e+02   2.319881592e+02   2.329439545e+02   2.337937317e+02   2.345614471e+02   2.352624512e+02   2.359088898e+02 
 2602.482   2.260531464e+02   2.282104492e+02   2.299494629e+02   2.313804626e+02   2.326011353e+02   2.336683807e+02   2.346183472e+02   2.354745331e+02   2.362547150e+02   2.369716492e+02 
 2612.681   2.249895630e+02   2.271573792e+02   2.288655701e+02   2.302379608e+02   2.313954773e+02   2.324036255e+02   2.333006287e+02   2.341112366e+02   2.348511047e+02   2.355328827e+02 
 2622.961   2.249883575e+02   2.278719940e+02   2.300912476e+02   2.318309631e+02   2.332576447e+02   2.344695740e+02   2.355250549e+02   2.364622498e+02   2.373064423e+02   2.380754395e+02 
 2633.322   2.273730927e+02   2.306520691e+02   2.330215759e+02   2.348581390e+02   2.363613434e+02   2.376379547e+02   2.387499847e+02   2.397367706e+02   2.406247711e+02   2.414327393e+02 
 2643.764   2.292856903e+02   2.330226898e+02   2.356336365e+02   2.376469727e+02   2.392895355e+02   2.406791534e+02   2.418849945e+02   2.429511108e+02   2.439073334e+02   2.447751160e+02 
 2654.291   2.273481598e+02   2.307181702e+02   2.330741577e+02   2.349082031e+02   2.364173431e+02   2.377031097e+02   2.388250275e+02   2.398213348e+02   2.407181549e+02   2.415341034e+02 
 2664.901   2.313122864e+02   2.303056335e+02   2.300830841e+02   2.301856384e+02   2.304369812e+02   2.307600098e+02   2.311174622e+02   2.314898376e+02   2.318664398e+02   2.322411346e+02 
 2675.596   2.363720093e+02   2.339485168e+02   2.328477631e+02   2.321991272e+02   2.317694855e+02   2.314739990e+02   2.312717285e+02   2.311383514e+02   2.310574493e+02   2.310172119e+02 
 2686.378   2.367753448e+02   2.340441132e+02   2.324319305e+02   2.312781525e+02   2.304048157e+02   2.297325592e+02   2.292159271e+02   2.288247833e+02   2.285370941e+02   2.283358002e+02 
 2697.246   2.361604767e+02   2.331817017e+02   2.318068542e+02   2.310302277e+02   2.305261536e+02   2.301707306e+02   2.299110718e+02   2.297218933e+02   2.295894775e+02   2.295053406e+02 
 2708.203   2.352724609e+02   2.326123962e+02   2.310960846e+02   2.301326141e+02   2.295297546e+02   2.291849823e+02   2.290306091e+02   2.290180511e+02   2.291112366e+02   2.292831573e+02 
 2719.250   2.313020020e+02   2.290884399e+02   2.285650635e+02   2.287205505e+02   2.291640778e+02   2.297281494e+02   2.303370056e+02   2.309550629e+02   2.315652161e+02   2.321593170e+02 
 2730.387   2.303662262e+02   2.314990997e+02   2.330148621e+02   2.344861145e+02   2.358411865e+02   2.370747375e+02   2.381977386e+02   2.392241364e+02   2.401670990e+02   2.410379791e+02 
 2741.615   2.307485199e+02   2.302942810e+02   2.306390076e+02   2.311694794e+02   2.317716675e+02   2.324042358e+02   2.330444641e+02   2.336802979e+02   2.343041382e+02   2.349115448e+02 
 2752.937   2.323937225e+02   2.297305603e+02   2.285306091e+02   2.279010162e+02   2.275988007e+02   2.275172577e+02   2.275935822e+02   2.277847748e+02   2.280593262e+02   2.283935852e+02 
 2764.352   2.321941986e+02   2.296261292e+02   2.283093567e+02   2.275783539e+02   2.271948242e+02   2.270333252e+02   2.270200653e+02   2.271093140e+02   2.272713928e+02   2.274863281e+02 
 2775.862   2.350880280e+02   2.323598633e+02   2.307627716e+02   2.296809540e+02   2.289414825e+02   2.284585419e+02   2.281755066e+02   2.280499115e+02   2.280482330e+02   2.281435699e+02 
 2787.469   2.344673004e+02   2.322344208e+02   2.313176270e+02   2.309920502e+02   2.310026703e+02   2.312221985e+02   2.315760956e+02   2.320151672e+02   2.325079193e+02   2.330324554e+02 
 2799.173   2.321202850e+02   2.310850830e+02   2.317491302e+02   2.328337708e+02   2.340026550e+02   2.351537170e+02   2.362541809e+02   2.372947845e+02   2.382750702e+02   2.391979218e+02 
 2810.975   2.322326508e+02   2.335822601e+02   2.355158386e+02   2.373480377e+02   2.389970245e+02   2.404718628e+02   2.417963715e+02   2.429942627e+02   2.440845642e+02   2.450841522e+02 
 2822.878   2.345731201e+02   2.381175385e+02   2.411492767e+02   2.435975037e+02   2.456176910e+02   2.473282928e+02   2.488080597e+02   2.501101990e+02   2.512716675e+02   2.523190308e+02 
 2834.882   2.349367218e+02   2.397876129e+02   2.432474060e+02   2.458615723e+02   2.479483795e+02   2.496803284e+02   2.511582642e+02   2.524453888e+02   2.535841370e+02   2.546022491e+02 
 2846.988   2.372487183e+02   2.435343475e+02   2.474884644e+02   2.503582916e+02   2.526078644e+02   2.544542999e+02   2.560146484e+02   2.573611450e+02   2.585409241e+02   2.595871277e+02 
 2859.198   2.381091309e+02   2.446155090e+02   2.486569672e+02   2.515948181e+02   2.539085999e+02   2.558156281e+02   2.574342957e+02   2.588352661e+02   2.600650330e+02   2.611561890e+02 
 2871.514   2.420828400e+02   2.489784393e+02   2.531324158e+02   2.561037292e+02   2.584023438e+02   2.602611389e+02   2.618093262e+02   2.631273193e+02   2.642691650e+02   2.652710876e+02 
 2883.936   2.446533661e+02   2.515289154e+02   2.556461182e+02   2.585878296e+02   2.608625488e+02   2.627021484e+02   2.642348938e+02   2.655382385e+02   2.666654053e+02   2.676526794e+02 
 2896.466   2.519590149e+02   2.586808777e+02   2.625936584e+02   2.652861633e+02   2.672950745e+02   2.688719177e+02   2.701531372e+02   2.712210388e+02   2.721278687e+02   2.729106750e+02 
 2909.105   2.526103821e+02   2.587086487e+02   2.623013916e+02   2.648137207e+02   2.667174988e+02   2.682330933e+02   2.694812622e+02   2.705354004e+02   2.714432983e+02   2.722368469e+02 
 2921.855   2.557785339e+02   2.618696899e+02   2.654411011e+02   2.678727112e+02   2.696549988e+02   2.710281067e+02   2.721250000e+02   2.730278015e+02   2.737879028e+02   2.744400635e+02 
 2934.717   2.622580566e+02   2.683368835e+02   2.716395264e+02   2.737689514e+02   2.752856750e+02   2.764353333e+02   2.773469849e+02   2.780922852e+02   2.787160339e+02   2.792477417e+02 
 2947.693   2.569621887e+02   2.631381531e+02   2.667279663e+02   2.691576233e+02   2.709355164e+02   2.723036194e+02   2.733972473e+02   2.742965088e+02   2.750531006e+02   2.757003479e+02 
 2960.784   2.616348572e+02   2.680043030e+02   2.714131775e+02   2.736219177e+02   2.752042542e+02   2.764068909e+02   2.773599854e+02   2.781373901e+02   2.787859497e+02   2.793367615e+02 
 2973.992   2.480481873e+02   2.539830933e+02   2.575583191e+02   2.601168518e+02   2.620929260e+02   2.636903687e+02   2.650215454e+02   2.661579590e+02   2.671455994e+02   2.680161743e+02 
 2987.319   2.650328674e+02   2.712035217e+02   2.742790222e+02   2.762071838e+02   2.775679321e+02   2.785973511e+02   2.794117126e+02   2.800762634e+02   2.806311035e+02   2.811026611e+02 
 3000.765   2.616938782e+02   2.677437439e+02   2.709881897e+02   2.731000977e+02   2.746237488e+02   2.757919617e+02   2.767241211e+02   2.774889832e+02   2.781300659e+02   2.786764526e+02 
 3014.333   2.607713013e+02   2.668952026e+02   2.701198730e+02   2.721903381e+02   2.736794434e+02   2.748286743e+02   2.757560425e+02   2.765283813e+02   2.771854858e+02   2.777537537e+02 
 3028.025   2.617019958e+02   2.679497681e+02   2.712256470e+02   2.733078918e+02   2.747775574e+02   2.758836060e+02   2.767543945e+02   2.774627075e+02   2.780535278e+02   2.785564270e+02 
 3041.841   2.553993530e+02   2.616887817e+02   2.653273926e+02   2.677988892e+02   2.696279602e+02   2.710560913e+02   2.722109070e+02   2.731696167e+02   2.739808960e+02   2.746782227e+02 
 3055.784   2.550068970e+02   2.611768188e+02   2.646353149e+02   2.669373474e+02   2.686308594e+02   2.699605713e+02   2.710520020e+02   2.719748535e+02   2.727729797e+02   2.734741211e+02 
 3069.855   2.570337830e+02   2.634572754e+02   2.671834412e+02   2.696911011e+02   2.715204163e+02   2.729298096e+02   2.740588074e+02   2.749899902e+02   2.757739563e+02   2.764461975e+02 
 3084.057   2.553623352e+02   2.618094482e+02   2.655964355e+02   2.681780090e+02   2.700826416e+02   2.715639648e+02   2.727592163e+02   2.737502136e+02   2.745887451e+02   2.753098755e+02 
 3098.390   2.539610901e+02   2.603220215e+02   2.640087280e+02   2.665443726e+02   2.684510193e+02   2.699616089e+02   2.711993408e+02   2.722369690e+02   2.731230774e+02   2.738891907e+02 
 3112.857   2.546363068e+02   2.611182251e+02   2.647809753e+02   2.672568359e+02   2.690997620e+02   2.705522156e+02   2.717369385e+02   2.727287292e+02   2.735737305e+02   2.743038635e+02 
 3127.460   2.623865967e+02   2.689181519e+02   2.722170105e+02   2.742523193e+02   2.756634521e+02   2.767186279e+02   2.775489502e+02   2.782263489e+02   2.787936707e+02   2.792783508e+02 
 3142.201   2.599437256e+02   2.665870056e+02   2.701548157e+02   2.724483948e+02   2.740712280e+02   2.752940674e+02   2.762559814e+02   2.770394897e+02   2.776937561e+02   2.782511292e+02 
 3157.082   2.682516785e+02   2.739311218e+02   2.767824402e+02   2.785547180e+02   2.797799377e+02   2.806861267e+02   2.813888550e+02   2.819533081e+02   2.824190369e+02   2.828104553e+02 
 3172.104   2.719498596e+02   2.775262146e+02   2.799981689e+02   2.814228516e+02   2.823661804e+02   2.830454712e+02   2.835648804e+02   2.839780579e+02   2.843165894e+02   2.846003723e+02 
 3187.269   2.617689819e+02   2.684230957e+02   2.717965088e+02   2.739249268e+02   2.754221497e+02   2.765461121e+02   2.774308777e+02   2.781506653e+02   2.787513123e+02   2.792627258e+02 
 3202.581   2.475843811e+02   2.539398651e+02   2.577378235e+02   2.604144897e+02   2.624588623e+02   2.640958252e+02   2.654472656e+02   2.665889282e+02   2.675703430e+02   2.684261475e+02 
 3218.040   2.447248077e+02   2.511846619e+02   2.551688385e+02   2.580324402e+02   2.602410889e+02   2.620198669e+02   2.634970093e+02   2.647510376e+02   2.658354187e+02   2.667864075e+02 
 3233.649   2.538326874e+02   2.611407166e+02   2.650882874e+02   2.676782837e+02   2.695536194e+02   2.709921570e+02   2.721379395e+02   2.730770874e+02   2.738630981e+02   2.745329895e+02 
 3249.410   2.568267517e+02   2.646346436e+02   2.685018311e+02   2.708884888e+02   2.725470886e+02   2.737905884e+02   2.747714844e+02   2.755739441e+02   2.762460632e+02   2.768221741e+02 
 3265.326   2.480420837e+02   2.555041046e+02   2.598728638e+02   2.628509827e+02   2.650440063e+02   2.667431641e+02   2.681078796e+02   2.692345886e+02   2.701854553e+02   2.710027161e+02 
 3281.398   2.650491943e+02   2.723467712e+02   2.757662659e+02   2.778057861e+02   2.791769714e+02   2.801682739e+02   2.809211426e+02   2.815139465e+02   2.819938354e+02   2.823909607e+02 
 3297.629   2.521087189e+02   2.597303162e+02   2.638411560e+02   2.665511169e+02   2.685240479e+02   2.700466614e+02   2.712681274e+02   2.722751770e+02   2.731238403e+02   2.738500671e+02 
 3314.022   2.434336548e+02   2.503994904e+02   2.548507538e+02   2.579098511e+02   2.601525879e+02   2.618811035e+02   2.632662659e+02   2.644099121e+02   2.653782349e+02   2.662147217e+02 
 3330.579   2.620555725e+02   2.690970459e+02   2.725915833e+02   2.747599487e+02   2.762634277e+02   2.773831787e+02   2.782598267e+02   2.789718018e+02   2.795663147e+02   2.800735779e+02 
 3347.302   2.621732178e+02   2.686636963e+02   2.719156494e+02   2.739634399e+02   2.754056702e+02   2.764910278e+02   2.773470764e+02   2.780443420e+02   2.786263733e+02   2.791216125e+02 
 3364.193   2.607873230e+02   2.678293762e+02   2.713233948e+02   2.734838562e+02   2.749805298e+02   2.760922241e+02   2.769592285e+02   2.776593323e+02   2.782400818e+02   2.787321472e+02 
 3381.256   2.700728760e+02   2.753219299e+02   2.777768555e+02   2.792649536e+02   2.802803040e+02   2.810249634e+02   2.815989990e+02   2.820579834e+02   2.824353943e+02   2.827525635e+02 
 3398.493   2.702831421e+02   2.751484680e+02   2.774421692e+02   2.788131409e+02   2.797397766e+02   2.804191284e+02   2.809469910e+02   2.813752136e+02   2.817340698e+02   2.820422974e+02 
 3415.906   2.741179199e+02   2.783462830e+02   2.802439270e+02   2.813701172e+02   2.821376648e+02   2.827063904e+02   2.831517334e+02   2.835131531e+02   2.838161926e+02   2.840751343e+02 
 3433.499   2.742248230e+02   2.783797607e+02   2.802397156e+02   2.813514709e+02   2.821188354e+02   2.826939087e+02   2.831472778e+02   2.835161438e+02   2.838249207e+02   2.840877075e+02 
 3451.274   2.774423828e+02   2.811450195e+02   2.827500000e+02   2.836811523e+02   2.843049927e+02   2.847590027e+02   2.851078186e+02   2.853862000e+02   2.856146851e+02   2.858062439e+02 
 3469.234   2.772985535e+02   2.812852783e+02   2.829959717e+02   2.839798889e+02   2.846318970e+02   2.851005859e+02   2.854560547e+02   2.857360229e+02   2.859627991e+02   2.861505432e+02 
 3487.382   2.781939392e+02   2.820997925e+02   2.837491760e+02   2.846845703e+02   2.852918091e+02   2.857190247e+02   2.860362854e+02   2.862814026e+02   2.864765015e+02   2.866355286e+02 
 3505.721   2.807563782e+02   2.838613586e+02   2.851089478e+02   2.857925110e+02   2.862263794e+02   2.865269470e+02   2.867476807e+02   2.869167786e+02   2.870505066e+02   2.871589355e+02 
 3524.254   2.807205811e+02   2.838270569e+02   2.850983582e+02   2.857958374e+02   2.862368774e+02   2.865410461e+02   2.867635803e+02   2.869334717e+02   2.870674133e+02   2.871757202e+02 
 3542.983   2.749479370e+02   2.796659546e+02   2.817971191e+02   2.830494995e+02   2.838835754e+02   2.844805603e+02   2.849315186e+02   2.852841797e+02   2.855677490e+02   2.858008118e+02 
 3561.913   2.767662048e+02   2.811360779e+02   2.829764099e+02   2.840171509e+02   2.846974182e+02   2.851808472e+02   2.855438538e+02   2.858272400e+02   2.860550537e+02   2.862423706e+02 
 3581.046   2.736737976e+02   2.792510071e+02   2.816284485e+02   2.829686584e+02   2.838383789e+02   2.844512024e+02   2.849095154e+02   2.852657776e+02   2.855511169e+02   2.857851257e+02 
 3600.386   2.782705383e+02   2.820837708e+02   2.836633911e+02   2.845583191e+02   2.851459045e+02   2.855648804e+02   2.858802490e+02   2.861268921e+02   2.863254089e+02   2.864888306e+02 
 3619.936   2.803739014e+02   2.833874207e+02   2.846546021e+02   2.853763428e+02   2.858482971e+02   2.861828613e+02   2.864330750e+02   2.866275940e+02   2.867832642e+02   2.869107056e+02 
 3639.699   2.820732422e+02   2.845240173e+02   2.855216675e+02   2.860770874e+02   2.864357300e+02   2.866881714e+02   2.868761597e+02   2.870219421e+02   2.871384277e+02   2.872337646e+02 
 3659.680   2.816654968e+02   2.842165833e+02   2.853249512e+02   2.859506226e+02   2.863526611e+02   2.866328125e+02   2.868392029e+02   2.869975891e+02   2.871229248e+02   2.872246399e+02 
 3679.881   2.753566284e+02   2.797055359e+02   2.817204895e+02   2.829385986e+02   2.837654419e+02   2.843660583e+02   2.848215637e+02   2.851806946e+02   2.854707031e+02   2.857098083e+02 
 3700.306   2.832879639e+02   2.854159546e+02   2.862566528e+02   2.867073364e+02   2.869883423e+02   2.871802979e+02   2.873197632e+02   2.874256897e+02   2.875088501e+02   2.875758667e+02 
 3720.959   2.830159302e+02   2.850486450e+02   2.858586731e+02   2.863132019e+02   2.866108704e+02   2.868235474e+02   2.869841614e+02   2.871102295e+02   2.872120667e+02   2.872962036e+02 
 3741.844   2.823648071e+02   2.845372314e+02   2.854436951e+02   2.859695129e+02   2.863201294e+02   2.865729370e+02   2.867646790e+02   2.869154663e+02   2.870372925e+02   2.871378479e+02 
 3762.965   2.817386475e+02   2.841085510e+02   2.851092224e+02   2.856878662e+02   2.860735474e+02   2.863521729e+02   2.865641785e+02   2.867315063e+02   2.868671875e+02   2.869795837e+02 
 3784.326   2.810471802e+02   2.836436768e+02   2.847634583e+02   2.854198608e+02   2.858602600e+02   2.861780701e+02   2.864189758e+02   2.866081543e+02   2.867607727e+02   2.868865662e+02 
 3805.930   2.819813843e+02   2.844964600e+02   2.855382080e+02   2.861192017e+02   2.864911194e+02   2.867499695e+02   2.869405823e+02   2.870868225e+02   2.872026367e+02   2.872966003e+02 
 3827.783   2.829002380e+02   2.849985962e+02   2.858835144e+02   2.863815002e+02   2.867023315e+02   2.869266052e+02   2.870923157e+02   2.872198181e+02   2.873209839e+02   2.874031677e+02 
 3849.888   2.802834167e+02   2.838058167e+02   2.851402588e+02   2.858496704e+02   2.862910461e+02   2.865924988e+02   2.868115540e+02   2.869779968e+02   2.871087646e+02   2.872142029e+02 
 3872.250   2.723849487e+02   2.783484802e+02   2.808766174e+02   2.823255005e+02   2.832801208e+02   2.839617004e+02   2.844747314e+02   2.848756409e+02   2.851968689e+02   2.854616699e+02 
 3894.873   2.740820007e+02   2.797127991e+02   2.820175781e+02   2.833048096e+02   2.841369629e+02   2.847227173e+02   2.851587830e+02   2.854953918e+02   2.857649536e+02   2.859852905e+02 
 3917.761   2.724273376e+02   2.783919067e+02   2.808638916e+02   2.822610474e+02   2.831763916e+02   2.838305969e+02   2.843254089e+02   2.847148438e+02   2.850304260e+02   2.852919312e+02 
 3940.921   2.762543945e+02   2.811820068e+02   2.831011658e+02   2.841607056e+02   2.848440247e+02   2.853250732e+02   2.856822205e+02   2.859600220e+02   2.861820068e+02   2.863636475e+02 
 3964.356   2.782883606e+02   2.829482117e+02   2.846283264e+02   2.854944763e+02   2.860213318e+02   2.863769531e+02   2.866327515e+02   2.868256226e+02   2.869762268e+02   2.870970764e+02 
 3988.072   2.766774597e+02   2.821210632e+02   2.840738220e+02   2.850776978e+02   2.856878662e+02   2.860989380e+02   2.863944092e+02   2.866170349e+02   2.867907715e+02   2.869301453e+02 
 4012.073   2.721287842e+02   2.794501953e+02   2.821929321e+02   2.836273804e+02   2.845091553e+02   2.851060791e+02   2.855369568e+02   2.858613892e+02   2.861159668e+02   2.863205872e+02 
 4036.364   2.650683289e+02   2.749187622e+02   2.788845825e+02   2.810262451e+02   2.823671265e+02   2.832857361e+02   2.839544067e+02   2.844629822e+02   2.848628235e+02   2.851854248e+02 
 4060.951   2.612550659e+02   2.725943298e+02   2.772465515e+02   2.797667542e+02   2.813454590e+02   2.824268188e+02   2.832137146e+02   2.838120117e+02   2.842821960e+02   2.846614685e+02 
 4085.840   2.543053131e+02   2.675639954e+02   2.734222107e+02   2.766980591e+02   2.787872009e+02   2.802348022e+02   2.812968140e+02   2.821091309e+02   2.827504883e+02   2.832697144e+02 
 4111.036   2.506017303e+02   2.649613647e+02   2.715041199e+02   2.751936951e+02   2.775534668e+02   2.791907043e+02   2.803924561e+02   2.813118286e+02   2.820377197e+02   2.826253967e+02 
 4136.544   2.453177643e+02   2.605742798e+02   2.680160522e+02   2.723372192e+02   2.751453857e+02   2.771126099e+02   2.785664368e+02   2.796840210e+02   2.805697632e+02   2.812888794e+02 
 4162.372   2.372893219e+02   2.524335175e+02   2.608560791e+02   2.661184998e+02   2.696994019e+02   2.722860107e+02   2.742414551e+02   2.757708130e+02   2.769982300e+02   2.780057983e+02 
 4188.523   2.256107483e+02   2.293298950e+02   2.336820068e+02   2.375032043e+02   2.407153473e+02   2.434055939e+02   2.456766663e+02   2.476147614e+02   2.492892151e+02   2.507524567e+02 
 4215.005   2.459100494e+02   2.422639313e+02   2.401926422e+02   2.387311707e+02   2.375973511e+02   2.366705780e+02   2.358875427e+02   2.352105560e+02   2.346152344e+02   2.340847626e+02 
 4241.825   2.507383423e+02   2.469293976e+02   2.447875519e+02   2.433766479e+02   2.423448029e+02   2.415310974e+02   2.408544312e+02   2.402702637e+02   2.397524109e+02   2.392845764e+02 
 4268.987   2.494545593e+02   2.456796570e+02   2.435214996e+02   2.421237030e+02   2.411366730e+02   2.403880768e+02   2.397867737e+02   2.392813263e+02   2.388414154e+02   2.384483490e+02 
 4296.500   2.494868774e+02   2.457122040e+02   2.434715424e+02   2.419500122e+02   2.408288116e+02   2.399509277e+02   2.392315216e+02   2.386210480e+02   2.380890045e+02   2.376156311e+02 
 4324.370   2.431497803e+02   2.393938751e+02   2.374593353e+02   2.362374725e+02   2.353623962e+02   2.346791534e+02   2.341128998e+02   2.336238861e+02   2.331894073e+02   2.327956085e+02 
 4352.604   2.380765991e+02   2.348328400e+02   2.332049408e+02   2.321386414e+02   2.313310089e+02   2.306698761e+02   2.301058044e+02   2.296138000e+02   2.291796875e+02   2.287946320e+02 
 4381.208   2.322710724e+02   2.292393188e+02   2.277823639e+02   2.269892578e+02   2.265776825e+02   2.264182892e+02   2.264371948e+02   2.265865173e+02   2.268329620e+02   2.271523438e+02 
 4410.191   2.293773651e+02   2.265100708e+02   2.251993713e+02   2.245825653e+02   2.243905334e+02   2.244887390e+02   2.247935028e+02   2.252474518e+02   2.258093719e+02   2.264495850e+02 
 4439.561   2.262364044e+02   2.252133636e+02   2.260051270e+02   2.274726715e+02   2.291880646e+02   2.309613953e+02   2.327061005e+02   2.343831329e+02   2.359763641e+02   2.374809723e+02 
 4469.324   2.242772675e+02   2.249334106e+02   2.272323914e+02   2.299424744e+02   2.326427155e+02   2.351883240e+02   2.375380554e+02   2.396900482e+02   2.416569366e+02   2.434563446e+02 
 4499.489   2.258846741e+02   2.336128082e+02   2.400451965e+02   2.449999084e+02   2.488945007e+02   2.520428619e+02   2.546483765e+02   2.568453369e+02   2.587265320e+02   2.603557129e+02 
 4530.063   2.244267273e+02   2.324353638e+02   2.390112000e+02   2.441063538e+02   2.481314392e+02   2.513863220e+02   2.540707397e+02   2.563216553e+02   2.582368469e+02   2.598844604e+02 
 4561.057   2.355847626e+02   2.469139862e+02   2.536806183e+02   2.582127686e+02   2.614908447e+02   2.639934082e+02   2.659801331e+02   2.676054382e+02   2.689668884e+02   2.701296082e+02 
 4592.477   2.546556549e+02   2.650607910e+02   2.700859680e+02   2.731233826e+02   2.751936951e+02   2.767139893e+02   2.778846130e+02   2.788208313e+02   2.795891724e+02   2.802330322e+02 
 4624.333   2.667549133e+02   2.742664490e+02   2.775925293e+02   2.795069580e+02   2.807649841e+02   2.816624756e+02   2.823399353e+02   2.828728027e+02   2.833051758e+02   2.836645813e+02 
 4656.634   2.730591125e+02   2.783918152e+02   2.806352234e+02   2.819401245e+02   2.828210754e+02   2.834671631e+02   2.839661865e+02   2.843655701e+02   2.846936035e+02   2.849684753e+02 
 4689.390   2.639160156e+02   2.711361389e+02   2.746498718e+02   2.768000183e+02   2.782737427e+02   2.793593140e+02   2.801972351e+02   2.808666687e+02   2.814156189e+02   2.818751831e+02 
 4722.609   2.544445343e+02   2.637005310e+02   2.684325256e+02   2.713606873e+02   2.734054260e+02   2.749438477e+02   2.761586914e+02   2.771491394e+02   2.779773560e+02   2.786823730e+02 
 4756.303   2.547033997e+02   2.648645630e+02   2.699645386e+02   2.730445251e+02   2.751313782e+02   2.766565247e+02   2.778285828e+02   2.787653503e+02   2.795345764e+02   2.801799316e+02 
 4790.481   2.535261230e+02   2.629897766e+02   2.678765869e+02   2.709465942e+02   2.730964355e+02   2.747051392e+02   2.759639893e+02   2.769811707e+02   2.778208923e+02   2.785300293e+02 
 4825.154   2.484364929e+02   2.582014771e+02   2.633310852e+02   2.665498962e+02   2.687877808e+02   2.704526367e+02   2.717521973e+02   2.728052979e+02   2.736816101e+02   2.744289551e+02 
 4860.332   2.562295227e+02   2.651423340e+02   2.693951721e+02   2.719809875e+02   2.737704773e+02   2.751091919e+02   2.761633911e+02   2.770236511e+02   2.777417297e+02   2.783553162e+02 
 4896.027   2.597088318e+02   2.669387512e+02   2.706109314e+02   2.729357300e+02   2.745685120e+02   2.757900085e+02   2.767445679e+02   2.775133362e+02   2.781497803e+02   2.786866455e+02 
 4932.250   2.675682678e+02   2.737298889e+02   2.766844482e+02   2.784986877e+02   2.797500000e+02   2.806733093e+02   2.813866272e+02   2.819566040e+02   2.824240723e+02   2.828154907e+02 
 4969.013   2.601453247e+02   2.661758728e+02   2.694037476e+02   2.714838257e+02   2.729729309e+02   2.741127319e+02   2.750260925e+02   2.757821045e+02   2.764230347e+02   2.769762573e+02 
 5006.329   2.599005737e+02   2.658084106e+02   2.689955750e+02   2.710842590e+02   2.725912476e+02   2.737430115e+02   2.746593628e+02   2.754107056e+02   2.760414429e+02   2.765810547e+02 
 5044.208   2.634023132e+02   2.694593506e+02   2.726795654e+02   2.747536926e+02   2.762325439e+02   2.773533936e+02   2.782398987e+02   2.789621887e+02   2.795643921e+02   2.800757446e+02 
 5082.666   2.574457703e+02   2.635106506e+02   2.669671936e+02   2.692740784e+02   2.709505615e+02   2.722428284e+02   2.732819214e+02   2.741401367e+02   2.748683777e+02   2.754966125e+02 
 5121.714   2.540513000e+02   2.601250000e+02   2.637460938e+02   2.662706299e+02   2.681627197e+02   2.696491089e+02   2.708559875e+02   2.718623352e+02   2.727195129e+02   2.734580383e+02 
 5161.368   2.492891998e+02   2.556975708e+02   2.595666504e+02   2.623056030e+02   2.643851624e+02   2.660315857e+02   2.673745728e+02   2.684955750e+02   2.694495544e+02   2.702728271e+02 
 5201.640   2.438471832e+02   2.494705658e+02   2.528943024e+02   2.553642426e+02   2.572848511e+02   2.588421326e+02   2.601423645e+02   2.612515869e+02   2.622140808e+02   2.630610046e+02 
 5242.545   2.447482300e+02   2.506688080e+02   2.542478790e+02   2.568419189e+02   2.588853149e+02   2.605738220e+02   2.620104370e+02   2.632567444e+02   2.643529358e+02   2.653271790e+02 
 5284.099   2.424149475e+02   2.478939514e+02   2.512496185e+02   2.536950378e+02   2.556272583e+02   2.572226257e+02   2.585793762e+02   2.597559814e+02   2.607912903e+02   2.617127075e+02 
 5326.317   2.463523102e+02   2.522034454e+02   2.557687225e+02   2.583646851e+02   2.604177246e+02   2.621170349e+02   2.635631714e+02   2.648166809e+02   2.659174805e+02   2.668937378e+02 
 5369.214   2.397127380e+02   2.448513641e+02   2.480257721e+02   2.503473511e+02   2.521875458e+02   2.537173309e+02   2.550308838e+02   2.561816101e+02   2.572077026e+02   2.581338806e+02 
 5412.809   2.368652496e+02   2.417996674e+02   2.448760071e+02   2.471365967e+02   2.489334106e+02   2.504295807e+02   2.517144928e+02   2.528424988e+02   2.538491058e+02   2.547599182e+02 
 5457.117   2.321492615e+02   2.366349945e+02   2.394889374e+02   2.416048126e+02   2.432946320e+02   2.447055664e+02   2.459191437e+02   2.469854126e+02   2.479373932e+02   2.487980194e+02 
 5502.157   2.375294952e+02   2.426214294e+02   2.457833557e+02   2.481000671e+02   2.499368134e+02   2.514626770e+02   2.527702484e+02   2.539158936e+02   2.549375153e+02   2.558583527e+02 
 5547.946   2.313825531e+02   2.357598419e+02   2.385296478e+02   2.405836029e+02   2.422265778e+02   2.436009827e+02   2.447853088e+02   2.458275757e+02   2.467594299e+02   2.476028442e+02 
 5594.504   2.292193756e+02   2.332026367e+02   2.358173981e+02   2.377768707e+02   2.393504944e+02   2.406685333e+02   2.418044281e+02   2.428037109e+02   2.436966400e+02   2.445043488e+02 
 5641.850   2.265359192e+02   2.302024689e+02   2.326510468e+02   2.345018921e+02   2.359944763e+02   2.372494354e+02   2.383343506e+02   2.392913208e+02   2.401484528e+02   2.409253845e+02 
 5690.004   2.273037262e+02   2.310684662e+02   2.335392151e+02   2.353975372e+02   2.368930817e+02   2.381485748e+02   2.392325287e+02   2.401875458e+02   2.410419006e+02   2.418154602e+02 
 5738.987   2.229287720e+02   2.254612274e+02   2.273578186e+02   2.288672333e+02   2.301229553e+02   2.311997528e+02   2.321435547e+02   2.329845123e+02   2.337444763e+02   2.344364471e+02 
 5788.821   2.263114777e+02   2.297316437e+02   2.320629425e+02   2.338513184e+02   2.353075867e+02   2.365398102e+02   2.376096039e+02   2.385559845e+02   2.394052734e+02   2.401761017e+02 
 5839.528   2.227113953e+02   2.250410156e+02   2.267911224e+02   2.282038574e+02   2.293935547e+02   2.304234161e+02   2.313325500e+02   2.321470490e+02   2.328862610e+02   2.335614624e+02 
 5891.131   2.214328308e+02   2.233324127e+02   2.247978363e+02   2.259894714e+02   2.270035706e+02   2.278914642e+02   2.286838074e+02   2.294006958e+02   2.300561218e+02   2.306603546e+02 
 5943.654   2.216874847e+02   2.240061798e+02   2.256940613e+02   2.270368805e+02   2.281616211e+02   2.291337128e+02   2.299919739e+02   2.307615814e+02   2.314599304e+02   2.321006470e+02 
 5997.123   2.220333252e+02   2.248074036e+02   2.267727051e+02   2.283154755e+02   2.295941620e+02   2.306900787e+02   2.316521759e+02   2.325088806e+02   2.332827759e+02   2.339890594e+02 
 6051.562   2.214221954e+02   2.231755219e+02   2.245573730e+02   2.257065582e+02   2.267001801e+02   2.275794525e+02   2.283697052e+02   2.290881042e+02   2.297470551e+02   2.303558807e+02 
 6106.999   2.223223267e+02   2.255848236e+02   2.278448334e+02   2.295896606e+02   2.310192108e+02   2.322318726e+02   2.332878113e+02   2.342242279e+02   2.350663452e+02   2.358320770e+02 
 6163.460   2.212680206e+02   2.240576935e+02   2.260686188e+02   2.276506348e+02   2.289609070e+02   2.300822144e+02   2.310648651e+02   2.319387360e+02   2.327270660e+02   2.334456482e+02 
 6220.975   2.252621918e+02   2.298957520e+02   2.328417816e+02   2.350253906e+02   2.367701263e+02   2.382272034e+02   2.394803619e+02   2.405810242e+02   2.415631561e+02   2.424504089e+02 
 6279.574   2.276020355e+02   2.329828949e+02   2.363139954e+02   2.387460938e+02   2.406685638e+02   2.422612610e+02   2.436225586e+02   2.448122711e+02   2.458695374e+02   2.468214111e+02 
 6339.288   2.229859009e+02   2.269682770e+02   2.296511993e+02   2.316669159e+02   2.332849884e+02   2.346390991e+02   2.358051910e+02   2.368304749e+02   2.377462769e+02   2.385744324e+02 
 6400.147   2.205279541e+02   2.224197540e+02   2.239355774e+02   2.251583862e+02   2.261880341e+02   2.270829010e+02   2.278779449e+02   2.285955353e+02   2.292519073e+02   2.298557281e+02 
 6462.188   2.208272400e+02   2.230513916e+02   2.247280273e+02   2.260767365e+02   2.272122345e+02   2.281961823e+02   2.290669250e+02   2.298470154e+02   2.305549011e+02   2.312031403e+02 
 6525.442   2.206448059e+02   2.228767090e+02   2.245384216e+02   2.258552704e+02   2.269552765e+02   2.279054871e+02   2.287458954e+02   2.294994202e+02   2.301842651e+02   2.308126221e+02 
 6589.947   2.209333801e+02   2.230284119e+02   2.246058044e+02   2.258779755e+02   2.269512634e+02   2.278838501e+02   2.287081909e+02   2.294486389e+02   2.301212769e+02   2.307378998e+02 
 6655.740   2.207565002e+02   2.227045593e+02   2.241859131e+02   2.253775024e+02   2.263842316e+02   2.272625580e+02   2.280425415e+02   2.287466125e+02   2.293892517e+02   2.299809875e+02 
 6722.860   2.244220581e+02   2.281438904e+02   2.306344299e+02   2.325180206e+02   2.340384064e+02   2.353163910e+02   2.364207153e+02   2.373943481e+02   2.382658844e+02   2.390554199e+02 
 6791.348   2.244163818e+02   2.280017700e+02   2.304235229e+02   2.322587280e+02   2.337406464e+02   2.349862213e+02   2.360623474e+02   2.370109100e+02   2.378598633e+02   2.386288147e+02 
 6861.245   2.242396851e+02   2.274037933e+02   2.295995941e+02   2.312965851e+02   2.326840057e+02   2.338596191e+02   2.348809814e+02   2.357848663e+02   2.365962524e+02   2.373328552e+02 
 6932.596   2.295911865e+02   2.339873810e+02   2.367659607e+02   2.388163300e+02   2.404485779e+02   2.418082886e+02   2.429757385e+02   2.440000916e+02   2.449136047e+02   2.457386932e+02 
 7005.447   2.288919830e+02   2.330769806e+02   2.357652435e+02   2.377682037e+02   2.393718109e+02   2.407124939e+02   2.418664246e+02   2.428805847e+02   2.437860260e+02   2.446044464e+02 
 7079.846   2.329862366e+02   2.374908295e+02   2.403153534e+02   2.423946838e+02   2.440489655e+02   2.454272461e+02   2.466112518e+02   2.476508026e+02   2.485799408e+02   2.494181061e+02 
 7155.841   2.303987885e+02   2.345669556e+02   2.372224884e+02   2.391907349e+02   2.407624207e+02   2.420748138e+02   2.432039337e+02   2.441963043e+02   2.450825958e+02   2.458840485e+02 
 7233.486   2.359153442e+02   2.408639374e+02   2.439369202e+02   2.461915741e+02   2.479820709e+02   2.494685211e+02   2.507428436e+02   2.518596344e+02   2.528546906e+02   2.537527771e+02 
 7312.834   2.330650330e+02   2.378074341e+02   2.407813873e+02   2.429698334e+02   2.447091980e+02   2.461560822e+02   2.473967743e+02   2.484850922e+02   2.494532013e+02   2.503266907e+02 
 7393.943   2.361781769e+02   2.424073639e+02   2.464022827e+02   2.493657532e+02   2.517249146e+02   2.536856842e+02   2.553613434e+02   2.568214417e+02   2.581119385e+02   2.592650452e+02 
 7476.871   2.364482117e+02   2.421197357e+02   2.456659393e+02   2.482951355e+02   2.503963623e+02   2.521488190e+02   2.536489258e+02   2.549560699e+02   2.561100769e+02   2.571394043e+02 
 7561.680   2.396287537e+02   2.463164368e+02   2.503321075e+02   2.531997223e+02   2.554184265e+02   2.572148438e+02   2.587133789e+02   2.599908752e+02   2.610983582e+02   2.620715637e+02 
 7648.435   2.299481659e+02   2.350239105e+02   2.386359253e+02   2.414866028e+02   2.438500824e+02   2.458661957e+02   2.476209869e+02   2.491691284e+02   2.505526886e+02   2.518013763e+02 
 7737.205   2.301913605e+02   2.379306793e+02   2.432013245e+02   2.471339264e+02   2.502249146e+02   2.527416534e+02   2.548441315e+02   2.566366272e+02   2.581903992e+02   2.595557861e+02 
 7828.059   2.294213562e+02   2.377776337e+02   2.435282440e+02   2.477660522e+02   2.510433502e+02   2.536734619e+02   2.558442841e+02   2.576759949e+02   2.592490234e+02   2.606194458e+02 
 7921.072   2.355526886e+02   2.437771759e+02   2.489512177e+02   2.526390533e+02   2.554438782e+02   2.576697388e+02   2.594922791e+02   2.610211182e+02   2.623286133e+02   2.634644470e+02 
 8016.322   2.503206177e+02   2.592190857e+02   2.640355835e+02   2.671522827e+02   2.693736572e+02   2.710615540e+02   2.724027100e+02   2.735043945e+02   2.744325867e+02   2.752303162e+02 
 8113.891   2.662289734e+02   2.727160950e+02   2.759237671e+02   2.778850708e+02   2.792202759e+02   2.801936951e+02   2.809382629e+02   2.815256653e+02   2.820060425e+02   2.824061890e+02 
 8213.864   2.641939697e+02   2.705338440e+02   2.737562866e+02   2.757817993e+02   2.771946411e+02   2.782459717e+02   2.790643005e+02   2.797229919e+02   2.802671204e+02   2.807261047e+02 
 8316.332   2.746999817e+02   2.796959229e+02   2.818154602e+02   2.830211182e+02   2.838133850e+02   2.843805847e+02   2.848100891e+02   2.851483765e+02   2.854226685e+02   2.856500854e+02 
 8421.389   2.703779907e+02   2.765192566e+02   2.794068909e+02   2.811310730e+02   2.822820435e+02   2.831098633e+02   2.837337036e+02   2.842209778e+02   2.846121826e+02   2.849332581e+02 
 8529.134   2.690206299e+02   2.751781006e+02   2.779250793e+02   2.795344543e+02   2.806111145e+02   2.813918152e+02   2.819869690e+02   2.824629211e+02   2.828537598e+02   2.831823730e+02 
 8639.672   2.714004822e+02   2.774322510e+02   2.802369690e+02   2.818786621e+02   2.829596252e+02   2.837250671e+02   2.842955322e+02   2.847370605e+02   2.850889282e+02   2.853759155e+02 
 8753.112   2.716807861e+02   2.773053284e+02   2.797501831e+02   2.811608276e+02   2.820939026e+02   2.827686462e+02   2.832842712e+02   2.836947632e+02   2.840316467e+02   2.843146362e+02 
 8869.572   2.745483093e+02   2.795831909e+02   2.818080139e+02   2.830823059e+02   2.839189453e+02   2.845132751e+02   2.849589539e+02   2.853064270e+02   2.855853577e+02   2.858144836e+02 
 8989.173   2.750580750e+02   2.800440369e+02   2.821936035e+02   2.834122620e+02   2.842083130e+02   2.847716675e+02   2.851927795e+02   2.855201721e+02   2.857823792e+02   2.859972839e+02 
 9112.043   2.751750488e+02   2.800550842e+02   2.820744019e+02   2.832199707e+02   2.839775085e+02   2.845220642e+02   2.849356995e+02   2.852621155e+02   2.855271301e+02   2.857470398e+02 
 9238.318   2.719718628e+02   2.783899536e+02   2.811748352e+02   2.827284546e+02   2.837205505e+02   2.844083557e+02   2.849132080e+02   2.852994690e+02   2.856045227e+02   2.858515320e+02 
 9368.144   2.537824707e+02   2.613981934e+02   2.659436035e+02   2.689993591e+02   2.711902466e+02   2.728360596e+02   2.741191711e+02   2.751516724e+02   2.760043640e+02   2.767242432e+02 
 9501.670   2.341449738e+02   2.356731110e+02   2.389184113e+02   2.421324921e+02   2.449557953e+02   2.473735504e+02   2.494522552e+02   2.512622528e+02   2.528601227e+02   2.542881317e+02 
 9639.058   2.376627655e+02   2.412988129e+02   2.454483337e+02   2.489002686e+02   2.517288208e+02   2.541012115e+02   2.561374512e+02   2.579171143e+02   2.594940796e+02   2.609062500e+02 
 9780.478   2.336418915e+02   2.395800171e+02   2.451975555e+02   2.496294861e+02   2.531005859e+02   2.558716888e+02   2.581376038e+02   2.600324097e+02   2.616475220e+02   2.630461731e+02 
 9926.108   2.460893250e+02   2.557642670e+02   2.614352722e+02   2.652576904e+02   2.680040588e+02   2.700714417e+02   2.716857605e+02   2.729851074e+02   2.740576172e+02   2.749617004e+02 
10076.143   2.683286438e+02   2.757507935e+02   2.789608154e+02   2.808065186e+02   2.820220337e+02   2.828884277e+02   2.835391846e+02   2.840437317e+02   2.844505615e+02   2.847844543e+02 
10230.781   2.757201843e+02   2.808090515e+02   2.829274292e+02   2.840987549e+02   2.848400269e+02   2.853553162e+02   2.857333984e+02   2.860226746e+02   2.862511902e+02   2.864362488e+02 
10390.241   2.799295349e+02   2.835750122e+02   2.849886169e+02   2.857411499e+02   2.862079773e+02   2.865258789e+02   2.867562561e+02   2.869309082e+02   2.870678711e+02   2.871781616e+02 
10554.751   2.782858276e+02   2.823779907e+02   2.840721436e+02   2.849988098e+02   2.855863342e+02   2.859915466e+02   2.862879333e+02   2.865141602e+02   2.866925049e+02   2.868367310e+02 
10724.555   2.807192383e+02   2.840099487e+02   2.852872009e+02   2.859681702e+02   2.863910522e+02   2.866791687e+02   2.868881226e+02   2.870466003e+02   2.871708984e+02   2.872710266e+02 
10899.911   2.804533997e+02   2.836909790e+02   2.850058594e+02   2.857209778e+02   2.861746521e+02   2.864876099e+02   2.867166443e+02   2.868915405e+02   2.870295105e+02   2.871411438e+02 
11081.098   2.803864746e+02   2.836261597e+02   2.849275208e+02   2.856376343e+02   2.860910950e+02   2.864062805e+02   2.866386108e+02   2.868171387e+02   2.869587708e+02   2.870739136e+02 
11268.410   2.789385071e+02   2.825655212e+02   2.840809326e+02   2.849322205e+02   2.854839478e+02   2.858697815e+02   2.861594849e+02   2.863842163e+02   2.865638428e+02   2.867108154e+02 
11462.165   2.789739990e+02   2.826046753e+02   2.841126404e+02   2.849568176e+02   2.855030212e+02   2.858879089e+02   2.861748352e+02   2.863940735e+02   2.865719299e+02   2.867174988e+02 
11662.700   2.776121826e+02   2.814196777e+02   2.831044922e+02   2.840899658e+02   2.847465820e+02   2.852185974e+02   2.855754395e+02   2.858552246e+02   2.860806885e+02   2.862664185e+02 
11870.377   2.777764282e+02   2.818200684e+02   2.835388184e+02   2.845083923e+02   2.851369629e+02   2.855796204e+02   2.859091492e+02   2.861643372e+02   2.863680420e+02   2.865344543e+02 
12085.585   2.775043640e+02   2.817612610e+02   2.835712891e+02   2.845821838e+02   2.852293396e+02   2.856796875e+02   2.860113220e+02   2.862658081e+02   2.864673157e+02   2.866307983e+02 
12308.741   2.743244019e+02   2.793752747e+02   2.816155396e+02   2.829150085e+02   2.837741699e+02   2.843880920e+02   2.848501282e+02   2.852111206e+02   2.855012207e+02   2.857396545e+02 
12540.294   2.644886475e+02   2.708543091e+02   2.741613464e+02   2.762511902e+02   2.777081909e+02   2.787893372e+02   2.796276855e+02   2.802995605e+02   2.808520203e+02   2.813157654e+02 
12780.727   2.673925476e+02   2.739217529e+02   2.769614868e+02   2.787573242e+02   2.799623718e+02   2.808383484e+02   2.815109863e+02   2.820484314e+02   2.824908752e+02   2.828636169e+02 
13030.561   2.614821777e+02   2.701984558e+02   2.745572205e+02   2.772039795e+02   2.789874268e+02   2.802720947e+02   2.812419739e+02   2.820002747e+02   2.826095276e+02   2.831097412e+02 
13290.356   2.434583282e+02   2.522506714e+02   2.575537415e+02   2.612076111e+02   2.639175720e+02   2.660346985e+02   2.677511292e+02   2.691818542e+02   2.704000854e+02   2.714547119e+02 
13560.725   2.276396790e+02   2.333043823e+02   2.376530609e+02   2.411911926e+02   2.441791534e+02   2.467563629e+02   2.490101166e+02   2.510012817e+02   2.527751465e+02   2.543666992e+02 
13842.322   2.259423065e+02   2.292189484e+02   2.324132843e+02   2.351820374e+02   2.375900269e+02   2.397063141e+02   2.415829468e+02   2.432594299e+02   2.447667389e+02   2.461298218e+02 
14135.864   2.230176697e+02   2.227489777e+02   2.237905273e+02   2.250899506e+02   2.264138794e+02   2.276998291e+02   2.289304657e+02   2.301025085e+02   2.312174377e+02   2.322783508e+02 
14442.127   2.286474304e+02   2.256679688e+02   2.241552124e+02   2.232427216e+02   2.226662140e+02   2.223025208e+02   2.220823212e+02   2.219626312e+02   2.219152374e+02   2.219209442e+02 
14761.957   2.335125580e+02   2.297300262e+02   2.276769104e+02   2.263397827e+02   2.253853760e+02   2.246630554e+02   2.240933685e+02   2.236299591e+02   2.232438812e+02   2.229161377e+02 
15096.274   2.380209045e+02   2.350497589e+02   2.332082825e+02   2.318775177e+02   2.308457947e+02   2.300112457e+02   2.293161011e+02   2.287243042e+02   2.282118225e+02   2.277619171e+02 
15446.088   2.317076263e+02   2.282724152e+02   2.264448090e+02   2.252674561e+02   2.244332275e+02   2.238087006e+02   2.233264771e+02   2.229487610e+02   2.226524506e+02   2.224221954e+02 
15812.500   2.235606995e+02   2.219395294e+02   2.217445831e+02   2.220224609e+02   2.224911194e+02   2.230465546e+02   2.236443939e+02   2.242630615e+02   2.248908844e+02   2.255209198e+02 
16196.722   2.241071014e+02   2.270381470e+02   2.298168640e+02   2.322537689e+02   2.343973846e+02   2.363013611e+02   2.380085449e+02   2.395518646e+02   2.409566498e+02   2.422428131e+02 
16600.082   2.248588257e+02   2.305520477e+02   2.348851624e+02   2.383649445e+02   2.412686768e+02   2.437550201e+02   2.459234314e+02   2.478406830e+02   2.495540771e+02   2.510985260e+02 
17024.051   2.337348022e+02   2.403825073e+02   2.445832367e+02   2.476474457e+02   2.500551910e+02   2.520315399e+02   2.537037506e+02   2.551419830e+02   2.564013367e+02   2.575177002e+02 
17470.248   2.418753052e+02   2.483179932e+02   2.520872650e+02   2.547585449e+02   2.568272705e+02   2.585181885e+02   2.599476318e+02   2.611842651e+02   2.622719116e+02   2.632405396e+02 
17940.467   2.504703522e+02   2.566362000e+02   2.602949829e+02   2.629212952e+02   2.649689941e+02   2.666377869e+02   2.680353699e+02   2.692279663e+02   2.702601013e+02   2.711634521e+02 
18436.703   2.449228363e+02   2.504473267e+02   2.537966309e+02   2.562300720e+02   2.581513062e+02   2.597413940e+02   2.610970154e+02   2.622760315e+02   2.633162842e+02   2.642440491e+02 
18961.180   2.486459351e+02   2.541725464e+02   2.575237732e+02   2.599599915e+02   2.618846741e+02   2.634783936e+02   2.648373718e+02   2.660191345e+02   2.670613403e+02   2.679901733e+02 
19516.375   2.408667908e+02   2.458195953e+02   2.488457794e+02   2.510456543e+02   2.527861633e+02   2.542314301e+02   2.554701233e+02   2.565554810e+02   2.575219421e+02   2.583930359e+02 
20105.072   2.445343323e+02   2.496381531e+02   2.527353668e+02   2.549848022e+02   2.567605591e+02   2.582323914e+02   2.594916687e+02   2.605931702e+02   2.615722046e+02   2.624528503e+02 
20730.396   2.441637573e+02   2.494365234e+02   2.526397705e+02   2.549647064e+02   2.567983093e+02   2.583167114e+02   2.596152039e+02   2.607509155e+02   2.617609253e+02   2.626704712e+02 
21395.881   2.397906189e+02   2.446338654e+02   2.475926056e+02   2.497397614e+02   2.514340515e+02   2.528372498e+02   2.540371857e+02   2.550868835e+02   2.560209045e+02   2.568630066e+02 
22105.520   2.374089813e+02   2.420787964e+02   2.449596405e+02   2.470563660e+02   2.487134247e+02   2.500868988e+02   2.512619476e+02   2.522901611e+02   2.532052460e+02   2.540304565e+02 
22863.861   2.377287598e+02   2.426722717e+02   2.457173157e+02   2.479405365e+02   2.496990051e+02   2.511574097e+02   2.524056854e+02   2.534983826e+02   2.544711761e+02   2.553486176e+02 
23676.100   2.318696442e+02   2.359152527e+02   2.385183868e+02   2.404517822e+02   2.419976959e+02   2.432815857e+02   2.443833466e+02   2.453491821e+02   2.462096252e+02   2.469859161e+02 
24548.193   2.409333649e+02   2.460562286e+02   2.492040253e+02   2.514979706e+02   2.533093262e+02   2.548090210e+02   2.560903931e+02   2.572101440e+02   2.582053528e+02   2.591015930e+02 
25487.014   2.301830597e+02   2.339775238e+02   2.364646606e+02   2.383275909e+02   2.398244934e+02   2.410718231e+02   2.421446228e+02   2.430866547e+02   2.439269714e+02   2.446859283e+02 
26500.527   2.290160980e+02   2.326960449e+02   2.350998077e+02   2.369048309e+02   2.383474426e+02   2.395534363e+02   2.405908051e+02   2.415018311e+02   2.423145294e+02   2.430485077e+02 
27598.021   2.301849213e+02   2.341037598e+02   2.366479950e+02   2.385485229e+02   2.400727997e+02   2.413476868e+02   2.424447632e+02   2.434085236e+02   2.442685242e+02   2.450454102e+02 
28790.389   2.242950287e+02   2.270785217e+02   2.288878021e+02   2.302745819e+02   2.314149475e+02   2.323895264e+02   2.332478485e+02   2.340085144e+02   2.346955566e+02   2.353225098e+02 
30090.498   2.237226410e+02   2.267280273e+02   2.286623383e+02   2.301291504e+02   2.313320923e+02   2.323516235e+02   2.332428894e+02   2.340364838e+02   2.347528992e+02   2.354066010e+02 
31513.648   2.254313202e+02   2.287455444e+02   2.308458862e+02   2.324161835e+02   2.336856995e+02   2.347594147e+02   2.356942596e+02   2.365247192e+02   2.372733459e+02   2.379558716e+02 
33078.184   2.225960693e+02   2.254405518e+02   2.272789764e+02   2.286609192e+02   2.297863922e+02   2.307443237e+02   2.315826874e+02   2.323306274e+02   2.330072632e+02   2.336259918e+02 
34806.297   2.212553253e+02   2.235641479e+02   2.251879272e+02   2.264906158e+02   2.275923004e+02   2.285513458e+02   2.294022522e+02   2.301678009e+02   2.308640442e+02   2.315028229e+02 
36725.066   2.210764771e+02   2.233933105e+02   2.249660950e+02   2.261972046e+02   2.272281799e+02   2.281234436e+02   2.289184570e+02   2.296354065e+02   2.302893066e+02   2.308909760e+02 
38867.926   2.204481659e+02   2.228824921e+02   2.245580292e+02   2.258646545e+02   2.269525452e+02   2.278924713e+02   2.287238770e+02   2.294714050e+02   2.301516418e+02   2.307765198e+02 
41276.598   2.199944916e+02   2.222887878e+02   2.238705444e+02   2.250749207e+02   2.260547943e+02   2.268873444e+02   2.276159973e+02   2.282671967e+02   2.288581848e+02   2.294007568e+02 
44003.867   2.183726349e+02   2.191007080e+02   2.199899445e+02   2.207853241e+02   2.214800262e+02   2.220931244e+02   2.226422882e+02   2.231409149e+02   2.235988464e+02   2.240233154e+02 
47117.516   2.180348053e+02   2.192233429e+02   2.203807678e+02   2.213669891e+02   2.222129669e+02   2.229534607e+02   2.236136169e+02   2.242109222e+02   2.247576294e+02   2.252626953e+02 
50706.035   2.182543335e+02   2.190628357e+02   2.199946747e+02   2.208289032e+02   2.215663452e+02   2.222262573e+02   2.228245697e+02   2.233728943e+02   2.238797302e+02   2.243514404e+02 
54887.219   2.179279327e+02   2.186497498e+02   2.195796661e+02   2.204321747e+02   2.211837921e+02   2.218473663e+02   2.224388885e+02   2.229718323e+02   2.234568481e+02   2.239021301e+02 
59821.430   2.178800201e+02   2.183065186e+02   2.190626831e+02   2.198085938e+02   2.204904633e+02   2.211067047e+02   2.216660004e+02   2.221775818e+02   2.226493835e+02   2.230877075e+02 
65732.758   2.185285034e+02   2.182056732e+02   2.184641418e+02   2.188481140e+02   2.192489777e+02   2.196358643e+02   2.200007019e+02   2.203428345e+02   2.206640167e+02   2.209665833e+02 
72944.297   2.182860260e+02   2.182936859e+02   2.187922516e+02   2.193538055e+02   2.198926697e+02   2.203921356e+02   2.208526154e+02   2.212785339e+02   2.216747131e+02   2.220453949e+02 
81939.797   2.181997223e+02   2.179148407e+02   2.182045135e+02   2.186367188e+02   2.190944977e+02   2.195405731e+02   2.199632416e+02   2.203600006e+02   2.207317657e+02   2.210806122e+02 
93478.258   2.185244904e+02   2.182653961e+02   2.186285553e+02   2.191277924e+02   2.196408844e+02   2.201323090e+02   2.205927124e+02   2.210212708e+02   2.214201202e+02   2.217921448e+02 
