  290.000  0.000000e+00  0.000000e+00  0.000000e+00   0.000000000e+00 
  290.100  0.000000e+00  0.000000e+00  0.000000e+00   0.000000000e+00 
  290.200  0.000000e+00  0.000000e+00  0.000000e+00   0.000000000e+00 
  290.300  5.932277e-03  3.689926e-03  6.076081e-19   1.551510533e-03 
  290.400  9.095018e-03  6.566498e-03  4.698455e-03   2.607100178e-03 
  290.500  6.026207e-03  4.361608e-03  3.116345e-03   1.728001400e-03 
  290.600  1.166640e-02  8.467381e-03  6.040134e-03   3.346937476e-03 
  290.700  1.127955e-02  8.209711e-03  5.846778e-03   3.237607190e-03 
  290.800  1.553561e-02  1.133992e-02  8.062659e-03   4.461670760e-03 
  290.900  1.390183e-02  1.017718e-02  7.223703e-03   3.994815983e-03 
  291.000  1.476848e-02  1.084390e-02  7.683716e-03   4.246497992e-03 
  291.100  1.381371e-02  1.019257e-02  7.201884e-03   3.978959750e-03 
  291.200  1.529475e-02  1.134162e-02  7.990911e-03   4.413600080e-03 
  291.300  1.187261e-02  8.848610e-03  6.216365e-03   3.432547441e-03 
  291.400  3.521242e-02  2.637913e-02  1.847746e-02   1.020037103e-02 
  291.500  2.945705e-02  2.218342e-02  1.549214e-02   8.550450206e-03 
  291.600  4.455171e-02  3.367538e-02  2.346813e-02   1.294565387e-02 
  291.700  5.081842e-02  3.855645e-02  2.681246e-02   1.478275936e-02 
  291.800  4.704989e-02  3.583284e-02  2.486482e-02   1.370197162e-02 
  291.900  6.828569e-02  5.220648e-02  3.614765e-02   1.990962215e-02 
  292.000  6.491820e-02  4.982685e-02  3.442352e-02   1.895092987e-02 
  292.100  8.296670e-02  6.379823e-02  4.402948e-02   2.422055416e-02 
  292.200  7.952248e-02  6.126450e-02  4.223610e-02   2.321622893e-02 
  292.300  7.185787e-02  5.546486e-02  3.819682e-02   2.098000422e-02 
  292.400  7.529093e-02  5.822742e-02  4.005550e-02   2.198440023e-02 
  292.500  6.052599e-02  4.690104e-02  3.222811e-02   1.767522097e-02 
  292.600  8.672242e-02  6.737921e-02  4.623049e-02   2.534033358e-02 
  292.700  6.459256e-02  5.032124e-02  3.447414e-02   1.888583787e-02 
  292.800  8.074004e-02  6.307384e-02  4.314417e-02   2.362266183e-02 
  292.900  9.519719e-02  7.457520e-02  5.093172e-02   2.787172236e-02 
  293.000  5.644324e-02  4.434144e-02  3.023541e-02   1.653730869e-02 
  293.100  2.129842e-01  1.681159e-01  1.143300e-01   6.251528859e-02 
  293.200  1.476358e-01  1.170982e-01  7.942020e-02   4.341524094e-02 
  293.300  2.149506e-01  1.713279e-01  1.158836e-01   6.333256513e-02 
  293.400  1.391800e-01  1.114886e-01  7.520059e-02   4.108933732e-02 
  293.500  2.869440e-01  2.310189e-01  1.553889e-01   8.488657326e-02 
  293.600  3.772111e-01  3.043002e-01  2.044534e-01   1.116168723e-01 
  293.700  2.474964e-01  2.000611e-01  1.342673e-01   7.325296849e-02 
  293.800  1.369244e-01  1.109058e-01  7.434904e-02   4.053708166e-02 
  293.900  3.107911e-01  2.522502e-01  1.689124e-01   9.203730524e-02 
  294.000  2.108770e-01  1.715161e-01  1.147180e-01   6.246901304e-02 
  294.100  4.343120e-01  3.540883e-01  2.365201e-01   1.287097335e-01 
  294.200  2.680092e-01  2.190340e-01  1.461130e-01   7.945955545e-02 
  294.300  2.916413e-01  2.389313e-01  1.591718e-01   8.650486171e-02 
  294.400  4.489914e-01  3.687516e-01  2.453229e-01   1.332392395e-01 
  294.500  2.682918e-01  2.208966e-01  1.467565e-01   7.965528965e-02 
  294.600  4.888707e-01  4.034796e-01  2.677051e-01   1.452331990e-01 
  294.700  6.583509e-01  5.446984e-01  3.609148e-01   1.957098544e-01 
  294.800  3.552513e-01  2.946643e-01  1.949747e-01   1.056795940e-01 
  294.900  2.072103e-01  1.723104e-01  1.138562e-01   6.168495491e-02 
  295.000  3.523667e-01  2.937766e-01  1.938430e-01   1.049753055e-01 
  295.100  7.869636e-01  6.589067e-01  4.337611e-01   2.348637730e-01 
  295.200  6.953412e-01  5.847156e-01  3.840171e-01   2.078993767e-01 
  295.300  1.334724e+00  1.127317e+00  7.386122e-01   3.998208046e-01 
  295.400  9.754761e-01  8.275785e-01  5.409164e-01   2.927750647e-01 
  295.500  5.783957e-01  4.929300e-01  3.213977e-01   1.739444882e-01 
  295.600  1.604012e+00  1.370053e+00  8.922197e-01   4.826207161e-01 
  295.700  1.533598e+00  1.312864e+00  8.539388e-01   4.616686106e-01 
  295.800  6.890597e-01  5.912197e-01  3.840838e-01   2.075399011e-01 
  295.900  1.808848e+00  1.555562e+00  1.009323e+00   5.451058745e-01 
  296.000  1.933842e+00  1.666921e+00  1.080229e+00   5.831041932e-01 
  296.100  1.723915e+00  1.489907e+00  9.641467e-01   5.201796889e-01 
  296.200  2.167054e+00  1.877944e+00  1.213499e+00   6.543873549e-01 
  296.300  2.365543e+00  2.055599e+00  1.326343e+00   7.148947716e-01 
  296.400  2.469972e+00  2.152399e+00  1.386711e+00   7.470849156e-01 
  296.500  1.646064e+00  1.438547e+00  9.253832e-01   4.983203113e-01 
  296.600  7.813072e-01  6.840321e-01  4.396018e-01   2.366057932e-01 
  296.700  1.270764e+00  1.114566e+00  7.155989e-01   3.849621117e-01 
  296.800  6.952822e-01  6.109360e-01  3.918655e-01   2.107031345e-01 
  296.900  1.989559e+00  1.751434e+00  1.122298e+00   6.031579375e-01 
  297.000  2.085962e+00  1.839745e+00  1.177712e+00   6.326378584e-01 
  297.100  1.028621e+00  9.102398e-01  5.816584e-01   3.123775125e-01 
  297.200  3.797322e+00  3.371713e+00  2.150711e+00   1.154772520e+00 
  297.300  3.062060e+00  2.728222e+00  1.737085e+00   9.324904680e-01 
  297.400  9.971809e-01  8.915668e-01  5.666243e-01   3.041123152e-01 
  297.500  3.687802e+00  3.308880e+00  2.099005e+00   1.126350880e+00 
  297.600  6.325315e+00  5.688857e+00  3.604252e+00   1.933125615e+00 
  297.700  4.313366e+00  3.888625e+00  2.460598e+00   1.319084525e+00 
  297.800  6.723677e+00  6.076133e+00  3.839943e+00   2.057528019e+00 
  297.900  7.261258e+00  6.577708e+00  4.151690e+00   2.223493814e+00 
  298.000  4.002539e+00  3.634581e+00  2.291136e+00   1.226466656e+00 
  298.100  5.906446e+00  5.371446e+00  3.383368e+00   1.810093641e+00 
  298.200  3.156798e+00  2.875322e+00  1.809636e+00   9.676024318e-01 
  298.300  4.629989e+00  4.223859e+00  2.656155e+00   1.419439316e+00 
  298.400  2.849787e+00  2.604000e+00  1.636136e+00   8.738634586e-01 
  298.500  2.872892e+00  2.629421e+00  1.650694e+00   8.811601400e-01 
  298.600  2.130583e+00  1.952839e+00  1.225027e+00   6.535295844e-01 
  298.700  4.371267e+00  4.012487e+00  2.515127e+00   1.340953827e+00 
  298.800  5.327543e+00  4.897544e+00  3.067526e+00   1.634477019e+00 
  298.900  7.862503e+00  7.238746e+00  4.530375e+00   2.412476063e+00 
  299.000  7.138975e+00  6.582576e+00  4.116466e+00   2.190755129e+00 
  299.100  1.104437e+01  1.021707e+01  6.378432e+00   3.394101143e+00 
  299.200  1.278727e+01  1.186891e+01  7.396855e+00   3.935562134e+00 
  299.300  1.102619e+01  1.026902e+01  6.388566e+00   3.398751497e+00 
  299.400  1.266271e+01  1.183378e+01  7.348948e+00   3.909354210e+00 
  299.500  3.580694e+00  3.357986e+00  2.081604e+00   1.107259035e+00 
  299.600  6.047369e+00  5.676898e+00  3.517280e+00   1.869701266e+00 
  299.700  1.485356e+01  1.395768e+01  8.643372e+00   4.591604710e+00 
  299.800  1.728171e+01  1.625575e+01  1.006124e+01   5.341330051e+00 
  299.900  1.801113e+01  1.695844e+01  1.049087e+01   5.565752983e+00 
  300.000  5.598055e+00  5.275800e+00  3.262157e+00   1.729529142e+00 
  300.100  6.590718e+00  6.218133e+00  3.842656e+00   2.036067009e+00 
  300.200  5.123181e+00  4.839449e+00  2.988789e+00   1.582728505e+00 
  300.300  7.348409e+00  6.950572e+00  4.289695e+00   2.270378590e+00 
  300.400  7.271147e+00  6.886726e+00  4.247362e+00   2.246751785e+00 
  300.500  1.623209e+01  1.539483e+01  9.488076e+00   5.016263008e+00 
  300.600  2.155113e+01  2.048620e+01  1.261120e+01   6.665145397e+00 
  300.700  2.465525e+01  2.349113e+01  1.444392e+01   7.631205082e+00 
  300.800  8.416140e+00  8.037518e+00  4.936098e+00   2.607057095e+00 
  300.900  8.591692e+00  8.224575e+00  5.044880e+00   2.663666487e+00 
  301.000  1.342158e+01  1.287881e+01  7.890120e+00   4.164649010e+00 
  301.100  2.363108e+01  2.271137e+01  1.390274e+01   7.334897995e+00 
  301.200  2.889729e+01  2.781732e+01  1.701438e+01   8.972480774e+00 
  301.300  2.400742e+01  2.314791e+01  1.414660e+01   7.456836224e+00 
  301.400  3.245245e+01  3.134236e+01  1.913844e+01   1.008367157e+01 
  301.500  2.577277e+01  2.493287e+01  1.521169e+01   8.011291504e+00 
  301.600  2.056549e+01  1.989634e+01  1.213855e+01   6.387527943e+00 
  301.700  2.389092e+01  2.311456e+01  1.410165e+01   7.414404392e+00 
  301.800  2.150301e+01  2.080483e+01  1.269235e+01   6.667883873e+00 
  301.900  1.898308e+01  1.836680e+01  1.120496e+01   5.881573200e+00 
  302.000  1.323290e+01  1.280307e+01  7.810791e+00   4.096501827e+00 
  302.100  7.478019e+00  7.244370e+00  4.416717e+00   2.315209627e+00 
  302.200  2.618985e+00  2.540578e+00  1.547869e+00   8.109712601e-01 
  302.300  2.183844e+01  2.121480e+01  1.291597e+01   6.763748169e+00 
  302.400  3.919083e+01  3.812780e+01  2.319559e+01   1.214117050e+01 
  302.500  2.073141e+01  2.019959e+01  1.227930e+01   6.424333096e+00 
  302.600  2.687243e+01  2.623871e+01  1.593334e+01   8.334012032e+00 
  302.700  9.208973e+00  9.011228e+00  5.466061e+00   2.858381510e+00 
  302.800  4.093661e+01  4.014522e+01  2.432455e+01   1.271727085e+01 
  302.900  5.156123e+01  5.067661e+01  3.067135e+01   1.603210258e+01 
  303.000  5.308874e+01  5.229554e+01  3.161529e+01   1.652224159e+01 
  303.100  4.073096e+01  4.015670e+01  2.426630e+01   1.267353249e+01 
  303.200  3.466602e+01  3.420679e+01  2.066185e+01   1.078417778e+01 
  303.300  4.929919e+01  4.868859e+01  2.939634e+01   1.533332825e+01 
  303.400  5.555511e+01  5.491549e+01  3.314118e+01   1.727579498e+01 
  303.500  4.055434e+01  4.012323e+01  2.420327e+01   1.260876274e+01 
  303.600  5.867871e+01  5.799887e+01  3.500328e+01   1.821677017e+01 
  303.700  5.367071e+01  5.299753e+01  3.200047e+01   1.663731575e+01 
  303.800  1.606369e+01  1.584685e+01  9.573164e+00   4.972179413e+00 
  303.900  3.399096e+01  3.349943e+01  2.024712e+01   1.050553608e+01 
  304.000  4.976717e+01  4.899845e+01  2.962969e+01   1.535830212e+01 
  304.100  4.109161e+01  4.050613e+01  2.447932e+01   1.268229294e+01 
  304.200  4.990782e+01  4.925576e+01  2.974908e+01   1.540469933e+01 
  304.300  2.134419e+01  2.109205e+01  1.273087e+01   6.589132309e+00 
  304.400  5.530198e+01  5.472483e+01  3.300805e+01   1.707633591e+01 
  304.500  6.462043e+01  6.403928e+01  3.859792e+01   1.995958138e+01 
  304.600  6.083328e+01  6.039919e+01  3.636974e+01   1.880197525e+01 
  304.700  6.399644e+01  6.366117e+01  3.829729e+01   1.979301453e+01 
  304.800  2.201360e+01  2.194075e+01  1.318631e+01   6.813187599e+00 
  304.900  3.948761e+01  3.943411e+01  2.367652e+01   1.223025799e+01 
  305.000  6.735921e+01  6.740132e+01  4.042816e+01   2.087825012e+01 
  305.100  6.738586e+01  6.747691e+01  4.045884e+01   2.088247108e+01 
  305.200  4.740292e+01  4.750207e+01  2.847150e+01   1.468722725e+01 
  305.300  1.058139e+02  1.061152e+02  6.357875e+01   3.277969742e+01 
  305.400  8.967307e+01  8.999750e+01  5.390117e+01   2.777518654e+01 
  305.500  4.755600e+01  4.776533e+01  2.859640e+01   1.472780991e+01 
  305.600  6.437024e+01  6.459178e+01  3.868861e+01   1.990541840e+01 
  305.700  9.713543e+01  9.737608e+01  5.835345e+01   2.999270821e+01 
  305.800  3.255470e+01  3.260395e+01  1.954759e+01   1.003698826e+01 
  305.900  4.414774e+01  4.417157e+01  2.649579e+01   1.359085751e+01 
  306.000  1.952778e+01  1.951900e+01  1.171403e+01   6.002530575e+00 
  306.100  7.483289e+01  7.475869e+01  4.487748e+01   2.297550011e+01 
  306.200  8.787463e+01  8.774019e+01  5.268445e+01   2.694808769e+01 
  306.300  9.019608e+01  9.000982e+01  5.406177e+01   2.762774277e+01 
  306.400  7.503489e+01  7.483978e+01  4.496240e+01   2.295694733e+01 
  306.500  5.638164e+01  5.620593e+01  3.377627e+01   1.723011398e+01 
  306.600  8.143125e+01  8.129481e+01  4.881782e+01   2.489496422e+01 
  306.700  5.785653e+01  5.784792e+01  3.471133e+01   1.769587708e+01 
  306.800  4.963732e+01  4.970800e+01  2.980359e+01   1.518949795e+01 
  306.900  5.863598e+01  5.881296e+01  3.523468e+01   1.795240211e+01 
  307.000  1.126944e+02  1.132163e+02  6.777322e+01   3.452161407e+01 
  307.100  8.854327e+01  8.907578e+01  5.328572e+01   2.713306046e+01 
  307.200  1.283227e+02  1.292749e+02  7.727928e+01   3.933780289e+01 
  307.300  7.873634e+01  7.943408e+01  4.745113e+01   2.414672279e+01 
  307.400  1.084372e+02  1.095580e+02  6.539857e+01   3.326975632e+01 
  307.500  1.260587e+02  1.275510e+02  7.608292e+01   3.869392776e+01 
  307.600  8.588065e+01  8.678207e+01  5.179882e+01   2.631403732e+01 
  307.700  1.003260e+02  1.012444e+02  6.047112e+01   3.068509483e+01 
  307.800  1.213696e+02  1.223181e+02  7.310631e+01   3.705498886e+01 
  307.900  8.867734e+01  8.925240e+01  5.337892e+01   2.702555084e+01 
  308.000  9.205326e+01  9.252801e+01  5.537439e+01   2.800443459e+01 
  308.100  1.467200e+02  1.474609e+02  8.825426e+01   4.460027695e+01 
  308.200  8.784196e+01  8.827527e+01  5.283517e+01   2.668137741e+01 
  308.300  8.027643e+01  8.066440e+01  4.828225e+01   2.436454773e+01 
  308.400  1.236973e+02  1.242824e+02  7.439391e+01   3.751403046e+01 
  308.500  1.315324e+02  1.321368e+02  7.910076e+01   3.985831833e+01 
  308.600  1.682442e+02  1.688489e+02  1.011279e+02   5.091112518e+01 
  308.700  1.565237e+02  1.569389e+02  9.403881e+01   4.729981613e+01 
  308.800  9.373856e+01  9.390570e+01  5.629328e+01   2.828971100e+01 
  308.900  7.766108e+01  7.773445e+01  4.661866e+01   2.340749931e+01 
  309.000  1.042815e+02  1.042933e+02  6.257244e+01   3.139080620e+01 
  309.100  7.899821e+01  7.911887e+01  4.743512e+01   2.378710175e+01 
  309.200  6.296833e+01  6.315434e+01  3.783680e+01   1.896616745e+01 
  309.300  9.611242e+01  9.653490e+01  5.779420e+01   2.895843887e+01 
  309.400  4.969806e+01  4.998919e+01  2.990618e+01   1.497890854e+01 
  309.500  1.098045e+02  1.106106e+02  6.612453e+01   3.310647583e+01 
  309.600  1.377578e+02  1.387370e+02  8.294844e+01   4.150076294e+01 
  309.700  1.025934e+02  1.032991e+02  6.176776e+01   3.088221550e+01 
  309.800  5.946973e+01  5.986592e+01  3.580070e+01   1.788707161e+01 
  309.900  1.492579e+02  1.502228e+02  8.984420e+01   4.485824585e+01 
  310.000  8.517042e+01  8.570554e+01  5.126279e+01   2.557771301e+01 
  310.100  3.247425e+01  3.264843e+01  1.953680e+01   9.738678932e+00 
  310.200  5.539033e+01  5.563641e+01  3.330803e+01   1.658755493e+01 
  310.300  6.917673e+01  6.942099e+01  4.157932e+01   2.068706703e+01 
  310.400  1.880375e+02  1.885312e+02  1.129706e+02   5.615336609e+01 
  310.500  1.468696e+02  1.471206e+02  8.819705e+01   4.379771042e+01 
  310.600  1.398172e+02  1.399170e+02  8.392028e+01   4.163513565e+01 
  310.700  1.462610e+02  1.462192e+02  8.774409e+01   4.349168015e+01 
  310.800  1.929159e+02  1.926766e+02  1.156777e+02   5.728479767e+01 
  310.900  1.935734e+02  1.931598e+02  1.160200e+02   5.740248108e+01 
  311.000  2.249773e+02  2.242973e+02  1.347824e+02   6.662554169e+01 
  311.100  2.006358e+02  1.997390e+02  1.201124e+02   5.930940628e+01 
  311.200  1.855382e+02  1.844403e+02  1.109936e+02   5.474708176e+01 
  311.300  1.701013e+02  1.688498e+02  1.016853e+02   5.010137177e+01 
  311.400  2.227680e+02  2.208096e+02  1.330733e+02   6.549539185e+01 
  311.500  1.926807e+02  1.907123e+02  1.150179e+02   5.654766846e+01 
  311.600  1.548409e+02  1.533943e+02  9.247055e+01   4.544372940e+01 
  311.700  2.242548e+02  2.223599e+02  1.339844e+02   6.581871033e+01 
  311.800  1.609969e+02  1.597831e+02  9.623401e+01   4.725542831e+01 
  311.900  1.165354e+02  1.157651e+02  6.969015e+01   3.420787048e+01 
  312.000  1.035410e+02  1.029547e+02  6.194872e+01   3.039637375e+01 
  312.100  9.646956e+01  9.590771e+01  5.771318e+01   2.829796791e+01 
  312.200  2.140932e+02  2.128155e+02  1.280726e+02   6.275234222e+01 
  312.300  1.008467e+02  1.002318e+02  6.032356e+01   2.953633118e+01 
  312.400  1.398201e+02  1.389506e+02  8.363122e+01   4.091996765e+01 
  312.500  2.455074e+02  2.439521e+02  1.468378e+02   7.179646301e+01 
  312.600  1.448293e+02  1.437772e+02  8.658195e+01   4.229624176e+01 
  312.700  1.646974e+02  1.633498e+02  9.841417e+01   4.803335953e+01 
  312.800  2.507034e+02  2.484234e+02  1.497380e+02   7.301788330e+01 
  312.900  1.572605e+02  1.556845e+02  9.388348e+01   4.573995972e+01 
  313.000  1.728926e+02  1.709987e+02  1.031674e+02   5.021774292e+01 
  313.100  1.941693e+02  1.914975e+02  1.157000e+02   5.623355865e+01 
  313.200  1.610323e+02  1.583716e+02  9.582117e+01   4.650237656e+01 
  313.300  1.434742e+02  1.407132e+02  8.525621e+01   4.131386185e+01 
  313.400  1.992942e+02  1.949209e+02  1.182645e+02   5.722452164e+01 
  313.500  1.217829e+02  1.187834e+02  7.216988e+01   3.486922073e+01 
  313.600  1.928845e+02  1.881837e+02  1.143204e+02   5.520385742e+01 
  313.700  1.966598e+02  1.919192e+02  1.165737e+02   5.626094437e+01 
  313.800  1.798478e+02  1.755613e+02  1.066227e+02   5.143029022e+01 
  313.900  2.688830e+02  2.625516e+02  1.594304e+02   7.686094666e+01 
  314.000  2.524781e+02  2.466118e+02  1.497270e+02   7.214470673e+01 
  314.100  1.545315e+02  1.510704e+02  9.168059e+01   4.415943146e+01 
  314.200  2.423183e+02  2.371008e+02  1.438257e+02   6.925154114e+01 
  314.300  2.291974e+02  2.244666e+02  1.360992e+02   6.550885773e+01 
  314.400  1.397306e+02  1.369746e+02  8.301157e+01   3.994289017e+01 
  314.500  3.782135e+01  3.711111e+01  2.247974e+01   1.081319237e+01 
  314.600  1.131007e+02  1.108140e+02  6.717442e+01   3.227756882e+01 
  314.700  2.371588e+02  2.320242e+02  1.407549e+02   6.756087494e+01 
  314.800  1.478427e+02  1.444313e+02  8.768221e+01   4.204156876e+01 
  314.900  1.569301e+02  1.530873e+02  9.300522e+01   4.454629517e+01 
  315.000  3.219973e+02  3.136598e+02  1.906971e+02   9.124009705e+01 
  315.100  2.130367e+02  2.068107e+02  1.259542e+02   6.016247940e+01 
  315.200  2.683147e+02  2.595840e+02  1.583696e+02   7.551921082e+01 
  315.300  1.707374e+02  1.646212e+02  1.006076e+02   4.789517212e+01 
  315.400  2.658040e+02  2.554196e+02  1.563671e+02   7.431657410e+01 
  315.500  2.536504e+02  2.429258e+02  1.489729e+02   7.068545532e+01 
  315.600  2.798439e+02  2.681700e+02  1.644042e+02   7.797417450e+01 
  315.700  1.651071e+02  1.583156e+02  9.702682e+01   4.599898911e+01 
  315.800  1.222775e+02  1.173229e+02  7.188012e+01   3.406352997e+01 
  315.900  1.460656e+02  1.402428e+02  8.589251e+01   4.068812561e+01 
  316.000  7.338483e+01  7.051011e+01  4.316848e+01   2.044169998e+01 
  316.100  2.021264e+02  1.941638e+02  1.188870e+02   5.625875854e+01 
  316.200  9.889806e+01  9.498084e+01  5.816367e+01   2.750517273e+01 
  316.300  1.446285e+02  1.388701e+02  8.504957e+01   4.019234085e+01 
  316.400  2.267261e+02  2.176539e+02  1.333140e+02   6.295891953e+01 
  316.500  2.427707e+02  2.330101e+02  1.427342e+02   6.736300659e+01 
  316.600  1.421055e+02  1.361520e+02  8.347724e+01   3.935163498e+01 
  316.700  1.880191e+02  1.798250e+02  1.103532e+02   5.196141815e+01 
  316.800  2.144032e+02  2.046997e+02  1.257309e+02   5.913438416e+01 
  316.900  1.937251e+02  1.846341e+02  1.135078e+02   5.332447052e+01 
  317.000  1.557477e+02  1.481795e+02  9.117815e+01   4.278528595e+01 
  317.100  2.838292e+02  2.695193e+02  1.660046e+02   7.780233765e+01 
  317.200  3.538712e+02  3.353853e+02  2.067769e+02   9.679287720e+01 
  317.300  2.953099e+02  2.793484e+02  1.723975e+02   8.060131073e+01 
  317.400  2.743800e+02  2.590563e+02  1.600309e+02   7.472843170e+01 
  317.500  2.940925e+02  2.771412e+02  1.713701e+02   7.992608643e+01 
  317.600  2.344873e+02  2.208031e+02  1.365871e+02   6.365009308e+01 
  317.700  3.564895e+02  3.354307e+02  2.075760e+02   9.665026093e+01 
  317.800  3.631855e+02  3.414735e+02  2.113977e+02   9.834754944e+01 
  317.900  2.566008e+02  2.410796e+02  1.493041e+02   6.940218353e+01 
  318.000  1.793035e+02  1.683317e+02  1.042906e+02   4.843783569e+01 
  318.100  1.759124e+02  1.652026e+02  1.023345e+02   4.750582504e+01 
  318.200  1.571243e+02  1.476120e+02  9.142088e+01   4.241905975e+01 
  318.300  1.295215e+02  1.217286e+02  7.537502e+01   3.495746231e+01 
  318.400  1.416616e+02  1.331948e+02  8.245691e+01   3.822443008e+01 
  318.500  2.334224e+02  2.195703e+02  1.358978e+02   6.296987915e+01 
  318.600  1.713899e+02  1.611108e+02  9.975019e+01   4.618351364e+01 
  318.700  2.579807e+02  2.423472e+02  1.500984e+02   6.943900299e+01 
  318.800  2.268277e+02  2.129416e+02  1.319308e+02   6.098581314e+01 
  318.900  2.362885e+02  2.216780e+02  1.373899e+02   6.345907593e+01 
  319.000  4.483064e+02  4.203126e+02  2.605857e+02   1.202669907e+02 
  319.100  4.039213e+02  3.772101e+02  2.343394e+02   1.079510880e+02 
  319.200  1.667715e+02  1.551358e+02  9.657220e+01   4.440430069e+01 
  319.300  1.554989e+02  1.440905e+02  8.987682e+01   4.124935913e+01 
  319.400  1.468938e+02  1.355938e+02  8.474628e+01   3.882316971e+01 
  319.500  1.764985e+02  1.622996e+02  1.016394e+02   4.647692871e+01 
  319.600  2.620369e+02  2.404321e+02  1.507407e+02   6.884131622e+01 
  319.700  2.224341e+02  2.036516e+02  1.278257e+02   5.830166626e+01 
  319.800  2.004485e+02  1.831251e+02  1.150721e+02   5.241762924e+01 
  319.900  3.460637e+02  3.154727e+02  1.984609e+02   9.028749084e+01 
  320.000  3.212375e+02  2.922102e+02  1.840343e+02   8.361750031e+01 
