  300.000  5.750803e-08  3.125692e+00  6.251384e-01  1.059393e-05  4.274532e-01  9.949386e-02 
  301.000  1.087201e-07  6.010472e+00  1.202094e+00  2.008517e-05  8.253574e-01  1.913193e-01 
  302.000  1.292983e-07  7.221364e+00  1.444273e+00  2.394874e-05  9.946265e-01  2.298632e-01 
  303.000  3.121566e-07  1.768269e+01  3.536538e+00  5.797766e-05  2.443754e+00  5.628576e-01 
  304.000  3.603215e-07  2.050830e+01  4.101660e+00  6.709946e-05  2.840628e+00  6.527995e-01 
  305.000  5.549749e-07  3.196912e+01  6.393825e+00  1.036317e-04  4.441065e+00  1.017609e+00 
  306.000  5.649595e-07  3.262391e+01  6.524783e+00  1.057790e-04  4.540262e+00  1.038451e+00 
  307.000  8.101388e-07  4.710072e+01  9.420145e+00  1.520998e-04  6.569006e+00  1.499263e+00 
  308.000  1.025772e-06  5.984707e+01  1.196941e+01  1.930862e-04  8.361232e+00  1.904992e+00 
  309.000  1.034045e-06  6.033988e+01  1.206798e+01  1.951517e-04  8.440826e+00  1.920678e+00 
  310.000  1.099458e-06  6.445589e+01  1.289118e+01  2.080940e-04  9.033370e+00  2.051695e+00 
  311.000  1.897448e-06  1.107620e+02  2.215241e+01  3.600758e-04  1.553514e+01  3.525665e+00 
  312.000  1.777248e-06  1.037907e+02  2.075813e+01  3.381671e-04  1.457460e+01  3.303759e+00 
  313.000  2.099763e-06  1.224083e+02  2.448165e+01  4.006252e-04  1.720554e+01  3.896376e+00 
  314.000  2.373348e-06  1.377191e+02  2.754382e+01  4.537242e-04  1.937068e+01  4.383735e+00 
  315.000  2.533513e-06  1.468343e+02  2.936686e+01  4.829164e-04  2.067202e+01  4.673882e+00 
  316.000  2.084279e-06  1.199444e+02  2.398888e+01  3.958698e-04  1.689364e+01  3.817950e+00 
  317.000  3.237226e-06  1.854893e+02  3.709787e+01  6.125894e-04  2.614137e+01  5.904309e+00 
  318.000  2.835438e-06  1.615069e+02  3.230137e+01  5.347326e-04  2.277182e+01  5.140923e+00 
  319.000  3.354378e-06  1.907890e+02  3.815781e+01  6.302622e-04  2.692095e+01  6.073003e+00 
  320.000  3.721641e-06  2.081806e+02  4.163612e+01  6.966293e-04  2.936799e+01  6.626595e+00 
  321.000  3.716099e-06  2.087314e+02  4.174628e+01  6.932740e-04  2.947412e+01  6.644128e+00 
  322.000  3.890412e-06  2.150781e+02  4.301562e+01  7.230951e-04  3.036433e+01  6.846149e+00 
  323.000  3.442467e-06  1.893762e+02  3.787524e+01  6.374852e-04  2.674585e+01  6.028032e+00 
  324.000  4.348491e-06  2.387136e+02  4.774272e+01  8.023271e-04  3.373486e+01  7.598489e+00 
  325.000  4.441960e-06  2.396775e+02  4.793550e+01  8.166861e-04  3.385799e+01  7.629172e+00 
  326.000  5.938171e-06  3.194966e+02  6.389931e+01  1.087885e-03  4.515446e+01  1.016989e+01 
  327.000  6.010964e-06  3.210822e+02  6.421645e+01  1.097300e-03  4.538958e+01  1.022037e+01 
  328.000  5.682419e-06  2.989626e+02  5.979253e+01  1.033597e-03  4.224899e+01  9.516275e+00 
  329.000  6.397365e-06  3.357540e+02  6.715080e+01  1.159293e-03  4.747162e+01  1.068738e+01 
  330.000  7.201810e-06  3.746919e+02  7.493838e+01  1.300638e-03  5.298133e+01  1.192681e+01 
  331.000  6.222919e-06  3.190326e+02  6.380653e+01  1.119753e-03  4.509714e+01  1.015512e+01 
  332.000  6.547662e-06  3.342795e+02  6.685590e+01  1.173981e-03  4.726775e+01  1.064045e+01 
  333.000  6.523960e-06  3.300830e+02  6.601659e+01  1.165560e-03  4.667668e+01  1.050687e+01 
  334.000  6.374976e-06  3.188880e+02  6.377760e+01  1.134749e-03  4.508659e+01  1.015052e+01 
  335.000  6.833028e-06  3.397516e+02  6.795032e+01  1.211998e-03  4.804641e+01  1.081463e+01 
  336.000  5.768202e-06  2.843811e+02  5.687623e+01  1.019588e-03  4.021656e+01  9.052133e+00 
  337.000  5.695301e-06  2.776347e+02  5.552694e+01  1.003031e-03  3.925600e+01  8.837387e+00 
  338.000  6.566935e-06  3.176644e+02  6.353288e+01  1.152395e-03  4.491829e+01  1.011157e+01 
  339.000  7.094550e-06  3.406428e+02  6.812856e+01  1.240600e-03  4.816925e+01  1.084300e+01 
  340.000  7.957354e-06  3.781689e+02  7.563377e+01  1.386343e-03  5.346639e+01  1.203749e+01 
