  256.300  0.000000e+00  0.000000e+00  0.000000e+00  0.000000e+00 
  277.948  0.000000e+00  0.000000e+00  0.000000e+00  0.000000e+00 
  295.127  5.808956e-03  1.122348e-02  3.933747e-03  2.620908e-03 
  317.306  1.787187e+00  3.358597e+00  1.188397e+00  7.903332e-01 
  345.136  8.458582e+00  1.129407e+01  4.561793e+00  2.959874e+00 
  385.000  1.728058e+01  1.558751e+01  7.590713e+00  4.776714e+00 
  429.773  3.002178e+01  2.022197e+01  1.160349e+01  7.135181e+00 
  484.863  5.500018e+01  2.945328e+01  1.950400e+01  1.178362e+01 
  528.840  1.859351e+01  8.843335e+00  6.336353e+00  3.794655e+00 
  544.800  7.973533e+00  3.665897e+00  2.688047e+00  1.605815e+00 
  558.050  1.426997e+01  6.385819e+00  4.770316e+00  2.844347e+00 
  585.800  3.165848e+01  1.338398e+01  1.040224e+01  6.178076e+00 
  615.000  1.598790e+01  6.513079e+00  5.196438e+00  3.078516e+00 
  645.850  3.181291e+01  1.246911e+01  1.022661e+01  6.042676e+00 
  675.439  1.293631e+01  4.962571e+00  4.133612e+00  2.438936e+00 
  694.313  1.359663e+01  5.008120e+00  4.296642e+00  2.528170e+00 
  723.531  2.401273e+01  8.608500e+00  7.533679e+00  4.424846e+00 
  767.046  2.780134e+01  1.006308e+01  8.744461e+00  5.139335e+00 
  817.968  2.783826e+01  9.483531e+00  8.619228e+00  5.046659e+00 
  866.714  2.207775e+01  7.617661e+00  6.857921e+00  4.018917e+00 
  931.938  2.719485e+01  8.158488e+00  8.164804e+00  4.742866e+00 
 1010.320  2.609765e+01  8.556229e+00  8.003050e+00  4.675022e+00 
 1119.970  3.376161e+01  9.864186e+00  1.007524e+01  5.844261e+00 
 1355.060  3.721851e+01  9.467898e+00  1.078208e+01  6.205107e+00 
 1564.700  1.313518e+01  3.049065e+00  3.737621e+00  2.140705e+00 
 1789.120  1.731966e+01  2.977804e+00  4.687600e+00  2.646237e+00 
 2059.130  7.554288e+00  8.163131e-01  1.933159e+00  1.072508e+00 
 2214.330  4.915660e+00  4.360986e-01  1.235947e+00  6.818073e-01 
 2638.540  3.830008e+00  1.079370e-02  8.870468e-01  4.755970e-01 
 3318.660  3.083463e+00  2.984447e-04  7.122098e-01  3.815355e-01 
 3813.210  1.737535e+00  2.654701e-03  4.018869e-01  2.154110e-01 
 4298.320  6.501219e-01  5.694044e-04  1.502805e-01  8.052874e-02 
