  300.000  2.403720e-08  2.222365e+00  5.132338e-01  3.763925e-01 
  301.000  4.554678e-08  4.286410e+00  9.899049e-01  7.259870e-01 
  302.000  5.429069e-08  5.160525e+00  1.191773e+00  8.740441e-01 
  303.000  1.313635e-07  1.266291e+01  2.924377e+00  2.144766e+00 
  304.000  1.520128e-07  1.471003e+01  3.397139e+00  2.491493e+00 
  305.000  2.346711e-07  2.296504e+01  5.303553e+00  3.889719e+00 
  306.000  2.395158e-07  2.346835e+01  5.419788e+00  3.974948e+00 
  307.000  3.443068e-07  3.392291e+01  7.834168e+00  5.745699e+00 
  308.000  4.370276e-07  4.314594e+01  9.964137e+00  7.307826e+00 
  309.000  4.416841e-07  4.354840e+01  1.005708e+01  7.375927e+00 
  310.000  4.708857e-07  4.654992e+01  1.075025e+01  7.884280e+00 
  311.000  8.148556e-07  8.009685e+01  1.849759e+01  1.356599e+01 
  312.000  7.652117e-07  7.510770e+01  1.734540e+01  1.272086e+01 
  313.000  9.065171e-07  8.865509e+01  2.047404e+01  1.501516e+01 
  314.000  1.027391e-06  9.984695e+01  2.305869e+01  1.691039e+01 
  315.000  1.099671e-06  1.065029e+02  2.459582e+01  1.803754e+01 
  316.000  9.071759e-07  8.710271e+01  2.011553e+01  1.475166e+01 
  317.000  1.412853e-06  1.347983e+02  3.113036e+01  2.282908e+01 
  318.000  1.240700e-06  1.174742e+02  2.712954e+01  1.989485e+01 
  319.000  1.471684e-06  1.387510e+02  3.204321e+01  2.349800e+01 
  320.000  1.637873e-06  1.518787e+02  3.507492e+01  2.572045e+01 
  321.000  1.639107e-06  1.520322e+02  3.511036e+01  2.574646e+01 
  322.000  1.721149e-06  1.571604e+02  3.629467e+01  2.661415e+01 
  323.000  1.527068e-06  1.384306e+02  3.196921e+01  2.344207e+01 
  324.000  1.933998e-06  1.744113e+02  4.027860e+01  2.953482e+01 
  325.000  1.981192e-06  1.758016e+02  4.059968e+01  2.976935e+01 
  326.000  2.655222e-06  2.342765e+02  5.410390e+01  3.967078e+01 
  327.000  2.694813e-06  2.356810e+02  5.442826e+01  3.990796e+01 
  328.000  2.554667e-06  2.202027e+02  5.085369e+01  3.728597e+01 
  329.000  2.883571e-06  2.471638e+02  5.708010e+01  4.185075e+01 
  330.000  3.254295e-06  2.762721e+02  6.380239e+01  4.677863e+01 
  331.000  2.819811e-06  2.360568e+02  5.451505e+01  3.996825e+01 
  332.000  2.974352e-06  2.473571e+02  5.712474e+01  4.188104e+01 
  333.000  2.971251e-06  2.446764e+02  5.650567e+01  4.142638e+01 
  334.000  2.911240e-06  2.369695e+02  5.472581e+01  4.012058e+01 
  335.000  3.128112e-06  2.526711e+02  5.835195e+01  4.277834e+01 
  336.000  2.647152e-06  2.118472e+02  4.892406e+01  3.586601e+01 
  337.000  2.620603e-06  2.073523e+02  4.788601e+01  3.510422e+01 
  338.000  3.029244e-06  2.374930e+02  5.484673e+01  4.020624e+01 
  339.000  3.280632e-06  2.548987e+02  5.886641e+01  4.315216e+01 
  340.000  3.689190e-06  2.834908e+02  6.546948e+01  4.799149e+01 
