2999.000000 0.055703
3003.000000 0.056525
3008.000000 0.061169
3012.000000 0.062145
3017.000000 0.066606
3021.000000 0.067760
3026.000000 0.070878
3030.000000 0.072134
3035.000000 0.078932
3040.000000 0.082551
3044.000000 0.083813
3049.000000 0.087147
3053.000000 0.088483
3058.000000 0.088187
3063.000000 0.085683
3067.000000 0.087015
3072.000000 0.087530
3077.000000 0.092350
3082.000000 0.095487
3086.000000 0.096895
3091.000000 0.100643
3096.000000 0.104838
3101.000000 0.105966
3106.000000 0.105090
3110.000000 0.106589
3115.000000 0.103203
3120.000000 0.096592
3125.000000 0.094039
3130.000000 0.090228
3135.000000 0.093864
3140.000000 0.094859
3145.000000 0.090195
3150.000000 0.083013
3155.000000 0.071035
3160.000000 0.060186
3165.000000 0.059579
3170.000000 0.063785
3175.000000 0.074854
3180.000000 0.090628
3185.000000 0.110747
3190.000000 0.132386
3195.000000 0.151766
3200.000000 0.160844
3205.000000 0.163710
3210.000000 0.168774
3215.000000 0.171335
3221.000000 0.166324
3226.000000 0.162213
3231.000000 0.164873
3236.000000 0.156232
3241.000000 0.151844
3247.000000 0.150269
3252.000000 0.152720
3257.000000 0.158869
3263.000000 0.161986
3268.000000 0.155281
3273.000000 0.157750
3279.000000 0.141074
3284.000000 0.143287
3289.000000 0.146031
3295.000000 0.168492
3300.000000 0.170520
3306.000000 0.190115
3311.000000 0.192589
3317.000000 0.188866
3322.000000 0.191431
3328.000000 0.163491
3333.000000 0.165010
3339.000000 0.159516
3344.000000 0.159941
3350.000000 0.162509
3356.000000 0.157897
3361.000000 0.160270
3367.000000 0.153313
3373.000000 0.131571
3378.000000 0.132661
3384.000000 0.122292
3390.000000 0.110135
3396.000000 0.109570
3401.000000 0.110331
3407.000000 0.110454
3413.000000 0.091833
3419.000000 0.086109
3425.000000 0.080514
3431.000000 0.081588
3436.000000 0.082464
3442.000000 0.084320
3448.000000 0.083194
3454.000000 0.082448
3460.000000 0.079967
3466.000000 0.078833
3472.000000 0.080564
3478.000000 0.081687
3484.000000 0.082303
3490.000000 0.082387
3497.000000 0.079129
3503.000000 0.080783
3509.000000 0.085201
3515.000000 0.092989
3521.000000 0.094529
3527.000000 0.103969
3534.000000 0.125287
3540.000000 0.129331
3546.000000 0.131432
3552.000000 0.135330
3559.000000 0.133542
3565.000000 0.135639
3571.000000 0.143551
3578.000000 0.144113
3584.000000 0.146351
3591.000000 0.133731
3597.000000 0.135785
3604.000000 0.120635
3610.000000 0.122456
3617.000000 0.107100
3623.000000 0.108701
3630.000000 0.097924
3636.000000 0.099439
3643.000000 0.099191
3650.000000 0.111169
3656.000000 0.112816
3663.000000 0.136583
3670.000000 0.180818
3676.000000 0.183419
3683.000000 0.171025
3690.000000 0.149449
3697.000000 0.107908
3704.000000 0.107651
3711.000000 0.110413
3717.000000 0.111917
3724.000000 0.115456
3731.000000 0.124130
3738.000000 0.129561
3745.000000 0.133576
3752.000000 0.142098
3759.000000 0.146097
3766.000000 0.148750
3774.000000 0.144966
3781.000000 0.144371
3788.000000 0.142104
3795.000000 0.144351
3802.000000 0.137399
3810.000000 0.129619
3817.000000 0.122879
3824.000000 0.124788
3831.000000 0.127391
3839.000000 0.135225
3846.000000 0.137201
3854.000000 0.163893
3861.000000 0.166265
3868.000000 0.178798
3876.000000 0.189174
3883.000000 0.191995
3891.000000 0.186650
3899.000000 0.173056
3906.000000 0.174396
3914.000000 0.168234
3922.000000 0.162149
3929.000000 0.163354
3937.000000 0.153071
3945.000000 0.118035
3953.000000 0.124538
3960.000000 0.125404
3968.000000 0.124656
3976.000000 0.128826
3984.000000 0.137096
3992.000000 0.142778
4000.000000 0.160747
4008.000000 0.179899
4016.000000 0.197228
4024.000000 0.217029
4032.000000 0.244058
4040.000000 0.266869
4049.000000 0.313215
4057.000000 0.335022
4065.000000 0.339140
4073.000000 0.370644
4082.000000 0.436825
4090.000000 0.468616
4098.000000 0.474920
4107.000000 0.538320
4115.000000 0.546341
4124.000000 0.624679
4132.000000 0.633867
4141.000000 0.738257
4149.000000 0.748893
4158.000000 0.817795
4167.000000 1.091994
4175.000000 1.107333
4184.000000 1.691253
4193.000000 1.937081
4202.000000 1.973678
4211.000000 2.005008
4219.000000 2.031226
4228.000000 2.061583
4237.000000 2.091775
4246.000000 2.122061
4255.000000 2.152535
4264.000000 2.183281
4274.000000 2.217688
4283.000000 2.248861
4292.000000 2.280107
4301.000000 2.311945
4310.000000 2.343387
4320.000000 2.376464
4329.000000 2.409063
4338.000000 2.439110
4348.000000 2.464672
4357.000000 2.497907
4367.000000 2.510288
4376.000000 2.543700
4386.000000 2.552012
4396.000000 2.575285
4405.000000 2.609237
4415.000000 2.628664
4425.000000 2.585170
4435.000000 2.546011
4444.000000 2.579194
4454.000000 2.529229
4464.000000 2.491396
4474.000000 2.453855
4484.000000 2.393380
4494.000000 2.316304
4505.000000 2.265733
4515.000000 2.267275
4525.000000 2.234991
4535.000000 2.266118
4545.000000 2.151960
4556.000000 1.708477
4566.000000 1.732945
4577.000000 1.223286
4587.000000 1.241732
4598.000000 0.905696
4608.000000 0.921059
4619.000000 0.838738
4630.000000 0.886542
4640.000000 0.898004
4651.000000 0.966146
4662.000000 1.006337
4673.000000 0.965863
4684.000000 0.912871
4695.000000 0.933269
4706.000000 0.935557
4717.000000 1.000223
4728.000000 1.013622
4739.000000 1.062595
4751.000000 1.213286
4762.000000 1.344775
4773.000000 1.362051
4785.000000 1.598910
4796.000000 1.619388
4808.000000 1.965226
4819.000000 1.989873
4831.000000 2.177456
4843.000000 2.145748
4854.000000 2.195670
4866.000000 2.173032
4878.000000 2.231959
4890.000000 2.449426
4902.000000 2.658367
4914.000000 2.692153
4926.000000 2.911943
4938.000000 3.216087
4950.000000 3.477728
4963.000000 3.651825
4975.000000 3.736676
4988.000000 3.991199
5000.000000 4.071654
5013.000000 4.300810
5025.000000 4.393502
5038.000000 4.212785
5051.000000 4.404514
5063.000000 4.455797
5076.000000 4.717911
5089.000000 5.006054
5102.000000 5.264407
5115.000000 5.511570
5128.000000 5.671936
5141.000000 5.806870
5155.000000 5.887328
5168.000000 5.993620
5181.000000 6.079745
5195.000000 6.366537
5208.000000 6.447139
5222.000000 6.562818
5236.000000 6.631650
5249.000000 6.706405
5263.000000 6.771468
5277.000000 6.871548
5291.000000 6.954946
5305.000000 7.041172
5319.000000 7.132812
5333.000000 7.243023
5348.000000 7.379239
5362.000000 7.471501
5376.000000 7.560606
5391.000000 7.684710
5405.000000 7.772511
5420.000000 7.901895
5435.000000 8.029767
5450.000000 8.119327
5464.000000 8.207164
5479.000000 8.288681
5495.000000 8.374384
5510.000000 8.481767
5525.000000 8.595239
5540.000000 8.688333
5556.000000 8.819429
5571.000000 8.914598
5587.000000 9.020609
5602.000000 9.116175
5618.000000 9.223936
5634.000000 9.327800
5650.000000 9.431333
5666.000000 9.535264
5682.000000 9.640307
5698.000000 9.741372
5714.000000 9.850501
5731.000000 9.961353
5747.000000 10.066620
5764.000000 10.172540
5780.000000 10.276170
5797.000000 10.384200
5814.000000 10.497140
5831.000000 10.611960
5848.000000 10.725010
5865.000000 10.835340
5882.000000 10.944750
5900.000000 11.063790
5917.000000 11.174210
5935.000000 11.290450
5952.000000 11.400880
5970.000000 11.516900
5988.000000 11.633020
6006.000000 11.748840
6024.000000 11.863340
6042.000000 11.980620
6061.000000 12.106180
6079.000000 12.222590
6098.000000 12.342570
6116.000000 12.458760
6135.000000 12.579240
6154.000000 12.699000
6173.000000 12.813400
6192.000000 12.921460
6211.000000 13.044650
6231.000000 13.143750
6250.000000 13.263760
6270.000000 13.387350
6289.000000 13.508560
6309.000000 13.643380
6329.000000 13.786780
6349.000000 13.931640
6369.000000 14.068980
6390.000000 14.207200
6410.000000 14.332320
6431.000000 14.463020
6452.000000 14.593900
6472.000000 14.716310
6494.000000 14.854450
6515.000000 14.983700
6536.000000 15.111140
6557.000000 15.239170
6579.000000 15.373790
6601.000000 15.506470
6623.000000 15.637920
6645.000000 15.765980
6667.000000 15.894240
6689.000000 16.020060
6711.000000 16.149580
6734.000000 16.278510
6757.000000 16.409690
6780.000000 16.545780
6803.000000 16.681450
6826.000000 16.811490
6849.000000 16.940570
6873.000000 17.057660
6897.000000 17.178860
6920.000000 17.307110
6944.000000 17.434850
6969.000000 17.582060
6993.000000 17.710210
7018.000000 17.838060
7042.000000 17.965190
7067.000000 18.080260
7092.000000 18.200860
7117.000000 18.332780
7143.000000 18.464820
7168.000000 18.593480
7194.000000 18.713050
7220.000000 18.816270
7246.000000 18.922290
7273.000000 19.027420
7299.000000 19.146650
7326.000000 19.239010
7353.000000 19.200240
7380.000000 19.325720
7407.000000 19.370140
7435.000000 19.395270
7463.000000 19.372900
7491.000000 19.453250
7519.000000 19.443480
7547.000000 19.564190
7576.000000 19.288330
7605.000000 18.858250
7634.000000 17.923900
7663.000000 17.636900
7692.000000 17.426630
7722.000000 17.097520
7752.000000 16.526730
7782.000000 16.617740
7813.000000 16.622740
7843.000000 16.711400
7874.000000 16.898660
7905.000000 16.379690
7937.000000 14.079100
7968.000000 14.148520
8000.000000 12.512920
8032.000000 11.236650
8065.000000 9.397632
8097.000000 9.436054
8130.000000 9.193811
8163.000000 9.534909
8197.000000 9.282376
8230.000000 9.318337
8264.000000 8.595685
8299.000000 6.897932
8333.000000 6.869759
8368.000000 6.437187
8403.000000 6.420784
8439.000000 6.488330
8475.000000 6.345115
8511.000000 5.816054
8547.000000 5.799588
8584.000000 4.836847
8621.000000 4.490173
8658.000000 4.497195
8696.000000 4.270442
8734.000000 4.232576
8772.000000 4.136753
8811.000000 3.705112
8850.000000 3.609344
8889.000000 3.607086
8929.000000 3.600483
8969.000000 3.763776
9009.000000 3.770340
9050.000000 3.485756
9091.000000 3.249587
9132.000000 3.249406
9174.000000 3.287019
9217.000000 3.675176
9259.000000 3.701441
9302.000000 3.939938
9346.000000 5.371610
9390.000000 7.015114
9434.000000 8.277387
9479.000000 8.731942
9524.000000 8.578281
9569.000000 8.605913
9615.000000 8.507812
9662.000000 8.392804
9709.000000 8.254101
9756.000000 8.278612
9804.000000 6.872591
9852.000000 6.891189
9901.000000 4.975481
9950.000000 4.985142
10000.000000 4.172345
10050.000000 3.610296
10101.000000 3.365270
10152.000000 3.399238
10204.000000 3.579734
10256.000000 3.766396
10309.000000 3.794290
10363.000000 3.628490
10417.000000 3.701225
10471.000000 3.697296
10526.000000 3.735829
10582.000000 3.741292
10638.000000 3.690807
10695.000000 3.614423
10753.000000 3.656378
10811.000000 3.666632
10870.000000 3.754741
10929.000000 3.690991
10989.000000 3.746704
11050.000000 3.676455
11111.000000 3.735313
11173.000000 3.914663
11236.000000 4.385758
11299.000000 4.369068
11364.000000 4.401555
11429.000000 4.360902
11494.000000 4.425409
11561.000000 4.823633
11628.000000 5.397988
11696.000000 5.410657
11765.000000 5.266928
11834.000000 5.236891
11905.000000 4.957293
11976.000000 4.943002
12048.000000 4.998024
12121.000000 5.276878
12195.000000 5.585054
12270.000000 7.256486
12346.000000 8.262050
12422.000000 8.206621
12500.000000 8.932695
12579.000000 8.994259
12658.000000 9.035706
12739.000000 8.893494
12821.000000 9.216125
12903.000000 9.143422
12987.000000 9.877000
13072.000000 12.745050
13158.000000 14.671790
13245.000000 14.560890
13333.000000 16.086590
13423.000000 18.131470
13514.000000 18.709410
13605.000000 18.560880
13699.000000 19.455880
13793.000000 19.292090
13889.000000 19.836920
13986.000000 19.659180
14085.000000 19.815390
14184.000000 19.629430
14286.000000 19.589290
14388.000000 19.394730
14493.000000 19.249050
14599.000000 19.057690
14706.000000 18.859830
14815.000000 18.654900
14925.000000 18.446250
15038.000000 18.226900
15152.000000 18.006570
15267.000000 17.791670
15385.000000 17.543440
15504.000000 17.290230
15625.000000 17.070180
15748.000000 16.794570
15873.000000 16.494950
16000.000000 16.167380
16129.000000 15.819370
16260.000000 15.444560
16393.000000 15.041020
16529.000000 14.513280
16667.000000 14.277540
16807.000000 14.014660
16949.000000 13.832700
17094.000000 13.644200
17241.000000 13.507840
17391.000000 13.300200
17544.000000 13.083540
17699.000000 12.849810
17857.000000 12.600770
18018.000000 12.455020
18182.000000 12.375690
18349.000000 12.132610
18519.000000 11.991960
18692.000000 11.787100
18868.000000 11.670970
19048.000000 11.500150
19231.000000 11.306610
19417.000000 11.069190
19608.000000 10.833630
19802.000000 10.575630
20000.000000 10.350210
20202.000000 10.111440
20408.000000 9.891751
20619.000000 9.686659
20833.000000 9.459051
21053.000000 9.250493
21277.000000 9.025586
21505.000000 8.795870
21739.000000 8.574611
21978.000000 8.351022
22222.000000 8.126834
22472.000000 7.904455
22727.000000 7.685182
22989.000000 7.471658
23256.000000 7.258555
23529.000000 7.042793
23810.000000 6.828069
24096.000000 6.618243
24390.000000 6.409173
24691.000000 6.205049
25000.000000 6.005421
25316.000000 5.807817
25641.000000 5.611229
25974.000000 5.417889
26316.000000 5.226443
26667.000000 5.037912
27027.000000 4.852677
27397.000000 4.670947
27778.000000 4.493210
28169.000000 4.317414
28571.000000 4.145442
28986.000000 3.975651
29412.000000 3.810344
29851.000000 3.648423
30303.000000 3.490278
30769.000000 3.335736
31250.000000 3.184617
31746.000000 3.037501
32258.000000 2.894048
32787.000000 2.754419
33333.000000 2.618635
33898.000000 2.486606
34483.000000 2.358452
35088.000000 2.233992
35714.000000 2.113605
36364.000000 1.996651
37037.000000 1.883942
37736.000000 1.774964
38462.000000 1.669849
39216.000000 1.568575
40000.000000 1.471084
40816.000000 1.377407
41667.000000 1.287422
42553.000000 1.201246
43478.000000 1.118740
44444.000000 1.039861
45455.000000 0.964538
46512.000000 0.892831
47619.000000 0.824646
48780.000000 0.759904
50000.000000 0.698516
51282.000000 0.640450
52632.000000 0.585632
54054.000000 0.534034
55556.000000 0.485503
57143.000000 0.440022
58824.000000 0.397470
60606.000000 0.357783
62500.000000 0.320854
64516.000000 0.286605
66667.000000 0.254926
68966.000000 0.225735
71429.000000 0.198929
74074.000000 0.174409
76923.000000 0.152062
80000.000000 0.131788
83333.000000 0.113484
86957.000000 0.097036
90909.000000 0.082347
95238.000000 0.069301
100000.000000 0.057792
