  300.000  2.390770e-08  2.222206e+00  5.132055e-01  3.763682e-01 
  301.000  4.532350e-08  4.286126e+00  9.898537e-01  7.259434e-01 
  302.000  5.404429e-08  5.160199e+00  1.191714e+00  8.739936e-01 
  303.000  1.308311e-07  1.266216e+01  2.924237e+00  2.144649e+00 
  304.000  1.514395e-07  1.470917e+01  3.396976e+00  2.491358e+00 
  305.000  2.338932e-07  2.296290e+01  5.303109e+00  3.889372e+00 
  306.000  2.387835e-07  2.346707e+01  5.419539e+00  3.974745e+00 
  307.000  3.433796e-07  3.392109e+01  7.833805e+00  5.745408e+00 
  308.000  4.359713e-07  4.314371e+01  9.963688e+00  7.307467e+00 
  309.000  4.407128e-07  4.354628e+01  1.005665e+01  7.375585e+00 
  310.000  4.699983e-07  4.654578e+01  1.074935e+01  7.883595e+00 
  311.000  8.134319e-07  8.009306e+01  1.849681e+01  1.356537e+01 
  312.000  7.640439e-07  7.510405e+01  1.734463e+01  1.272026e+01 
  313.000  9.052977e-07  8.865093e+01  2.047315e+01  1.501448e+01 
  314.000  1.026131e-06  9.984241e+01  2.305772e+01  1.690965e+01 
  315.000  1.098540e-06  1.064980e+02  2.459477e+01  1.803673e+01 
  316.000  9.063199e-07  8.709865e+01  2.011466e+01  1.475098e+01 
  317.000  1.411713e-06  1.347921e+02  3.112903e+01  2.282806e+01 
  318.000  1.239805e-06  1.174689e+02  2.712836e+01  1.989396e+01 
  319.000  1.470877e-06  1.387447e+02  3.204181e+01  2.349695e+01 
  320.000  1.636857e-06  1.518723e+02  3.507352e+01  2.571939e+01 
  321.000  1.638480e-06  1.520253e+02  3.510884e+01  2.574531e+01 
  322.000  1.720383e-06  1.571534e+02  3.629313e+01  2.661299e+01 
  323.000  1.526550e-06  1.384245e+02  3.196784e+01  2.344104e+01 
  324.000  1.933609e-06  1.744040e+02  4.027697e+01  2.953358e+01 
  325.000  1.980606e-06  1.757939e+02  4.059797e+01  2.976806e+01 
  326.000  2.654765e-06  2.342661e+02  5.410156e+01  3.966902e+01 
  327.000  2.694490e-06  2.356706e+02  5.442593e+01  3.990621e+01 
  328.000  2.554195e-06  2.201926e+02  5.085143e+01  3.728427e+01 
  329.000  2.883409e-06  2.471525e+02  5.707755e+01  4.184883e+01 
  330.000  3.254158e-06  2.762595e+02  6.379953e+01  4.677649e+01 
  331.000  2.819529e-06  2.360462e+02  5.451266e+01  3.996646e+01 
  332.000  2.974318e-06  2.473456e+02  5.712213e+01  4.187910e+01 
  333.000  2.971258e-06  2.446653e+02  5.650314e+01  4.142448e+01 
  334.000  2.911197e-06  2.369585e+02  5.472334e+01  4.011873e+01 
  335.000  3.128232e-06  2.526592e+02  5.834927e+01  4.277633e+01 
  336.000  2.647283e-06  2.118373e+02  4.892183e+01  3.586435e+01 
  337.000  2.620668e-06  2.073425e+02  4.788380e+01  3.510257e+01 
  338.000  3.029401e-06  2.374817e+02  5.484416e+01  4.020432e+01 
  339.000  3.280888e-06  2.548869e+02  5.886373e+01  4.315016e+01 
  340.000  3.689440e-06  2.834774e+02  6.546644e+01  4.798921e+01 
