  300.000  2.035186e+00  2.873842e+00  9.818056e-01  2.011329e-01  3.998448e-01  1.562592e-01 
  301.000  3.850649e+00  5.463594e+00  1.862849e+00  3.804802e-01  7.636181e-01  2.964815e-01 
  302.000  4.580379e+00  6.500336e+00  2.216143e+00  4.525059e-01  9.115899e-01  3.527101e-01 
  303.000  1.109392e+01  1.580937e+01  5.380660e+00  1.095793e+00  2.225559e+00  8.563586e-01 
  304.000  1.275411e+01  1.810140e+01  6.171103e+00  1.259562e+00  2.554870e+00  9.821615e-01 
  305.000  1.968841e+01  2.803133e+01  9.543948e+00  1.944026e+00  3.969825e+00  1.518966e+00 
  306.000  2.003166e+01  2.836217e+01  9.678766e+00  1.977577e+00  4.025730e+00  1.540424e+00 
  307.000  2.884198e+01  4.080208e+01  1.392881e+01  2.846846e+00  5.806923e+00  2.216839e+00 
  308.000  3.648605e+01  5.141614e+01  1.758044e+01  3.600759e+00  7.333486e+00  2.798013e+00 
  309.000  3.680217e+01  5.152003e+01  1.766444e+01  3.631356e+00  7.361510e+00  2.811383e+00 
  310.000  3.915454e+01  5.465324e+01  1.876156e+01  3.862771e+00  7.827848e+00  2.985994e+00 
  311.000  6.765221e+01  9.344275e+01  3.221899e+01  6.673102e+00  1.340123e+01  5.127812e+00 
  312.000  6.359680e+01  8.731616e+01  3.018259e+01  6.272020e+00  1.254481e+01  4.803709e+00 
  313.000  7.502927e+01  1.021908e+02  3.544402e+01  7.398294e+00  1.470393e+01  5.641090e+00 
  314.000  8.500116e+01  1.145148e+02  3.990320e+01  8.380193e+00  1.649843e+01  6.350791e+00 
  315.000  9.072552e+01  1.213384e+02  4.241278e+01  8.943038e+00  1.750819e+01  6.750203e+00 
  316.000  7.493207e+01  9.896026e+01  3.477847e+01  7.385031e+00  1.429462e+01  5.535165e+00 
  317.000  1.161767e+02  1.518651e+02  5.360834e+01  1.144806e+01  2.196319e+01  8.532033e+00 
  318.000  1.019219e+02  1.317581e+02  4.673601e+01  1.004187e+01  1.907543e+01  7.438266e+00 
  319.000  1.206944e+02  1.550286e+02  5.514462e+01  1.188951e+01  2.247559e+01  8.776540e+00 
  320.000  1.341469e+02  1.683522e+02  6.049982e+01  1.321248e+01  2.441863e+01  9.628845e+00 
  321.000  1.340067e+02  1.681425e+02  6.042984e+01  1.319673e+01  2.442601e+01  9.617706e+00 
  322.000  1.402311e+02  1.720019e+02  6.244661e+01  1.380745e+01  2.499848e+01  9.938686e+00 
  323.000  1.242551e+02  1.508736e+02  5.502573e+01  1.223247e+01  2.195096e+01  8.757615e+00 
  324.000  1.571423e+02  1.894391e+02  6.931628e+01  1.546768e+01  2.759759e+01  1.103203e+01 
  325.000  1.606730e+02  1.891478e+02  6.996417e+01  1.581281e+01  2.756248e+01  1.113514e+01 
  326.000  2.149973e+02  2.510965e+02  9.321877e+01  2.115594e+01  3.663150e+01  1.483623e+01 
  327.000  2.177965e+02  2.511284e+02  9.378500e+01  2.142816e+01  3.666943e+01  1.492634e+01 
  328.000  2.058744e+02  2.323055e+02  8.763599e+01  2.025213e+01  3.393191e+01  1.394770e+01 
  329.000  2.321919e+02  2.600601e+02  9.845041e+01  2.283744e+01  3.803268e+01  1.566887e+01 
  330.000  2.616344e+02  2.888826e+02  1.101034e+02  2.572964e+01  4.227836e+01  1.752350e+01 
  331.000  2.263354e+02  2.446115e+02  9.418937e+01  2.225488e+01  3.581200e+01  1.499070e+01 
  332.000  2.383229e+02  2.552055e+02  9.870568e+01  2.343014e+01  3.740144e+01  1.570950e+01 
  333.000  2.376900e+02  2.507707e+02  9.769215e+01  2.336451e+01  3.677815e+01  1.554819e+01 
  334.000  2.324857e+02  2.409796e+02  9.469306e+01  2.284951e+01  3.536077e+01  1.507087e+01 
  335.000  2.494017e+02  2.555929e+02  1.009989e+02  2.450858e+01  3.753882e+01  1.607448e+01 
  336.000  2.107276e+02  2.129305e+02  8.473162e+01  2.070522e+01  3.129383e+01  1.348546e+01 
  337.000  2.082408e+02  2.067292e+02  8.299402e+01  2.045790e+01  3.039755e+01  1.320891e+01 
  338.000  2.403670e+02  2.354279e+02  9.515898e+01  2.361065e+01  3.464344e+01  1.514502e+01 
  339.000  2.599098e+02  2.512765e+02  1.022373e+02  2.552673e+01  3.700298e+01  1.627157e+01 
  340.000  2.917928e+02  2.775468e+02  1.138679e+02  2.865396e+01  4.089477e+01  1.812264e+01 
