 2504.705    0.000000   2.766224670e+02 
 2504.705    1.000000   2.739933777e+02 
 2504.705    5.000000   2.546943512e+02 
 2504.705   10.000000   2.233338928e+02 
 2504.705   12.000000   2.168106995e+02 
 2514.151    0.000000   2.690864868e+02 
 2514.151    1.000000   2.677097168e+02 
 2514.151    5.000000   2.530390167e+02 
 2514.151   10.000000   2.232696686e+02 
 2514.151   12.000000   2.168400269e+02 
 2523.668    0.000000   2.679656677e+02 
 2523.668    1.000000   2.670376282e+02 
 2523.668    5.000000   2.530108643e+02 
 2523.668   10.000000   2.233112335e+02 
 2523.668   12.000000   2.168297272e+02 
 2533.258    0.000000   2.581406555e+02 
 2533.258    1.000000   2.580805054e+02 
 2533.258    5.000000   2.503313904e+02 
 2533.258   10.000000   2.233165741e+02 
 2533.258   12.000000   2.172871857e+02 
 2542.921    0.000000   2.567913513e+02 
 2542.921    1.000000   2.566596375e+02 
 2542.921    5.000000   2.494125519e+02 
 2542.921   10.000000   2.234390259e+02 
 2542.921   12.000000   2.174927063e+02 
 2552.658    0.000000   2.551464081e+02 
 2552.658    1.000000   2.551428070e+02 
 2552.658    5.000000   2.493452148e+02 
 2552.658   10.000000   2.235475464e+02 
 2552.658   12.000000   2.175555267e+02 
 2562.469    0.000000   2.477247162e+02 
 2562.469    1.000000   2.477242279e+02 
 2562.469    5.000000   2.445839081e+02 
 2562.469   10.000000   2.241183624e+02 
 2562.469   12.000000   2.191664276e+02 
 2572.357    0.000000   2.416745605e+02 
 2572.357    1.000000   2.416745605e+02 
 2572.357    5.000000   2.410542603e+02 
 2572.357   10.000000   2.238256836e+02 
 2572.357   12.000000   2.192151031e+02 
 2582.321    0.000000   2.408017578e+02 
 2582.321    1.000000   2.408017578e+02 
 2582.321    5.000000   2.403495941e+02 
 2582.321   10.000000   2.239863739e+02 
 2582.321   12.000000   2.194625549e+02 
 2592.362    0.000000   2.359094086e+02 
 2592.362    1.000000   2.359094086e+02 
 2592.362    5.000000   2.357637787e+02 
 2592.362   10.000000   2.243257141e+02 
 2592.362   12.000000   2.208679047e+02 
 2602.482    0.000000   2.369721375e+02 
 2602.482    1.000000   2.369721375e+02 
 2602.482    5.000000   2.367331543e+02 
 2602.482   10.000000   2.233375244e+02 
 2602.482   12.000000   2.189785004e+02 
 2612.681    0.000000   2.355333405e+02 
 2612.681    1.000000   2.355333405e+02 
 2612.681    5.000000   2.355186920e+02 
 2612.681   10.000000   2.238614502e+02 
 2612.681   12.000000   2.197098236e+02 
 2622.961    0.000000   2.380759430e+02 
 2622.961    1.000000   2.380759430e+02 
 2622.961    5.000000   2.379758301e+02 
 2622.961   10.000000   2.234608307e+02 
 2622.961   12.000000   2.186916046e+02 
 2633.322    0.000000   2.414332733e+02 
 2633.322    1.000000   2.414332733e+02 
 2633.322    5.000000   2.405416565e+02 
 2633.322   10.000000   2.234681702e+02 
 2633.322   12.000000   2.187517395e+02 
 2643.764    0.000000   2.447756805e+02 
 2643.764    1.000000   2.447756805e+02 
 2643.764    5.000000   2.436408081e+02 
 2643.764   10.000000   2.232180939e+02 
 2643.764   12.000000   2.174662323e+02 
 2654.291    0.000000   2.415346222e+02 
 2654.291    1.000000   2.415346222e+02 
 2654.291    5.000000   2.408733673e+02 
 2654.291   10.000000   2.232333679e+02 
 2654.291   12.000000   2.177944183e+02 
 2664.901    0.000000   2.322423859e+02 
 2664.901    1.000000   2.322423859e+02 
 2664.901    5.000000   2.322414703e+02 
 2664.901   10.000000   2.265174255e+02 
 2664.901   12.000000   2.242008514e+02 
 2675.596    0.000000   2.310178680e+02 
 2675.596    1.000000   2.310178680e+02 
 2675.596    5.000000   2.310178680e+02 
 2675.596   10.000000   2.303553619e+02 
 2675.596   12.000000   2.300230713e+02 
 2686.378    0.000000   2.283370056e+02 
 2686.378    1.000000   2.283370056e+02 
 2686.378    5.000000   2.283370056e+02 
 2686.378   10.000000   2.279624939e+02 
 2686.378   12.000000   2.277628632e+02 
 2697.246    0.000000   2.295060577e+02 
 2697.246    1.000000   2.295060577e+02 
 2697.246    5.000000   2.295056610e+02 
 2697.246   10.000000   2.287670593e+02 
 2697.246   12.000000   2.284855499e+02 
 2708.203    0.000000   2.292835846e+02 
 2708.203    1.000000   2.292835846e+02 
 2708.203    5.000000   2.292749634e+02 
 2708.203   10.000000   2.272779846e+02 
 2708.203   12.000000   2.266256714e+02 
 2719.250    0.000000   2.321598816e+02 
 2719.250    1.000000   2.321598816e+02 
 2719.250    5.000000   2.321453552e+02 
 2719.250   10.000000   2.259708557e+02 
 2719.250   12.000000   2.242300110e+02 
 2730.387    0.000000   2.410385437e+02 
 2730.387    1.000000   2.410385437e+02 
 2730.387    5.000000   2.404575653e+02 
 2730.387   10.000000   2.246885834e+02 
 2730.387   12.000000   2.210402069e+02 
 2741.615    0.000000   2.349122620e+02 
 2741.615    1.000000   2.349122620e+02 
 2741.615    5.000000   2.347093811e+02 
 2741.615   10.000000   2.268095856e+02 
 2741.615   12.000000   2.247772217e+02 
 2752.937    0.000000   2.283940887e+02 
 2752.937    1.000000   2.283940887e+02 
 2752.937    5.000000   2.283805542e+02 
 2752.937   10.000000   2.254322510e+02 
 2752.937   12.000000   2.246918945e+02 
 2764.352    0.000000   2.274868317e+02 
 2764.352    1.000000   2.274868317e+02 
 2764.352    5.000000   2.274865723e+02 
 2764.352   10.000000   2.257579651e+02 
 2764.352   12.000000   2.250840759e+02 
 2775.862    0.000000   2.281444092e+02 
 2775.862    1.000000   2.281444092e+02 
 2775.862    5.000000   2.281442413e+02 
 2775.862   10.000000   2.269596863e+02 
 2775.862   12.000000   2.264577332e+02 
 2787.469    0.000000   2.330331116e+02 
 2787.469    1.000000   2.330331116e+02 
 2787.469    5.000000   2.327700043e+02 
 2787.469   10.000000   2.276466980e+02 
 2787.469   12.000000   2.266580353e+02 
 2799.173    0.000000   2.391984253e+02 
 2799.173    1.000000   2.391983795e+02 
 2799.173    5.000000   2.378569336e+02 
 2799.173   10.000000   2.271163788e+02 
 2799.173   12.000000   2.251268921e+02 
 2810.975    0.000000   2.450847015e+02 
 2810.975    1.000000   2.450838318e+02 
 2810.975    5.000000   2.425971069e+02 
 2810.975   10.000000   2.261912689e+02 
 2810.975   12.000000   2.232075500e+02 
 2822.878    0.000000   2.523192139e+02 
 2822.878    1.000000   2.522390747e+02 
 2822.878    5.000000   2.463670349e+02 
 2822.878   10.000000   2.244900055e+02 
 2822.878   12.000000   2.203278503e+02 
 2834.882    0.000000   2.546006927e+02 
 2834.882    1.000000   2.544122772e+02 
 2834.882    5.000000   2.475305634e+02 
 2834.882   10.000000   2.236517944e+02 
 2834.882   12.000000   2.183181000e+02 
 2846.988    0.000000   2.595748596e+02 
 2846.988    1.000000   2.590647278e+02 
 2846.988    5.000000   2.498962097e+02 
 2846.988   10.000000   2.237516937e+02 
 2846.988   12.000000   2.184064941e+02 
 2859.198    0.000000   2.611456299e+02 
 2859.198    1.000000   2.605600281e+02 
 2859.198    5.000000   2.496835327e+02 
 2859.198   10.000000   2.232036896e+02 
 2859.198   12.000000   2.175254059e+02 
 2871.514    0.000000   2.652202759e+02 
 2871.514    1.000000   2.642373047e+02 
 2871.514    5.000000   2.513730621e+02 
 2871.514   10.000000   2.231880493e+02 
 2871.514   12.000000   2.171089325e+02 
 2883.936    0.000000   2.675926819e+02 
 2883.936    1.000000   2.663856506e+02 
 2883.936    5.000000   2.521102448e+02 
 2883.936   10.000000   2.231050568e+02 
 2883.936   12.000000   2.168789520e+02 
 2896.466    0.000000   2.726972656e+02 
 2896.466    1.000000   2.704949036e+02 
 2896.466    5.000000   2.529816284e+02 
 2896.466   10.000000   2.231103973e+02 
 2896.466   12.000000   2.168041077e+02 
 2909.105    0.000000   2.720694275e+02 
 2909.105    1.000000   2.703174438e+02 
 2909.105    5.000000   2.537534943e+02 
 2909.105   10.000000   2.232890625e+02 
 2909.105   12.000000   2.167566681e+02 
 2921.855    0.000000   2.741604004e+02 
 2921.855    1.000000   2.716550903e+02 
 2921.855    5.000000   2.535854340e+02 
 2921.855   10.000000   2.232202148e+02 
 2921.855   12.000000   2.167462616e+02 
 2934.717    0.000000   2.787820435e+02 
 2934.717    1.000000   2.756248474e+02 
 2934.717    5.000000   2.548695068e+02 
 2934.717   10.000000   2.232966156e+02 
 2934.717   12.000000   2.167176056e+02 
 2947.693    0.000000   2.753932800e+02 
 2947.693    1.000000   2.727753601e+02 
 2947.693    5.000000   2.538030243e+02 
 2947.693   10.000000   2.232847443e+02 
 2947.693   12.000000   2.167511292e+02 
 2960.784    0.000000   2.788539734e+02 
 2960.784    1.000000   2.756492920e+02 
 2960.784    5.000000   2.548621368e+02 
 2960.784   10.000000   2.232812500e+02 
 2960.784   12.000000   2.167180786e+02 
 2973.992    0.000000   2.679404297e+02 
 2973.992    1.000000   2.667521667e+02 
 2973.992    5.000000   2.527305756e+02 
 2973.992   10.000000   2.232546692e+02 
 2973.992   12.000000   2.167733612e+02 
 2987.319    0.000000   2.804402466e+02 
 2987.319    1.000000   2.769302368e+02 
 2987.319    5.000000   2.548975372e+02 
 2987.319   10.000000   2.232778473e+02 
 2987.319   12.000000   2.167174530e+02 
 3000.765    0.000000   2.781994324e+02 
 3000.765    1.000000   2.750749512e+02 
 3000.765    5.000000   2.546189270e+02 
 3000.765   10.000000   2.232987213e+02 
 3000.765   12.000000   2.167280884e+02 
 3014.333    0.000000   2.772530823e+02 
 3014.333    1.000000   2.743416748e+02 
 3014.333    5.000000   2.543473358e+02 
 3014.333   10.000000   2.232996674e+02 
 3014.333   12.000000   2.167409210e+02 
 3028.025    0.000000   2.779815063e+02 
 3028.025    1.000000   2.747161255e+02 
 3028.025    5.000000   2.541255188e+02 
 3028.025   10.000000   2.232563171e+02 
 3028.025   12.000000   2.167121429e+02 
 3041.841    0.000000   2.743773193e+02 
 3041.841    1.000000   2.718665771e+02 
 3041.841    5.000000   2.536104584e+02 
 3041.841   10.000000   2.232314453e+02 
 3041.841   12.000000   2.167276154e+02 
 3055.784    0.000000   2.731414490e+02 
 3055.784    1.000000   2.710090332e+02 
 3055.784    5.000000   2.536132965e+02 
 3055.784   10.000000   2.232894897e+02 
 3055.784   12.000000   2.167620544e+02 
 3069.855    0.000000   2.761219482e+02 
 3069.855    1.000000   2.735103149e+02 
 3069.855    5.000000   2.543927155e+02 
 3069.855   10.000000   2.232422333e+02 
 3069.855   12.000000   2.167210541e+02 
 3084.057    0.000000   2.750225220e+02 
 3084.057    1.000000   2.725603333e+02 
 3084.057    5.000000   2.537643433e+02 
 3084.057   10.000000   2.232469635e+02 
 3084.057   12.000000   2.167242584e+02 
 3098.390    0.000000   2.736309509e+02 
 3098.390    1.000000   2.714152222e+02 
 3098.390    5.000000   2.537967072e+02 
 3098.390   10.000000   2.232558594e+02 
 3098.390   12.000000   2.167241669e+02 
 3112.857    0.000000   2.739704590e+02 
 3112.857    1.000000   2.715454102e+02 
 3112.857    5.000000   2.534649353e+02 
 3112.857   10.000000   2.231230316e+02 
 3112.857   12.000000   2.167185669e+02 
 3127.460    0.000000   2.786080627e+02 
 3127.460    1.000000   2.752512512e+02 
 3127.460    5.000000   2.543798218e+02 
 3127.460   10.000000   2.233150482e+02 
 3127.460   12.000000   2.167876587e+02 
 3142.201    0.000000   2.777028198e+02 
 3142.201    1.000000   2.745422668e+02 
 3142.201    5.000000   2.541485596e+02 
 3142.201   10.000000   2.232846985e+02 
 3142.201   12.000000   2.167393494e+02 
 3157.082    0.000000   2.819392395e+02 
 3157.082    1.000000   2.781366577e+02 
 3157.082    5.000000   2.553023834e+02 
 3157.082   10.000000   2.233040924e+02 
 3157.082   12.000000   2.167486572e+02 
 3172.104    0.000000   2.834389954e+02 
 3172.104    1.000000   2.792433167e+02 
 3172.104    5.000000   2.551844177e+02 
 3172.104   10.000000   2.232635651e+02 
 3172.104   12.000000   2.167735443e+02 
 3187.269    0.000000   2.785429993e+02 
 3187.269    1.000000   2.750179749e+02 
 3187.269    5.000000   2.539146271e+02 
 3187.269   10.000000   2.231809235e+02 
 3187.269   12.000000   2.168846436e+02 
 3202.581    0.000000   2.682636108e+02 
 3202.581    1.000000   2.666586304e+02 
 3202.581    5.000000   2.520038300e+02 
 3202.581   10.000000   2.232290344e+02 
 3202.581   12.000000   2.169490509e+02 
 3218.040    0.000000   2.666764526e+02 
 3218.040    1.000000   2.652779846e+02 
 3218.040    5.000000   2.514526215e+02 
 3218.040   10.000000   2.232826996e+02 
 3218.040   12.000000   2.173025513e+02 
 3233.649    0.000000   2.740201416e+02 
 3233.649    1.000000   2.711104736e+02 
 3233.649    5.000000   2.522376404e+02 
 3233.649   10.000000   2.234491882e+02 
 3233.649   12.000000   2.177044067e+02 
 3249.410    0.000000   2.761278381e+02 
 3249.410    1.000000   2.729699707e+02 
 3249.410    5.000000   2.533220520e+02 
 3249.410   10.000000   2.232941437e+02 
 3249.410   12.000000   2.170238495e+02 
 3265.326    0.000000   2.707213135e+02 
 3265.326    1.000000   2.684278564e+02 
 3265.326    5.000000   2.520667572e+02 
 3265.326   10.000000   2.234314270e+02 
 3265.326   12.000000   2.177629395e+02 
 3281.398    0.000000   2.814174500e+02 
 3281.398    1.000000   2.774359131e+02 
 3281.398    5.000000   2.544403534e+02 
 3281.398   10.000000   2.235015411e+02 
 3281.398   12.000000   2.173715363e+02 
 3297.629    0.000000   2.733886414e+02 
 3297.629    1.000000   2.707579956e+02 
 3297.629    5.000000   2.525772552e+02 
 3297.629   10.000000   2.233264160e+02 
 3297.629   12.000000   2.172931213e+02 
 3314.022    0.000000   2.657823486e+02 
 3314.022    1.000000   2.632352600e+02 
 3314.022    5.000000   2.472851715e+02 
 3314.022   10.000000   2.233332367e+02 
 3314.022   12.000000   2.192768860e+02 
 3330.579    0.000000   2.791172791e+02 
 3330.579    1.000000   2.755179138e+02 
 3330.579    5.000000   2.539779510e+02 
 3330.579   10.000000   2.231565857e+02 
 3330.579   12.000000   2.169222412e+02 
 3347.302    0.000000   2.783652954e+02 
 3347.302    1.000000   2.750455627e+02 
 3347.302    5.000000   2.541455383e+02 
 3347.302   10.000000   2.232734680e+02 
 3347.302   12.000000   2.170006409e+02 
 3364.193    0.000000   2.779117737e+02 
 3364.193    1.000000   2.744165039e+02 
 3364.193    5.000000   2.534098053e+02 
 3364.193   10.000000   2.231105957e+02 
 3364.193   12.000000   2.171319580e+02 
 3381.256    0.000000   2.814826660e+02 
 3381.256    1.000000   2.775209656e+02 
 3381.256    5.000000   2.541696472e+02 
 3381.256   10.000000   2.231457367e+02 
 3381.256   12.000000   2.170498199e+02 
 3398.493    0.000000   2.806221619e+02 
 3398.493    1.000000   2.765621033e+02 
 3398.493    5.000000   2.533992615e+02 
 3398.493   10.000000   2.231550751e+02 
 3398.493   12.000000   2.171237488e+02 
 3415.906    0.000000   2.826002502e+02 
 3415.906    1.000000   2.785249939e+02 
 3415.906    5.000000   2.545185852e+02 
 3415.906   10.000000   2.232145081e+02 
 3415.906   12.000000   2.169090424e+02 
 3433.499    0.000000   2.825068970e+02 
 3433.499    1.000000   2.783253479e+02 
 3433.499    5.000000   2.542260590e+02 
 3433.499   10.000000   2.231347046e+02 
 3433.499   12.000000   2.169073792e+02 
 3451.274    0.000000   2.841500244e+02 
 3451.274    1.000000   2.798807068e+02 
 3451.274    5.000000   2.550705872e+02 
 3451.274   10.000000   2.232292175e+02 
 3451.274   12.000000   2.167663879e+02 
 3469.234    0.000000   2.843971558e+02 
 3469.234    1.000000   2.800697632e+02 
 3469.234    5.000000   2.550383453e+02 
 3469.234   10.000000   2.232158661e+02 
 3469.234   12.000000   2.167474060e+02 
 3487.382    0.000000   2.848370972e+02 
 3487.382    1.000000   2.804883423e+02 
 3487.382    5.000000   2.552507782e+02 
 3487.382   10.000000   2.232474823e+02 
 3487.382   12.000000   2.167354736e+02 
 3505.721    0.000000   2.853042297e+02 
 3505.721    1.000000   2.809345093e+02 
 3505.721    5.000000   2.554380035e+02 
 3505.721   10.000000   2.232649994e+02 
 3505.721   12.000000   2.167214966e+02 
 3524.254    0.000000   2.853507080e+02 
 3524.254    1.000000   2.809982910e+02 
 3524.254    5.000000   2.555237885e+02 
 3524.254   10.000000   2.232809296e+02 
 3524.254   12.000000   2.167147827e+02 
 3542.983    0.000000   2.841542358e+02 
 3542.983    1.000000   2.798867493e+02 
 3542.983    5.000000   2.550264130e+02 
 3542.983   10.000000   2.231969910e+02 
 3542.983   12.000000   2.167428741e+02 
 3561.913    0.000000   2.845369873e+02 
 3561.913    1.000000   2.803002014e+02 
 3561.913    5.000000   2.553314514e+02 
 3561.913   10.000000   2.232709045e+02 
 3561.913   12.000000   2.167471161e+02 
 3581.046    0.000000   2.841087036e+02 
 3581.046    1.000000   2.798981934e+02 
 3581.046    5.000000   2.551208801e+02 
 3581.046   10.000000   2.232869263e+02 
 3581.046   12.000000   2.168536987e+02 
 3600.386    0.000000   2.846852112e+02 
 3600.386    1.000000   2.804540100e+02 
 3600.386    5.000000   2.553307343e+02 
 3600.386   10.000000   2.232896271e+02 
 3600.386   12.000000   2.167960663e+02 
 3619.936    0.000000   2.850398254e+02 
 3619.936    1.000000   2.807763672e+02 
 3619.936    5.000000   2.554704895e+02 
 3619.936   10.000000   2.233206787e+02 
 3619.936   12.000000   2.167881470e+02 
 3639.699    0.000000   2.852690735e+02 
 3639.699    1.000000   2.810011292e+02 
 3639.699    5.000000   2.555051117e+02 
 3639.699   10.000000   2.232937927e+02 
 3639.699   12.000000   2.167419739e+02 
 3659.680    0.000000   2.852930298e+02 
 3659.680    1.000000   2.810141602e+02 
 3659.680    5.000000   2.555252838e+02 
 3659.680   10.000000   2.232841644e+02 
 3659.680   12.000000   2.167166138e+02 
 3679.881    0.000000   2.841807251e+02 
 3679.881    1.000000   2.800723572e+02 
 3679.881    5.000000   2.554738770e+02 
 3679.881   10.000000   2.232912598e+02 
 3679.881   12.000000   2.167116089e+02 
 3700.306    0.000000   2.855548401e+02 
 3700.306    1.000000   2.812796936e+02 
 3700.306    5.000000   2.556087494e+02 
 3700.306   10.000000   2.232932892e+02 
 3700.306   12.000000   2.167091675e+02 
 3720.959    0.000000   2.853030396e+02 
 3720.959    1.000000   2.810843506e+02 
 3720.959    5.000000   2.555825653e+02 
 3720.959   10.000000   2.232919617e+02 
 3720.959   12.000000   2.167093353e+02 
 3741.844    0.000000   2.851803284e+02 
 3741.844    1.000000   2.809777222e+02 
 3741.844    5.000000   2.555766754e+02 
 3741.844   10.000000   2.232961731e+02 
 3741.844   12.000000   2.167061768e+02 
 3762.965    0.000000   2.850678406e+02 
 3762.965    1.000000   2.808951416e+02 
 3762.965    5.000000   2.555850067e+02 
 3762.965   10.000000   2.232947693e+02 
 3762.965   12.000000   2.167040863e+02 
 3784.326    0.000000   2.850005493e+02 
 3784.326    1.000000   2.808481445e+02 
 3784.326    5.000000   2.555735779e+02 
 3784.326   10.000000   2.232905884e+02 
 3784.326   12.000000   2.167061157e+02 
 3805.930    0.000000   2.852978821e+02 
 3805.930    1.000000   2.811026001e+02 
 3805.930    5.000000   2.555876923e+02 
 3805.930   10.000000   2.232903290e+02 
 3805.930   12.000000   2.167035828e+02 
 3827.783    0.000000   2.853563538e+02 
 3827.783    1.000000   2.811753845e+02 
 3827.783    5.000000   2.555959473e+02 
 3827.783   10.000000   2.232882080e+02 
 3827.783   12.000000   2.167023315e+02 
 3849.888    0.000000   2.851586304e+02 
 3849.888    1.000000   2.809794922e+02 
 3849.888    5.000000   2.554861450e+02 
 3849.888   10.000000   2.232785645e+02 
 3849.888   12.000000   2.167121582e+02 
 3872.250    0.000000   2.835732422e+02 
 3872.250    1.000000   2.794609375e+02 
 3872.250    5.000000   2.547013702e+02 
 3872.250   10.000000   2.231325684e+02 
 3872.250   12.000000   2.167265320e+02 
 3894.873    0.000000   2.840001526e+02 
 3894.873    1.000000   2.798786011e+02 
 3894.873    5.000000   2.548755188e+02 
 3894.873   10.000000   2.231655426e+02 
 3894.873   12.000000   2.167254028e+02 
 3917.761    0.000000   2.833414001e+02 
 3917.761    1.000000   2.792636414e+02 
 3917.761    5.000000   2.545420837e+02 
 3917.761   10.000000   2.231084137e+02 
 3917.761   12.000000   2.167397919e+02 
 3940.921    0.000000   2.843073425e+02 
 3940.921    1.000000   2.802006531e+02 
 3940.921    5.000000   2.550475769e+02 
 3940.921   10.000000   2.231944885e+02 
 3940.921   12.000000   2.167128906e+02 
 3964.356    0.000000   2.849647217e+02 
 3964.356    1.000000   2.808432922e+02 
 3964.356    5.000000   2.554050903e+02 
 3964.356   10.000000   2.232646942e+02 
 3964.356   12.000000   2.167043610e+02 
 3988.072    0.000000   2.848314819e+02 
 3988.072    1.000000   2.807221375e+02 
 3988.072    5.000000   2.553801880e+02 
 3988.072   10.000000   2.232660980e+02 
 3988.072   12.000000   2.167062683e+02 
 4012.073    0.000000   2.843327026e+02 
 4012.073    1.000000   2.802470703e+02 
 4012.073    5.000000   2.552233887e+02 
 4012.073   10.000000   2.232494507e+02 
 4012.073   12.000000   2.167066803e+02 
 4036.364    0.000000   2.833623352e+02 
 4036.364    1.000000   2.793259277e+02 
 4036.364    5.000000   2.548560333e+02 
 4036.364   10.000000   2.232022095e+02 
 4036.364   12.000000   2.167117004e+02 
 4060.951    0.000000   2.829393005e+02 
 4060.951    1.000000   2.789347839e+02 
 4060.951    5.000000   2.547492065e+02 
 4060.951   10.000000   2.231913452e+02 
 4060.951   12.000000   2.167082367e+02 
 4085.840    0.000000   2.817296448e+02 
 4085.840    1.000000   2.778088074e+02 
 4085.840    5.000000   2.542976990e+02 
 4085.840   10.000000   2.231270294e+02 
 4085.840   12.000000   2.167171173e+02 
 4111.036    0.000000   2.811864319e+02 
 4111.036    1.000000   2.773216248e+02 
 4111.036    5.000000   2.541916656e+02 
 4111.036   10.000000   2.231327667e+02 
 4111.036   12.000000   2.167116241e+02 
 4136.544    0.000000   2.800023499e+02 
 4136.544    1.000000   2.762458191e+02 
 4136.544    5.000000   2.537891235e+02 
 4136.544   10.000000   2.230866089e+02 
 4136.544   12.000000   2.167134399e+02 
 4162.372    0.000000   2.770615234e+02 
 4162.372    1.000000   2.736366272e+02 
 4162.372    5.000000   2.528856506e+02 
 4162.372   10.000000   2.229889679e+02 
 4162.372   12.000000   2.167175140e+02 
 4188.523    0.000000   2.506014099e+02 
 4188.523    1.000000   2.493614197e+02 
 4188.523    5.000000   2.399398804e+02 
 4188.523   10.000000   2.226052704e+02 
 4188.523   12.000000   2.193769989e+02 
 4215.005    0.000000   2.340847778e+02 
 4215.005    1.000000   2.340847778e+02 
 4215.005    5.000000   2.340847778e+02 
 4215.005   10.000000   2.340847778e+02 
 4215.005   12.000000   2.340847778e+02 
 4241.825    0.000000   2.392846222e+02 
 4241.825    1.000000   2.392846222e+02 
 4241.825    5.000000   2.392846222e+02 
 4241.825   10.000000   2.392846222e+02 
 4241.825   12.000000   2.392846222e+02 
 4268.987    0.000000   2.384483795e+02 
 4268.987    1.000000   2.384483795e+02 
 4268.987    5.000000   2.384483795e+02 
 4268.987   10.000000   2.384483795e+02 
 4268.987   12.000000   2.384483795e+02 
 4296.500    0.000000   2.376157379e+02 
 4296.500    1.000000   2.376157379e+02 
 4296.500    5.000000   2.376157379e+02 
 4296.500   10.000000   2.376157379e+02 
 4296.500   12.000000   2.376157379e+02 
 4324.370    0.000000   2.327957001e+02 
 4324.370    1.000000   2.327957001e+02 
 4324.370    5.000000   2.327957001e+02 
 4324.370   10.000000   2.327957001e+02 
 4324.370   12.000000   2.327957001e+02 
 4352.604    0.000000   2.287947235e+02 
 4352.604    1.000000   2.287947235e+02 
 4352.604    5.000000   2.287947235e+02 
 4352.604   10.000000   2.287668304e+02 
 4352.604   12.000000   2.287086792e+02 
 4381.208    0.000000   2.271524506e+02 
 4381.208    1.000000   2.271524506e+02 
 4381.208    5.000000   2.271005249e+02 
 4381.208   10.000000   2.246214447e+02 
 4381.208   12.000000   2.237365570e+02 
 4410.191    0.000000   2.264496613e+02 
 4410.191    1.000000   2.264493408e+02 
 4410.191    5.000000   2.262436371e+02 
 4410.191   10.000000   2.225493317e+02 
 4410.191   12.000000   2.213691101e+02 
 4439.561    0.000000   2.374763336e+02 
 4439.561    1.000000   2.373360901e+02 
 4439.561    5.000000   2.342028351e+02 
 4439.561   10.000000   2.229068146e+02 
 4439.561   12.000000   2.204624481e+02 
 4469.324    0.000000   2.434167938e+02 
 4469.324    1.000000   2.429080048e+02 
 4469.324    5.000000   2.372072144e+02 
 4469.324   10.000000   2.221075287e+02 
 4469.324   12.000000   2.188945770e+02 
 4499.489    0.000000   2.599986267e+02 
 4499.489    1.000000   2.580671387e+02 
 4499.489    5.000000   2.445828705e+02 
 4499.489   10.000000   2.220387421e+02 
 4499.489   12.000000   2.174760132e+02 
 4530.063    0.000000   2.595981445e+02 
 4530.063    1.000000   2.577673340e+02 
 4530.063    5.000000   2.444387207e+02 
 4530.063   10.000000   2.219330750e+02 
 4530.063   12.000000   2.172962341e+02 
 4561.057    0.000000   2.694063416e+02 
 4561.057    1.000000   2.666901550e+02 
 4561.057    5.000000   2.491244965e+02 
 4561.057   10.000000   2.225191498e+02 
 4561.057   12.000000   2.169941864e+02 
 4592.477    0.000000   2.788124390e+02 
 4592.477    1.000000   2.753211365e+02 
 4592.477    5.000000   2.532079926e+02 
 4592.477   10.000000   2.230153046e+02 
 4592.477   12.000000   2.168176727e+02 
 4624.333    0.000000   2.818760376e+02 
 4624.333    1.000000   2.782135925e+02 
 4624.333    5.000000   2.544474945e+02 
 4624.333   10.000000   2.231918640e+02 
 4624.333   12.000000   2.167560120e+02 
 4656.634    0.000000   2.831026917e+02 
 4656.634    1.000000   2.794941711e+02 
 4656.634    5.000000   2.552203979e+02 
 4656.634   10.000000   2.232719421e+02 
 4656.634   12.000000   2.167279053e+02 
 4689.390    0.000000   2.801534729e+02 
 4689.390    1.000000   2.767155762e+02 
 4689.390    5.000000   2.538761139e+02 
 4689.390   10.000000   2.236325836e+02 
 4689.390   12.000000   2.177489777e+02 
 4722.609    0.000000   2.771018066e+02 
 4722.609    1.000000   2.738548584e+02 
 4722.609    5.000000   2.519721375e+02 
 4722.609   10.000000   2.238833923e+02 
 4722.609   12.000000   2.187834930e+02 
 4756.303    0.000000   2.785075073e+02 
 4756.303    1.000000   2.751039124e+02 
 4756.303    5.000000   2.523979340e+02 
 4756.303   10.000000   2.239806976e+02 
 4756.303   12.000000   2.188521423e+02 
 4790.481    0.000000   2.771619263e+02 
 4790.481    1.000000   2.738689270e+02 
 4790.481    5.000000   2.524137878e+02 
 4790.481   10.000000   2.237509003e+02 
 4790.481   12.000000   2.183564301e+02 
 4825.154    0.000000   2.733768005e+02 
 4825.154    1.000000   2.705520935e+02 
 4825.154    5.000000   2.511647797e+02 
 4825.154   10.000000   2.233377380e+02 
 4825.154   12.000000   2.178792114e+02 
 4860.332    0.000000   2.770992737e+02 
 4860.332    1.000000   2.739547119e+02 
 4860.332    5.000000   2.525602112e+02 
 4860.332   10.000000   2.230480347e+02 
 4860.332   12.000000   2.171226807e+02 
 4896.027    0.000000   2.776812744e+02 
 4896.027    1.000000   2.747167969e+02 
 4896.027    5.000000   2.535335999e+02 
 4896.027   10.000000   2.232488098e+02 
 4896.027   12.000000   2.168241272e+02 
 4932.250    0.000000   2.815107727e+02 
 4932.250    1.000000   2.781520691e+02 
 4932.250    5.000000   2.551961823e+02 
 4932.250   10.000000   2.233068848e+02 
 4932.250   12.000000   2.167667084e+02 
 4969.013    0.000000   2.762306213e+02 
 4969.013    1.000000   2.737112122e+02 
 4969.013    5.000000   2.543032532e+02 
 4969.013   10.000000   2.232995605e+02 
 4969.013   12.000000   2.167388611e+02 
 5006.329    0.000000   2.758014526e+02 
 5006.329    1.000000   2.731240845e+02 
 5006.329    5.000000   2.536769714e+02 
 5006.329   10.000000   2.232817078e+02 
 5006.329   12.000000   2.167204285e+02 
 5044.208    0.000000   2.791936646e+02 
 5044.208    1.000000   2.762253418e+02 
 5044.208    5.000000   2.549510956e+02 
 5044.208   10.000000   2.232958374e+02 
 5044.208   12.000000   2.167068787e+02 
 5082.666    0.000000   2.749450073e+02 
 5082.666    1.000000   2.726021729e+02 
 5082.666    5.000000   2.537467041e+02 
 5082.666   10.000000   2.232789154e+02 
 5082.666   12.000000   2.167044830e+02 
 5121.714    0.000000   2.731482239e+02 
 5121.714    1.000000   2.711615601e+02 
 5121.714    5.000000   2.535108795e+02 
 5121.714   10.000000   2.232798920e+02 
 5121.714   12.000000   2.167073059e+02 
 5161.368    0.000000   2.700764160e+02 
 5161.368    1.000000   2.683479919e+02 
 5161.368    5.000000   2.523583221e+02 
 5161.368   10.000000   2.231877289e+02 
 5161.368   12.000000   2.167326660e+02 
 5201.640    0.000000   2.629737549e+02 
 5201.640    1.000000   2.619700012e+02 
 5201.640    5.000000   2.506908264e+02 
 5201.640   10.000000   2.231011963e+02 
 5201.640   12.000000   2.167864532e+02 
 5242.545    0.000000   2.653113403e+02 
 5242.545    1.000000   2.646796570e+02 
 5242.545    5.000000   2.521800079e+02 
 5242.545   10.000000   2.230644989e+02 
 5242.545   12.000000   2.167571564e+02 
 5284.099    0.000000   2.616937256e+02 
 5284.099    1.000000   2.611716614e+02 
 5284.099    5.000000   2.511329651e+02 
 5284.099   10.000000   2.231994629e+02 
 5284.099   12.000000   2.167077637e+02 
 5326.317    0.000000   2.668721619e+02 
 5326.317    1.000000   2.661268311e+02 
 5326.317    5.000000   2.528104095e+02 
 5326.317   10.000000   2.232760162e+02 
 5326.317   12.000000   2.167089081e+02 
 5369.214    0.000000   2.581334229e+02 
 5369.214    1.000000   2.580319519e+02 
 5369.214    5.000000   2.492388153e+02 
 5369.214   10.000000   2.229639740e+02 
 5369.214   12.000000   2.167584381e+02 
 5412.809    0.000000   2.547598724e+02 
 5412.809    1.000000   2.547197876e+02 
 5412.809    5.000000   2.479407043e+02 
 5412.809   10.000000   2.229550934e+02 
 5412.809   12.000000   2.167661896e+02 
 5457.117    0.000000   2.487980957e+02 
 5457.117    1.000000   2.487978973e+02 
 5457.117    5.000000   2.455691528e+02 
 5457.117   10.000000   2.228557281e+02 
 5457.117   12.000000   2.167729645e+02 
 5502.157    0.000000   2.558584137e+02 
 5502.157    1.000000   2.558519592e+02 
 5502.157    5.000000   2.496956635e+02 
 5502.157   10.000000   2.231452484e+02 
 5502.157   12.000000   2.167394409e+02 
 5547.946    0.000000   2.476029053e+02 
 5547.946    1.000000   2.476028290e+02 
 5547.946    5.000000   2.450242310e+02 
 5547.946   10.000000   2.228757324e+02 
 5547.946   12.000000   2.167452850e+02 
 5594.504    0.000000   2.445043945e+02 
 5594.504    1.000000   2.445043945e+02 
 5594.504    5.000000   2.431951294e+02 
 5594.504   10.000000   2.228610382e+02 
 5594.504   12.000000   2.168145905e+02 
 5641.850    0.000000   2.409254303e+02 
 5641.850    1.000000   2.409254303e+02 
 5641.850    5.000000   2.402222443e+02 
 5641.850   10.000000   2.225328979e+02 
 5641.850   12.000000   2.167775574e+02 
 5690.004    0.000000   2.418155060e+02 
 5690.004    1.000000   2.418155060e+02 
 5690.004    5.000000   2.413314819e+02 
 5690.004   10.000000   2.228012543e+02 
 5690.004   12.000000   2.167903900e+02 
 5738.987    0.000000   2.344364777e+02 
 5738.987    1.000000   2.344364777e+02 
 5738.987    5.000000   2.344263306e+02 
 5738.987   10.000000   2.223654938e+02 
 5738.987   12.000000   2.169619904e+02 
 5788.821    0.000000   2.401761322e+02 
 5788.821    1.000000   2.401761322e+02 
 5788.821    5.000000   2.399131165e+02 
 5788.821   10.000000   2.226529388e+02 
 5788.821   12.000000   2.169368591e+02 
 5839.528    0.000000   2.335614929e+02 
 5839.528    1.000000   2.335614929e+02 
 5839.528    5.000000   2.335478668e+02 
 5839.528   10.000000   2.220714722e+02 
 5839.528   12.000000   2.169995880e+02 
 5891.131    0.000000   2.306603699e+02 
 5891.131    1.000000   2.306603699e+02 
 5891.131    5.000000   2.306598663e+02 
 5891.131   10.000000   2.215678558e+02 
 5891.131   12.000000   2.170599518e+02 
 5943.654    0.000000   2.321006775e+02 
 5943.654    1.000000   2.321006775e+02 
 5943.654    5.000000   2.320996857e+02 
 5943.654   10.000000   2.219159698e+02 
 5943.654   12.000000   2.169881287e+02 
 5997.123    0.000000   2.339890900e+02 
 5997.123    1.000000   2.339890900e+02 
 5997.123    5.000000   2.339797363e+02 
 5997.123   10.000000   2.221767883e+02 
 5997.123   12.000000   2.168988495e+02 
 6051.562    0.000000   2.303559113e+02 
 6051.562    1.000000   2.303559113e+02 
 6051.562    5.000000   2.303529510e+02 
 6051.562   10.000000   2.214098053e+02 
 6051.562   12.000000   2.171626892e+02 
 6106.999    0.000000   2.358321075e+02 
 6106.999    1.000000   2.358321075e+02 
 6106.999    5.000000   2.357944489e+02 
 6106.999   10.000000   2.222645569e+02 
 6106.999   12.000000   2.168081207e+02 
 6163.460    0.000000   2.334456635e+02 
 6163.460    1.000000   2.334456635e+02 
 6163.460    5.000000   2.334367523e+02 
 6163.460   10.000000   2.220505676e+02 
 6163.460   12.000000   2.168536072e+02 
 6220.975    0.000000   2.424504395e+02 
 6220.975    1.000000   2.424504395e+02 
 6220.975    5.000000   2.420839844e+02 
 6220.975   10.000000   2.227592773e+02 
 6220.975   12.000000   2.167165070e+02 
 6279.574    0.000000   2.468214417e+02 
 6279.574    1.000000   2.468214417e+02 
 6279.574    5.000000   2.456021271e+02 
 6279.574   10.000000   2.229246826e+02 
 6279.574   12.000000   2.167107697e+02 
 6339.288    0.000000   2.385744629e+02 
 6339.288    1.000000   2.385744629e+02 
 6339.288    5.000000   2.381877441e+02 
 6339.288   10.000000   2.224824677e+02 
 6339.288   12.000000   2.167554474e+02 
 6400.147    0.000000   2.298557434e+02 
 6400.147    1.000000   2.298557434e+02 
 6400.147    5.000000   2.298553619e+02 
 6400.147   10.000000   2.212994537e+02 
 6400.147   12.000000   2.171251984e+02 
 6462.188    0.000000   2.312031555e+02 
 6462.188    1.000000   2.312031555e+02 
 6462.188    5.000000   2.312009735e+02 
 6462.188   10.000000   2.215930023e+02 
 6462.188   12.000000   2.169475098e+02 
 6525.442    0.000000   2.308126526e+02 
 6525.442    1.000000   2.308126526e+02 
 6525.442    5.000000   2.308123169e+02 
 6525.442   10.000000   2.216302338e+02 
 6525.442   12.000000   2.169987335e+02 
 6589.947    0.000000   2.307379150e+02 
 6589.947    1.000000   2.307379150e+02 
 6589.947    5.000000   2.307375946e+02 
 6589.947   10.000000   2.217679596e+02 
 6589.947   12.000000   2.170137024e+02 
 6655.740    0.000000   2.299810028e+02 
 6655.740    1.000000   2.299810028e+02 
 6655.740    5.000000   2.299808655e+02 
 6655.740   10.000000   2.215408478e+02 
 6655.740   12.000000   2.170493011e+02 
 6722.860    0.000000   2.390554504e+02 
 6722.860    1.000000   2.390554504e+02 
 6722.860    5.000000   2.387829590e+02 
 6722.860   10.000000   2.226146240e+02 
 6722.860   12.000000   2.167864990e+02 
 6791.348    0.000000   2.386288452e+02 
 6791.348    1.000000   2.386288452e+02 
 6791.348    5.000000   2.382820129e+02 
 6791.348   10.000000   2.225309753e+02 
 6791.348   12.000000   2.167736206e+02 
 6861.245    0.000000   2.373328705e+02 
 6861.245    1.000000   2.373328705e+02 
 6861.245    5.000000   2.371193237e+02 
 6861.245   10.000000   2.223096161e+02 
 6861.245   12.000000   2.168071899e+02 
 6932.596    0.000000   2.457387085e+02 
 6932.596    1.000000   2.457387085e+02 
 6932.596    5.000000   2.439141541e+02 
 6932.596   10.000000   2.228600769e+02 
 6932.596   12.000000   2.167519531e+02 
 7005.447    0.000000   2.446044769e+02 
 7005.447    1.000000   2.446044769e+02 
 7005.447    5.000000   2.436541138e+02 
 7005.447   10.000000   2.229675598e+02 
 7005.447   12.000000   2.167072449e+02 
 7079.846    0.000000   2.494181366e+02 
 7079.846    1.000000   2.494178009e+02 
 7079.846    5.000000   2.458381958e+02 
 7079.846   10.000000   2.228359985e+02 
 7079.846   12.000000   2.167322693e+02 
 7155.841    0.000000   2.458840790e+02 
 7155.841    1.000000   2.458840790e+02 
 7155.841    5.000000   2.441688538e+02 
 7155.841   10.000000   2.228441772e+02 
 7155.841   12.000000   2.167324677e+02 
 7233.486    0.000000   2.537527924e+02 
 7233.486    1.000000   2.537448883e+02 
 7233.486    5.000000   2.481457520e+02 
 7233.486   10.000000   2.230275269e+02 
 7233.486   12.000000   2.167171173e+02 
 7312.834    0.000000   2.503267059e+02 
 7312.834    1.000000   2.503220062e+02 
 7312.834    5.000000   2.460162506e+02 
 7312.834   10.000000   2.229314270e+02 
 7312.834   12.000000   2.167604370e+02 
 7393.943    0.000000   2.592554321e+02 
 7393.943    1.000000   2.588806152e+02 
 7393.943    5.000000   2.491833344e+02 
 7393.943   10.000000   2.226540070e+02 
 7393.943   12.000000   2.168056793e+02 
 7476.871    0.000000   2.571158142e+02 
 7476.871    1.000000   2.565282288e+02 
 7476.871    5.000000   2.469234619e+02 
 7476.871   10.000000   2.227032471e+02 
 7476.871   12.000000   2.169477997e+02 
 7561.680    0.000000   2.619980164e+02 
 7561.680    1.000000   2.611672363e+02 
 7561.680    5.000000   2.501359406e+02 
 7561.680   10.000000   2.228374786e+02 
 7561.680   12.000000   2.167394257e+02 
 7648.435    0.000000   2.517188721e+02 
 7648.435    1.000000   2.510757446e+02 
 7648.435    5.000000   2.427767944e+02 
 7648.435   10.000000   2.220734100e+02 
 7648.435   12.000000   2.173300781e+02 
 7737.205    0.000000   2.593669434e+02 
 7737.205    1.000000   2.580945129e+02 
 7737.205    5.000000   2.461604614e+02 
 7737.205   10.000000   2.222233734e+02 
 7737.205   12.000000   2.169324646e+02 
 7828.059    0.000000   2.602471313e+02 
 7828.059    1.000000   2.589133606e+02 
 7828.059    5.000000   2.461089783e+02 
 7828.059   10.000000   2.222303467e+02 
 7828.059   12.000000   2.169680786e+02 
 7921.072    0.000000   2.630215149e+02 
 7921.072    1.000000   2.616264343e+02 
 7921.072    5.000000   2.478190155e+02 
 7921.072   10.000000   2.225036774e+02 
 7921.072   12.000000   2.168805695e+02 
 8016.322    0.000000   2.739173279e+02 
 8016.322    1.000000   2.716522217e+02 
 8016.322    5.000000   2.520796661e+02 
 8016.322   10.000000   2.228106384e+02 
 8016.322   12.000000   2.167438202e+02 
 8113.891    0.000000   2.798294067e+02 
 8113.891    1.000000   2.773790283e+02 
 8113.891    5.000000   2.544461517e+02 
 8113.891   10.000000   2.231649933e+02 
 8113.891   12.000000   2.167148285e+02 
 8213.864    0.000000   2.788870850e+02 
 8213.864    1.000000   2.764436951e+02 
 8213.864    5.000000   2.548168640e+02 
 8213.864   10.000000   2.232536163e+02 
 8213.864   12.000000   2.167060394e+02 
 8316.332    0.000000   2.823608093e+02 
 8316.332    1.000000   2.800963745e+02 
 8316.332    5.000000   2.554185028e+02 
 8316.332   10.000000   2.232737274e+02 
 8316.332   12.000000   2.167090454e+02 
 8421.389    0.000000   2.817900391e+02 
 8421.389    1.000000   2.794520264e+02 
 8421.389    5.000000   2.551054077e+02 
 8421.389   10.000000   2.232496490e+02 
 8421.389   12.000000   2.167311554e+02 
 8529.134    0.000000   2.801741943e+02 
 8529.134    1.000000   2.780842590e+02 
 8529.134    5.000000   2.549804382e+02 
 8529.134   10.000000   2.232601624e+02 
 8529.134   12.000000   2.167523041e+02 
 8639.672    0.000000   2.816417542e+02 
 8639.672    1.000000   2.795668030e+02 
 8639.672    5.000000   2.548574677e+02 
 8639.672   10.000000   2.232303772e+02 
 8639.672   12.000000   2.167844391e+02 
 8753.112    0.000000   2.807866211e+02 
 8753.112    1.000000   2.788874207e+02 
 8753.112    5.000000   2.549488373e+02 
 8753.112   10.000000   2.233008423e+02 
 8753.112   12.000000   2.168537598e+02 
 8869.572    0.000000   2.816860046e+02 
 8869.572    1.000000   2.799381409e+02 
 8869.572    5.000000   2.549735718e+02 
 8869.572   10.000000   2.232685394e+02 
 8869.572   12.000000   2.168526154e+02 
 8989.173    0.000000   2.819311218e+02 
 8989.173    1.000000   2.801421814e+02 
 8989.173    5.000000   2.551188507e+02 
 8989.173   10.000000   2.232680817e+02 
 8989.173   12.000000   2.168125153e+02 
 9112.043    0.000000   2.816259460e+02 
 9112.043    1.000000   2.799487305e+02 
 9112.043    5.000000   2.550673065e+02 
 9112.043   10.000000   2.233203430e+02 
 9112.043   12.000000   2.168924103e+02 
 9238.318    0.000000   2.815760803e+02 
 9238.318    1.000000   2.798768921e+02 
 9238.318    5.000000   2.549177399e+02 
 9238.318   10.000000   2.233348694e+02 
 9238.318   12.000000   2.169368286e+02 
 9368.144    0.000000   2.734760437e+02 
 9368.144    1.000000   2.717397766e+02 
 9368.144    5.000000   2.502956543e+02 
 9368.144   10.000000   2.239386444e+02 
 9368.144   12.000000   2.189009705e+02 
 9501.670    0.000000   2.525240784e+02 
 9501.670    1.000000   2.512659607e+02 
 9501.670    5.000000   2.389400177e+02 
 9501.670   10.000000   2.254382172e+02 
 9501.670   12.000000   2.231242828e+02 
 9639.058    0.000000   2.584681702e+02 
 9639.058    1.000000   2.571517944e+02 
 9639.058    5.000000   2.418499298e+02 
 9639.058   10.000000   2.245191803e+02 
 9639.058   12.000000   2.214489136e+02 
 9780.478    0.000000   2.605285339e+02 
 9780.478    1.000000   2.591455688e+02 
 9780.478    5.000000   2.431539459e+02 
 9780.478   10.000000   2.249050293e+02 
 9780.478   12.000000   2.216304626e+02 
 9926.108    0.000000   2.714115601e+02 
 9926.108    1.000000   2.699533997e+02 
 9926.108    5.000000   2.490250549e+02 
 9926.108   10.000000   2.238370514e+02 
 9926.108   12.000000   2.190518036e+02 
10076.143    0.000000   2.800899353e+02 
10076.143    1.000000   2.788304749e+02 
10076.143    5.000000   2.542217407e+02 
10076.143   10.000000   2.236445770e+02 
10076.143   12.000000   2.175319824e+02 
10230.781    0.000000   2.819766235e+02 
10230.781    1.000000   2.805266113e+02 
10230.781    5.000000   2.553888397e+02 
10230.781   10.000000   2.233204803e+02 
10230.781   12.000000   2.167825470e+02 
10390.241    0.000000   2.823114014e+02 
10390.241    1.000000   2.810989990e+02 
10390.241    5.000000   2.556077271e+02 
10390.241   10.000000   2.233008728e+02 
10390.241   12.000000   2.167109680e+02 
10554.751    0.000000   2.822403870e+02 
10554.751    1.000000   2.808973999e+02 
10554.751    5.000000   2.555894165e+02 
10554.751   10.000000   2.232941895e+02 
10554.751   12.000000   2.167010651e+02 
10724.555    0.000000   2.822645874e+02 
10724.555    1.000000   2.811891785e+02 
10724.555    5.000000   2.556459808e+02 
10724.555   10.000000   2.232971191e+02 
10724.555   12.000000   2.167002869e+02 
10899.911    0.000000   2.823387146e+02 
10899.911    1.000000   2.811661377e+02 
10899.911    5.000000   2.556772919e+02 
10899.911   10.000000   2.232996674e+02 
10899.911   12.000000   2.167000275e+02 
11081.098    0.000000   2.822041931e+02 
11081.098    1.000000   2.811311646e+02 
11081.098    5.000000   2.556785736e+02 
11081.098   10.000000   2.232998352e+02 
11081.098   12.000000   2.167000122e+02 
11268.410    0.000000   2.820816650e+02 
11268.410    1.000000   2.809146423e+02 
11268.410    5.000000   2.556638184e+02 
11268.410   10.000000   2.232995453e+02 
11268.410   12.000000   2.167000122e+02 
11462.165    0.000000   2.819929810e+02 
11462.165    1.000000   2.809192810e+02 
11462.165    5.000000   2.556645355e+02 
11462.165   10.000000   2.232994537e+02 
11462.165   12.000000   2.167000580e+02 
11662.700    0.000000   2.818850708e+02 
11662.700    1.000000   2.806877136e+02 
11662.700    5.000000   2.556560059e+02 
11662.700   10.000000   2.232993164e+02 
11662.700   12.000000   2.167000580e+02 
11870.377    0.000000   2.819190979e+02 
11870.377    1.000000   2.808289795e+02 
11870.377    5.000000   2.556569519e+02 
11870.377   10.000000   2.232988434e+02 
11870.377   12.000000   2.167001495e+02 
12085.585    0.000000   2.819079285e+02 
12085.585    1.000000   2.808645935e+02 
12085.585    5.000000   2.556398773e+02 
12085.585   10.000000   2.232983246e+02 
12085.585   12.000000   2.167028351e+02 
12308.741    0.000000   2.815232544e+02 
12308.741    1.000000   2.803094177e+02 
12308.741    5.000000   2.555501404e+02 
12308.741   10.000000   2.232931213e+02 
12308.741   12.000000   2.167104492e+02 
12540.294    0.000000   2.786782837e+02 
12540.294    1.000000   2.769833984e+02 
12540.294    5.000000   2.548407745e+02 
12540.294   10.000000   2.232524567e+02 
12540.294   12.000000   2.167320862e+02 
12780.727    0.000000   2.794341736e+02 
12780.727    1.000000   2.781678772e+02 
12780.727    5.000000   2.552249146e+02 
12780.727   10.000000   2.232714233e+02 
12780.727   12.000000   2.167184906e+02 
13030.561    0.000000   2.798156433e+02 
13030.561    1.000000   2.782021179e+02 
13030.561    5.000000   2.547736206e+02 
13030.561   10.000000   2.232232056e+02 
13030.561   12.000000   2.167486725e+02 
13290.356    0.000000   2.701199646e+02 
13290.356    1.000000   2.684524231e+02 
13290.356    5.000000   2.511166840e+02 
13290.356   10.000000   2.229652863e+02 
13290.356   12.000000   2.168313751e+02 
13560.725    0.000000   2.543001556e+02 
13560.725    1.000000   2.535837097e+02 
13560.725    5.000000   2.440639038e+02 
13560.725   10.000000   2.224756470e+02 
13560.725   12.000000   2.173058472e+02 
13842.322    0.000000   2.460854797e+02 
13842.322    1.000000   2.456069336e+02 
13842.322    5.000000   2.389178467e+02 
13842.322   10.000000   2.223797760e+02 
13842.322   12.000000   2.181858826e+02 
14135.864    0.000000   2.322783051e+02 
14135.864    1.000000   2.322725067e+02 
14135.864    5.000000   2.310421600e+02 
14135.864   10.000000   2.212076874e+02 
14135.864   12.000000   2.180979919e+02 
14442.127    0.000000   2.219209442e+02 
14442.127    1.000000   2.219209442e+02 
14442.127    5.000000   2.219201965e+02 
14442.127   10.000000   2.212573090e+02 
14442.127   12.000000   2.206897278e+02 
14761.957    0.000000   2.229161377e+02 
14761.957    1.000000   2.229161377e+02 
14761.957    5.000000   2.229161377e+02 
14761.957   10.000000   2.229161072e+02 
14761.957   12.000000   2.229155884e+02 
15096.274    0.000000   2.277619171e+02 
15096.274    1.000000   2.277619171e+02 
15096.274    5.000000   2.277619171e+02 
15096.274   10.000000   2.277619171e+02 
15096.274   12.000000   2.277619171e+02 
15446.088    0.000000   2.224221954e+02 
15446.088    1.000000   2.224221954e+02 
15446.088    5.000000   2.224221954e+02 
15446.088   10.000000   2.223759308e+02 
15446.088   12.000000   2.222743073e+02 
15812.500    0.000000   2.255209198e+02 
15812.500    1.000000   2.255208893e+02 
15812.500    5.000000   2.253524323e+02 
15812.500   10.000000   2.205960541e+02 
15812.500   12.000000   2.185777130e+02 
16196.722    0.000000   2.422378387e+02 
16196.722    1.000000   2.420831757e+02 
16196.722    5.000000   2.375718994e+02 
16196.722   10.000000   2.220964813e+02 
16196.722   12.000000   2.178101349e+02 
16600.082    0.000000   2.510839844e+02 
16600.082    1.000000   2.507517700e+02 
16600.082    5.000000   2.433489075e+02 
16600.082   10.000000   2.221898193e+02 
16600.082   12.000000   2.168634796e+02 
17024.051    0.000000   2.574593201e+02 
17024.051    1.000000   2.568719177e+02 
17024.051    5.000000   2.480625763e+02 
17024.051   10.000000   2.227668152e+02 
17024.051   12.000000   2.168337708e+02 
17470.248    0.000000   2.632315979e+02 
17470.248    1.000000   2.628618469e+02 
17470.248    5.000000   2.519632721e+02 
17470.248   10.000000   2.231811218e+02 
17470.248   12.000000   2.167162476e+02 
17940.467    0.000000   2.710391235e+02 
17940.467    1.000000   2.698616943e+02 
17940.467    5.000000   2.536995239e+02 
17940.467   10.000000   2.232623291e+02 
17940.467   12.000000   2.167026825e+02 
18436.703    0.000000   2.642233276e+02 
18436.703    1.000000   2.637020264e+02 
18436.703    5.000000   2.520079346e+02 
18436.703   10.000000   2.232518005e+02 
18436.703   12.000000   2.167023773e+02 
18961.180    0.000000   2.679671631e+02 
18961.180    1.000000   2.673591309e+02 
18961.180    5.000000   2.534866333e+02 
18961.180   10.000000   2.232754517e+02 
18961.180   12.000000   2.167004547e+02 
19516.375    0.000000   2.583916626e+02 
19516.375    1.000000   2.582574158e+02 
19516.375    5.000000   2.498817902e+02 
19516.375   10.000000   2.232565460e+02 
19516.375   12.000000   2.167006226e+02 
20105.072    0.000000   2.624505920e+02 
20105.072    1.000000   2.622568970e+02 
20105.072    5.000000   2.520572815e+02 
20105.072   10.000000   2.232770386e+02 
20105.072   12.000000   2.167002869e+02 
20730.396    0.000000   2.626696167e+02 
20730.396    1.000000   2.625476685e+02 
20730.396    5.000000   2.524615631e+02 
20730.396   10.000000   2.232723694e+02 
20730.396   12.000000   2.167002716e+02 
21395.881    0.000000   2.568629761e+02 
21395.881    1.000000   2.568453674e+02 
21395.881    5.000000   2.499808197e+02 
21395.881   10.000000   2.232499695e+02 
21395.881   12.000000   2.167007446e+02 
22105.520    0.000000   2.540304565e+02 
22105.520    1.000000   2.540269165e+02 
22105.520    5.000000   2.485179901e+02 
22105.520   10.000000   2.232025146e+02 
22105.520   12.000000   2.167015533e+02 
22863.861    0.000000   2.553486023e+02 
22863.861    1.000000   2.553374329e+02 
22863.861    5.000000   2.492021332e+02 
22863.861   10.000000   2.232237091e+02 
22863.861   12.000000   2.167012024e+02 
23676.100    0.000000   2.469859161e+02 
23676.100    1.000000   2.469859009e+02 
23676.100    5.000000   2.444252625e+02 
23676.100   10.000000   2.229720154e+02 
23676.100   12.000000   2.167041779e+02 
24548.193    0.000000   2.591016235e+02 
24548.193    1.000000   2.591001587e+02 
24548.193    5.000000   2.528968658e+02 
24548.193   10.000000   2.232837982e+02 
24548.193   12.000000   2.167001190e+02 
25487.014    0.000000   2.446859436e+02 
25487.014    1.000000   2.446859283e+02 
25487.014    5.000000   2.430734100e+02 
25487.014   10.000000   2.229048462e+02 
25487.014   12.000000   2.167050629e+02 
26500.527    0.000000   2.430485077e+02 
26500.527    1.000000   2.430485077e+02 
26500.527    5.000000   2.420485535e+02 
26500.527   10.000000   2.228951416e+02 
26500.527   12.000000   2.167045441e+02 
27598.021    0.000000   2.450454102e+02 
27598.021    1.000000   2.450454102e+02 
27598.021    5.000000   2.436610260e+02 
27598.021   10.000000   2.229305115e+02 
27598.021   12.000000   2.167035522e+02 
28790.389    0.000000   2.353225098e+02 
28790.389    1.000000   2.353225098e+02 
28790.389    5.000000   2.353067932e+02 
28790.389   10.000000   2.221697693e+02 
28790.389   12.000000   2.167170715e+02 
30090.498    0.000000   2.354066010e+02 
30090.498    1.000000   2.354066010e+02 
30090.498    5.000000   2.353962555e+02 
30090.498   10.000000   2.222728729e+02 
30090.498   12.000000   2.167149353e+02 
31513.648    0.000000   2.379558716e+02 
31513.648    1.000000   2.379558716e+02 
31513.648    5.000000   2.379049072e+02 
31513.648   10.000000   2.223442535e+02 
31513.648   12.000000   2.167256317e+02 
33078.184    0.000000   2.336259918e+02 
33078.184    1.000000   2.336259918e+02 
33078.184    5.000000   2.336242065e+02 
33078.184   10.000000   2.220613708e+02 
33078.184   12.000000   2.167223663e+02 
34806.297    0.000000   2.315028229e+02 
34806.297    1.000000   2.315028229e+02 
34806.297    5.000000   2.315012512e+02 
34806.297   10.000000   2.218981628e+02 
34806.297   12.000000   2.167240753e+02 
36725.066    0.000000   2.308909760e+02 
36725.066    1.000000   2.308909760e+02 
36725.066    5.000000   2.308906097e+02 
36725.066   10.000000   2.217315216e+02 
36725.066   12.000000   2.167312317e+02 
38867.926    0.000000   2.307765198e+02 
38867.926    1.000000   2.307765198e+02 
38867.926    5.000000   2.307764130e+02 
38867.926   10.000000   2.218835144e+02 
38867.926   12.000000   2.167315979e+02 
41276.598    0.000000   2.294007568e+02 
41276.598    1.000000   2.294007568e+02 
41276.598    5.000000   2.294007263e+02 
41276.598   10.000000   2.213285522e+02 
41276.598   12.000000   2.167367706e+02 
44003.867    0.000000   2.240233154e+02 
44003.867    1.000000   2.240233154e+02 
44003.867    5.000000   2.240233154e+02 
44003.867   10.000000   2.205195160e+02 
44003.867   12.000000   2.168317108e+02 
47117.516    0.000000   2.252626953e+02 
47117.516    1.000000   2.252626953e+02 
47117.516    5.000000   2.252626953e+02 
47117.516   10.000000   2.210071564e+02 
47117.516   12.000000   2.167713318e+02 
50706.035    0.000000   2.243514404e+02 
50706.035    1.000000   2.243514404e+02 
50706.035    5.000000   2.243514404e+02 
50706.035   10.000000   2.208318329e+02 
50706.035   12.000000   2.168169250e+02 
54887.219    0.000000   2.239021301e+02 
54887.219    1.000000   2.239021301e+02 
54887.219    5.000000   2.239021301e+02 
54887.219   10.000000   2.205988617e+02 
54887.219   12.000000   2.167977753e+02 
59821.430    0.000000   2.230877075e+02 
59821.430    1.000000   2.230877075e+02 
59821.430    5.000000   2.230877075e+02 
59821.430   10.000000   2.203728790e+02 
59821.430   12.000000   2.168152313e+02 
65732.758    0.000000   2.209665833e+02 
65732.758    1.000000   2.209665833e+02 
65732.758    5.000000   2.209665833e+02 
65732.758   10.000000   2.194816742e+02 
65732.758   12.000000   2.169226379e+02 
72944.297    0.000000   2.220453949e+02 
72944.297    1.000000   2.220453949e+02 
72944.297    5.000000   2.220453949e+02 
72944.297   10.000000   2.198790741e+02 
72944.297   12.000000   2.168755493e+02 
81939.797    0.000000   2.210806122e+02 
81939.797    1.000000   2.210806122e+02 
81939.797    5.000000   2.210806122e+02 
81939.797   10.000000   2.195704803e+02 
81939.797   12.000000   2.168794098e+02 
93478.258    0.000000   2.217921448e+02 
93478.258    1.000000   2.217921448e+02 
93478.258    5.000000   2.217921448e+02 
93478.258   10.000000   2.198015137e+02 
93478.258   12.000000   2.169252319e+02 
