  300.000  2.025884e+00  3.183192e+00  1.041815e+00  1.958117e-01  4.582882e-01  1.658100e-01 
  301.000  3.834567e+00  6.062327e+00  1.979379e+00  3.705949e-01  8.766454e-01  3.150279e-01 
  302.000  4.565290e+00  7.227186e+00  2.358495e+00  4.411749e-01  1.048573e+00  3.753662e-01 
  303.000  1.103430e+01  1.755967e+01  5.718795e+00  1.066214e+00  2.557072e+00  9.101744e-01 
  304.000  1.275064e+01  2.022983e+01  6.596095e+00  1.231943e+00  2.953793e+00  1.049801e+00 
  305.000  1.966082e+01  3.132541e+01  1.019725e+01  1.899407e+00  4.588812e+00  1.622942e+00 
  306.000  2.003630e+01  3.177551e+01  1.036236e+01  1.935499e+00  4.665579e+00  1.649221e+00 
  307.000  2.876324e+01  4.561723e+01  1.487609e+01  2.778253e+00  6.715281e+00  2.367604e+00 
  308.000  3.645704e+01  5.765276e+01  1.882196e+01  3.521082e+00  8.505938e+00  2.995608e+00 
  309.000  3.678915e+01  5.783500e+01  1.892483e+01  3.552839e+00  8.548649e+00  3.011980e+00 
  310.000  3.916078e+01  6.145011e+01  2.012218e+01  3.781505e+00  9.104714e+00  3.202544e+00 
  311.000  6.765346e+01  1.050957e+02  3.454982e+01  6.532276e+00  1.559419e+01  5.498775e+00 
  312.000  6.343353e+01  9.803162e+01  3.229303e+01  6.124271e+00  1.457197e+01  5.139596e+00 
  313.000  7.502376e+01  1.150795e+02  3.802065e+01  7.242606e+00  1.713403e+01  6.051174e+00 
  314.000  8.488470e+01  1.288792e+02  4.275278e+01  8.193841e+00  1.921539e+01  6.804316e+00 
  315.000  9.070876e+01  1.368644e+02  4.551464e+01  8.755234e+00  2.043874e+01  7.243880e+00 
  316.000  7.470017e+01  1.113267e+02  3.720538e+01  7.209451e+00  1.664532e+01  5.921421e+00 
  317.000  1.161420e+02  1.714851e+02  5.752542e+01  1.120808e+01  2.567497e+01  9.155455e+00 
  318.000  1.018241e+02  1.487188e+02  5.010857e+01  9.825541e+00  2.229311e+01  7.975027e+00 
  319.000  1.205839e+02  1.750613e+02  5.912905e+01  1.163475e+01  2.628036e+01  9.410680e+00 
  320.000  1.339262e+02  1.899711e+02  6.477947e+01  1.292094e+01  2.854172e+01  1.030997e+01 
  321.000  1.338494e+02  1.900285e+02  6.477557e+01  1.291251e+01  2.859340e+01  1.030935e+01 
  322.000  1.402706e+02  1.947355e+02  6.700121e+01  1.353078e+01  2.932600e+01  1.066358e+01 
  323.000  1.242438e+02  1.708278e+02  5.901432e+01  1.198378e+01  2.575618e+01  9.392421e+00 
  324.000  1.570984e+02  2.145948e+02  7.433862e+01  1.515143e+01  3.239944e+01  1.183136e+01 
  325.000  1.606269e+02  2.142489e+02  7.497517e+01  1.549049e+01  3.236803e+01  1.193267e+01 
  326.000  2.149362e+02  2.846607e+02  9.991939e+01  2.072626e+01  4.305840e+01  1.590266e+01 
  327.000  2.177766e+02  2.848891e+02  1.005331e+02  2.099845e+01  4.314001e+01  1.600035e+01 
  328.000  2.060686e+02  2.638129e+02  9.397630e+01  1.986794e+01  3.997597e+01  1.495679e+01 
  329.000  2.322229e+02  2.952910e+02  1.055028e+02  2.238770e+01  4.480422e+01  1.679129e+01 
  330.000  2.616554e+02  3.281153e+02  1.179541e+02  2.522326e+01  4.983125e+01  1.877298e+01 
  331.000  2.263041e+02  2.777959e+02  1.008200e+02  2.181367e+01  4.221903e+01  1.604600e+01 
  332.000  2.383328e+02  2.900486e+02  1.056763e+02  2.297133e+01  4.413183e+01  1.681890e+01 
  333.000  2.376867e+02  2.850920e+02  1.045557e+02  2.290727e+01  4.341907e+01  1.664056e+01 
  334.000  2.324765e+02  2.740117e+02  1.012976e+02  2.240334e+01  4.176565e+01  1.612202e+01 
  335.000  2.494025e+02  2.907822e+02  1.080369e+02  2.403263e+01  4.436897e+01  1.719461e+01 
  336.000  2.107198e+02  2.423073e+02  9.060542e+01  2.030364e+01  3.700537e+01  1.442030e+01 
  337.000  2.082466e+02  2.353054e+02  8.871040e+01  2.006375e+01  3.596461e+01  1.411870e+01 
  338.000  2.403316e+02  2.679864e+02  1.016636e+02  2.315307e+01  4.099765e+01  1.618026e+01 
  339.000  2.598668e+02  2.860557e+02  1.091845e+02  2.503295e+01  4.380109e+01  1.737725e+01 
  340.000  2.917348e+02  3.158557e+02  1.215181e+02  2.810032e+01  4.840050e+01  1.934021e+01 
