  256.300  0.000000e+00  0.000000e+00  0.000000e+00  0.000000e+00 
  277.948  0.000000e+00  0.000000e+00  0.000000e+00  0.000000e+00 
  295.127  5.603977e-03  8.569057e-03  3.273305e-03  2.147176e-03 
  317.306  1.725353e+00  2.788993e+00  1.042564e+00  6.866449e-01 
  345.136  8.171721e+00  9.224400e+00  4.017546e+00  2.576021e+00 
  385.000  1.670488e+01  1.218928e+01  6.672920e+00  4.134736e+00 
  429.773  2.903291e+01  1.508705e+01  1.018916e+01  6.151551e+00 
  484.863  5.320258e+01  2.089797e+01  1.711292e+01  1.012762e+01 
  528.840  1.798802e+01  6.075711e+00  5.557309e+00  3.256227e+00 
  544.800  7.701536e+00  2.483633e+00  2.352175e+00  1.374182e+00 
  558.050  1.380606e+01  4.307167e+00  4.183088e+00  2.438798e+00 
  585.800  3.039335e+01  8.725332e+00  9.034111e+00  5.240524e+00 
  615.000  1.546931e+01  4.264555e+00  4.557352e+00  2.637348e+00 
  645.850  3.060479e+01  7.957313e+00  8.905566e+00  5.136390e+00 
  675.439  1.251730e+01  3.182343e+00  3.625683e+00  2.088527e+00 
  694.313  1.288728e+01  3.037160e+00  3.677624e+00  2.109671e+00 
  723.531  2.196575e+01  4.936045e+00  6.212799e+00  3.555008e+00 
  767.046  2.689191e+01  6.299249e+00  7.665207e+00  4.395735e+00 
  817.968  2.574455e+01  5.434736e+00  7.200641e+00  4.107136e+00 
  866.714  2.133475e+01  4.670091e+00  6.005567e+00  3.431825e+00 
  931.938  2.193846e+01  3.699328e+00  5.921094e+00  3.341855e+00 
 1010.320  2.481914e+01  4.936592e+00  6.871828e+00  3.908130e+00 
 1119.970  2.865053e+01  4.706091e+00  7.703647e+00  4.343073e+00 
 1355.060  3.173557e+01  3.663551e+00  8.175361e+00  4.547880e+00 
 1564.700  1.251513e+01  1.071595e+00  3.137739e+00  1.730167e+00 
 1789.120  1.539784e+01  6.648819e-01  3.709622e+00  2.017821e+00 
 2059.130  6.701183e+00  1.024665e-01  1.571290e+00  8.464553e-01 
 2214.330  4.589522e+00  4.343215e-02  1.069950e+00  5.751820e-01 
 2638.540  2.953260e+00  3.471474e-04  6.821544e-01  3.654402e-01 
 3318.660  2.229660e+00  1.262459e-04  5.149947e-01  2.758796e-01 
 3813.210  1.548944e+00  5.349393e-05  3.577369e-01  1.916446e-01 
 4298.320  5.801853e-01  8.207644e-06  1.339998e-01  7.178277e-02 
