   0.000000  0.000000e+00  2.451121e+00  3.628141e+00 
   0.100000  0.000000e+00  2.430662e+00  3.629471e+00 
   0.200000  0.000000e+00  2.413946e+00  3.620064e+00 
   0.300000  0.000000e+00  2.400758e+00  3.603631e+00 
   0.400000  0.000000e+00  2.390996e+00  3.582325e+00 
   0.500000  0.000000e+00  2.384660e+00  3.557401e+00 
   0.600000  0.000000e+00  2.381936e+00  3.529587e+00 
   0.700000  0.000000e+00  2.383429e+00  3.499289e+00 
   0.800000  0.000000e+00  2.390682e+00  3.466676e+00 
   0.900000  0.000000e+00  2.407297e+00  3.431671e+00 
   1.000000  0.000000e+00  2.365742e+00  3.397171e+00 
   2.000000  0.000000e+00  2.183983e+00  3.108466e+00 
   2.250000  0.000000e+00  2.020257e+00  2.515658e+00 
   2.500000  0.000000e+00  1.878937e+00  2.213109e+00 
   2.750000  0.000000e+00  1.762859e+00  2.020309e+00 
   3.000000  0.000000e+00  1.627818e+00  1.867817e+00 
   3.250000  0.000000e+00  1.485114e+00  1.742059e+00 
   3.500000  0.000000e+00  1.289529e+00  1.626274e+00 
   3.750000  0.000000e+00  9.634169e-01  1.508295e+00 
   4.000000  0.000000e+00  2.238239e-01  1.370109e+00 
   5.000000  0.000000e+00  9.105170e-02  1.352543e+00 
   6.000000  0.000000e+00  3.206329e-02  1.323269e+00 
   7.000000  0.000000e+00  9.599280e-03  1.301117e+00 
   8.000000  0.000000e+00  2.240536e-03  1.287526e+00 
   9.000000  0.000000e+00  3.050405e-04  1.280566e+00 
  10.000000  0.000000e+00 -4.281591e-05  1.277817e+00 
  20.000000  0.000000e+00  4.089867e-05  1.271032e+00 
  30.000000  0.000000e+00  3.305197e-05  1.269928e+00 
  40.000000  0.000000e+00  7.501045e-06  1.269843e+00 
 120.000000  0.000000e+00 -1.847411e-13  1.269843e+00 
   0.000000  0.000000e+00  5.503184e+00  5.554360e+00 
   0.100000  0.000000e+00  5.396897e+00  5.488519e+00 
   0.200000  0.000000e+00  5.292562e+00  5.393999e+00 
   0.300000  0.000000e+00  5.188379e+00  5.294841e+00 
   0.400000  0.000000e+00  5.084069e+00  5.193562e+00 
   0.500000  0.000000e+00  4.979428e+00  5.091249e+00 
   0.600000  0.000000e+00  4.874324e+00  4.988444e+00 
   0.700000  0.000000e+00  4.768874e+00  4.885404e+00 
   0.800000  0.000000e+00  4.663971e+00  4.782193e+00 
   0.900000  0.000000e+00  4.562727e+00  4.678656e+00 
   1.000000  0.000000e+00  4.446710e+00  4.576147e+00 
   2.000000  0.000000e+00  3.586797e+00  3.716017e+00 
   2.250000  0.000000e+00  3.402049e+00  3.518259e+00 
   2.500000  0.000000e+00  3.216769e+00  3.330559e+00 
   2.750000  0.000000e+00  3.033876e+00  3.145498e+00 
   3.000000  0.000000e+00  2.839852e+00  2.961464e+00 
   3.250000  0.000000e+00  2.682742e+00  2.815853e+00 
   3.500000  0.000000e+00  2.518889e+00  2.662821e+00 
   3.750000  0.000000e+00  2.333930e+00  2.509465e+00 
   4.000000  0.000000e+00  2.017407e+00  2.357975e+00 
   5.000000  0.000000e+00  1.396442e+00  1.985343e+00 
   6.000000  0.000000e+00  8.560072e-01  1.677569e+00 
   7.000000  0.000000e+00  4.371629e-01  1.454680e+00 
   8.000000  0.000000e+00  1.913790e-01  1.300852e+00 
   9.000000  0.000000e+00  8.307701e-02  1.205961e+00 
  10.000000  0.000000e+00  4.266993e-02  1.159952e+00 
  20.000000  0.000000e+00  1.680656e-03  1.121005e+00 
  30.000000  0.000000e+00  2.730085e-04  1.120505e+00 
  40.000000  0.000000e+00  5.842135e-05  1.120570e+00 
 120.000000  0.000000e+00 -2.216893e-13  1.120617e+00 
   0.000000  0.000000e+00  1.872237e+01  1.878485e+01 
   0.100000  0.000000e+00  1.841492e+01  1.854176e+01 
   0.200000  0.000000e+00  1.811135e+01  1.824466e+01 
   0.300000  0.000000e+00  1.780813e+01  1.794253e+01 
   0.400000  0.000000e+00  1.750497e+01  1.763955e+01 
   0.500000  0.000000e+00  1.720179e+01  1.733644e+01 
   0.600000  0.000000e+00  1.689852e+01  1.703332e+01 
   0.700000  0.000000e+00  1.659484e+01  1.673021e+01 
   0.800000  0.000000e+00  1.629005e+01  1.642719e+01 
   0.900000  0.000000e+00  1.598644e+01  1.612408e+01 
   1.000000  0.000000e+00  1.566077e+01  1.582255e+01 
   2.000000  0.000000e+00  1.301343e+01  1.319748e+01 
   2.250000  0.000000e+00  1.243852e+01  1.261891e+01 
   2.500000  0.000000e+00  1.186325e+01  1.204339e+01 
   2.750000  0.000000e+00  1.128840e+01  1.146844e+01 
   3.000000  0.000000e+00  1.069241e+01  1.089477e+01 
   3.250000  0.000000e+00  1.019578e+01  1.042024e+01 
   3.500000  0.000000e+00  9.696989e+00  9.926220e+00 
   3.750000  0.000000e+00  9.181462e+00  9.432173e+00 
   4.000000  0.000000e+00  8.445683e+00  8.947678e+00 
   5.000000  0.000000e+00  6.449544e+00  7.484120e+00 
   6.000000  0.000000e+00  4.665095e+00  6.250699e+00 
   7.000000  0.000000e+00  3.065809e+00  5.299378e+00 
   8.000000  0.000000e+00  1.742694e+00  4.600508e+00 
   9.000000  0.000000e+00  8.833260e-01  4.124873e+00 
  10.000000  0.000000e+00  4.297937e-01  3.864020e+00 
  20.000000  0.000000e+00  3.305343e-02  3.621096e+00 
  30.000000  0.000000e+00  5.042577e-03  3.624821e+00 
  40.000000  0.000000e+00  1.012080e-03  3.626908e+00 
 120.000000  0.000000e+00 -6.096456e-13  3.627743e+00 
   0.000000  0.000000e+00  1.628984e+01  1.761874e+01 
   0.100000  0.000000e+00  1.603527e+01  1.757015e+01 
   0.200000  0.000000e+00  1.578743e+01  1.746542e+01 
   0.300000  0.000000e+00  1.554506e+01  1.733216e+01 
   0.400000  0.000000e+00  1.530876e+01  1.717764e+01 
   0.500000  0.000000e+00  1.508002e+01  1.700676e+01 
   0.600000  0.000000e+00  1.486161e+01  1.682291e+01 
   0.700000  0.000000e+00  1.465831e+01  1.662838e+01 
   0.800000  0.000000e+00  1.447804e+01  1.642454e+01 
   0.900000  0.000000e+00  1.433368e+01  1.621190e+01 
   1.000000  0.000000e+00  1.406373e+01  1.600233e+01 
   2.000000  0.000000e+00  1.256428e+01  1.417259e+01 
   2.250000  0.000000e+00  1.205140e+01  1.304895e+01 
   2.500000  0.000000e+00  1.153992e+01  1.234540e+01 
   2.750000  0.000000e+00  1.106893e+01  1.178042e+01 
   3.000000  0.000000e+00  1.053483e+01  1.126191e+01 
   3.250000  0.000000e+00  9.968925e+00  1.081576e+01 
   3.500000  0.000000e+00  9.222711e+00  1.037023e+01 
   3.750000  0.000000e+00  7.957076e+00  9.926261e+00 
   4.000000  0.000000e+00  4.941864e+00  9.480685e+00 
   5.000000  0.000000e+00  3.258034e+00  9.038994e+00 
   6.000000  0.000000e+00  1.997263e+00  8.552751e+00 
   7.000000  0.000000e+00  1.114803e+00  8.140890e+00 
   8.000000  0.000000e+00  5.963191e-01  7.815404e+00 
   9.000000  0.000000e+00  3.111760e-01  7.576915e+00 
  10.000000  0.000000e+00  1.663182e-01  7.416275e+00 
  20.000000  0.000000e+00  8.547644e-03  6.999660e+00 
  30.000000  0.000000e+00  8.980883e-04  6.980494e+00 
  40.000000  0.000000e+00  1.659600e-04  6.980047e+00 
 120.000000  0.000000e+00 -4.295231e-13  6.980126e+00 
   0.000000  0.000000e+00  1.785732e+01  2.597448e+01 
   0.100000  0.000000e+00  1.798203e+01  2.598638e+01 
   0.200000  0.000000e+00  1.811756e+01  2.598421e+01 
   0.300000  0.000000e+00  1.826403e+01  2.597108e+01 
   0.400000  0.000000e+00  1.842170e+01  2.594884e+01 
   0.500000  0.000000e+00  1.859110e+01  2.591860e+01 
   0.600000  0.000000e+00  1.877271e+01  2.588106e+01 
   0.700000  0.000000e+00  1.896742e+01  2.583668e+01 
   0.800000  0.000000e+00  1.917675e+01  2.578572e+01 
   0.900000  0.000000e+00  1.940391e+01  2.572825e+01 
   1.000000  0.000000e+00  1.932686e+01  2.567109e+01 
   2.000000  0.000000e+00  1.904047e+01  2.514051e+01 
   2.250000  0.000000e+00  1.824989e+01  2.155934e+01 
   2.500000  0.000000e+00  1.751618e+01  1.975202e+01 
   2.750000  0.000000e+00  1.687593e+01  1.863461e+01 
   3.000000  0.000000e+00  1.604236e+01  1.778369e+01 
   3.250000  0.000000e+00  1.489358e+01  1.706324e+01 
   3.500000  0.000000e+00  1.305579e+01  1.639909e+01 
   3.750000  0.000000e+00  9.444834e+00  1.574305e+01 
   4.000000  0.000000e+00  8.946498e-01  1.505092e+01 
   5.000000  0.000000e+00  4.601609e-01  1.503818e+01 
   6.000000  0.000000e+00  2.283049e-01  1.498624e+01 
   7.000000  0.000000e+00  1.131108e-01  1.493406e+01 
   8.000000  0.000000e+00  5.848509e-02  1.489111e+01 
   9.000000  0.000000e+00  3.363103e-02  1.485863e+01 
  10.000000  0.000000e+00  2.260861e-02  1.483495e+01 
  20.000000  0.000000e+00  2.784110e-03  1.474756e+01 
  30.000000  0.000000e+00  4.715511e-04  1.473907e+01 
  40.000000  0.000000e+00  6.822786e-05  1.473850e+01 
 120.000000  0.000000e+00 -6.536993e-13  1.473850e+01 
   0.000000  0.000000e+00  1.927160e+01  2.827683e+01 
   0.100000  0.000000e+00  1.949394e+01  2.828567e+01 
   0.200000  0.000000e+00  1.972371e+01  2.829075e+01 
   0.300000  0.000000e+00  1.996100e+01  2.829209e+01 
   0.400000  0.000000e+00  2.020596e+01  2.828972e+01 
   0.500000  0.000000e+00  2.045862e+01  2.828367e+01 
   0.600000  0.000000e+00  2.071906e+01  2.827394e+01 
   0.700000  0.000000e+00  2.098740e+01  2.826058e+01 
   0.800000  0.000000e+00  2.126371e+01  2.824359e+01 
   0.900000  0.000000e+00  2.154805e+01  2.822300e+01 
   1.000000  0.000000e+00  2.152046e+01  2.820234e+01 
   2.000000  0.000000e+00  2.142307e+01  2.798299e+01 
   2.250000  0.000000e+00  2.071657e+01  2.387275e+01 
   2.500000  0.000000e+00  2.000288e+01  2.201188e+01 
   2.750000  0.000000e+00  1.936953e+01  2.092407e+01 
   3.000000  0.000000e+00  1.857275e+01  2.010287e+01 
   3.250000  0.000000e+00  1.753233e+01  1.939729e+01 
   3.500000  0.000000e+00  1.577761e+01  1.874854e+01 
   3.750000  0.000000e+00  1.201960e+01  1.812694e+01 
   4.000000  0.000000e+00  2.098332e+00  1.753824e+01 
   5.000000  0.000000e+00  1.907067e+00  1.753665e+01 
   6.000000  0.000000e+00  1.775669e+00  1.750027e+01 
   7.000000  0.000000e+00  1.678484e+00  1.743557e+01 
   8.000000  0.000000e+00  1.604749e+00  1.734208e+01 
   9.000000  0.000000e+00  1.545313e+00  1.720401e+01 
  10.000000  0.000000e+00  1.501410e+00  1.700207e+01 
  20.000000  0.000000e+00  1.279015e+00  1.416869e+01 
  30.000000  0.000000e+00  7.116109e-01  1.357230e+01 
  40.000000  0.000000e+00  4.036184e-01  1.378314e+01 
 120.000000  0.000000e+00 -5.595524e-13  1.398812e+01 
   0.000000  0.000000e+00  4.144692e+01  5.644306e+01 
   0.100000  0.000000e+00  4.175451e+01  5.646412e+01 
   0.200000  0.000000e+00  4.207861e+01  5.647467e+01 
   0.300000  0.000000e+00  4.241973e+01  5.647501e+01 
   0.400000  0.000000e+00  4.277821e+01  5.646540e+01 
   0.500000  0.000000e+00  4.315478e+01  5.644612e+01 
   0.600000  0.000000e+00  4.354985e+01  5.641736e+01 
   0.700000  0.000000e+00  4.396429e+01  5.637934e+01 
   0.800000  0.000000e+00  4.439864e+01  5.633223e+01 
   0.900000  0.000000e+00  4.485380e+01  5.627618e+01 
   1.000000  0.000000e+00  4.477736e+01  5.621994e+01 
   2.000000  0.000000e+00  4.457076e+01  5.569040e+01 
   2.250000  0.000000e+00  4.368472e+01  4.667262e+01 
   2.500000  0.000000e+00  4.249800e+01  4.421760e+01 
   2.750000  0.000000e+00  4.131959e+01  4.279992e+01 
   3.000000  0.000000e+00  4.011858e+01  4.154766e+01 
   3.250000  0.000000e+00  3.885291e+01  4.037178e+01 
   3.500000  0.000000e+00  3.694670e+01  3.925919e+01 
   3.750000  0.000000e+00  3.114034e+01  3.832289e+01 
   4.000000  0.000000e+00  4.945066e-01  3.847460e+01 
   5.000000  0.000000e+00  2.097787e-01  3.847802e+01 
   6.000000  0.000000e+00  9.747072e-02  3.846164e+01 
   7.000000  0.000000e+00  5.404685e-02  3.844682e+01 
   8.000000  0.000000e+00  3.650065e-02  3.843640e+01 
   9.000000  0.000000e+00  2.870085e-02  3.842914e+01 
  10.000000  0.000000e+00  2.473651e-02  3.842366e+01 
  20.000000  0.000000e+00  5.364662e-03  3.837675e+01 
  30.000000  0.000000e+00  9.146316e-04  3.836757e+01 
  40.000000  0.000000e+00  1.109462e-04  3.836680e+01 
 120.000000  0.000000e+00 -1.136868e-12  3.836680e+01 
   0.000000  0.000000e+00  4.601770e+01  5.039215e+01 
   0.100000  0.000000e+00  4.573060e+01  5.031892e+01 
   0.200000  0.000000e+00  4.546088e+01  5.016899e+01 
   0.300000  0.000000e+00  4.520704e+01  4.998689e+01 
   0.400000  0.000000e+00  4.497044e+01  4.978288e+01 
   0.500000  0.000000e+00  4.475310e+01  4.956109e+01 
   0.600000  0.000000e+00  4.455743e+01  4.932368e+01 
   0.700000  0.000000e+00  4.438627e+01  4.907206e+01 
   0.800000  0.000000e+00  4.424389e+01  4.880724e+01 
   0.900000  0.000000e+00  4.414442e+01  4.852932e+01 
   1.000000  0.000000e+00  4.381694e+01  4.825274e+01 
   2.000000  0.000000e+00  4.171698e+01  4.557957e+01 
   2.250000  0.000000e+00  4.087535e+01  4.198160e+01 
   2.500000  0.000000e+00  3.992928e+01  4.071131e+01 
   2.750000  0.000000e+00  3.898629e+01  3.971887e+01 
   3.000000  0.000000e+00  3.803394e+01  3.876070e+01 
   3.250000  0.000000e+00  3.710073e+01  3.785065e+01 
   3.500000  0.000000e+00  3.598690e+01  3.695198e+01 
   3.750000  0.000000e+00  3.347079e+01  3.611378e+01 
   4.000000  0.000000e+00  1.944955e+01  3.576565e+01 
   5.000000  0.000000e+00  1.620436e+01  3.449305e+01 
   6.000000  0.000000e+00  1.353107e+01  3.303612e+01 
   7.000000  0.000000e+00  1.130938e+01  3.161617e+01 
   8.000000  0.000000e+00  9.442762e+00  3.029458e+01 
   9.000000  0.000000e+00  7.890929e+00  2.909756e+01 
  10.000000  0.000000e+00  6.657413e+00  2.803702e+01 
  20.000000  0.000000e+00  2.798704e+00  2.627757e+01 
  30.000000  0.000000e+00  1.125599e+00  2.669600e+01 
  40.000000  0.000000e+00  5.569694e-01  2.703051e+01 
 120.000000  0.000000e+00 -5.911715e-13  2.722591e+01 
   0.000000  0.000000e+00  5.327417e+01  5.498105e+01 
   0.100000  0.000000e+00  5.286773e+01  5.488777e+01 
   0.200000  0.000000e+00  5.247107e+01  5.469796e+01 
   0.300000  0.000000e+00  5.208136e+01  5.446272e+01 
   0.400000  0.000000e+00  5.169895e+01  5.419715e+01 
   0.500000  0.000000e+00  5.132558e+01  5.390922e+01 
   0.600000  0.000000e+00  5.096464e+01  5.360389e+01 
   0.700000  0.000000e+00  5.062201e+01  5.328444e+01 
   0.800000  0.000000e+00  5.030777e+01  5.295275e+01 
   0.900000  0.000000e+00  5.004385e+01  5.260926e+01 
   1.000000  0.000000e+00  4.960850e+01  5.227046e+01 
   2.000000  0.000000e+00  4.698218e+01  4.911042e+01 
   2.250000  0.000000e+00  4.611763e+01  4.692448e+01 
   2.500000  0.000000e+00  4.521061e+01  4.587430e+01 
   2.750000  0.000000e+00  4.431007e+01  4.495065e+01 
   3.000000  0.000000e+00  4.339213e+01  4.404234e+01 
   3.250000  0.000000e+00  4.249496e+01  4.317652e+01 
   3.500000  0.000000e+00  4.144421e+01  4.230809e+01 
   3.750000  0.000000e+00  3.917796e+01  4.147913e+01 
   4.000000  0.000000e+00  2.669810e+01  4.098611e+01 
   5.000000  0.000000e+00  2.172292e+01  3.972626e+01 
   6.000000  0.000000e+00  1.777401e+01  3.816978e+01 
   7.000000  0.000000e+00  1.471890e+01  3.663655e+01 
   8.000000  0.000000e+00  1.234059e+01  3.520698e+01 
   9.000000  0.000000e+00  1.046875e+01  3.390943e+01 
  10.000000  0.000000e+00  9.018366e+00  3.275690e+01 
  20.000000  0.000000e+00  4.334833e+00  3.093058e+01 
  30.000000  0.000000e+00  1.936792e+00  3.153195e+01 
  40.000000  0.000000e+00  1.089696e+00  3.206247e+01 
 120.000000  0.000000e+00 -5.815083e-13  3.237101e+01 
   0.000000  0.000000e+00  5.657623e+01  5.710331e+01 
   0.100000  0.000000e+00  5.621928e+01  5.699519e+01 
   0.200000  0.000000e+00  5.586749e+01  5.677987e+01 
   0.300000  0.000000e+00  5.551595e+01  5.651836e+01 
   0.400000  0.000000e+00  5.516272e+01  5.623143e+01 
   0.500000  0.000000e+00  5.480691e+01  5.592936e+01 
   0.600000  0.000000e+00  5.444889e+01  5.561787e+01 
   0.700000  0.000000e+00  5.409141e+01  5.530019e+01 
   0.800000  0.000000e+00  5.374264e+01  5.497789e+01 
   0.900000  0.000000e+00  5.342678e+01  5.465055e+01 
   1.000000  0.000000e+00  5.297429e+01  5.433123e+01 
   2.000000  0.000000e+00  5.024949e+01  5.134944e+01 
   2.250000  0.000000e+00  4.946605e+01  5.005773e+01 
   2.500000  0.000000e+00  4.866887e+01  4.921843e+01 
   2.750000  0.000000e+00  4.787653e+01  4.841934e+01 
   3.000000  0.000000e+00  4.705230e+01  4.762510e+01 
   3.250000  0.000000e+00  4.625996e+01  4.687577e+01 
   3.500000  0.000000e+00  4.534863e+01  4.610387e+01 
   3.750000  0.000000e+00  4.335414e+01  4.535306e+01 
   4.000000  0.000000e+00  3.083856e+01  4.482737e+01 
   5.000000  0.000000e+00  2.129961e+01  4.435804e+01 
   6.000000  0.000000e+00  1.368122e+01  4.352677e+01 
   7.000000  0.000000e+00  8.151252e+00  4.276899e+01 
   8.000000  0.000000e+00  4.626903e+00  4.216074e+01 
   9.000000  0.000000e+00  2.406339e+00  4.175696e+01 
  10.000000  0.000000e+00  1.263199e+00  4.154984e+01 
  20.000000  0.000000e+00  5.369933e-02  4.136411e+01 
  30.000000  0.000000e+00  5.814119e-03  4.136515e+01 
  40.000000  0.000000e+00  8.211849e-04  4.136611e+01 
 120.000000  0.000000e+00 -8.714096e-13  4.136649e+01 
   0.000000  0.000000e+00  3.927386e+01  3.929635e+01 
   0.100000  0.000000e+00  3.908773e+01  3.913586e+01 
   0.200000  0.000000e+00  3.890329e+01  3.895174e+01 
   0.300000  0.000000e+00  3.871888e+01  3.876733e+01 
   0.400000  0.000000e+00  3.853446e+01  3.858291e+01 
   0.500000  0.000000e+00  3.835005e+01  3.839850e+01 
   0.600000  0.000000e+00  3.816563e+01  3.821408e+01 
   0.700000  0.000000e+00  3.798121e+01  3.802967e+01 
   0.800000  0.000000e+00  3.779676e+01  3.784525e+01 
   0.900000  0.000000e+00  3.761221e+01  3.766085e+01 
   1.000000  0.000000e+00  3.741402e+01  3.747742e+01 
   2.000000  0.000000e+00  3.558482e+01  3.566863e+01 
   2.250000  0.000000e+00  3.513430e+01  3.522345e+01 
   2.500000  0.000000e+00  3.468407e+01  3.477322e+01 
   2.750000  0.000000e+00  3.423383e+01  3.432301e+01 
   3.000000  0.000000e+00  3.376435e+01  3.387379e+01 
   3.250000  0.000000e+00  3.331915e+01  3.344835e+01 
   3.500000  0.000000e+00  3.287468e+01  3.300412e+01 
   3.750000  0.000000e+00  3.242843e+01  3.255980e+01 
   4.000000  0.000000e+00  3.182684e+01  3.212140e+01 
   5.000000  0.000000e+00  2.972212e+01  3.055169e+01 
   6.000000  0.000000e+00  2.656683e+01  2.911250e+01 
   7.000000  0.000000e+00  2.141043e+01  2.797075e+01 
   8.000000  0.000000e+00  1.482990e+01  2.713865e+01 
   9.000000  0.000000e+00  8.704211e+00  2.656109e+01 
  10.000000  0.000000e+00  5.067984e+00  2.618270e+01 
  20.000000  0.000000e+00  4.042207e-01  2.586605e+01 
  30.000000  0.000000e+00  6.385160e-02  2.590520e+01 
  40.000000  0.000000e+00  8.105870e-03  2.591697e+01 
 120.000000  0.000000e+00 -5.496759e-13  2.592015e+01 
   0.000000  0.000000e+00  3.133041e+01  3.133341e+01 
   0.100000  0.000000e+00  3.121801e+01  3.122448e+01 
   0.200000  0.000000e+00  3.110585e+01  3.111232e+01 
   0.300000  0.000000e+00  3.099369e+01  3.100016e+01 
   0.400000  0.000000e+00  3.088153e+01  3.088799e+01 
   0.500000  0.000000e+00  3.076936e+01  3.077583e+01 
   0.600000  0.000000e+00  3.065720e+01  3.066367e+01 
   0.700000  0.000000e+00  3.054503e+01  3.055150e+01 
   0.800000  0.000000e+00  3.043287e+01  3.043934e+01 
   0.900000  0.000000e+00  3.032071e+01  3.032718e+01 
   1.000000  0.000000e+00  3.020672e+01  3.021515e+01 
   2.000000  0.000000e+00  2.908771e+01  2.910056e+01 
   2.250000  0.000000e+00  2.880977e+01  2.882505e+01 
   2.500000  0.000000e+00  2.853198e+01  2.854726e+01 
   2.750000  0.000000e+00  2.825418e+01  2.826946e+01 
   3.000000  0.000000e+00  2.797181e+01  2.799196e+01 
   3.250000  0.000000e+00  2.769524e+01  2.772021e+01 
   3.500000  0.000000e+00  2.741893e+01  2.744390e+01 
   3.750000  0.000000e+00  2.714262e+01  2.716760e+01 
   4.000000  0.000000e+00  2.685053e+01  2.689218e+01 
   5.000000  0.000000e+00  2.572569e+01  2.581063e+01 
   6.000000  0.000000e+00  2.458152e+01  2.474579e+01 
   7.000000  0.000000e+00  2.327887e+01  2.372227e+01 
   8.000000  0.000000e+00  2.094716e+01  2.282438e+01 
   9.000000  0.000000e+00  1.659534e+01  2.217279e+01 
  10.000000  0.000000e+00  1.196572e+01  2.175272e+01 
  20.000000  0.000000e+00  1.358513e+00  2.164897e+01 
  30.000000  0.000000e+00  3.128988e-01  2.177493e+01 
  40.000000  0.000000e+00  3.281339e-02  2.181934e+01 
 120.000000  0.000000e+00 -3.993250e-13  2.182876e+01 
