   0.000000   300.000  1.152109e-02  2.129918e-02  9.846080e-03 
   2.994100   300.000  2.157474e-02  2.255792e-02  1.383312e-02 
  10.985900   300.000  4.836848e-02  1.873732e-02  1.923347e-02 
  13.983100   300.000  5.767326e-02  1.693915e-02  1.942074e-02 
  17.960600   300.000  7.280534e-02  1.436520e-02  1.777276e-02 
   0.000000   303.000  3.179150e-02  6.123206e-02  2.790707e-02 
   2.994100   303.000  5.701676e-02  6.270066e-02  4.002098e-02 
  10.985900   303.000  1.181431e-01  4.834322e-02  5.502215e-02 
  13.983100   303.000  1.373438e-01  4.249355e-02  5.581976e-02 
  17.960600   303.000  1.662827e-01  3.438545e-02  5.250260e-02 
   0.000000   306.000  5.828928e-02  1.141731e-01  5.173873e-02 
   2.994100   306.000  1.012058e-01  1.140973e-01  7.487098e-02 
  10.985900   306.000  1.983362e-01  8.404418e-02  1.021478e-01 
  13.983100   306.000  2.268625e-01  7.278828e-02  1.039666e-01 
  17.960600   306.000  2.679584e-01  5.750183e-02  9.947301e-02 
   0.000000   309.000  8.845600e-02  1.735214e-01  7.859322e-02 
   2.994100   309.000  1.497097e-01  1.703389e-01  1.139312e-01 
  10.985900   309.000  2.809750e-01  1.219734e-01  1.547119e-01 
  13.983100   309.000  3.175351e-01  1.047865e-01  1.579773e-01 
  17.960600   309.000  3.685123e-01  8.165665e-02  1.531741e-01 
   0.000000   312.000  1.271752e-01  2.497046e-01  1.130639e-01 
   2.994100   312.000  2.102834e-01  2.414213e-01  1.640718e-01 
  10.985900   312.000  3.795535e-01  1.691950e-01  2.222658e-01 
  13.983100   312.000  4.243532e-01  1.445363e-01  2.278016e-01 
  17.960600   312.000  4.848473e-01  1.114956e-01  2.237989e-01 
   0.000000   315.000  1.598033e-01  3.098830e-01  1.409059e-01 
   2.994100   315.000  2.592035e-01  2.958190e-01  2.036668e-01 
  10.985900   315.000  4.536788e-01  2.046354e-01  2.747532e-01 
  13.983100   315.000  5.033547e-01  1.745665e-01  2.821691e-01 
  17.960600   315.000  5.693790e-01  1.343027e-01  2.793427e-01 
   0.000000   318.000  1.821920e-01  3.446088e-01  1.580402e-01 
   2.994100   318.000  2.908889e-01  3.254069e-01  2.265140e-01 
  10.985900   318.000  4.969854e-01  2.235734e-01  3.036755e-01 
  13.983100   318.000  5.484031e-01  1.909847e-01  3.121161e-01 
  17.960600   318.000  6.163898e-01  1.471518e-01  3.102459e-01 
   0.000000   930.000  3.036092e-01  9.723533e-02  1.202533e-01 
   2.994100   930.000  5.680168e-01  1.634145e-01  6.698246e-02 
  10.985900   930.000  7.436507e-01  2.030932e-01  6.640770e-02 
  13.983100   930.000  7.533395e-01  1.990878e-01  6.744707e-02 
  17.960600   930.000  7.858056e-01  1.751740e-01  7.052093e-02 
   0.000000   933.000  1.240025e-01  3.497506e-02  4.769326e-02 
   2.994100   933.000  4.369735e-01  1.181648e-01  1.375393e-02 
  10.985900   933.000  7.401196e-01  1.989182e-01  1.514773e-02 
  13.983100   933.000  7.524520e-01  1.960700e-01  1.637830e-02 
  17.960600   933.000  7.853891e-01  1.727402e-01  2.022038e-02 
   0.000000   936.000  9.728664e-02  2.642293e-02  3.711287e-02 
   2.994100   936.000  4.073632e-01  1.085757e-01  8.451443e-03 
  10.985900   936.000  7.391704e-01  1.983959e-01  1.029736e-02 
  13.983100   936.000  7.521939e-01  1.958304e-01  1.153846e-02 
  17.960600   936.000  7.852535e-01  1.725806e-01  1.544708e-02 
   0.000000   939.000  2.844286e-01  8.852112e-02  1.118848e-01 
   2.994100   939.000  5.661970e-01  1.613283e-01  5.598363e-02 
  10.985900   939.000  7.436911e-01  2.027096e-01  5.532884e-02 
  13.983100   939.000  7.532726e-01  1.987048e-01  5.640627e-02 
  17.960600   939.000  7.857153e-01  1.748569e-01  5.967079e-02 
   0.000000   942.000  2.365304e-01  7.213601e-02  9.259994e-02 
   2.994100   942.000  5.321198e-01  1.501276e-01  4.292578e-02 
  10.985900   942.000  7.427533e-01  2.017278e-01  4.286793e-02 
  13.983100   942.000  7.530169e-01  1.980274e-01  4.398695e-02 
  17.960600   942.000  7.855809e-01  1.743208e-01  4.743969e-02 
   0.000000   945.000  1.799940e-01  5.310928e-02  6.993099e-02 
   2.994100   945.000  4.889818e-01  1.354614e-01  2.753128e-02 
  10.985900   945.000  7.415494e-01  2.005187e-01  2.798572e-02 
  13.983100   945.000  7.526963e-01  1.972038e-01  2.915364e-02 
  17.960600   945.000  7.854173e-01  1.736679e-01  3.282430e-02 
   0.000000   948.000  2.228986e-01  6.746104e-02  8.710792e-02 
   2.994100   948.000  5.210027e-01  1.464091e-01  3.948900e-02 
  10.985900   948.000  7.423800e-01  2.015810e-01  3.948767e-02 
  13.983100   948.000  7.528723e-01  1.979897e-01  4.060984e-02 
  17.960600   948.000  7.854757e-01  1.743128e-01  4.411696e-02 
   0.000000   951.000  2.630457e-01  8.118372e-02  1.032688e-01 
   2.994100   951.000  5.476000e-01  1.554498e-01  5.139590e-02 
  10.985900   951.000  7.430333e-01  2.025918e-01  5.097231e-02 
  13.983100   951.000  7.530048e-01  1.987738e-01  5.204709e-02 
  17.960600   951.000  7.855147e-01  1.749624e-01  5.538488e-02 
   0.000000   954.000  2.858356e-01  8.942334e-02  1.125777e-01 
   2.994100   954.000  5.593046e-01  1.597110e-01  5.964860e-02 
  10.985900   954.000  7.432564e-01  2.032512e-01  5.897846e-02 
  13.983100   954.000  7.530318e-01  1.993418e-01  6.001646e-02 
  17.960600   954.000  7.855064e-01  1.754443e-01  6.323228e-02 
   0.000000  1427.000  1.761998e-02  3.270875e-03  6.267188e-03 
   2.994100  1427.000  2.579926e-01  6.063218e-02  3.022934e-04 
  10.985900  1427.000  7.397639e-01  1.968039e-01  1.114855e-03 
  13.983100  1427.000  7.570181e-01  1.962488e-01  2.023949e-03 
  17.960600  1427.000  7.898979e-01  1.732241e-01  5.981686e-03 
   0.000000  1430.000  2.368497e-02  4.539086e-03  8.466867e-03 
   2.994100  1430.000  2.769887e-01  6.552086e-02  4.873772e-04 
  10.985900  1430.000  7.333099e-01  1.945686e-01  1.250122e-03 
  13.983100  1430.000  7.524928e-01  1.946657e-01  2.138104e-03 
  17.960600  1430.000  7.875172e-01  1.725642e-01  6.039717e-03 
   0.000000  1433.000  1.679644e-02  3.096824e-03  5.967939e-03 
   2.994100  1433.000  2.417950e-01  5.648292e-02  2.810005e-04 
  10.985900  1433.000  7.235073e-01  1.912120e-01  1.021039e-03 
  13.983100  1433.000  7.469529e-01  1.927383e-01  1.884860e-03 
  17.960600  1433.000  7.846435e-01  1.717565e-01  5.732301e-03 
   0.000000  1436.000  2.033446e-02  3.824722e-03  7.247629e-03 
   2.994100  1436.000  2.585891e-01  6.075537e-02  3.785256e-04 
  10.985900  1436.000  7.271262e-01  1.923977e-01  1.116654e-03 
  13.983100  1436.000  7.489443e-01  1.933854e-01  1.987582e-03 
  17.960600  1436.000  7.857040e-01  1.720176e-01  5.851776e-03 
   0.000000  1439.000  2.706094e-02  5.252261e-03  9.693346e-03 
   2.994100  1439.000  2.834595e-01  6.716627e-02  6.112889e-04 
  10.985900  1439.000  7.296059e-01  1.933271e-01  1.318397e-03 
  13.983100  1439.000  7.500595e-01  1.938483e-01  2.193210e-03 
  17.960600  1439.000  7.862938e-01  1.722664e-01  6.064374e-03 
   0.000000  1442.000  2.814964e-02  5.484501e-03  1.008950e-02 
   2.994100  1442.000  2.897102e-01  6.876359e-02  6.520268e-04 
  10.985900  1442.000  7.346752e-01  1.948966e-01  1.366368e-03 
  13.983100  1442.000  7.532400e-01  1.947773e-01  2.253772e-03 
  17.960600  1442.000  7.879916e-01  1.725736e-01  6.156670e-03 
   0.000000  1445.000  3.097125e-02  6.097555e-03  1.111952e-02 
   2.994100  1445.000  2.982976e-01  7.101312e-02  7.709198e-04 
  10.985900  1445.000  7.369711e-01  1.956533e-01  1.466452e-03 
  13.983100  1445.000  7.545964e-01  1.952061e-01  2.359004e-03 
  17.960600  1445.000  7.887233e-01  1.727399e-01  6.274282e-03 
   0.000000  1448.000  4.052017e-02  8.236061e-03  1.462687e-02 
   2.994100  1448.000  3.240364e-01  7.785372e-02  1.263898e-03 
  10.985900  1448.000  7.405645e-01  1.969006e-01  1.879493e-03 
  13.983100  1448.000  7.564927e-01  1.958434e-01  2.779859e-03 
  17.960600  1448.000  7.897260e-01  1.729947e-01  6.710149e-03 
   0.000000  1950.000  4.592824e-02  8.099639e-03  1.620836e-02 
   2.994100  1950.000  3.178554e-01  6.637890e-02  1.453126e-03 
  10.985900  1950.000  7.260132e-01  1.692949e-01  1.345884e-03 
  13.983100  1950.000  7.566057e-01  1.724579e-01  1.987332e-03 
  17.960600  1950.000  7.989966e-01  1.551656e-01  5.091714e-03 
   0.000000  1953.000  5.084192e-02  9.065538e-03  1.797224e-02 
   2.994100  1953.000  3.130926e-01  6.531139e-02  1.812606e-03 
  10.985900  1953.000  7.150182e-01  1.661807e-01  1.561056e-03 
  13.983100  1953.000  7.498074e-01  1.704359e-01  2.183971e-03 
  17.960600  1953.000  7.955033e-01  1.542426e-01  5.238189e-03 
   0.000000  1956.000  5.180199e-02  9.246896e-03  1.831465e-02 
   2.994100  1956.000  3.045660e-01  6.336201e-02  1.909352e-03 
  10.985900  1956.000  7.069219e-01  1.638832e-01  1.589622e-03 
  13.983100  1956.000  7.448674e-01  1.689463e-01  2.199918e-03 
  17.960600  1956.000  7.929727e-01  1.535375e-01  5.219437e-03 
   0.000000  1959.000  7.546114e-02  1.412901e-02  2.687705e-02 
   2.994100  1959.000  3.451805e-01  7.279091e-02  4.080768e-03 
  10.985900  1959.000  7.175524e-01  1.666398e-01  3.263418e-03 
  13.983100  1959.000  7.511432e-01  1.705558e-01  3.877599e-03 
  17.960600  1959.000  7.963118e-01  1.542052e-01  6.914054e-03 
   0.000000  1962.000  1.047352e-01  2.049193e-02  3.756814e-02 
   2.994100  1962.000  3.806683e-01  8.124057e-02  8.080529e-03 
  10.985900  1962.000  7.214541e-01  1.676750e-01  6.458845e-03 
  13.983100  1962.000  7.532251e-01  1.710903e-01  7.059761e-03 
  17.960600  1962.000  7.974488e-01  1.544276e-01  1.007350e-02 
   0.000000  1965.000  1.948099e-01  4.125624e-02  7.081985e-02 
   2.994100  1965.000  4.658417e-01  1.026922e-01  2.744286e-02 
  10.985900  1965.000  7.294348e-01  1.704293e-01  2.326297e-02 
  13.983100  1965.000  7.573289e-01  1.727564e-01  2.378562e-02 
  17.960600  1965.000  7.996209e-01  1.553848e-01  2.665056e-02 
   0.000000  1968.000  2.280181e-01  4.899712e-02  8.310457e-02 
   2.994100  1968.000  4.974314e-01  1.110283e-01  3.532601e-02 
  10.985900  1968.000  7.361444e-01  1.724654e-01  3.070808e-02 
  13.983100  1968.000  7.612821e-01  1.740254e-01  3.121130e-02 
  17.960600  1968.000  8.017327e-01  1.560139e-01  3.402425e-02 
   0.000000  1971.000  2.855048e-01  6.299393e-02  1.045496e-01 
   2.994100  1971.000  5.533855e-01  1.264046e-01  5.030602e-02 
  10.985900  1971.000  7.536594e-01  1.779866e-01  4.581072e-02 
  13.983100  1971.000  7.717772e-01  1.775356e-01  4.631752e-02 
  17.960600  1971.000  8.072258e-01  1.577332e-01  4.906613e-02 
   0.000000  1974.000  3.075487e-01  6.866603e-02  1.128644e-01 
   2.994100  1974.000  5.728278e-01  1.317365e-01  5.737674e-02 
  10.985900  1974.000  7.606256e-01  1.802561e-01  5.305440e-02 
  13.983100  1974.000  7.760094e-01  1.789709e-01  5.356807e-02 
  17.960600  1974.000  8.094708e-01  1.584292e-01  5.628186e-02 
   0.000000  1977.000  3.538100e-01  8.062212e-02  1.303290e-01 
   2.994100  1977.000  6.092087e-01  1.414782e-01  7.208791e-02 
  10.985900  1977.000  7.697102e-01  1.836288e-01  6.769034e-02 
  13.983100  1977.000  7.813857e-01  1.811417e-01  6.820276e-02 
  17.960600  1977.000  8.122947e-01  1.595832e-01  7.081968e-02 
   0.000000  1980.000  3.740079e-01  8.596072e-02  1.379906e-01 
   2.994100  1980.000  6.229451e-01  1.451329e-01  7.928395e-02 
  10.985900  1980.000  7.725357e-01  1.847211e-01  7.474551e-02 
  13.983100  1980.000  7.830816e-01  1.818486e-01  7.525156e-02 
  17.960600  1980.000  8.132275e-01  1.599740e-01  7.780878e-02 
   0.000000  1983.000  4.107157e-01  9.591816e-02  1.519901e-01 
   2.994100  1983.000  6.453078e-01  1.512872e-01  9.341995e-02 
  10.985900  1983.000  7.757444e-01  1.863070e-01  8.843368e-02 
  13.983100  1983.000  7.849397e-01  1.829539e-01  8.891717e-02 
  17.960600  1983.000  8.142419e-01  1.606827e-01  9.134490e-02 
   0.000000  1986.000  4.219099e-01  9.911192e-02  1.563066e-01 
   2.994100  1986.000  6.501937e-01  1.527200e-01  9.873638e-02 
  10.985900  1986.000  7.764189e-01  1.866512e-01  9.365740e-02 
  13.983100  1986.000  7.853852e-01  1.832127e-01  9.412709e-02 
  17.960600  1986.000  8.145326e-01  1.608603e-01  9.649354e-02 
   0.000000  1989.000  4.333306e-01  1.023460e-01  1.607030e-01 
   2.994100  1989.000  6.529647e-01  1.536101e-01  1.042029e-01 
  10.985900  1989.000  7.756135e-01  1.865135e-01  9.890629e-02 
  13.983100  1989.000  7.849348e-01  1.831938e-01  9.934323e-02 
  17.960600  1989.000  8.143625e-01  1.609269e-01  1.016288e-01 
   0.000000  1992.000  4.373599e-01  1.033746e-01  1.622203e-01 
   2.994100  1992.000  6.502194e-01  1.528870e-01  1.061541e-01 
  10.985900  1992.000  7.731993e-01  1.856572e-01  1.006099e-01 
  13.983100  1992.000  7.835361e-01  1.826865e-01  1.010050e-01 
  17.960600  1992.000  8.137079e-01  1.607070e-01  1.032319e-01 
   0.000000  1995.000  4.075551e-01  9.464104e-02  1.506588e-01 
   2.994100  1995.000  6.091340e-01  1.417397e-01  9.422953e-02 
  10.985900  1995.000  7.562858e-01  1.796035e-01  8.757771e-02 
  13.983100  1995.000  7.734687e-01  1.788118e-01  8.783638e-02 
  17.960600  1995.000  8.085917e-01  1.587496e-01  9.003327e-02 
   0.000000  1998.000  3.550420e-01  8.057845e-02  1.306861e-01 
   2.994100  1998.000  5.516305e-01  1.256154e-01  7.817854e-02 
  10.985900  1998.000  7.348843e-01  1.725329e-01  6.967304e-02 
  13.983100  1998.000  7.606541e-01  1.741775e-01  6.985987e-02 
  17.960600  1998.000  8.020139e-01  1.563707e-01  7.211471e-02 
