  400.000  8.660254e-01 -1.162088e-04  1.591835e-01  7.957747e-02  7.618248e-07  2.529414e-02 
                                  0.000            90.000           180.000 
 0.0010  2.297368348e-01   1.501225829e-01   2.142575830e-01   3.418543041e-01 
 0.0100  1.033225134e-01   6.738338619e-02   9.630184621e-02   1.540097892e-01 
 0.0200  8.197508007e-02   5.333950743e-02   7.635177672e-02   1.224289015e-01 
 0.0500  6.160022691e-02   3.979072347e-02   5.724944547e-02   9.256624430e-02 
 0.1000  5.119727552e-02   3.263840452e-02   4.739506543e-02   7.777673751e-02 
 0.1500  4.698808119e-02   2.954515629e-02   4.331585765e-02   7.219603658e-02 
 0.2000  4.488861933e-02   2.783665061e-02   4.119821265e-02   6.976409256e-02 
 0.2500  4.383058101e-02   2.681484818e-02   4.004497081e-02   6.889443845e-02 
 0.3000  4.339655489e-02   2.620862238e-02   3.946728259e-02   6.896502525e-02 
 0.3500  4.338767752e-02   2.589074895e-02   3.928085044e-02   6.967692822e-02 
 0.4000  4.369750991e-02   2.579574659e-02   3.938826174e-02   7.086661458e-02 
 0.4500  4.426466674e-02   2.588933706e-02   3.973493353e-02   7.243557274e-02 
 0.5000  4.505271837e-02   2.615635470e-02   4.029068351e-02   7.431939244e-02 
 0.5500  4.603919014e-02   2.659441531e-02   4.103974998e-02   7.647132874e-02 
 0.6000  4.721008241e-02   2.721228264e-02   4.197645560e-02   7.885370404e-02 
 0.6500  4.855605215e-02   2.803029865e-02   4.310264811e-02   8.143245429e-02 
 0.7000  5.006897822e-02   2.908347733e-02   4.442659393e-02   8.417381346e-02 
 0.7500  5.173660815e-02   3.042839840e-02   4.596268386e-02   8.704311401e-02 
 0.8000  5.352822319e-02   3.215672821e-02   4.773059860e-02   9.000039846e-02 
 0.8100  5.389497429e-02   3.256022930e-02   4.811372980e-02   9.059523046e-02 
 0.8200  5.426167324e-02   3.298625723e-02   4.850682989e-02   9.118575603e-02 
 0.8300  5.462611839e-02   3.343644366e-02   4.890973121e-02   9.176435322e-02 
 0.8400  5.498514324e-02   3.391246498e-02   4.932208359e-02   9.231393784e-02 
 0.8450  5.516120419e-02   3.416074812e-02   4.953163117e-02   9.256658703e-02 
 0.8500  5.533384904e-02   3.441625834e-02   4.974337295e-02   9.279251099e-02 
 0.8600  5.566370487e-02   3.495113924e-02   5.017420277e-02   9.308093041e-02 
 0.8700  5.595230684e-02   3.553234413e-02   5.062659085e-02   9.265588224e-02 
 0.8800  5.619037896e-02   3.616883233e-02   5.110541731e-02   9.131966531e-02 
 0.8900  5.639990419e-02   3.685002029e-02   5.159457400e-02   8.970283717e-02 
 0.9000  5.658895150e-02   3.758185729e-02   5.209343880e-02   8.796469867e-02 
 0.9250  5.699775368e-02   3.970385715e-02   5.339359492e-02   8.331243694e-02 
 0.9500  5.734197423e-02   4.245573282e-02   5.478582904e-02   7.811213285e-02 
 0.9750  5.763947591e-02   4.643903673e-02   5.628362671e-02   7.173845917e-02 
 1.0000  5.789925903e-02   5.789925531e-02   5.789924785e-02   5.789934471e-02 
