 4900.000    0.000000  3.084492e+02 -2.858423e+00 
 4900.000    0.100000  3.053452e+02 -1.365833e+00 
 4900.000    0.200000  3.022642e+02 -1.069281e+00 
 4900.000    0.300000  2.992106e+02 -8.831887e-01 
 4900.000    0.400000  2.961882e+02 -7.471696e-01 
 4900.000    0.500000  2.932010e+02 -6.414275e-01 
 4900.000    0.600000  2.902530e+02 -5.547791e-01 
 4900.000    0.700000  2.873478e+02 -4.797733e-01 
 4900.000    0.800000  2.844906e+02 -4.143349e-01 
 4900.000    0.900000  2.816866e+02 -3.522060e-01 
 4900.000    1.000000  2.789424e+02 -2.839526e-01 
 4900.000    1.100000  2.762939e+02 -2.089853e-01 
 4900.000    1.200000  2.737805e+02 -1.345758e-01 
 4900.000    1.300000  2.714149e+02 -5.443618e-02 
 4900.000    1.400000  2.692087e+02  3.201720e-02 
 4900.000    1.500000  2.671712e+02  1.221307e-01 
 4900.000    1.600000  2.653104e+02  2.134062e-01 
 4900.000    1.700000  2.636338e+02  3.096457e-01 
 4900.000    1.800000  2.621514e+02  4.099680e-01 
 4900.000    1.900000  2.608831e+02  5.343900e-01 
 4900.000    2.000000  2.599125e+02  4.211845e+00 
 4900.000    2.100000  2.578338e+02  3.218730e+00 
 4900.000    2.200000  2.559213e+02  1.540238e+00 
 4900.000    2.300000  2.540858e+02  7.724249e-01 
 4900.000    2.400000  2.522883e+02  3.921390e-01 
 4900.000    2.500000  2.505055e+02  1.848091e-01 
 4900.000    2.600000  2.487168e+02  5.228351e-02 
 4900.000    2.700000  2.468969e+02 -6.087723e-02 
 4900.000    2.800000  2.450020e+02 -2.020825e-01 
 4900.000    2.900000  2.429418e+02 -4.526505e-01 
 4900.000    3.000000  2.404644e+02 -1.262055e+00 
 4900.000    3.100000  2.373869e+02 -6.289158e-01 
 4900.000    3.200000  2.341716e+02 -6.080347e-01 
 4900.000    3.300000  2.307226e+02 -8.260934e-01 
 4900.000    3.400000  2.268523e+02 -1.338482e+00 
 4900.000    3.500000  2.221992e+02 -2.361088e+00 
 4900.000    3.600000  2.160436e+02 -4.398025e+00 
 4900.000    3.700000  2.068916e+02 -8.591718e+00 
 4900.000    3.800000  1.915105e+02 -1.758657e+01 
 4900.000    3.900000  1.626353e+02 -3.766280e+01 
 4900.000    4.000000  1.033842e+02 -4.315582e+01 
 4900.000    4.100000  1.009272e+02 -1.876508e+00 
 4900.000    4.200000  9.852049e+01 -1.756800e+00 
 4900.000    4.300000  9.616412e+01 -1.669180e+00 
 4900.000    4.400000  9.385915e+01 -1.596117e+00 
 4900.000    4.500000  9.160703e+01 -1.530654e+00 
 4900.000    4.600000  8.940953e+01 -1.469266e+00 
 4900.000    4.700000  8.726920e+01 -1.409147e+00 
 4900.000    4.800000  8.518994e+01 -1.346685e+00 
 4900.000    4.900000  8.317911e+01 -1.274047e+00 
 4900.000    5.000000  8.125774e+01 -1.139974e+00 
 4900.000    5.100000  7.943049e+01 -1.190303e+00 
 4900.000    5.200000  7.763392e+01 -1.187882e+00 
 4900.000    5.300000  7.586840e+01 -1.177480e+00 
 4900.000    5.400000  7.413394e+01 -1.164051e+00 
 4900.000    5.500000  7.243064e+01 -1.150520e+00 
 4900.000    5.600000  7.075806e+01 -1.137391e+00 
 4900.000    5.700000  6.911506e+01 -1.126133e+00 
 4900.000    5.800000  6.749960e+01 -1.119094e+00 
 4900.000    5.900000  6.590727e+01 -1.120767e+00 
 4900.000    6.000000  6.432546e+01 -1.176164e+00 
 4900.000    7.000000  5.017823e+01 -8.633093e-01 
 4900.000    8.000000  3.916240e+01 -5.907525e-01 
 4900.000    9.000000  3.099050e+01 -5.853894e-01 
 4900.000   10.000000  2.470746e+01 -3.471189e-01 
