   0.050000  7.109411e+05  1.668820e+01 
   0.150000  7.881853e+04  1.668820e+01 
   0.250000  2.831181e+04  1.668820e+01 
   0.350000  1.441280e+04  1.668820e+01 
   0.450000  8.699544e+03  1.668820e+01 
   0.550000  6.480853e+03  1.560945e+01 
   0.650000  4.629415e+03  1.560945e+01 
   0.750000  3.469170e+03  1.560945e+01 
   0.850000  2.694670e+03  1.560945e+01 
   0.950000  2.152244e+03  1.560945e+01 
   1.050000  1.757743e+03  1.560945e+01 
   1.150000  1.461954e+03  1.560945e+01 
   1.250000  1.234538e+03  1.560945e+01 
   1.350000  1.055972e+03  1.560945e+01 
   1.450000  9.132278e+02  1.560945e+01 
   1.550000  8.916386e+02  1.532830e+01 
   1.650000  7.848398e+02  1.532830e+01 
   1.750000  6.959365e+02  1.532830e+01 
   1.850000  6.211534e+02  1.532830e+01 
   1.950000  5.576605e+02  1.532830e+01 
   2.050000  5.033014e+02  1.532830e+01 
   2.150000  4.564105e+02  1.532830e+01 
   2.250000  4.156849e+02  1.532830e+01 
   2.350000  3.800934e+02  1.532830e+01 
   2.450000  3.488113e+02  1.532830e+01 
   2.550000  3.633289e+02  1.698129e+01 
   2.650000  3.353558e+02  1.698129e+01 
   2.750000  3.104199e+02  1.698129e+01 
   2.850000  2.880995e+02  1.698129e+01 
   2.950000  2.680436e+02  1.698129e+01 
   3.050000  2.499581e+02  1.698129e+01 
   3.150000  2.335947e+02  1.698129e+01 
   3.250000  2.187433e+02  1.698129e+01 
   3.350000  2.052245e+02  1.698129e+01 
   3.450000  1.928848e+02  1.698129e+01 
   3.550000  2.045430e+02  1.842129e+01 
   3.650000  1.927375e+02  1.842129e+01 
   3.750000  1.818862e+02  1.842129e+01 
   3.850000  1.718903e+02  1.842129e+01 
   3.950000  1.626632e+02  1.842129e+01 
   4.050000  1.541288e+02  1.842129e+01 
   4.150000  1.462205e+02  1.842129e+01 
   4.250000  1.388792e+02  1.842129e+01 
   4.350000  1.320526e+02  1.842129e+01 
   4.450000  1.256944e+02  1.842129e+01 
   4.550000  2.274269e+02  1.396817e+02 
   4.650000  2.058882e+02  1.396817e+02 
   4.750000  1.865618e+02  1.396817e+02 
   4.850000  1.691994e+02  1.396817e+02 
   4.950000  1.535835e+02  1.396817e+02 
   5.050000  1.395227e+02  1.396817e+02 
   5.150000  1.268486e+02  1.396817e+02 
   5.250000  1.154128e+02  1.396817e+02 
   5.350000  1.050842e+02  1.396817e+02 
   5.450000  9.574697e+01  1.396817e+02 
   5.550000  1.008178e+02  1.336962e+02 
   5.650000  9.143986e+01  1.336962e+02 
   5.750000  8.298612e+01  1.336962e+02 
   5.850000  7.535954e+01  1.336962e+02 
   5.950000  6.847392e+01  1.336962e+02 
   6.050000  6.225254e+01  1.336962e+02 
   6.150000  5.662742e+01  1.336962e+02 
   6.250000  5.153778e+01  1.336962e+02 
   6.350000  4.692962e+01  1.336962e+02 
   6.450000  4.275473e+01  1.336962e+02 
   6.550000  3.545710e+01  5.961615e+01 
   6.650001  3.354536e+01  5.961615e+01 
   6.750000  3.175106e+01  5.961615e+01 
   6.850000  3.006592e+01  5.961615e+01 
   6.950000  2.848237e+01  5.961615e+01 
   7.050000  2.699339e+01  5.961615e+01 
   7.150001  2.559254e+01  5.961615e+01 
   7.250000  2.427390e+01  5.961615e+01 
   7.350000  2.303195e+01  5.961615e+01 
   7.450000  2.186165e+01  5.961615e+01 
   7.550000  3.131884e+01  8.507076e+01 
   7.650001  2.889934e+01  8.507076e+01 
   7.750000  2.667589e+01  8.507076e+01 
   7.850000  2.463169e+01  8.507076e+01 
   7.950001  2.275153e+01  8.507076e+01 
   8.050000  4.315209e+03  8.507076e+01 
   8.150001  0.000000e+00  0.000000e+00 
   8.250000  0.000000e+00  0.000000e+00 
   8.350000  0.000000e+00  0.000000e+00 
   8.450001  0.000000e+00  0.000000e+00 
   8.550000  0.000000e+00  0.000000e+00 
   8.650001  0.000000e+00  0.000000e+00 
   8.750000  0.000000e+00  0.000000e+00 
   8.850000  0.000000e+00  0.000000e+00 
   8.950001  0.000000e+00  0.000000e+00 
   9.050000  0.000000e+00  0.000000e+00 
   9.150001  0.000000e+00  0.000000e+00 
   9.250000  0.000000e+00  0.000000e+00 
   9.350000  0.000000e+00  0.000000e+00 
   9.450001  0.000000e+00  0.000000e+00 
   9.550000  0.000000e+00  0.000000e+00 
   9.650001  0.000000e+00  0.000000e+00 
   9.750000  0.000000e+00  0.000000e+00 
   9.850000  0.000000e+00  0.000000e+00 
   9.950001  0.000000e+00  0.000000e+00 
