  256.300  0.000000e+00  0.000000e+00  0.000000e+00  0.000000e+00 
  277.948  0.000000e+00  0.000000e+00  0.000000e+00  0.000000e+00 
  295.127  1.936318e-03  7.895852e-03  1.586700e-09  1.263704e-03 
  317.306  5.957289e-01  2.452879e+00  1.712980e-06  3.920633e-01 
  345.136  2.819527e+00  8.845227e+00  6.275827e-06  1.474717e+00 
  385.000  5.760194e+00  1.362426e+01 -2.247984e-05  2.399811e+00 
  429.773  1.000726e+01  1.961506e+01 -2.105336e-05  3.610584e+00 
  484.863  1.833339e+01  3.149117e+01 -1.069995e-05  6.002450e+00 
  528.840  6.197836e+00  1.000553e+01  1.689856e-06  1.940943e+00 
  544.800  2.661204e+00  4.227667e+00  4.126271e-07  8.239421e-01 
  558.050  4.756659e+00  7.429657e+00  1.616085e-08  1.455415e+00 
  585.800  1.055160e+01  1.590649e+01 -1.126199e-06  3.150156e+00 
  615.000  5.329301e+00  7.867822e+00  7.881030e-07  1.568474e+00 
  645.850  1.060905e+01  1.532815e+01 -2.278947e-06  3.076612e+00 
  675.439  4.312101e+00  6.166325e+00  1.542971e-06  1.241769e+00 
  694.313  4.479861e+00  6.215520e+00 -2.885836e-07  1.263780e+00 
  723.531  8.003407e+00  1.095523e+01 -4.372729e-07  2.237213e+00 
  767.046  9.267112e+00  1.286576e+01 -4.371321e-05  2.615393e+00 
  817.968  9.245465e+00  1.219602e+01  8.856460e-07  2.522468e+00 
  866.714  7.356925e+00  9.834899e+00  1.269270e-07  2.025372e+00 
  931.938  8.862719e+00  1.049764e+01 -3.458842e-07  2.254088e+00 
 1010.320  8.685142e+00  1.109933e+01  3.756368e-07  2.321110e+00 
 1119.970  1.128740e+01  1.287690e+01 -1.925737e-07  2.804099e+00 
 1355.060  1.242750e+01  1.167194e+01  8.240115e-07  2.743281e+00 
 1564.700  4.384833e+00  3.581642e+00 -1.633931e-07  8.944678e-01 
 1789.120  5.815733e+00  3.464453e+00 -3.059853e-07  1.009676e+00 
 2059.130  2.565294e+00  9.674221e-01  1.830659e-09  3.682886e-01 
 2214.330  1.656315e+00  5.071445e-01  1.103588e-08  2.216601e-01 
 2638.540  1.645989e+00  1.654078e-02 -8.387675e-11  1.533871e-01 
 3318.660  1.077485e+00  2.539343e-04 -2.869917e-12  9.903664e-02 
 3813.210  6.467655e-01  3.588418e-03 -3.557704e-12  5.991526e-02 
 4298.320  3.319434e-01  1.175904e-03  4.317601e-13  3.066040e-02 
