  300.000  1.138466e+00  3.055914e+00  8.388761e-01  1.070847e-01  4.212016e-01  1.335113e-01 
                                  0.000            45.000            90.000           135.000           180.000           225.000           270.000 
-1.0000  1.100385547e+00   1.100054979e+00   1.100054979e+00   1.100054979e+00   1.100054979e+00   1.100054979e+00   1.100054979e+00   1.100054979e+00 
-0.5000  8.274267912e-01   9.703952670e-01   1.187212110e+00   9.081676006e-01   7.405740619e-01   6.850777268e-01   6.762878299e-01   6.915861368e-01 
-0.2000  6.080910563e-01   6.789946556e-01   7.484964728e-01   6.531591415e-01   5.704346895e-01   5.438667536e-01   5.412358642e-01   5.464541912e-01 
-0.1000  5.367329717e-01   5.899282694e-01   6.382890940e-01   5.710927844e-01   5.086470842e-01   4.890319109e-01   4.875448942e-01   4.907957613e-01 
  301.000  2.159673e+00  5.815903e+00  1.595115e+00  2.031383e-01  8.039976e-01  2.538705e-01 
                                  0.000            45.000            90.000           135.000           180.000           225.000           270.000 
-1.0000  2.073750019e+00   2.073128462e+00   2.073128462e+00   2.073128462e+00   2.073128462e+00   2.073128462e+00   2.073128462e+00   2.073128462e+00 
-0.5000  1.586350322e+00   1.858523011e+00   2.271488190e+00   1.740010858e+00   1.420911431e+00   1.315362930e+00   1.298684716e+00   1.327727675e+00 
-0.2000  1.169418097e+00   1.305133700e+00   1.438163757e+00   1.255684257e+00   1.097353339e+00   1.046481729e+00   1.041429877e+00   1.051440835e+00 
-0.1000  1.031376600e+00   1.133396387e+00   1.226090074e+00   1.097295761e+00   9.775849581e-01   9.398686290e-01   9.369487762e-01   9.432803988e-01 
  302.000  2.576391e+00  6.933203e+00  1.901919e+00  2.423329e-01  9.605666e-01  3.026998e-01 
                                  0.000            45.000            90.000           135.000           180.000           225.000           270.000 
-1.0000  2.454097748e+00   2.453361750e+00   2.453361750e+00   2.453361750e+00   2.453361750e+00   2.453361750e+00   2.453361750e+00   2.453361750e+00 
-0.5000  1.901153207e+00   2.226329803e+00   2.720098019e+00   2.084660530e+00   1.703364611e+00   1.577379465e+00   1.557507396e+00   1.592125654e+00 
-0.2000  1.404961467e+00   1.567835689e+00   1.727517128e+00   1.508485556e+00   1.318480730e+00   1.257416844e+00   1.251337528e+00   1.263374448e+00 
-0.1000  1.238411546e+00   1.361043811e+00   1.472431183e+00   1.317667127e+00   1.173818231e+00   1.128389359e+00   1.124812365e+00   1.132518888e+00 
  303.000  6.240376e+00  1.683281e+01  4.614638e+00  5.869591e-01  2.337827e+00  7.344425e-01 
                                  0.000            45.000            90.000           135.000           180.000           225.000           270.000 
-1.0000  5.909375668e+00   5.907608509e+00   5.907608509e+00   5.907608509e+00   5.907608509e+00   5.907608509e+00   5.907608509e+00   5.907608509e+00 
-0.5000  4.644496918e+00   5.433925152e+00   6.633400440e+00   5.089833260e+00   4.164024353e+00   3.858468533e+00   3.810379267e+00   3.894195557e+00 
-0.2000  3.439854622e+00   3.837065935e+00   4.226532459e+00   3.692318916e+00   3.228965998e+00   3.080014944e+00   3.065152168e+00   3.094557762e+00 
-0.1000  3.029618025e+00   3.329190493e+00   3.601182938e+00   3.223279238e+00   2.872004271e+00   2.760784149e+00   2.751872063e+00   2.770945549e+00 
  304.000  7.225528e+00  1.940875e+01  5.326855e+00  6.796156e-01  2.700301e+00  8.477953e-01 
                                  0.000            45.000            90.000           135.000           180.000           225.000           270.000 
-1.0000  6.774618626e+00   6.772586346e+00   6.772586346e+00   6.772586346e+00   6.772586346e+00   6.772586346e+00   6.772586346e+00   6.772586346e+00 
-0.5000  5.376417637e+00   6.290517330e+00   7.680967808e+00   5.891787529e+00   4.819614410e+00   4.466157436e+00   4.410601139e+00   4.507458210e+00 
-0.2000  3.991254568e+00   4.453133583e+00   4.906169891e+00   4.284790993e+00   3.746034622e+00   3.572803497e+00   3.555466413e+00   3.589733362e+00 
-0.1000  3.513812780e+00   3.862672329e+00   4.179370880e+00   3.739372730e+00   3.330435038e+00   3.200676203e+00   3.190114260e+00   3.212585926e+00 
  305.000  1.116458e+01  3.003796e+01  8.240509e+00  1.050105e+00  4.188164e+00  1.311518e+00 
                                  0.000            45.000            90.000           135.000           180.000           225.000           270.000 
-1.0000  1.040972328e+01   1.040660667e+01   1.040660667e+01   1.040660667e+01   1.040660667e+01   1.040660667e+01   1.040660667e+01   1.040660667e+01 
-0.5000  8.366539955e+00   9.781185150e+00   1.193468952e+01   9.163775444e+00   7.504246712e+00   6.957788944e+00   6.872070789e+00   7.021579266e+00 
-0.2000  6.222927094e+00   6.940771580e+00   7.644999027e+00   6.679113388e+00   5.841826916e+00   5.572550297e+00   5.545541286e+00   5.598886013e+00 
-0.1000  5.474156380e+00   6.017191887e+00   6.510009766e+00   5.825344086e+00   5.189007282e+00   4.986611843e+00   4.969871521e+00   5.005277157e+00 
  306.000  1.140079e+01  3.050607e+01  8.381371e+00  1.072314e+00  4.259871e+00  1.333937e+00 
                                  0.000            45.000            90.000           135.000           180.000           225.000           270.000 
-1.0000  1.051884651e+01   1.051568413e+01   1.051568413e+01   1.051568413e+01   1.051568413e+01   1.051568413e+01   1.051568413e+01   1.051568413e+01 
-0.5000  8.525354385e+00   9.969015121e+00   1.216947842e+01   9.338415146e+00   7.644600868e+00   7.087512493e+00   7.000222683e+00   7.152505875e+00 
-0.2000  6.354383945e+00   7.089876175e+00   7.811732292e+00   6.821726322e+00   5.963909626e+00   5.687969208e+00   5.660204411e+00   5.714984417e+00 
-0.1000  5.587648869e+00   6.144809723e+00   6.650420189e+00   5.948019981e+00   5.295333385e+00   5.087306499e+00   5.069844246e+00   5.106575966e+00 
  307.000  1.639997e+01  4.380939e+01  1.204187e+01  1.542506e+00  6.127989e+00  1.916524e+00 
                                  0.000            45.000            90.000           135.000           180.000           225.000           270.000 
-1.0000  1.501988506e+01   1.501536560e+01   1.501536560e+01   1.501536560e+01   1.501536560e+01   1.501536560e+01   1.501536560e+01   1.501536560e+01 
-0.5000  1.229438972e+01   1.437151432e+01   1.754091644e+01   1.346355629e+01   1.102614117e+01   1.022544193e+01   1.010017204e+01   1.031878471e+01 
-0.2000  9.179291725e+00   1.024167442e+01   1.128471088e+01   9.854278564e+00   8.615270615e+00   8.216630936e+00   8.176412582e+00   8.255692482e+00 
-0.1000  8.066625595e+00   8.872554779e+00   9.603804588e+00   8.587987900e+00   7.644182682e+00   7.342717171e+00   7.317036629e+00   7.370766163e+00 
  308.000  2.082700e+01  5.541565e+01  1.524853e+01  1.958877e+00  7.762733e+00  2.426879e+00 
                                  0.000            45.000            90.000           135.000           180.000           225.000           270.000 
-1.0000  1.890784645e+01   1.890214157e+01   1.890214157e+01   1.890214157e+01   1.890214157e+01   1.890214157e+01   1.890214157e+01   1.890214157e+01 
-0.5000  1.560337353e+01   1.823979378e+01   2.226738930e+01   1.708644867e+01   1.399228287e+01   1.297700691e+01   1.281834984e+01   1.309529305e+01 
-0.2000  1.167096043e+01   1.302447224e+01   1.435387039e+01   1.253081417e+01   1.095236111e+01   1.044442081e+01   1.039303684e+01   1.049423695e+01 
-0.1000  1.025137520e+01   1.127949619e+01   1.221229458e+01   1.091656017e+01   9.712903976e+00   9.327686310e+00   9.294427872e+00   9.363675117e+00 
  309.000  2.105719e+01  5.567355e+01  1.534615e+01  1.980514e+00  7.808243e+00  2.442415e+00 
                                  0.000            45.000            90.000           135.000           180.000           225.000           270.000 
-1.0000  1.891823387e+01   1.891249847e+01   1.891249847e+01   1.891249847e+01   1.891249847e+01   1.891249847e+01   1.891249847e+01   1.891249847e+01 
-0.5000  1.571671772e+01   1.837878990e+01   2.245111656e+01   1.721319199e+01   1.408847809e+01   1.306437397e+01   1.290447235e+01   1.318363094e+01 
-0.2000  1.177608204e+01   1.314764786e+01   1.449544239e+01   1.264727783e+01   1.104786873e+01   1.053308868e+01   1.048084927e+01   1.058362770e+01 
-0.1000  1.034006500e+01   1.138318062e+01   1.232961655e+01   1.101501751e+01   9.794153214e+00   9.402701378e+00   9.368461609e+00   9.439417839e+00 
  310.000  2.246187e+01  5.919551e+01  1.633148e+01  2.112612e+00  8.315209e+00  2.599235e+00 
                                  0.000            45.000            90.000           135.000           180.000           225.000           270.000 
-1.0000  2.001180267e+01   2.000572205e+01   2.000572205e+01   2.000572205e+01   2.000572205e+01   2.000572205e+01   2.000572205e+01   2.000572205e+01 
-0.5000  1.677249146e+01   1.961039352e+01   2.395732880e+01   1.836674118e+01   1.503510857e+01   1.394458103e+01   1.377453327e+01   1.407148552e+01 
-0.2000  1.258966637e+01   1.405774689e+01   1.550101471e+01   1.352204227e+01   1.181017303e+01   1.125911903e+01   1.120304966e+01   1.131326580e+01 
-0.1000  1.104778862e+01   1.216586685e+01   1.318025589e+01   1.177134514e+01   1.046315289e+01   1.004282951e+01   1.000555229e+01   1.008242416e+01 
  311.000  3.887908e+01  1.014780e+02  2.807141e+01  3.656679e+00  1.426786e+01  4.467705e+00 
                                  0.000            45.000            90.000           135.000           180.000           225.000           270.000 
-1.0000  3.419498825e+01   3.418451691e+01   3.418451691e+01   3.418451691e+01   3.418451691e+01   3.418451691e+01   3.418451691e+01   3.418451691e+01 
-0.5000  2.880045319e+01   3.370138168e+01   4.122026062e+01   3.155147934e+01   2.579710007e+01   2.391576958e+01   2.362252998e+01   2.413463402e+01 
-0.2000  2.165793228e+01   2.420203590e+01   2.670466232e+01   2.327340126e+01   2.030702972e+01   1.935195541e+01   1.925442314e+01   1.944590950e+01 
-0.1000  1.900284576e+01   2.094270515e+01   2.270292854e+01   2.025828171e+01   1.798919296e+01   1.725886726e+01   1.719329643e+01   1.732792664e+01 
  312.000  3.652430e+01  9.478793e+01  2.626244e+01  3.435180e+00  1.334271e+01  4.179798e+00 
                                  0.000            45.000            90.000           135.000           180.000           225.000           270.000 
-1.0000  3.181548691e+01   3.180570602e+01   3.180570602e+01   3.180570602e+01   3.180570602e+01   3.180570602e+01   3.180570602e+01   3.180570602e+01 
-0.5000  2.697005844e+01   3.156734848e+01   3.863024902e+01   2.954881287e+01   2.415016747e+01   2.238725090e+01   2.211269760e+01   2.259223938e+01 
-0.2000  2.031384277e+01   2.270880508e+01   2.506591415e+01   2.183437538e+01   1.904205513e+01   1.814289093e+01   1.805080223e+01   1.823143005e+01 
-0.1000  1.781641388e+01   1.964476395e+01   2.130389404e+01   1.899978638e+01   1.686172485e+01   1.617233658e+01   1.610968781e+01   1.623777390e+01 
  313.000  4.328239e+01  1.114775e+02  3.095199e+01  4.070763e+00  1.570853e+01  4.926162e+00 
                                  0.000            45.000            90.000           135.000           180.000           225.000           270.000 
-1.0000  3.728274536e+01   3.727121353e+01   3.727121353e+01   3.727121353e+01   3.727121353e+01   3.727121353e+01   3.727121353e+01   3.727121353e+01 
-0.5000  3.178618431e+01   3.722332764e+01   4.558929062e+01   3.483369064e+01   2.844786835e+01   2.636513138e+01   2.604097557e+01   2.660721207e+01 
-0.2000  2.398234177e+01   2.682493591e+01   2.962420273e+01   2.578676033e+01   2.247274208e+01   2.140541840e+01   2.129575729e+01   2.151062393e+01 
-0.1000  2.102756119e+01   2.320025444e+01   2.517207527e+01   2.243390274e+01   1.989386749e+01   1.907342529e+01   1.899796677e+01   1.915159607e+01 
  314.000  4.906347e+01  1.251433e+02  3.484135e+01  4.614447e+00  1.764967e+01  5.545172e+00 
                                  0.000            45.000            90.000           135.000           180.000           225.000           270.000 
-1.0000  4.172651672e+01   4.171350861e+01   4.171350861e+01   4.171350861e+01   4.171350861e+01   4.171350861e+01   4.171350861e+01   4.171350861e+01 
-0.5000  3.573600769e+01   4.188403320e+01   5.135904312e+01   3.917919159e+01   3.195746231e+01   2.960485840e+01   2.923881531e+01   2.987823105e+01 
-0.2000  2.701243973e+01   3.023770523e+01   3.341577530e+01   2.905939102e+01   2.529948235e+01   2.408835220e+01   2.396349907e+01   2.420786476e+01 
-0.1000  2.368079567e+01   2.614878654e+01   2.838899231e+01   2.527834320e+01   2.239383698e+01   2.146060371e+01   2.137380219e+01   2.154984093e+01 
  315.000  5.253257e+01  1.331127e+02  3.712906e+01  4.940681e+00  1.879330e+01  5.909274e+00 
                                  0.000            45.000            90.000           135.000           180.000           225.000           270.000 
-1.0000  4.422406769e+01   4.421021652e+01   4.421021652e+01   4.421021652e+01   4.421021652e+01   4.421021652e+01   4.421021652e+01   4.421021652e+01 
-0.5000  3.809618759e+01   4.466593170e+01   5.480627441e+01   4.177272415e+01   3.405448151e+01   3.154324150e+01   3.115279007e+01   3.183492279e+01 
-0.2000  2.884028244e+01   3.229893875e+01   3.570891571e+01   3.103497696e+01   2.700321579e+01   2.570435333e+01   2.557005310e+01   2.583264732e+01 
-0.1000  2.527374268e+01   2.792346001e+01   3.032888985e+01   2.698904037e+01   2.389297676e+01   2.288956261e+01   2.279515457e+01   2.298586464e+01 
  316.000  4.334288e+01  1.085835e+02  3.038528e+01  4.076364e+00  1.534172e+01  4.835967e+00 
                                  0.000            45.000            90.000           135.000           180.000           225.000           270.000 
-1.0000  3.597875214e+01   3.596738052e+01   3.596738052e+01   3.596738052e+01   3.596738052e+01   3.596738052e+01   3.596738052e+01   3.596738052e+01 
-0.5000  3.110855675e+01   3.651302719e+01   4.486909485e+01   3.413040924e+01   2.778028679e+01   2.571661758e+01   2.539578247e+01   2.595627213e+01 
-0.2000  2.359598160e+01   2.645077705e+01   2.926728630e+01   2.540713120e+01   2.207952309e+01   2.100731659e+01   2.089605331e+01   2.111334801e+01 
-0.1000  2.067713356e+01   2.286667442e+01   2.485480690e+01   2.209456825e+01   1.953685379e+01   1.870660591e+01   1.862763977e+01   1.878656769e+01 
  317.000  6.751837e+01  1.676376e+02  4.703120e+01  6.350004e+00  2.370604e+01  7.485249e+00 
                                  0.000            45.000            90.000           135.000           180.000           225.000           270.000 
-1.0000  5.537678528e+01   5.535915375e+01   5.535915375e+01   5.535915375e+01   5.535915375e+01   5.535915375e+01   5.535915375e+01   5.535915375e+01 
-0.5000  4.810237885e+01   5.649961853e+01   6.950427246e+01   5.279372787e+01   4.292576599e+01   3.972277451e+01   3.922499084e+01   4.009462738e+01 
-0.2000  3.654708099e+01   4.099797821e+01   4.539194870e+01   3.937029648e+01   3.418256760e+01   3.251075745e+01   3.233669662e+01   3.267626190e+01 
-0.1000  3.201970673e+01   3.543732071e+01   3.854112625e+01   3.423224258e+01   3.024099731e+01   2.894330215e+01   2.881853104e+01   2.906872559e+01 
  318.000  5.929967e+01  1.457506e+02  4.101006e+01  5.577011e+00  2.062625e+01  6.526953e+00 
                                  0.000            45.000            90.000           135.000           180.000           225.000           270.000 
-1.0000  4.802263260e+01   4.800721741e+01   4.800721741e+01   4.800721741e+01   4.800721741e+01   4.800721741e+01   4.800721741e+01   4.800721741e+01 
-0.5000  4.186751556e+01   4.922236252e+01   6.063091278e+01   4.597321701e+01   3.732911301e+01   3.452648926e+01   3.409097672e+01   3.485180283e+01 
-0.2000  3.186810303e+01   3.577901077e+01   3.964230728e+01   3.434833527e+01   2.979026413e+01   2.832116699e+01   2.816772652e+01   2.846675491e+01 
-0.1000  2.791789436e+01   3.092403603e+01   3.365472794e+01   2.986409187e+01   2.635421181e+01   2.521135712e+01   2.510039330e+01   2.532217026e+01 
  319.000  7.035929e+01  1.718359e+02  4.843904e+01  6.617097e+00  2.434113e+01  7.709313e+00 
                                  0.000            45.000            90.000           135.000           180.000           225.000           270.000 
-1.0000  5.643025589e+01   5.641205978e+01   5.641205978e+01   5.641205978e+01   5.641205978e+01   5.641205978e+01   5.641205978e+01   5.641205978e+01 
-0.5000  4.946007538e+01   5.816693878e+01   7.169364166e+01   5.431667709e+01   4.408205032e+01   4.076785278e+01   4.025315857e+01   4.115239716e+01 
-0.2000  3.770044327e+01   4.234622192e+01   4.693812943e+01   4.064618301e+01   3.523191071e+01   3.348671341e+01   3.330393219e+01   3.365981674e+01 
-0.1000  3.301461792e+01   3.658965683e+01   3.983759689e+01   3.532923508e+01   3.115619469e+01   2.979522705e+01   2.966172028e+01   2.992763519e+01 
  320.000  7.829613e+01  1.874446e+02  5.314814e+01  7.363482e+00  2.656268e+01  8.458790e+00 
                                  0.000            45.000            90.000           135.000           180.000           225.000           270.000 
-1.0000  6.146170425e+01   6.144154358e+01   6.144154358e+01   6.144154358e+01   6.144154358e+01   6.144154358e+01   6.144154358e+01   6.144154358e+01 
-0.5000  5.391472626e+01   6.355887604e+01   7.857379913e+01   5.928850555e+01   4.795074081e+01   4.428356171e+01   4.371352005e+01   4.470916748e+01 
-0.2000  4.121679688e+01   4.638043976e+01   5.148867416e+01   4.449005890e+01   3.847286224e+01   3.653273773e+01   3.632854080e+01   3.672549057e+01 
-0.1000  3.611331558e+01   4.009142685e+01   4.370707321e+01   3.868880463e+01   3.404644775e+01   3.253016663e+01   3.237984467e+01   3.267819595e+01 
  321.000  7.838458e+01  1.875167e+02  5.318025e+01  7.371753e+00  2.660053e+01  8.463901e+00 
                                  0.000            45.000            90.000           135.000           180.000           225.000           270.000 
-1.0000  6.126829529e+01   6.124820709e+01   6.124820709e+01   6.124820709e+01   6.124820709e+01   6.124820709e+01   6.124820709e+01   6.124820709e+01 
-0.5000  5.408338165e+01   6.372580719e+01   7.875613403e+01   5.945280075e+01   4.811545944e+01   4.445265579e+01   4.388390732e+01   4.487750626e+01 
-0.2000  4.137324524e+01   4.655182266e+01   5.167706299e+01   4.465550995e+01   3.862105179e+01   3.667542267e+01   3.647031784e+01   3.686882019e+01 
-0.1000  3.622491455e+01   4.021847534e+01   4.384834290e+01   3.881058121e+01   3.415124130e+01   3.262722397e+01   3.247481918e+01   3.277644348e+01 
  322.000  8.230022e+01  1.931403e+02  5.508810e+01  7.739949e+00  2.740937e+01  8.767544e+00 
                                  0.000            45.000            90.000           135.000           180.000           225.000           270.000 
-1.0000  6.300962830e+01   6.298863220e+01   6.298863220e+01   6.298863220e+01   6.298863220e+01   6.298863220e+01   6.298863220e+01   6.298863220e+01 
-0.5000  5.566748047e+01   6.574620819e+01   8.148915100e+01   6.127416229e+01   4.942242432e+01   4.559769440e+01   4.500324631e+01   4.604143524e+01 
-0.2000  4.271013260e+01   4.814128494e+01   5.352102661e+01   4.615162659e+01   3.982345963e+01   3.778254318e+01   3.756638336e+01   3.798573303e+01 
-0.1000  3.741527939e+01   4.160832977e+01   4.542105865e+01   4.013001633e+01   3.523912430e+01   3.363707352e+01   3.347526550e+01   3.379445648e+01 
  323.000  7.303236e+01  1.698347e+02  4.857342e+01  6.868302e+00  2.412010e+01  7.730700e+00 
                                  0.000            45.000            90.000           135.000           180.000           225.000           270.000 
-1.0000  5.525844955e+01   5.523990250e+01   5.523990250e+01   5.523990250e+01   5.523990250e+01   5.523990250e+01   5.523990250e+01   5.523990250e+01 
-0.5000  4.901040268e+01   5.792805481e+01   7.188061523e+01   5.396699905e+01   4.347914886e+01   4.009860229e+01   3.957329178e+01   4.049072647e+01 
-0.2000  3.766363525e+01   4.248487473e+01   4.726356888e+01   4.071804428e+01   3.510085678e+01   3.328904343e+01   3.309655762e+01   3.346960449e+01 
-0.1000  3.298859024e+01   3.671474838e+01   4.010369873e+01   3.540108490e+01   3.105583572e+01   2.963042259e+01   2.948510170e+01   2.977089500e+01 
  324.000  9.251394e+01  2.137117e+02  6.124512e+01  8.700381e+00  3.037842e+01  9.747463e+00 
                                  0.000            45.000            90.000           135.000           180.000           225.000           270.000 
-1.0000  6.932640839e+01   6.930302429e+01   6.930302429e+01   6.930302429e+01   6.930302429e+01   6.930302429e+01   6.930302429e+01   6.930302429e+01 
-0.5000  6.177863693e+01   7.304664612e+01   9.070404816e+01   6.803660583e+01   5.478269196e+01   5.051569366e+01   4.985292816e+01   5.101047897e+01 
-0.2000  4.754690552e+01   5.365930939e+01   5.972138214e+01   5.141858673e+01   4.429738235e+01   4.200036621e+01   4.175572586e+01   4.222946548e+01 
-0.1000  4.163040924e+01   4.635953140e+01   5.066145706e+01   4.469236755e+01   3.917880249e+01   3.736752319e+01   3.718120956e+01   3.754656982e+01 
  325.000  9.475812e+01  2.145374e+02  6.185911e+01  8.911374e+00  3.050367e+01  9.845183e+00 
                                  0.000            45.000            90.000           135.000           180.000           225.000           270.000 
-1.0000  6.952100372e+01   6.949715424e+01   6.949715424e+01   6.949715424e+01   6.949715424e+01   6.949715424e+01   6.949715424e+01   6.949715424e+01 
-0.5000  6.194243622e+01   7.343080139e+01   9.146974182e+01   6.831649780e+01   5.480201340e+01   5.045544052e+01   4.977949905e+01   5.095964432e+01 
-0.2000  4.781825256e+01   5.406940079e+01   6.027419281e+01   5.177686310e+01   4.449475479e+01   4.214506912e+01   4.189362335e+01   4.237979889e+01 
-0.1000  4.189744949e+01   4.673898697e+01   5.114502335e+01   4.503203964e+01   3.938868713e+01   3.753236389e+01   3.733970261e+01   3.771641541e+01 
  326.000  1.270207e+02  2.855810e+02  8.252036e+01  1.194538e+01  4.063697e+01  1.313352e+01 
                                  0.000            45.000            90.000           135.000           180.000           225.000           270.000 
-1.0000  9.229001617e+01   9.225817871e+01   9.225817871e+01   9.225817871e+01   9.225817871e+01   9.225817871e+01   9.225817871e+01   9.225817871e+01 
-0.5000  8.257609558e+01   9.793556976e+01   1.220900497e+02   9.109121704e+01   7.302047729e+01   6.721524811e+01   6.631276703e+01   6.788846588e+01 
-0.2000  6.383771515e+01   7.222177124e+01   8.054859924e+01   6.914602661e+01   5.937968445e+01   5.622826767e+01   5.589018631e+01   5.654335403e+01 
-0.1000  5.591680145e+01   6.241689682e+01   6.833346558e+01   6.012529373e+01   5.255040359e+01   5.005531311e+01   4.979417801e+01   5.030340958e+01 
  327.000  1.289253e+02  2.866738e+02  8.311983e+01  1.212441e+01  4.081873e+01  1.322893e+01 
                                  0.000            45.000            90.000           135.000           180.000           225.000           270.000 
-1.0000  9.243816376e+01   9.240599060e+01   9.240599060e+01   9.240599060e+01   9.240599060e+01   9.240599060e+01   9.240599060e+01   9.240599060e+01 
-0.5000  8.294364929e+01   9.848297882e+01   1.229613647e+02   9.155116272e+01   7.326657104e+01   6.739907837e+01   6.648675537e+01   6.807948303e+01 
-0.2000  6.425302887e+01   7.276229858e+01   8.121908569e+01   6.963953400e+01   5.972793198e+01   5.652925110e+01   5.618502045e+01   5.684939194e+01 
-0.1000  5.628207397e+01   6.288608170e+01   6.889882660e+01   6.055783844e+01   5.286355591e+01   5.032578278e+01   5.005796432e+01   5.057884598e+01 
  328.000  1.222089e+02  2.668191e+02  7.780561e+01  1.149272e+01  3.800308e+01  1.238315e+01 
                                  0.000            45.000            90.000           135.000           180.000           225.000           270.000 
-1.0000  8.593264008e+01   8.590226746e+01   8.590226746e+01   8.590226746e+01   8.590226746e+01   8.590226746e+01   8.590226746e+01   8.590226746e+01 
-0.5000  7.712486267e+01   9.178979492e+01   1.149359589e+02   8.524016571e+01   6.798264313e+01   6.245029831e+01   6.158916092e+01   6.309204483e+01 
-0.2000  5.991594315e+01   6.797097015e+01   7.598270416e+01   6.501371002e+01   5.563211060e+01   5.260354996e+01   5.227616119e+01   5.290712738e+01 
-0.1000  5.251522064e+01   5.877323151e+01   6.447322845e+01   5.656679535e+01   4.927726364e+01   4.686988831e+01   4.661365509e+01   4.711065674e+01 
  329.000  1.379704e+02  2.992238e+02  8.743884e+01  1.297486e+01  4.265413e+01  1.391632e+01 
                                  0.000            45.000            90.000           135.000           180.000           225.000           270.000 
-1.0000  9.609481812e+01   9.606068420e+01   9.606068420e+01   9.606068420e+01   9.606068420e+01   9.606068420e+01   9.606068420e+01   9.606068420e+01 
-0.5000  8.662825012e+01   1.031393661e+02   1.292407379e+02   9.575772095e+01   7.632490540e+01   7.010271454e+01   6.913454437e+01   7.082427216e+01 
-0.2000  6.739809418e+01   7.649717712e+01   8.555285645e+01   7.315550232e+01   6.255834961e+01   5.913733292e+01   5.876663589e+01   5.948051834e+01 
-0.1000  5.905256271e+01   6.612909698e+01   7.257595062e+01   6.363415909e+01   5.539303589e+01   5.266767120e+01   5.237521362e+01   5.294102478e+01 
  330.000  1.557128e+02  3.336243e+02  9.786744e+01  1.464329e+01  4.758248e+01  1.557609e+01 
                                  0.000            45.000            90.000           135.000           180.000           225.000           270.000 
-1.0000  1.069510574e+02   1.069126892e+02   1.069126892e+02   1.069126892e+02   1.069126892e+02   1.069126892e+02   1.069126892e+02   1.069126892e+02 
-0.5000  9.659980011e+01   1.151711578e+02   1.445777893e+02   1.068598938e+02   8.499989319e+01   7.800753021e+01   7.691903687e+01   7.881845093e+01 
-0.2000  7.532146454e+01   8.558633423e+01   9.580893707e+01   8.181523132e+01   6.986112213e+01   6.600144196e+01   6.558186340e+01   6.638905334e+01 
-0.1000  6.600774384e+01   7.399877167e+01   8.128082275e+01   7.118134308e+01   6.187713623e+01   5.879649353e+01   5.846342087e+01   5.910629654e+01 
  331.000  1.349114e+02  2.839023e+02  8.376276e+01  1.268703e+01  4.050321e+01  1.333126e+01 
                                  0.000            45.000            90.000           135.000           180.000           225.000           270.000 
-1.0000  9.090431976e+01   9.087120056e+01   9.087120056e+01   9.087120056e+01   9.087120056e+01   9.087120056e+01   9.087120056e+01   9.087120056e+01 
-0.5000  8.211960602e+01   9.813906860e+01   1.235541992e+02   9.096130371e+01   7.210316467e+01   6.607694244e+01   6.513780212e+01   6.677606201e+01 
-0.2000  6.421867371e+01   7.310015869e+01   8.195205688e+01   6.983598328e+01   5.949391556e+01   5.615369034e+01   5.578896713e+01   5.648964310e+01 
-0.1000  5.631413651e+01   6.323549271e+01   6.954528809e+01   6.079500580e+01   5.273802567e+01   5.006696320e+01   4.977581024e+01   5.033634567e+01 
  332.000  1.423252e+02  2.971232e+02  8.788968e+01  1.338414e+01  4.241941e+01  1.398808e+01 
                                  0.000            45.000            90.000           135.000           180.000           225.000           270.000 
-1.0000  9.490854645e+01   9.487376404e+01   9.487376404e+01   9.487376404e+01   9.487376404e+01   9.487376404e+01   9.487376404e+01   9.487376404e+01 
-0.5000  8.603528595e+01   1.028860474e+02   1.296617126e+02   9.532832336e+01   7.548908997e+01   6.915637207e+01   6.816954041e+01   6.989092255e+01 
-0.2000  6.739230347e+01   7.676363373e+01   8.610942078e+01   7.331829834e+01   6.240632629e+01   5.888187027e+01   5.849607086e+01   5.923664856e+01 
-0.1000  5.908671951e+01   6.639704895e+01   7.306297302e+01   6.381943512e+01   5.531143188e+01   5.248732758e+01   5.217720413e+01   5.277288818e+01 
  333.000  1.421801e+02  2.931104e+02  8.705811e+01  1.337041e+01  4.186807e+01  1.385573e+01 
                                  0.000            45.000            90.000           135.000           180.000           225.000           270.000 
-1.0000  9.346052551e+01   9.342591095e+01   9.342591095e+01   9.342591095e+01   9.342591095e+01   9.342591095e+01   9.342591095e+01   9.342591095e+01 
-0.5000  8.487584686e+01   1.016492386e+02   1.283475037e+02   9.411820221e+01   7.436785126e+01   6.806993103e+01   6.708800507e+01   6.880051422e+01 
-0.2000  6.663916016e+01   7.599600220e+01   8.533367157e+01   7.255477905e+01   6.166042328e+01   5.814106369e+01   5.775454330e+01   5.849573135e+01 
-0.1000  5.844026184e+01   6.574667358e+01   7.241105652e+01   6.317035294e+01   5.466867447e+01   5.184323120e+01   5.153064728e+01   5.212968826e+01 
  334.000  1.393056e+02  2.829432e+02  8.444976e+01  1.310001e+01  4.043207e+01  1.344060e+01 
                                  0.000            45.000            90.000           135.000           180.000           225.000           270.000 
-1.0000  9.008469391e+01   9.005091858e+01   9.005091858e+01   9.005091858e+01   9.005091858e+01   9.005091858e+01   9.005091858e+01   9.005091858e+01 
-0.5000  8.189274597e+01   9.826090240e+01   1.243618622e+02   9.090347290e+01   7.162821198e+01   6.548801422e+01   6.452989960e+01   6.620045471e+01 
-0.2000  6.446235657e+01   7.362100220e+01   8.276762390e+01   7.025140381e+01   5.958869171e+01   5.614334106e+01   5.576348114e+01   5.649100876e+01 
-0.1000  5.655573654e+01   6.371479034e+01   7.024707031e+01   6.119028473e+01   5.286185455e+01   5.009056091e+01   4.978161240e+01   5.037228775e+01 
  335.000  1.496956e+02  3.011321e+02  9.016553e+01  1.407697e+01  4.305770e+01  1.435029e+01 
                                  0.000            45.000            90.000           135.000           180.000           225.000           270.000 
-1.0000  9.567800140e+01   9.564185333e+01   9.564185333e+01   9.564185333e+01   9.564185333e+01   9.564185333e+01   9.564185333e+01   9.564185333e+01 
-0.5000  8.720677948e+01   1.047403259e+02   1.327438812e+02   9.685120392e+01   7.620117950e+01   6.962986755e+01   6.860425568e+01   7.039229584e+01 
-0.2000  6.878082275e+01   7.862124634e+01   8.845484924e+01   7.499961090e+01   6.354376602e+01   5.984180450e+01   5.943255234e+01   6.021570969e+01 
-0.1000  6.034531784e+01   6.804483032e+01   7.507206726e+01   6.532970428e+01   5.637432480e+01   5.339089966e+01   5.305598831e+01   5.369495010e+01 
  336.000  1.266820e+02  2.518235e+02  7.570110e+01  1.191276e+01  3.602427e+01  1.204820e+01 
                                  0.000            45.000            90.000           135.000           180.000           225.000           270.000 
-1.0000  7.988055420e+01   7.985007477e+01   7.985007477e+01   7.985007477e+01   7.985007477e+01   7.985007477e+01   7.985007477e+01   7.985007477e+01 
-0.5000  7.292370605e+01   8.771012878e+01   1.113647003e+02   8.105028534e+01   6.363385773e+01   5.809689331e+01   5.723224640e+01   5.873938751e+01 
-0.2000  5.764464188e+01   6.596733093e+01   7.428966522e+01   6.290324402e+01   5.321492004e+01   5.008362198e+01   4.973635864e+01   5.040022659e+01 
-0.1000  5.058770752e+01   5.710597992e+01   6.305688095e+01   5.480731201e+01   4.722732544e+01   4.469923401e+01   4.441349792e+01   4.495751190e+01 
  337.000  1.254073e+02  2.456161e+02  7.420468e+01  1.179282e+01  3.514926e+01  1.181004e+01 
                                  0.000            45.000            90.000           135.000           180.000           225.000           270.000 
-1.0000  7.780635834e+01   7.777631378e+01   7.777631378e+01   7.777631378e+01   7.777631378e+01   7.777631378e+01   7.777631378e+01   7.777631378e+01 
-0.5000  7.108139038e+01   8.565946960e+01   1.090227051e+02   7.908615112e+01   6.191337204e+01   5.645916748e+01   5.560668182e+01   5.709221649e+01 
-0.2000  5.633668900e+01   6.456649780e+01   7.280195618e+01   6.153547668e+01   5.195604324e+01   4.885921478e+01   4.851448059e+01   4.917274094e+01 
-0.1000  4.946425247e+01   5.591633987e+01   6.180894852e+01   5.364085388e+01   4.613936234e+01   4.363452530e+01   4.334939575e+01   4.389108658e+01 
  338.000  1.449687e+02  2.806296e+02  8.511967e+01  1.363221e+01  4.017853e+01  1.354722e+01 
                                  0.000            45.000            90.000           135.000           180.000           225.000           270.000 
-1.0000  8.874705505e+01   8.871247101e+01   8.871247101e+01   8.871247101e+01   8.871247101e+01   8.871247101e+01   8.871247101e+01   8.871247101e+01 
-0.5000  8.121891022e+01   9.800555420e+01   1.249531631e+02   9.042852020e+01   7.065180969e+01   6.437702942e+01   6.339591980e+01   6.510534668e+01 
-0.2000  6.450287628e+01   7.400632477e+01   8.352303314e+01   7.050488281e+01   5.944346619e+01   5.586746979e+01   5.546837234e+01   5.622982025e+01 
-0.1000  5.664262390e+01   6.410015106e+01   7.091347504e+01   6.146984100e+01   5.280092239e+01   4.990336990e+01   4.957148361e+01   5.020082474e+01 
  339.000  1.570059e+02  3.004769e+02  9.149656e+01  1.476403e+01  4.303880e+01  1.456213e+01 
                                  0.000            45.000            90.000           135.000           180.000           225.000           270.000 
-1.0000  9.486853027e+01   9.483123016e+01   9.483123016e+01   9.483123016e+01   9.483123016e+01   9.483123016e+01   9.483123016e+01   9.483123016e+01 
-0.5000  8.696627045e+01   1.050756912e+02   1.341942444e+02   9.689326477e+01   7.555574799e+01   6.879258728e+01   6.773474884e+01   6.957760620e+01 
-0.2000  6.920129395e+01   7.948146057e+01   8.978323364e+01   7.569238281e+01   6.372741699e+01   5.985937119e+01   5.942665863e+01   6.025162888e+01 
-0.1000  6.077622223e+01   6.885040283e+01   7.622985840e+01   6.600231171e+01   5.661814117e+01   5.347859192e+01   5.311687088e+01   5.380157089e+01 
  340.000  1.765567e+02  3.330840e+02  1.019281e+02  1.660238e+01  4.772395e+01  1.622237e+01 
                                  0.000            45.000            90.000           135.000           180.000           225.000           270.000 
-1.0000  1.050273361e+02   1.049855804e+02   1.049855804e+02   1.049855804e+02   1.049855804e+02   1.049855804e+02   1.049855804e+02   1.049855804e+02 
-0.5000  9.634662628e+01   1.166197128e+02   1.492756805e+02   1.074495239e+02   8.356005859e+01   7.599562836e+01   7.481162262e+01   7.687380981e+01 
-0.2000  7.684159088e+01   8.838159180e+01   9.995489502e+01   8.412638855e+01   7.069590759e+01   6.635375977e+01   6.586652374e+01   6.679455566e+01 
-0.1000  6.751243591e+01   7.658455658e+01   8.487969208e+01   7.338403320e+01   6.284188080e+01   5.931150818e+01   5.890223694e+01   5.967551041e+01 
