

 ****************************************************************************************************
 DISORT: 
 ****************************************************************************************************

 No. streams =  32     No. computational layers =  49
   1 User optical depths :    0.0000
   4 User polar angle cosines :  0.10000  0.20000  0.50000  1.00000
   3 User azimuthal angles :     0.00    90.00   180.00
 No thermal emission
 Boundary condition flag: ds.flag.ibcnd = GENERAL_BC
    Incident beam with intensity =  1.000e+00 and polar angle cosine =  0.86603  and azimuth angle =   0.00
    plus isotropic incident intensity =  0.000e+00
    Bidirectional reflectivity at bottom
 Does not use delta-M method
 Does not use TMS/IMS method
 Calculate fluxes and intensities
 Relative convergence criterion for azimuth series =   1.00e-05

                                     <------------- Delta-M --------------->
                   Total    Single                           Total    Single
       Optical   Optical   Scatter   Separated   Optical   Optical   Scatter    Asymm
         Depth     Depth    Albedo    Fraction     Depth     Depth    Albedo   Factor
   1    0.0000    0.0000   1.00000     0.00000    0.0000    0.0000   1.00000   0.0000
   2    0.0000    0.0000   1.00000     0.00000    0.0000    0.0000   1.00000   0.0000
   3    0.0000    0.0000   1.00000     0.00000    0.0000    0.0000   1.00000   0.0000
   4    0.0000    0.0000   1.00000     0.00000    0.0000    0.0000   1.00000   0.0000
   5    0.0000    0.0000   1.00000     0.00000    0.0000    0.0000   1.00000   0.0000
   6    0.0000    0.0000   1.00000     0.00000    0.0000    0.0000   1.00000   0.0000
   7    0.0000    0.0000   1.00000     0.00000    0.0000    0.0000   1.00000   0.0000
   8    0.0000    0.0000   1.00000     0.00000    0.0000    0.0000   1.00000   0.0000
   9    0.0000    0.0000   1.00000     0.00000    0.0000    0.0000   1.00000   0.0000
  10    0.0000    0.0000   1.00000     0.00000    0.0000    0.0000   1.00000   0.0000
  11    0.0000    0.0000   1.00000     0.00000    0.0000    0.0000   1.00000   0.0000
  12    0.0000    0.0000   1.00000     0.00000    0.0000    0.0000   1.00000   0.0000
  13    0.0000    0.0000   1.00000     0.00000    0.0000    0.0000   1.00000   0.0000
  14    0.0000    0.0000   1.00000     0.00000    0.0000    0.0000   1.00000   0.0000
  15    0.0000    0.0000   1.00000     0.00000    0.0000    0.0000   1.00000   0.0000
  16    0.0000    0.0000   1.00000     0.00000    0.0000    0.0000   1.00000   0.0000
  17    0.0000    0.0000   1.00000     0.00000    0.0000    0.0000   1.00000   0.0000
  18    0.0000    0.0000   1.00000     0.00000    0.0000    0.0000   1.00000   0.0000
  19    0.0000    0.0000   1.00000     0.00000    0.0000    0.0000   1.00000   0.0000
  20    0.0000    0.0000   1.00000     0.00000    0.0000    0.0000   1.00000   0.0000
  21    0.0000    0.0000   1.00000     0.00000    0.0000    0.0000   1.00000   0.0000
  22    0.0000    0.0000   1.00000     0.00000    0.0000    0.0000   1.00000   0.0000
  23    0.0000    0.0000   1.00000     0.00000    0.0000    0.0000   1.00000   0.0000
  24    0.0000    0.0000   1.00000     0.00000    0.0000    0.0000   1.00000   0.0000
  25    0.0000    0.0000   1.00000     0.00000    0.0000    0.0000   1.00000   0.0000
  26    0.0000    0.0000   1.00000     0.00000    0.0000    0.0000   1.00000   0.0000
  27    0.0000    0.0000   1.00000     0.00000    0.0000    0.0000   1.00000   0.0000
  28    0.0000    0.0000   1.00000     0.00000    0.0000    0.0000   1.00000   0.0000
  29    0.0000    0.0000   1.00000     0.00000    0.0000    0.0000   1.00000   0.0000
  30    0.0000    0.0000   1.00000     0.00000    0.0000    0.0000   1.00000   0.0000
  31    0.0000    0.0000   1.00000     0.00000    0.0000    0.0000   1.00000   0.0000
  32    0.0000    0.0000   1.00000     0.00000    0.0000    0.0000   1.00000   0.0000
  33    0.0000    0.0000   1.00000     0.00000    0.0000    0.0000   1.00000   0.0000
  34    0.0000    0.0000   1.00000     0.00000    0.0000    0.0000   1.00000   0.0000
  35    0.0000    0.0000   1.00000     0.00000    0.0000    0.0000   1.00000   0.0000
  36    0.0000    0.0000   1.00000     0.00000    0.0000    0.0000   1.00000   0.0000
  37    0.0000    0.0000   1.00000     0.00000    0.0000    0.0000   1.00000   0.0000
  38    0.0000    0.0000   1.00000     0.00000    0.0000    0.0000   1.00000   0.0000
  39    0.0000    0.0000   1.00000     0.00000    0.0000    0.0000   1.00000   0.0000
  40    0.0000    0.0000   1.00000     0.00000    0.0000    0.0000   1.00000   0.0000
  41    0.0000    0.0000   1.00000     0.00000    0.0000    0.0000   1.00000   0.0000
  42    0.0000    0.0000   1.00000     0.00000    0.0000    0.0000   1.00000   0.0000
  43    0.0000    0.0000   1.00000     0.00000    0.0000    0.0000   1.00000   0.0000
  44    0.0000    0.0000   1.00000     0.00000    0.0000    0.0000   1.00000   0.0000
  45    0.0000    0.0000   1.00000     0.00000    0.0000    0.0000   1.00000   0.0000
  46    0.0000    0.0000   1.00000     0.00000    0.0000    0.0000   1.00000   0.0000
  47    0.0000    0.0000   1.00000     0.00000    0.0000    0.0000   1.00000   0.0000
  48    0.0000    0.0000   1.00000     0.00000    0.0000    0.0000   1.00000   0.0000
  49    0.0000    0.0000   1.00000     0.00000    0.0000    0.0000   1.00000   0.0000


                     <----------------------- FLUXES ----------------------->
   Optical  Compu    Downward    Downward    Downward      Upward                    Mean      Planck   d(Net Flux)
     Depth  Layer      Direct     Diffuse       Total     Diffuse         Net   Intensity      Source   / d(Op Dep)
    0.0000     49   8.660e-01   2.392e-09   8.660e-01   1.810e-01   6.850e-01   1.093e-01   0.000e+00     3.050e-14


 *********  I N T E N S I T I E S  *********

             Polar   Azimuth angles (degrees)
   Optical   Angle
    Depth   Cosine

                         0.00      90.00     180.00
    0.0000  0.1000  5.193e-02  6.405e-02  7.775e-02
            0.2000  5.172e-02  6.268e-02  7.544e-02
            0.5000  5.007e-02  5.811e-02  6.940e-02
            1.0000  5.367e-02  5.367e-02  5.367e-02
  400.000  8.660254e-01  2.392274e-09  1.809978e-01  7.957747e-02  2.564050e-10  2.973384e-02 
                                  0.000            90.000           180.000 
 0.1000  6.442097574e-02   5.192517117e-02   6.404609978e-02   7.774765790e-02 
 0.2000  6.309980154e-02   5.171730369e-02   6.267738342e-02   7.544256747e-02 
 0.5000  5.881460011e-02   5.006542057e-02   5.811230466e-02   6.939535588e-02 
 1.0000  5.367298052e-02   5.367298052e-02   5.367298052e-02   5.367298052e-02 
