  300.000  2.369518e-08  2.063604e+00  4.127208e-01 
  301.000  4.494981e-08  3.984253e+00  7.968505e-01 
  302.000  5.362308e-08  4.800289e+00  9.600579e-01 
  303.000  1.298825e-07  1.178974e+01  2.357947e+00 
  304.000  1.503867e-07  1.370370e+01  2.740739e+00 
  305.000  2.323713e-07  2.141425e+01  4.282849e+00 
  306.000  2.372874e-07  2.189719e+01  4.379437e+00 
  307.000  3.413366e-07  3.168463e+01  6.336926e+00 
  308.000  4.334774e-07  4.033739e+01  8.067479e+00 
  309.000  4.382685e-07  4.075242e+01  8.150484e+00 
  310.000  4.675042e-07  4.363662e+01  8.727324e+00 
  311.000  8.091998e-07  7.515382e+01  1.503076e+01 
  312.000  7.601893e-07  7.060386e+01  1.412077e+01 
  313.000  9.008473e-07  8.348753e+01  1.669751e+01 
  314.000  1.021170e-06  9.416225e+01  1.883245e+01 
  315.000  1.093373e-06  1.007068e+02  2.014137e+01 
  316.000  9.021059e-07  8.247279e+01  1.649456e+01 
  317.000  1.405276e-06  1.279315e+02  2.558629e+01 
  318.000  1.234219e-06  1.116761e+02  2.233522e+01 
  319.000  1.464405e-06  1.324122e+02  2.648244e+01 
  320.000  1.629597e-06  1.446742e+02  2.893484e+01 
  321.000  1.631438e-06  1.457012e+02  2.914024e+01 
  322.000  1.712936e-06  1.503181e+02  3.006363e+01 
  323.000  1.520040e-06  1.327974e+02  2.655948e+01 
  324.000  1.925516e-06  1.680175e+02  3.360350e+01 
  325.000  1.972224e-06  1.688034e+02  3.376068e+01 
  326.000  2.643714e-06  2.258296e+02  4.516592e+01 
  327.000  2.683354e-06  2.275399e+02  4.550799e+01 
  328.000  2.543564e-06  2.120774e+02  4.241548e+01 
  329.000  2.871612e-06  2.390945e+02  4.781890e+01 
  330.000  3.240890e-06  2.673598e+02  5.347196e+01 
  331.000  2.807945e-06  2.278667e+02  4.557333e+01 
  332.000  2.962249e-06  2.395304e+02  4.790607e+01 
  333.000  2.959230e-06  2.370039e+02  4.740078e+01 
  334.000  2.899403e-06  2.293427e+02  4.586854e+01 
  335.000  3.115652e-06  2.449924e+02  4.899849e+01 
  336.000  2.636664e-06  2.054637e+02  4.109275e+01 
  337.000  2.610134e-06  2.008665e+02  4.017331e+01 
  338.000  3.017269e-06  2.302446e+02  4.604892e+01 
  339.000  3.267802e-06  2.473174e+02  4.946347e+01 
  340.000  3.674719e-06  2.748768e+02  5.497536e+01 
