  300.000  2.763049e+00  3.087059e+00  1.170022e+00  2.592736e-01  4.777781e-01  1.862147e-01 
  301.000  5.223602e+00  5.888303e+00  2.222381e+00  4.901621e-01  9.168083e-01  3.537029e-01 
  302.000  6.212306e+00  7.024819e+00  2.647425e+00  5.829381e-01  1.098937e+00  4.213508e-01 
  303.000  1.499798e+01  1.709326e+01  6.418247e+00  1.407351e+00  2.687637e+00  1.021496e+00 
  304.000  1.731212e+01  1.968946e+01  7.400318e+00  1.624501e+00  3.108258e+00  1.177797e+00 
  305.000  2.666450e+01  3.052658e+01  1.143822e+01  2.502091e+00  4.841135e+00  1.820449e+00 
  306.000  2.714423e+01  3.094949e+01  1.161874e+01  2.547107e+00  4.925832e+00  1.849181e+00 
  307.000  3.892420e+01  4.444760e+01  1.667436e+01  3.652493e+00  7.100925e+00  2.653807e+00 
  308.000  4.928456e+01  5.616349e+01  2.108961e+01  4.624668e+00  9.003217e+00  3.356516e+00 
  309.000  4.968203e+01  5.629452e+01  2.119531e+01  4.661965e+00  9.051084e+00  3.373338e+00 
  310.000  5.282494e+01  5.981413e+01  2.252781e+01  4.956883e+00  9.651869e+00  3.585413e+00 
  311.000  9.116537e+01  1.021252e+02  3.865812e+01  8.554597e+00  1.652179e+01  6.152631e+00 
  312.000  8.539021e+01  9.519187e+01  3.611642e+01  8.012679e+00  1.544426e+01  5.748106e+00 
  313.000  1.008859e+02  1.116138e+02  4.249995e+01  9.466736e+00  1.815837e+01  6.764078e+00 
  314.000  1.140307e+02  1.247804e+02  4.776223e+01  1.070019e+01  2.035162e+01  7.601594e+00 
  315.000  1.217260e+02  1.323822e+02  5.082165e+01  1.142229e+01  2.164887e+01  8.088517e+00 
  316.000  1.001420e+02  1.074433e+02  4.151705e+01  9.396925e+00  1.761202e+01  6.607643e+00 
  317.000  1.555369e+02  1.652335e+02  6.415407e+01  1.459496e+01  2.715088e+01  1.021044e+01 
  318.000  1.362324e+02  1.430189e+02  5.585025e+01  1.278350e+01  2.355464e+01  8.888844e+00 
  319.000  1.611656e+02  1.681876e+02  6.587064e+01  1.512314e+01  2.776797e+01  1.048364e+01 
  320.000  1.788111e+02  1.816904e+02  7.210032e+01  1.677893e+01  3.006627e+01  1.147512e+01 
  321.000  1.785449e+02  1.818189e+02  7.207275e+01  1.675394e+01  3.015396e+01  1.147073e+01 
  322.000  1.869200e+02  1.855010e+02  7.448420e+01  1.753983e+01  3.083632e+01  1.185453e+01 
  323.000  1.653979e+02  1.624324e+02  6.556606e+01  1.552028e+01  2.706200e+01  1.043516e+01 
  324.000  2.089290e+02  2.038225e+02  8.255030e+01  1.960507e+01  3.403920e+01  1.313829e+01 
  325.000  2.134198e+02  2.024978e+02  8.318353e+01  2.002647e+01  3.389131e+01  1.323907e+01 
  326.000  2.853074e+02  2.686987e+02  1.108012e+02  2.677211e+01  4.507038e+01  1.763456e+01 
  327.000  2.888047e+02  2.682587e+02  1.114127e+02  2.710029e+01  4.510012e+01  1.773188e+01 
  328.000  2.730194e+02  2.472749e+02  1.040589e+02  2.561906e+01  4.166240e+01  1.656148e+01 
  329.000  3.073699e+02  2.764369e+02  1.167614e+02  2.884237e+01  4.668488e+01  1.858315e+01 
  330.000  3.460204e+02  3.062719e+02  1.304585e+02  3.246919e+01  5.183652e+01  2.076311e+01 
  331.000  2.989884e+02  2.580901e+02  1.114157e+02  2.805589e+01  4.377979e+01  1.773236e+01 
  332.000  3.145912e+02  2.690056e+02  1.167194e+02  2.951999e+01  4.573355e+01  1.857646e+01 
  333.000  3.134522e+02  2.635762e+02  1.154057e+02  2.941311e+01  4.491315e+01  1.836738e+01 
  334.000  3.062941e+02  2.523394e+02  1.117267e+02  2.874142e+01  4.309492e+01  1.778186e+01 
  335.000  3.283018e+02  2.671566e+02  1.190917e+02  3.080654e+01  4.572950e+01  1.895403e+01 
  336.000  2.771408e+02  2.219277e+02  9.981371e+01  2.600579e+01  3.807083e+01  1.588585e+01 
  337.000  2.736382e+02  2.146446e+02  9.765657e+01  2.567713e+01  3.690510e+01  1.554253e+01 
  338.000  3.155172e+02  2.437741e+02  1.118583e+02  2.960688e+01  4.200866e+01  1.780280e+01 
  339.000  3.408671e+02  2.595133e+02  1.200761e+02  3.198561e+01  4.481992e+01  1.911070e+01 
  340.000  3.823216e+02  2.855006e+02  1.335645e+02  3.587555e+01  4.941755e+01  2.125744e+01 
