  425.000   5.747755766e-01 
  425.220   5.748369694e-01 
  425.440   5.749127269e-01 
  425.660   5.750232935e-01 
  425.880   5.751508474e-01 
  426.100   5.752180815e-01 
  426.320   5.752009153e-01 
  426.540   5.751200318e-01 
  426.760   5.749098063e-01 
  426.980   5.745351911e-01 
  427.200   5.741336346e-01 
  427.420   5.738641620e-01 
  427.640   5.737207532e-01 
  427.860   5.736097097e-01 
  428.080   5.735638738e-01 
  428.300   5.736392736e-01 
  428.520   5.737933517e-01 
  428.740   5.739409924e-01 
  428.960   5.740777254e-01 
  429.180   5.742334127e-01 
  429.400   5.743497610e-01 
  429.620   5.743597150e-01 
  429.840   5.742135644e-01 
  430.060   5.738803744e-01 
  430.280   5.734415650e-01 
  430.500   5.730654597e-01 
  430.720   5.728383660e-01 
  430.940   5.727517009e-01 
  431.160   5.727649331e-01 
  431.380   5.728222728e-01 
  431.600   5.729286671e-01 
  431.820   5.730992556e-01 
  432.040   5.732840300e-01 
  432.260   5.734183788e-01 
  432.480   5.734418631e-01 
  432.700   5.733149648e-01 
  432.920   5.730708838e-01 
  433.140   5.727869868e-01 
  433.360   5.725136995e-01 
  433.580   5.722820163e-01 
  433.800   5.721399784e-01 
  434.020   5.721296668e-01 
  434.240   5.721542239e-01 
  434.460   5.719916821e-01 
  434.680   5.715485215e-01 
  434.900   5.710602403e-01 
  435.120   5.708782673e-01 
  435.340   5.710359812e-01 
  435.560   5.712635517e-01 
  435.780   5.713887811e-01 
  436.000   5.714543462e-01 
  436.220   5.715211034e-01 
  436.440   5.715987682e-01 
  436.660   5.716984272e-01 
  436.880   5.718540549e-01 
  437.100   5.720283389e-01 
  437.320   5.721309781e-01 
  437.540   5.721498132e-01 
  437.760   5.721299052e-01 
  437.980   5.720601082e-01 
  438.200   5.718277693e-01 
  438.420   5.713243484e-01 
  438.640   5.706542134e-01 
  438.860   5.700967908e-01 
  439.080   5.697792172e-01 
  439.300   5.696740150e-01 
  439.520   5.697700977e-01 
  439.740   5.699632764e-01 
  439.960   5.701651573e-01 
  440.180   5.704541802e-01 
  440.400   5.707640648e-01 
  440.620   5.709160566e-01 
  440.840   5.709290504e-01 
  441.060   5.709494948e-01 
  441.280   5.710299015e-01 
  441.500   5.711033940e-01 
  441.720   5.711097121e-01 
  441.940   5.710198879e-01 
  442.160   5.708757043e-01 
  442.380   5.707439780e-01 
  442.600   5.706013441e-01 
  442.820   5.704507232e-01 
  443.040   5.703243017e-01 
  443.260   5.701971650e-01 
  443.480   5.700744390e-01 
  443.700   5.699602962e-01 
  443.920   5.697658062e-01 
  444.140   5.694392323e-01 
  444.360   5.690168738e-01 
  444.580   5.685872436e-01 
  444.800   5.683832169e-01 
  445.020   5.685135126e-01 
  445.240   5.687626004e-01 
  445.460   5.689474344e-01 
  445.680   5.690747499e-01 
  445.900   5.691828132e-01 
  446.120   5.693057775e-01 
  446.340   5.694355369e-01 
  446.560   5.694867969e-01 
  446.780   5.694038868e-01 
  447.000   5.691977143e-01 
  447.220   5.688439012e-01 
  447.440   5.683113933e-01 
  447.660   5.676874518e-01 
  447.880   5.671944618e-01 
  448.100   5.670799613e-01 
  448.320   5.673852563e-01 
  448.540   5.678282380e-01 
  448.760   5.681243539e-01 
  448.980   5.682953000e-01 
  449.200   5.684393048e-01 
  449.420   5.685768127e-01 
  449.640   5.686768889e-01 
  449.860   5.686956644e-01 
