   0.000000   300.000  9.145514e-03  1.671185e-02  7.757209e-03 
   2.994100   300.000  1.712804e-02  1.759801e-02  1.088008e-02 
  10.985900   300.000  3.858962e-02  1.454866e-02  1.505064e-02 
  13.983100   300.000  4.613021e-02  1.307416e-02  1.513542e-02 
  17.960600   300.000  6.032819e-02  1.150072e-02  1.315226e-02 
   0.000000   303.000  2.742506e-02  5.227482e-02  2.390997e-02 
   2.994100   303.000  4.919420e-02  5.327750e-02  3.424186e-02 
  10.985900   303.000  1.022496e-01  4.084072e-02  4.686527e-02 
  13.983100   303.000  1.190604e-01  3.569650e-02  4.740020e-02 
  17.960600   303.000  1.474330e-01  2.952479e-02  4.301449e-02 
   0.000000   306.000  5.269041e-02  1.022572e-01  4.648428e-02 
   2.994100   306.000  9.150386e-02  1.017894e-01  6.719223e-02 
  10.985900   306.000  1.796769e-01  7.452193e-02  9.131843e-02 
  13.983100   306.000  2.057466e-01  6.421056e-02  9.272442e-02 
  17.960600   306.000  2.467971e-01  5.142632e-02  8.644600e-02 
   0.000000   309.000  8.250489e-02  1.605599e-01  7.291944e-02 
   2.994100   309.000  1.396701e-01  1.571013e-01  1.056119e-01 
  10.985900   309.000  2.624592e-01  1.118481e-01  1.429511e-01 
  13.983100   309.000  2.968349e-01  9.566234e-02  1.457012e-01 
  17.960600   309.000  3.481804e-01  7.518109e-02  1.386527e-01 
   0.000000   312.000  1.218896e-01  2.378264e-01  1.079148e-01 
   2.994100   312.000  2.015942e-01  2.293623e-01  1.565007e-01 
  10.985900   312.000  3.640974e-01  1.599828e-01  2.114835e-01 
  13.983100   312.000  4.072593e-01  1.362004e-01  2.164759e-01 
  17.960600   312.000  4.683470e-01  1.055175e-01  2.101523e-01 
   0.000000   315.000  1.555441e-01  3.001752e-01  1.367158e-01 
   2.994100   315.000  2.523607e-01  2.860029e-01  1.975268e-01 
  10.985900   315.000  4.418130e-01  1.971183e-01  2.659660e-01 
  13.983100   315.000  4.903302e-01  1.677281e-01  2.729021e-01 
  17.960600   315.000  5.569556e-01  1.293397e-01  2.680492e-01 
   0.000000   318.000  1.786893e-01  3.366803e-01  1.546109e-01 
   2.994100   318.000  2.853716e-01  3.174213e-01  2.215335e-01 
  10.985900   318.000  4.875931e-01  2.174517e-01  2.965404e-01 
  13.983100   318.000  5.381486e-01  1.853919e-01  3.045774e-01 
  17.960600   318.000  6.066755e-01  1.430543e-01  3.010099e-01 
   0.000000   930.000  3.029651e-01  9.704737e-02  1.200037e-01 
   2.994100   930.000  5.669037e-01  1.632024e-01  6.679697e-02 
  10.985900   930.000  7.433209e-01  2.029582e-01  6.616874e-02 
  13.983100   930.000  7.531466e-01  1.990032e-01  6.720469e-02 
  17.960600   930.000  7.856940e-01  1.751279e-01  7.027843e-02 
   0.000000   933.000  1.234513e-01  3.481878e-02  4.748103e-02 
   2.994100   933.000  4.351480e-01  1.176988e-01  1.365861e-02 
  10.985900   933.000  7.394511e-01  1.986683e-01  1.501300e-02 
  13.983100   933.000  7.520574e-01  1.959192e-01  1.623865e-02 
  17.960600   933.000  7.851605e-01  1.726642e-01  2.007625e-02 
   0.000000   936.000  9.679189e-02  2.628647e-02  3.692351e-02 
   2.994100   936.000  4.054465e-01  1.080922e-01  8.384716e-03 
  10.985900   936.000  7.384127e-01  1.981211e-01  1.019582e-02 
  13.983100   936.000  7.517459e-01  1.956662e-01  1.143158e-02 
  17.960600   936.000  7.849941e-01  1.725003e-01  1.533456e-02 
   0.000000   939.000  2.837315e-01  8.831841e-02  1.116149e-01 
   2.994100   939.000  5.650250e-01  1.610986e-01  5.579256e-02 
  10.985900   939.000  7.433711e-01  2.025774e-01  5.508467e-02 
  13.983100   939.000  7.530862e-01  1.986213e-01  5.615892e-02 
  17.960600   939.000  7.856076e-01  1.748111e-01  5.942353e-02 
   0.000000   942.000  2.358557e-01  7.194368e-02  9.233982e-02 
   2.994100   942.000  5.307749e-01  1.498362e-01  4.276579e-02 
  10.985900   942.000  7.423455e-01  2.015668e-01  4.265399e-02 
  13.983100   942.000  7.527779e-01  1.979287e-01  4.376946e-02 
  17.960600   942.000  7.854425e-01  1.742691e-01  4.722106e-02 
   0.000000   945.000  1.793607e-01  5.293020e-02  6.968728e-02 
   2.994100   945.000  4.873731e-01  1.350679e-01  2.739581e-02 
  10.985900   945.000  7.410272e-01  2.003239e-01  2.780013e-02 
  13.983100   945.000  7.523894e-01  1.970884e-01  2.896395e-02 
  17.960600   945.000  7.852396e-01  1.736115e-01  3.263206e-02 
   0.000000   948.000  2.222358e-01  6.727170e-02  8.685226e-02 
   2.994100   948.000  5.195884e-01  1.460892e-01  3.933510e-02 
  10.985900   948.000  7.419410e-01  2.014091e-01  3.928016e-02 
  13.983100   948.000  7.526146e-01  1.978843e-01  4.039862e-02 
  17.960600   948.000  7.853265e-01  1.742580e-01  4.390409e-02 
   0.000000   951.000  2.623725e-01  8.099283e-02  1.030096e-01 
   2.994100   951.000  5.463505e-01  1.551974e-01  5.122450e-02 
  10.985900   951.000  7.426595e-01  2.024417e-01  5.074828e-02 
  13.983100   951.000  7.527860e-01  1.986804e-01  5.181958e-02 
  17.960600   951.000  7.853880e-01  1.749126e-01  5.515664e-02 
   0.000000   954.000  2.851741e-01  8.923600e-02  1.123230e-01 
   2.994100   954.000  5.581275e-01  1.594869e-01  5.946887e-02 
  10.985900   954.000  7.429068e-01  2.031093e-01  5.874709e-02 
  13.983100   954.000  7.528274e-01  1.992532e-01  5.978175e-02 
  17.960600   954.000  7.853880e-01  1.753970e-01  6.299715e-02 
   0.000000  1427.000  1.745401e-02  3.240462e-03  6.208274e-03 
   2.994100  1427.000  2.559733e-01  6.021039e-02  2.978507e-04 
  10.985900  1427.000  7.384734e-01  1.963561e-01  1.104846e-03 
  13.983100  1427.000  7.562461e-01  1.959762e-01  2.007746e-03 
  17.960600  1427.000  7.894412e-01  1.730900e-01  5.954328e-03 
   0.000000  1430.000  2.348065e-02  4.500609e-03  8.394039e-03 
   2.994100  1430.000  2.750176e-01  6.511455e-02  4.804006e-04 
  10.985900  1430.000  7.321655e-01  1.941846e-01  1.238395e-03 
  13.983100  1430.000  7.518069e-01  1.944304e-01  2.121247e-03 
  17.960600  1430.000  7.871103e-01  1.724484e-01  6.013926e-03 
   0.000000  1433.000  1.664202e-02  3.068827e-03  5.913215e-03 
   2.994100  1433.000  2.399107e-01  5.609292e-02  2.767659e-04 
  10.985900  1433.000  7.222512e-01  1.908156e-01  1.011708e-03 
  13.983100  1433.000  7.461938e-01  1.924953e-01  1.870442e-03 
  17.960600  1433.000  7.841904e-01  1.716353e-01  5.709055e-03 
   0.000000  1436.000  2.015508e-02  3.791623e-03  7.183894e-03 
   2.994100  1436.000  2.566763e-01  6.036220e-02  3.730005e-04 
  10.985900  1436.000  7.259327e-01  1.920053e-01  1.106310e-03 
  13.983100  1436.000  7.482254e-01  1.931413e-01  1.972209e-03 
  17.960600  1436.000  7.852755e-01  1.718954e-01  5.827691e-03 
   0.000000  1439.000  2.683885e-02  5.210107e-03  9.614089e-03 
   2.994100  1439.000  2.815254e-01  6.675670e-02  6.026914e-04 
  10.985900  1439.000  7.285173e-01  1.928554e-01  1.305627e-03 
  13.983100  1439.000  7.494058e-01  1.935127e-01  2.175598e-03 
  17.960600  1439.000  7.859053e-01  1.720413e-01  6.038102e-03 
   0.000000  1442.000  2.791969e-02  5.440641e-03  1.000738e-02 
   2.994100  1442.000  2.877345e-01  6.835861e-02  6.428422e-04 
  10.985900  1442.000  7.335753e-01  1.945243e-01  1.353251e-03 
  13.983100  1442.000  7.525815e-01  1.945491e-01  2.235674e-03 
  17.960600  1442.000  7.876012e-01  1.724606e-01  6.129845e-03 
   0.000000  1445.000  3.072557e-02  6.050314e-03  1.103168e-02 
   2.994100  1445.000  2.963077e-01  7.060603e-02  7.602511e-04 
  10.985900  1445.000  7.358891e-01  1.952858e-01  1.452189e-03 
  13.983100  1445.000  7.539495e-01  1.949826e-01  2.339715e-03 
  17.960600  1445.000  7.883400e-01  1.726302e-01  6.246224e-03 
   0.000000  1448.000  4.022455e-02  8.177578e-03  1.452064e-02 
   2.994100  1448.000  3.220251e-01  7.744198e-02  1.247404e-03 
  10.985900  1448.000  7.395621e-01  1.965542e-01  1.860276e-03 
  13.983100  1448.000  7.558953e-01  1.956339e-01  2.755787e-03 
  17.960600  1448.000  7.893724e-01  1.728918e-01  6.677589e-03 
   0.000000  1950.000  4.563916e-02  8.051960e-03  1.610734e-02 
   2.994100  1950.000  3.162573e-01  6.613664e-02  1.432576e-03 
  10.985900  1950.000  7.253028e-01  1.691082e-01  1.327302e-03 
  13.983100  1950.000  7.561802e-01  1.723392e-01  1.966969e-03 
  17.960600  1950.000  7.987406e-01  1.551045e-01  5.068634e-03 
   0.000000  1953.000  5.055138e-02  9.017921e-03  1.787079e-02 
   2.994100  1953.000  3.116285e-01  6.510034e-02  1.790167e-03 
  10.985900  1953.000  7.143574e-01  1.660105e-01  1.540995e-03 
  13.983100  1953.000  7.494079e-01  1.703260e-01  2.162387e-03 
  17.960600  1953.000  7.952618e-01  1.541850e-01  5.214445e-03 
   0.000000  1956.000  5.152145e-02  9.201264e-03  1.821681e-02 
   2.994100  1956.000  3.031877e-01  6.316853e-02  1.887258e-03 
  10.985900  1956.000  7.062789e-01  1.637171e-01  1.570055e-03 
  13.983100  1956.000  7.444763e-01  1.688385e-01  2.178959e-03 
  17.960600  1956.000  7.927352e-01  1.534807e-01  5.196563e-03 
   0.000000  1959.000  7.511466e-02  1.407107e-02  2.675572e-02 
   2.994100  1959.000  3.438006e-01  7.260673e-02  4.043258e-03 
  10.985900  1959.000  7.169719e-01  1.664874e-01  3.228836e-03 
  13.983100  1959.000  7.507924e-01  1.704566e-01  3.841694e-03 
  17.960600  1959.000  7.960999e-01  1.541523e-01  6.876410e-03 
   0.000000  1962.000  1.043345e-01  2.042387e-02  3.742750e-02 
   2.994100  1962.000  3.793556e-01  8.107961e-02  8.021634e-03 
  10.985900  1962.000  7.209578e-01  1.675448e-01  6.402275e-03 
  13.983100  1962.000  7.529264e-01  1.710055e-01  7.002058e-03 
  17.960600  1962.000  7.972685e-01  1.543825e-01  1.001460e-02 
   0.000000  1965.000  1.943118e-01  4.117573e-02  7.064626e-02 
   2.994100  1965.000  4.647494e-01  1.026033e-01  2.733149e-02 
  10.985900  1965.000  7.291282e-01  1.703490e-01  2.314309e-02 
  13.983100  1965.000  7.571469e-01  1.727023e-01  2.366501e-02 
  17.960600  1965.000  7.995116e-01  1.553562e-01  2.653012e-02 
   0.000000  1968.000  2.274861e-01  4.891238e-02  8.291957e-02 
   2.994100  1968.000  4.963793e-01  1.109554e-01  3.520221e-02 
  10.985900  1968.000  7.358765e-01  1.723911e-01  3.057015e-02 
  13.983100  1968.000  7.611237e-01  1.739743e-01  3.107267e-02 
  17.960600  1968.000  8.016381e-01  1.559859e-01  3.388602e-02 
   0.000000  1971.000  2.849184e-01  6.290288e-02  1.043464e-01 
   2.994100  1971.000  5.523555e-01  1.263671e-01  5.015538e-02 
  10.985900  1971.000  7.534065e-01  1.779205e-01  4.563933e-02 
  13.983100  1971.000  7.716306e-01  1.774939e-01  4.614514e-02 
  17.960600  1971.000  8.071383e-01  1.577140e-01  4.889420e-02 
   0.000000  1974.000  3.069515e-01  6.857208e-02  1.126571e-01 
   2.994100  1974.000  5.718077e-01  1.317055e-01  5.721409e-02 
  10.985900  1974.000  7.603678e-01  1.801760e-01  5.287112e-02 
  13.983100  1974.000  7.758605e-01  1.789179e-01  5.338360e-02 
  17.960600  1974.000  8.093822e-01  1.583996e-01  5.609761e-02 
   0.000000  1977.000  3.531934e-01  8.052427e-02  1.301147e-01 
   2.994100  1977.000  6.082205e-01  1.414705e-01  7.189518e-02 
  10.985900  1977.000  7.694709e-01  1.835490e-01  6.747723e-02 
  13.983100  1977.000  7.812486e-01  1.810881e-01  6.798819e-02 
  17.960600  1977.000  8.122134e-01  1.595529e-01  7.060540e-02 
   0.000000  1980.000  3.733901e-01  8.586191e-02  1.377756e-01 
   2.994100  1980.000  6.219652e-01  1.451312e-01  7.907809e-02 
  10.985900  1980.000  7.723067e-01  1.846432e-01  7.451841e-02 
  13.983100  1980.000  7.829503e-01  1.817957e-01  7.502289e-02 
  17.960600  1980.000  8.131501e-01  1.599432e-01  7.758050e-02 
   0.000000  1983.000  4.101035e-01  9.581976e-02  1.517770e-01 
   2.994100  1983.000  6.443602e-01  1.512991e-01  9.318959e-02 
  10.985900  1983.000  7.755409e-01  1.862364e-01  8.817910e-02 
  13.983100  1983.000  7.848241e-01  1.829064e-01  8.866090e-02 
  17.960600  1983.000  8.141736e-01  1.606557e-01  9.108938e-02 
   0.000000  1986.000  4.213102e-01  9.901636e-02  1.560980e-01 
   2.994100  1986.000  6.492611e-01  1.527364e-01  9.850358e-02 
  10.985900  1986.000  7.762204e-01  1.865789e-01  9.339983e-02 
  13.983100  1986.000  7.852725e-01  1.831629e-01  9.386775e-02 
  17.960600  1986.000  8.144661e-01  1.608309e-01  9.623500e-02 
   0.000000  1989.000  4.327518e-01  1.022561e-01  1.605024e-01 
   2.994100  1989.000  6.520664e-01  1.536362e-01  1.039728e-01 
  10.985900  1989.000  7.754256e-01  1.864452e-01  9.865079e-02 
  13.983100  1989.000  7.848281e-01  1.831461e-01  9.908602e-02 
  17.960600  1989.000  8.142996e-01  1.608984e-01  1.013725e-01 
   0.000000  1992.000  4.368040e-01  1.032922e-01  1.620289e-01 
   2.994100  1992.000  6.493615e-01  1.529240e-01  1.059343e-01 
  10.985900  1992.000  7.730221e-01  1.855943e-01  1.003648e-01 
  13.983100  1992.000  7.834352e-01  1.826414e-01  1.007583e-01 
  17.960600  1992.000  8.136484e-01  1.606801e-01  1.029864e-01 
   0.000000  1995.000  4.070849e-01  9.458402e-02  1.505007e-01 
   2.994100  1995.000  6.084114e-01  1.418001e-01  9.406865e-02 
  10.985900  1995.000  7.561337e-01  1.795569e-01  8.739417e-02 
  13.983100  1995.000  7.733818e-01  1.787773e-01  8.765215e-02 
  17.960600  1995.000  8.085398e-01  1.587295e-01  8.985057e-02 
   0.000000  1998.000  3.546532e-01  8.052500e-02  1.305535e-01 
   2.994100  1998.000  5.509722e-01  1.256186e-01  7.806751e-02 
  10.985900  1998.000  7.347447e-01  1.724200e-01  6.954152e-02 
  13.983100  1998.000  7.605724e-01  1.740713e-01  6.972807e-02 
  17.960600  1998.000  8.019648e-01  1.562752e-01  7.198403e-02 
